
=======================================================
  billiards-rl — SAC  |  1,000,000 steps  |  seed 42  |  env multi3(ms=5)
  exp_dir : logs/experiments/SAC_1000k_s42_multi3_ms5_sp0.1_tp1.0_st_lr0.0001_gs10_20260302_001137
=======================================================

[1/3] Random agent baseline (500 episodes)...
      Random pocket rate: 15.7%  (avg 0.47/3 balls)

[2/3] Training SAC — 1,000,000 steps × 10 envs ...
/Users/yj/Documents/billiards-rl/.venv/lib/python3.13/site-packages/stable_baselines3/common/callbacks.py:418: UserWarning: Training and eval env are not of the same type<stable_baselines3.common.vec_env.subproc_vec_env.SubprocVecEnv object at 0x11717a270> != <stable_baselines3.common.vec_env.dummy_vec_env.DummyVecEnv object at 0x1188fe3c0>
  warnings.warn("Training and eval env are not of the same type" f"{self.training_env} != {self.eval_env}")
[ETA] step   10,000 / 1,000,000 (1.0%)  elapsed 0.5m  ETA 00:47:08  fps 350
[ETA] step   20,000 / 1,000,000 (2.0%)  elapsed 1.3m  ETA 01:03:19  fps 258
[ETA] step   30,000 / 1,000,000 (3.0%)  elapsed 2.1m  ETA 01:08:41  fps 235
[ETA] step   40,000 / 1,000,000 (4.0%)  elapsed 3.1m  ETA 01:14:55  fps 214
[ETA] step   50,000 / 1,000,000 (5.0%)  elapsed 4.0m  ETA 01:15:11  fps 211
[ETA] step   60,000 / 1,000,000 (6.0%)  elapsed 4.8m  ETA 01:14:49  fps 209
[ETA] step   70,000 / 1,000,000 (7.0%)  elapsed 5.6m  ETA 01:14:07  fps 209
[ETA] step   80,000 / 1,000,000 (8.0%)  elapsed 6.5m  ETA 01:15:10  fps 204
[ETA] step   90,000 / 1,000,000 (9.0%)  elapsed 7.3m  ETA 01:14:15  fps 204
[ETA] step  100,000 / 1,000,000 (10.0%)  elapsed 8.2m  ETA 01:13:28  fps 204
[ETA] step  110,000 / 1,000,000 (11.0%)  elapsed 9.0m  ETA 01:12:31  fps 205
[ETA] step  120,000 / 1,000,000 (12.0%)  elapsed 9.8m  ETA 01:11:34  fps 205
[ETA] step  130,000 / 1,000,000 (13.0%)  elapsed 10.6m  ETA 01:10:49  fps 205
[ETA] step  140,000 / 1,000,000 (14.0%)  elapsed 11.4m  ETA 01:10:07  fps 204
[ETA] step  150,000 / 1,000,000 (15.0%)  elapsed 12.2m  ETA 01:09:12  fps 205
[ETA] step  160,000 / 1,000,000 (16.0%)  elapsed 13.0m  ETA 01:08:22  fps 205
[ETA] step  170,000 / 1,000,000 (17.0%)  elapsed 13.8m  ETA 01:07:29  fps 205
[ETA] step  180,000 / 1,000,000 (18.0%)  elapsed 14.6m  ETA 01:06:39  fps 205
[ETA] step  190,000 / 1,000,000 (19.0%)  elapsed 15.4m  ETA 01:05:46  fps 205
[ETA] step  200,000 / 1,000,000 (20.0%)  elapsed 16.2m  ETA 01:04:54  fps 205
[ETA] step  210,000 / 1,000,000 (21.0%)  elapsed 17.0m  ETA 01:04:03  fps 206
[ETA] step  220,000 / 1,000,000 (22.0%)  elapsed 17.8m  ETA 01:03:12  fps 206
[ETA] step  230,000 / 1,000,000 (23.0%)  elapsed 18.6m  ETA 01:02:20  fps 206
[ETA] step  240,000 / 1,000,000 (24.0%)  elapsed 19.4m  ETA 01:01:30  fps 206
[ETA] step  250,000 / 1,000,000 (25.0%)  elapsed 20.2m  ETA 01:00:39  fps 206
[ETA] step  260,000 / 1,000,000 (26.0%)  elapsed 21.2m  ETA 01:00:15  fps 205
[ETA] step  270,000 / 1,000,000 (27.0%)  elapsed 22.0m  ETA 00:59:24  fps 205
[ETA] step  280,000 / 1,000,000 (28.0%)  elapsed 22.8m  ETA 00:58:34  fps 205
[ETA] step  290,000 / 1,000,000 (29.0%)  elapsed 23.6m  ETA 00:57:43  fps 205
[ETA] step  300,000 / 1,000,000 (30.0%)  elapsed 24.7m  ETA 00:57:43  fps 202
[ETA] step  310,000 / 1,000,000 (31.0%)  elapsed 25.5m  ETA 00:56:50  fps 202
[ETA] step  320,000 / 1,000,000 (32.0%)  elapsed 26.4m  ETA 00:56:09  fps 202
[ETA] step  330,000 / 1,000,000 (33.0%)  elapsed 27.2m  ETA 00:55:16  fps 202
[ETA] step  340,000 / 1,000,000 (34.0%)  elapsed 28.0m  ETA 00:54:24  fps 202
[ETA] step  350,000 / 1,000,000 (35.0%)  elapsed 28.8m  ETA 00:53:34  fps 202
[ETA] step  360,000 / 1,000,000 (36.0%)  elapsed 29.7m  ETA 00:52:46  fps 202
[ETA] step  370,000 / 1,000,000 (37.0%)  elapsed 30.5m  ETA 00:52:00  fps 202
[ETA] step  380,000 / 1,000,000 (38.0%)  elapsed 31.4m  ETA 00:51:10  fps 202
[ETA] step  390,000 / 1,000,000 (39.0%)  elapsed 32.2m  ETA 00:50:18  fps 202
[ETA] step  400,000 / 1,000,000 (40.0%)  elapsed 33.0m  ETA 00:49:28  fps 202
[ETA] step  410,000 / 1,000,000 (41.0%)  elapsed 33.8m  ETA 00:48:37  fps 202
[ETA] step  420,000 / 1,000,000 (42.0%)  elapsed 34.7m  ETA 00:47:56  fps 202
[ETA] step  430,000 / 1,000,000 (43.0%)  elapsed 35.6m  ETA 00:47:08  fps 202
[ETA] step  440,000 / 1,000,000 (44.0%)  elapsed 36.5m  ETA 00:46:24  fps 201
[ETA] step  450,000 / 1,000,000 (45.0%)  elapsed 37.3m  ETA 00:45:35  fps 201
[ETA] step  460,000 / 1,000,000 (46.0%)  elapsed 38.1m  ETA 00:44:45  fps 201
[ETA] step  470,000 / 1,000,000 (47.0%)  elapsed 38.9m  ETA 00:43:53  fps 201
[ETA] step  480,000 / 1,000,000 (48.0%)  elapsed 39.9m  ETA 00:43:11  fps 201
[ETA] step  490,000 / 1,000,000 (49.0%)  elapsed 40.8m  ETA 00:42:30  fps 200
[ETA] step  500,000 / 1,000,000 (50.0%)  elapsed 41.8m  ETA 00:41:50  fps 199
[ETA] step  510,000 / 1,000,000 (51.0%)  elapsed 42.6m  ETA 00:40:58  fps 199
[ETA] step  520,000 / 1,000,000 (52.0%)  elapsed 43.5m  ETA 00:40:10  fps 199
[ETA] step  530,000 / 1,000,000 (53.0%)  elapsed 44.3m  ETA 00:39:18  fps 199
[ETA] step  540,000 / 1,000,000 (54.0%)  elapsed 45.2m  ETA 00:38:30  fps 199
[ETA] step  550,000 / 1,000,000 (55.0%)  elapsed 46.0m  ETA 00:37:40  fps 199
[ETA] step  560,000 / 1,000,000 (56.0%)  elapsed 46.9m  ETA 00:36:48  fps 199
[ETA] step  570,000 / 1,000,000 (57.0%)  elapsed 47.7m  ETA 00:35:56  fps 199
[ETA] step  580,000 / 1,000,000 (58.0%)  elapsed 48.4m  ETA 00:35:04  fps 200
[ETA] step  590,000 / 1,000,000 (59.0%)  elapsed 49.2m  ETA 00:34:13  fps 200
[ETA] step  600,000 / 1,000,000 (60.0%)  elapsed 50.1m  ETA 00:33:22  fps 200
[ETA] step  610,000 / 1,000,000 (61.0%)  elapsed 50.9m  ETA 00:32:32  fps 200
[ETA] step  620,000 / 1,000,000 (62.0%)  elapsed 51.7m  ETA 00:31:41  fps 200
[ETA] step  630,000 / 1,000,000 (63.0%)  elapsed 52.5m  ETA 00:30:51  fps 200
[ETA] step  640,000 / 1,000,000 (64.0%)  elapsed 53.4m  ETA 00:30:03  fps 200
[ETA] step  650,000 / 1,000,000 (65.0%)  elapsed 54.3m  ETA 00:29:13  fps 200
[ETA] step  660,000 / 1,000,000 (66.0%)  elapsed 55.1m  ETA 00:28:23  fps 200
[ETA] step  670,000 / 1,000,000 (67.0%)  elapsed 56.0m  ETA 00:27:34  fps 199
[ETA] step  680,000 / 1,000,000 (68.0%)  elapsed 56.9m  ETA 00:26:45  fps 199
[ETA] step  690,000 / 1,000,000 (69.0%)  elapsed 57.9m  ETA 00:26:01  fps 199
[ETA] step  700,000 / 1,000,000 (70.0%)  elapsed 58.7m  ETA 00:25:10  fps 199
[ETA] step  710,000 / 1,000,000 (71.0%)  elapsed 59.6m  ETA 00:24:20  fps 199
[ETA] step  720,000 / 1,000,000 (72.0%)  elapsed 60.4m  ETA 00:23:29  fps 199
[ETA] step  730,000 / 1,000,000 (73.0%)  elapsed 61.2m  ETA 00:22:38  fps 199
[ETA] step  740,000 / 1,000,000 (74.0%)  elapsed 62.0m  ETA 00:21:46  fps 199
[ETA] step  750,000 / 1,000,000 (75.0%)  elapsed 62.8m  ETA 00:20:55  fps 199
[ETA] step  760,000 / 1,000,000 (76.0%)  elapsed 63.6m  ETA 00:20:04  fps 199
[ETA] step  770,000 / 1,000,000 (77.0%)  elapsed 64.4m  ETA 00:19:14  fps 199
[ETA] step  780,000 / 1,000,000 (78.0%)  elapsed 65.4m  ETA 00:18:26  fps 199
[ETA] step  790,000 / 1,000,000 (79.0%)  elapsed 66.2m  ETA 00:17:36  fps 199
[ETA] step  800,000 / 1,000,000 (80.0%)  elapsed 67.0m  ETA 00:16:45  fps 199
[ETA] step  810,000 / 1,000,000 (81.0%)  elapsed 67.8m  ETA 00:15:54  fps 199
[ETA] step  820,000 / 1,000,000 (82.0%)  elapsed 68.6m  ETA 00:15:03  fps 199
[ETA] step  830,000 / 1,000,000 (83.0%)  elapsed 69.4m  ETA 00:14:13  fps 199
[ETA] step  840,000 / 1,000,000 (84.0%)  elapsed 70.2m  ETA 00:13:22  fps 199
[ETA] step  850,000 / 1,000,000 (85.0%)  elapsed 71.2m  ETA 00:12:33  fps 199
[ETA] step  860,000 / 1,000,000 (86.0%)  elapsed 72.0m  ETA 00:11:43  fps 199
[ETA] step  870,000 / 1,000,000 (87.0%)  elapsed 72.8m  ETA 00:10:52  fps 199
[ETA] step  880,000 / 1,000,000 (88.0%)  elapsed 73.6m  ETA 00:10:02  fps 199
[ETA] step  890,000 / 1,000,000 (89.0%)  elapsed 74.4m  ETA 00:09:11  fps 199
[ETA] step  900,000 / 1,000,000 (90.0%)  elapsed 75.2m  ETA 00:08:21  fps 199
[ETA] step  910,000 / 1,000,000 (91.0%)  elapsed 76.0m  ETA 00:07:31  fps 199
[ETA] step  920,000 / 1,000,000 (92.0%)  elapsed 76.8m  ETA 00:06:40  fps 200
[ETA] step  930,000 / 1,000,000 (93.0%)  elapsed 77.7m  ETA 00:05:51  fps 199
[ETA] step  940,000 / 1,000,000 (94.0%)  elapsed 78.6m  ETA 00:05:00  fps 199
[ETA] step  950,000 / 1,000,000 (95.0%)  elapsed 79.4m  ETA 00:04:10  fps 200
[ETA] step  960,000 / 1,000,000 (96.0%)  elapsed 80.2m  ETA 00:03:20  fps 200
[ETA] step  970,000 / 1,000,000 (97.0%)  elapsed 81.0m  ETA 00:02:30  fps 200
[ETA] step  980,000 / 1,000,000 (98.0%)  elapsed 81.8m  ETA 00:01:40  fps 200
[ETA] step  990,000 / 1,000,000 (99.0%)  elapsed 82.6m  ETA 00:00:50  fps 200
[ETA] step 1,000,000 / 1,000,000 (100.0%)  elapsed 83.4m  ETA 00:00:00  fps 200

[3/3] Evaluating best SAC checkpoint (500 episodes)...

  ─────────────────────────────────────────────
  SAC pocket rate  : 62.1%
  Clear rate (all 3): 28.8%
  Random            : 15.7%
  Improvement       : +46.5pp
  Training time     : 83.4 min  (200 fps)
  Saved → logs/experiments/SAC_1000k_s42_multi3_ms5_sp0.1_tp1.0_st_lr0.0001_gs10_20260302_001137
  TensorBoard → tensorboard --logdir logs/tensorboard
