
=======================================================
  billiards-rl — SAC  |  1,000,000 steps  |  seed 42  |  env multi3(ms=4)
  exp_dir : logs/experiments/SAC_1000k_s42_multi3_ms4_sp0.1_tp1.0_pp_20260302_105910
=======================================================

[1/3] Random agent baseline (500 episodes)...
      Random pocket rate: 10.6%  (avg 0.32/3 balls)

[2/3] Training SAC — 1,000,000 steps × 10 envs ...
/Users/yj/Documents/billiards-rl/.venv/lib/python3.13/site-packages/stable_baselines3/common/callbacks.py:418: UserWarning: Training and eval env are not of the same type<stable_baselines3.common.vec_env.subproc_vec_env.SubprocVecEnv object at 0x117bc2270> != <stable_baselines3.common.vec_env.dummy_vec_env.DummyVecEnv object at 0x1193523c0>
  warnings.warn("Training and eval env are not of the same type" f"{self.training_env} != {self.eval_env}")
[ETA] step   10,000 / 1,000,000 (1.0%)  elapsed 0.3m  ETA 00:31:55  fps 517
[ETA] step   20,000 / 1,000,000 (2.0%)  elapsed 0.7m  ETA 00:32:34  fps 501
[ETA] step   30,000 / 1,000,000 (3.0%)  elapsed 1.0m  ETA 00:32:10  fps 502
[ETA] step   40,000 / 1,000,000 (4.0%)  elapsed 1.3m  ETA 00:31:38  fps 506
[ETA] step   50,000 / 1,000,000 (5.0%)  elapsed 1.6m  ETA 00:30:57  fps 512
[ETA] step   60,000 / 1,000,000 (6.0%)  elapsed 1.9m  ETA 00:30:18  fps 517
[ETA] step   70,000 / 1,000,000 (7.0%)  elapsed 2.2m  ETA 00:29:40  fps 522
[ETA] step   80,000 / 1,000,000 (8.0%)  elapsed 2.5m  ETA 00:29:11  fps 525
[ETA] step   90,000 / 1,000,000 (9.0%)  elapsed 2.8m  ETA 00:28:33  fps 531
[ETA] step  100,000 / 1,000,000 (10.0%)  elapsed 3.1m  ETA 00:28:05  fps 534
[ETA] step  110,000 / 1,000,000 (11.0%)  elapsed 3.5m  ETA 00:28:04  fps 528
[ETA] step  120,000 / 1,000,000 (12.0%)  elapsed 3.9m  ETA 00:28:28  fps 515
[ETA] step  130,000 / 1,000,000 (13.0%)  elapsed 4.3m  ETA 00:28:28  fps 509
[ETA] step  140,000 / 1,000,000 (14.0%)  elapsed 5.1m  ETA 00:31:13  fps 459
[ETA] step  150,000 / 1,000,000 (15.0%)  elapsed 5.6m  ETA 00:31:50  fps 445
[ETA] step  160,000 / 1,000,000 (16.0%)  elapsed 6.1m  ETA 00:31:46  fps 441
[ETA] step  170,000 / 1,000,000 (17.0%)  elapsed 6.5m  ETA 00:31:36  fps 438
[ETA] step  180,000 / 1,000,000 (18.0%)  elapsed 7.0m  ETA 00:31:54  fps 428
[ETA] step  190,000 / 1,000,000 (19.0%)  elapsed 7.4m  ETA 00:31:39  fps 426
[ETA] step  200,000 / 1,000,000 (20.0%)  elapsed 7.8m  ETA 00:31:19  fps 426
[ETA] step  210,000 / 1,000,000 (21.0%)  elapsed 8.4m  ETA 00:31:35  fps 417
[ETA] step  220,000 / 1,000,000 (22.0%)  elapsed 9.1m  ETA 00:32:21  fps 402
[ETA] step  230,000 / 1,000,000 (23.0%)  elapsed 9.8m  ETA 00:32:50  fps 391
[ETA] step  240,000 / 1,000,000 (24.0%)  elapsed 10.3m  ETA 00:32:28  fps 390
[ETA] step  250,000 / 1,000,000 (25.0%)  elapsed 10.8m  ETA 00:32:26  fps 385
[ETA] step  260,000 / 1,000,000 (26.0%)  elapsed 11.3m  ETA 00:32:01  fps 385
[ETA] step  270,000 / 1,000,000 (27.0%)  elapsed 11.6m  ETA 00:31:29  fps 386
[ETA] step  280,000 / 1,000,000 (28.0%)  elapsed 12.1m  ETA 00:31:11  fps 385
[ETA] step  290,000 / 1,000,000 (29.0%)  elapsed 12.6m  ETA 00:30:47  fps 384
[ETA] step  300,000 / 1,000,000 (30.0%)  elapsed 13.0m  ETA 00:30:23  fps 384
[ETA] step  310,000 / 1,000,000 (31.0%)  elapsed 13.5m  ETA 00:29:59  fps 384
[ETA] step  320,000 / 1,000,000 (32.0%)  elapsed 13.9m  ETA 00:29:34  fps 383
[ETA] step  330,000 / 1,000,000 (33.0%)  elapsed 14.4m  ETA 00:29:15  fps 382
[ETA] step  340,000 / 1,000,000 (34.0%)  elapsed 15.0m  ETA 00:29:01  fps 379
[ETA] step  350,000 / 1,000,000 (35.0%)  elapsed 15.4m  ETA 00:28:35  fps 379
[ETA] step  360,000 / 1,000,000 (36.0%)  elapsed 15.9m  ETA 00:28:13  fps 378
[ETA] step  370,000 / 1,000,000 (37.0%)  elapsed 16.4m  ETA 00:27:55  fps 376
[ETA] step  380,000 / 1,000,000 (38.0%)  elapsed 16.9m  ETA 00:27:30  fps 376
[ETA] step  390,000 / 1,000,000 (39.0%)  elapsed 17.3m  ETA 00:27:07  fps 375
[ETA] step  400,000 / 1,000,000 (40.0%)  elapsed 17.8m  ETA 00:26:40  fps 375
[ETA] step  410,000 / 1,000,000 (41.0%)  elapsed 18.2m  ETA 00:26:12  fps 375
[ETA] step  420,000 / 1,000,000 (42.0%)  elapsed 18.6m  ETA 00:25:44  fps 376
[ETA] step  430,000 / 1,000,000 (43.0%)  elapsed 19.1m  ETA 00:25:16  fps 376
[ETA] step  440,000 / 1,000,000 (44.0%)  elapsed 19.5m  ETA 00:24:50  fps 376
[ETA] step  450,000 / 1,000,000 (45.0%)  elapsed 20.0m  ETA 00:24:23  fps 376
[ETA] step  460,000 / 1,000,000 (46.0%)  elapsed 20.4m  ETA 00:23:59  fps 375
[ETA] step  470,000 / 1,000,000 (47.0%)  elapsed 20.9m  ETA 00:23:32  fps 375
[ETA] step  480,000 / 1,000,000 (48.0%)  elapsed 21.5m  ETA 00:23:14  fps 373
[ETA] step  490,000 / 1,000,000 (49.0%)  elapsed 21.9m  ETA 00:22:47  fps 373
[ETA] step  500,000 / 1,000,000 (50.0%)  elapsed 22.3m  ETA 00:22:19  fps 373
[ETA] step  510,000 / 1,000,000 (51.0%)  elapsed 22.8m  ETA 00:21:54  fps 373
[ETA] step  520,000 / 1,000,000 (52.0%)  elapsed 23.2m  ETA 00:21:27  fps 373
[ETA] step  530,000 / 1,000,000 (53.0%)  elapsed 23.7m  ETA 00:21:00  fps 373
[ETA] step  540,000 / 1,000,000 (54.0%)  elapsed 24.1m  ETA 00:20:33  fps 373
[ETA] step  550,000 / 1,000,000 (55.0%)  elapsed 24.6m  ETA 00:20:09  fps 372
[ETA] step  560,000 / 1,000,000 (56.0%)  elapsed 25.1m  ETA 00:19:43  fps 372
[ETA] step  570,000 / 1,000,000 (57.0%)  elapsed 25.5m  ETA 00:19:15  fps 372
[ETA] step  580,000 / 1,000,000 (58.0%)  elapsed 26.0m  ETA 00:18:48  fps 372
[ETA] step  590,000 / 1,000,000 (59.0%)  elapsed 26.4m  ETA 00:18:19  fps 373
[ETA] step  600,000 / 1,000,000 (60.0%)  elapsed 26.8m  ETA 00:17:53  fps 372
[ETA] step  610,000 / 1,000,000 (61.0%)  elapsed 27.2m  ETA 00:17:25  fps 373
[ETA] step  620,000 / 1,000,000 (62.0%)  elapsed 27.7m  ETA 00:16:57  fps 373
[ETA] step  630,000 / 1,000,000 (63.0%)  elapsed 28.1m  ETA 00:16:31  fps 373
[ETA] step  640,000 / 1,000,000 (64.0%)  elapsed 28.6m  ETA 00:16:04  fps 373
[ETA] step  650,000 / 1,000,000 (65.0%)  elapsed 29.0m  ETA 00:15:37  fps 373
[ETA] step  660,000 / 1,000,000 (66.0%)  elapsed 29.5m  ETA 00:15:12  fps 373
[ETA] step  670,000 / 1,000,000 (67.0%)  elapsed 30.0m  ETA 00:14:47  fps 372
[ETA] step  680,000 / 1,000,000 (68.0%)  elapsed 30.5m  ETA 00:14:19  fps 372
[ETA] step  690,000 / 1,000,000 (69.0%)  elapsed 30.9m  ETA 00:13:52  fps 372
[ETA] step  700,000 / 1,000,000 (70.0%)  elapsed 31.3m  ETA 00:13:24  fps 373
[ETA] step  710,000 / 1,000,000 (71.0%)  elapsed 31.8m  ETA 00:13:00  fps 372
[ETA] step  720,000 / 1,000,000 (72.0%)  elapsed 32.3m  ETA 00:12:33  fps 372
[ETA] step  730,000 / 1,000,000 (73.0%)  elapsed 32.7m  ETA 00:12:06  fps 372
[ETA] step  740,000 / 1,000,000 (74.0%)  elapsed 33.2m  ETA 00:11:40  fps 371
[ETA] step  750,000 / 1,000,000 (75.0%)  elapsed 33.7m  ETA 00:11:13  fps 371
[ETA] step  760,000 / 1,000,000 (76.0%)  elapsed 34.4m  ETA 00:10:52  fps 368
[ETA] step  770,000 / 1,000,000 (77.0%)  elapsed 34.9m  ETA 00:10:25  fps 368
[ETA] step  780,000 / 1,000,000 (78.0%)  elapsed 35.5m  ETA 00:10:00  fps 367
[ETA] step  790,000 / 1,000,000 (79.0%)  elapsed 35.9m  ETA 00:09:32  fps 367
[ETA] step  800,000 / 1,000,000 (80.0%)  elapsed 36.3m  ETA 00:09:04  fps 367
[ETA] step  810,000 / 1,000,000 (81.0%)  elapsed 36.8m  ETA 00:08:37  fps 367
[ETA] step  820,000 / 1,000,000 (82.0%)  elapsed 37.2m  ETA 00:08:09  fps 367
[ETA] step  830,000 / 1,000,000 (83.0%)  elapsed 37.6m  ETA 00:07:42  fps 368
[ETA] step  840,000 / 1,000,000 (84.0%)  elapsed 38.1m  ETA 00:07:15  fps 368
[ETA] step  850,000 / 1,000,000 (85.0%)  elapsed 38.5m  ETA 00:06:47  fps 368
[ETA] step  860,000 / 1,000,000 (86.0%)  elapsed 39.0m  ETA 00:06:20  fps 368
[ETA] step  870,000 / 1,000,000 (87.0%)  elapsed 39.4m  ETA 00:05:53  fps 368
[ETA] step  880,000 / 1,000,000 (88.0%)  elapsed 40.0m  ETA 00:05:26  fps 367
[ETA] step  890,000 / 1,000,000 (89.0%)  elapsed 40.4m  ETA 00:04:59  fps 367
[ETA] step  900,000 / 1,000,000 (90.0%)  elapsed 40.9m  ETA 00:04:32  fps 366
[ETA] step  910,000 / 1,000,000 (91.0%)  elapsed 41.4m  ETA 00:04:05  fps 367
[ETA] step  920,000 / 1,000,000 (92.0%)  elapsed 41.9m  ETA 00:03:38  fps 366
[ETA] step  930,000 / 1,000,000 (93.0%)  elapsed 42.3m  ETA 00:03:11  fps 366
[ETA] step  940,000 / 1,000,000 (94.0%)  elapsed 42.9m  ETA 00:02:44  fps 365
[ETA] step  950,000 / 1,000,000 (95.0%)  elapsed 43.3m  ETA 00:02:16  fps 365
[ETA] step  960,000 / 1,000,000 (96.0%)  elapsed 43.8m  ETA 00:01:49  fps 366
[ETA] step  970,000 / 1,000,000 (97.0%)  elapsed 44.3m  ETA 00:01:22  fps 365
[ETA] step  980,000 / 1,000,000 (98.0%)  elapsed 44.6m  ETA 00:00:54  fps 366
[ETA] step  990,000 / 1,000,000 (99.0%)  elapsed 44.9m  ETA 00:00:27  fps 367
[ETA] step 1,000,000 / 1,000,000 (100.0%)  elapsed 45.2m  ETA 00:00:00  fps 369

[3/3] Evaluating best SAC checkpoint (500 episodes)...

  ─────────────────────────────────────────────
  SAC pocket rate  : 51.2%
  Clear rate (all 3): 15.8%
  Random            : 10.6%
  Improvement       : +40.6pp
  Training time     : 45.2 min  (368 fps)
  Saved → logs/experiments/SAC_1000k_s42_multi3_ms4_sp0.1_tp1.0_pp_20260302_105910
  TensorBoard → tensorboard --logdir logs/tensorboard
