
=======================================================
  billiards-rl — SAC  |  1,000,000 steps  |  seed 42  |  env multi3(ms=3)
  exp_dir : logs/experiments/SAC_1000k_s42_multi3_ms3_sp0.1_tp1.0_20260302_101845
=======================================================

[1/3] Random agent baseline (500 episodes)...
      Random pocket rate: 9.1%  (avg 0.27/3 balls)

[2/3] Training SAC — 1,000,000 steps × 10 envs ...
/Users/yj/Documents/billiards-rl/.venv/lib/python3.13/site-packages/stable_baselines3/common/callbacks.py:418: UserWarning: Training and eval env are not of the same type<stable_baselines3.common.vec_env.subproc_vec_env.SubprocVecEnv object at 0x117c16270> != <stable_baselines3.common.vec_env.dummy_vec_env.DummyVecEnv object at 0x11940e3c0>
  warnings.warn("Training and eval env are not of the same type" f"{self.training_env} != {self.eval_env}")
[ETA] step   10,000 / 1,000,000 (1.0%)  elapsed 0.3m  ETA 00:24:56  fps 662
[ETA] step   20,000 / 1,000,000 (2.0%)  elapsed 0.5m  ETA 00:25:00  fps 653
[ETA] step   30,000 / 1,000,000 (3.0%)  elapsed 0.8m  ETA 00:25:16  fps 640
[ETA] step   40,000 / 1,000,000 (4.0%)  elapsed 1.0m  ETA 00:24:36  fps 650
[ETA] step   50,000 / 1,000,000 (5.0%)  elapsed 1.3m  ETA 00:23:59  fps 660
[ETA] step   60,000 / 1,000,000 (6.0%)  elapsed 1.5m  ETA 00:23:20  fps 671
[ETA] step   70,000 / 1,000,000 (7.0%)  elapsed 1.7m  ETA 00:22:40  fps 683
[ETA] step   80,000 / 1,000,000 (8.0%)  elapsed 1.9m  ETA 00:21:57  fps 698
[ETA] step   90,000 / 1,000,000 (9.0%)  elapsed 2.1m  ETA 00:21:15  fps 713
[ETA] step  100,000 / 1,000,000 (10.0%)  elapsed 2.3m  ETA 00:20:38  fps 727
[ETA] step  110,000 / 1,000,000 (11.0%)  elapsed 2.5m  ETA 00:20:05  fps 738
[ETA] step  120,000 / 1,000,000 (12.0%)  elapsed 2.7m  ETA 00:19:45  fps 742
[ETA] step  130,000 / 1,000,000 (13.0%)  elapsed 3.0m  ETA 00:19:51  fps 730
[ETA] step  140,000 / 1,000,000 (14.0%)  elapsed 3.3m  ETA 00:20:00  fps 716
[ETA] step  150,000 / 1,000,000 (15.0%)  elapsed 3.6m  ETA 00:20:07  fps 704
[ETA] step  160,000 / 1,000,000 (16.0%)  elapsed 3.9m  ETA 00:20:14  fps 692
[ETA] step  170,000 / 1,000,000 (17.0%)  elapsed 4.2m  ETA 00:20:24  fps 678
[ETA] step  180,000 / 1,000,000 (18.0%)  elapsed 4.5m  ETA 00:20:32  fps 665
[ETA] step  190,000 / 1,000,000 (19.0%)  elapsed 4.8m  ETA 00:20:38  fps 654
[ETA] step  200,000 / 1,000,000 (20.0%)  elapsed 5.2m  ETA 00:20:46  fps 642
[ETA] step  210,000 / 1,000,000 (21.0%)  elapsed 5.5m  ETA 00:20:42  fps 636
[ETA] step  220,000 / 1,000,000 (22.0%)  elapsed 5.8m  ETA 00:20:41  fps 628
[ETA] step  230,000 / 1,000,000 (23.0%)  elapsed 6.2m  ETA 00:20:53  fps 614
[ETA] step  240,000 / 1,000,000 (24.0%)  elapsed 6.6m  ETA 00:20:48  fps 609
[ETA] step  250,000 / 1,000,000 (25.0%)  elapsed 6.9m  ETA 00:20:39  fps 605
[ETA] step  260,000 / 1,000,000 (26.0%)  elapsed 7.2m  ETA 00:20:28  fps 603
[ETA] step  270,000 / 1,000,000 (27.0%)  elapsed 7.5m  ETA 00:20:21  fps 598
[ETA] step  280,000 / 1,000,000 (28.0%)  elapsed 7.9m  ETA 00:20:20  fps 590
[ETA] step  290,000 / 1,000,000 (29.0%)  elapsed 8.3m  ETA 00:20:26  fps 579
[ETA] step  300,000 / 1,000,000 (30.0%)  elapsed 8.7m  ETA 00:20:17  fps 575
[ETA] step  310,000 / 1,000,000 (31.0%)  elapsed 9.0m  ETA 00:20:06  fps 572
[ETA] step  320,000 / 1,000,000 (32.0%)  elapsed 9.4m  ETA 00:19:55  fps 569
[ETA] step  330,000 / 1,000,000 (33.0%)  elapsed 9.7m  ETA 00:19:42  fps 567
[ETA] step  340,000 / 1,000,000 (34.0%)  elapsed 10.0m  ETA 00:19:26  fps 566
[ETA] step  350,000 / 1,000,000 (35.0%)  elapsed 10.4m  ETA 00:19:23  fps 558
[ETA] step  360,000 / 1,000,000 (36.0%)  elapsed 10.8m  ETA 00:19:08  fps 557
[ETA] step  370,000 / 1,000,000 (37.0%)  elapsed 11.2m  ETA 00:18:59  fps 553
[ETA] step  380,000 / 1,000,000 (38.0%)  elapsed 11.5m  ETA 00:18:44  fps 551
[ETA] step  390,000 / 1,000,000 (39.0%)  elapsed 11.8m  ETA 00:18:30  fps 549
[ETA] step  400,000 / 1,000,000 (40.0%)  elapsed 12.2m  ETA 00:18:15  fps 548
[ETA] step  410,000 / 1,000,000 (41.0%)  elapsed 12.6m  ETA 00:18:04  fps 544
[ETA] step  420,000 / 1,000,000 (42.0%)  elapsed 13.0m  ETA 00:17:59  fps 537
[ETA] step  430,000 / 1,000,000 (43.0%)  elapsed 13.4m  ETA 00:17:42  fps 536
[ETA] step  440,000 / 1,000,000 (44.0%)  elapsed 13.7m  ETA 00:17:25  fps 535
[ETA] step  450,000 / 1,000,000 (45.0%)  elapsed 14.0m  ETA 00:17:10  fps 534
[ETA] step  460,000 / 1,000,000 (46.0%)  elapsed 14.4m  ETA 00:16:57  fps 531
[ETA] step  470,000 / 1,000,000 (47.0%)  elapsed 14.8m  ETA 00:16:41  fps 529
[ETA] step  480,000 / 1,000,000 (48.0%)  elapsed 15.1m  ETA 00:16:22  fps 529
[ETA] step  490,000 / 1,000,000 (49.0%)  elapsed 15.4m  ETA 00:16:04  fps 529
[ETA] step  500,000 / 1,000,000 (50.0%)  elapsed 15.8m  ETA 00:15:48  fps 527
[ETA] step  510,000 / 1,000,000 (51.0%)  elapsed 16.2m  ETA 00:15:32  fps 526
[ETA] step  520,000 / 1,000,000 (52.0%)  elapsed 16.6m  ETA 00:15:20  fps 522
[ETA] step  530,000 / 1,000,000 (53.0%)  elapsed 17.0m  ETA 00:15:06  fps 519
[ETA] step  540,000 / 1,000,000 (54.0%)  elapsed 17.5m  ETA 00:14:52  fps 515
[ETA] step  550,000 / 1,000,000 (55.0%)  elapsed 17.8m  ETA 00:14:33  fps 515
[ETA] step  560,000 / 1,000,000 (56.0%)  elapsed 18.1m  ETA 00:14:15  fps 514
[ETA] step  570,000 / 1,000,000 (57.0%)  elapsed 18.5m  ETA 00:13:58  fps 513
[ETA] step  580,000 / 1,000,000 (58.0%)  elapsed 18.8m  ETA 00:13:38  fps 513
[ETA] step  590,000 / 1,000,000 (59.0%)  elapsed 19.2m  ETA 00:13:19  fps 513
[ETA] step  600,000 / 1,000,000 (60.0%)  elapsed 19.5m  ETA 00:13:00  fps 512
[ETA] step  610,000 / 1,000,000 (61.0%)  elapsed 19.9m  ETA 00:12:41  fps 512
[ETA] step  620,000 / 1,000,000 (62.0%)  elapsed 20.2m  ETA 00:12:24  fps 510
[ETA] step  630,000 / 1,000,000 (63.0%)  elapsed 20.6m  ETA 00:12:07  fps 509
[ETA] step  640,000 / 1,000,000 (64.0%)  elapsed 20.9m  ETA 00:11:46  fps 509
[ETA] step  650,000 / 1,000,000 (65.0%)  elapsed 21.3m  ETA 00:11:28  fps 509
[ETA] step  660,000 / 1,000,000 (66.0%)  elapsed 21.6m  ETA 00:11:07  fps 509
[ETA] step  670,000 / 1,000,000 (67.0%)  elapsed 21.9m  ETA 00:10:48  fps 509
[ETA] step  680,000 / 1,000,000 (68.0%)  elapsed 22.3m  ETA 00:10:28  fps 509
[ETA] step  690,000 / 1,000,000 (69.0%)  elapsed 22.7m  ETA 00:10:11  fps 507
[ETA] step  700,000 / 1,000,000 (70.0%)  elapsed 23.0m  ETA 00:09:51  fps 507
[ETA] step  710,000 / 1,000,000 (71.0%)  elapsed 23.4m  ETA 00:09:32  fps 507
[ETA] step  720,000 / 1,000,000 (72.0%)  elapsed 23.7m  ETA 00:09:12  fps 506
[ETA] step  730,000 / 1,000,000 (73.0%)  elapsed 24.0m  ETA 00:08:52  fps 507
[ETA] step  740,000 / 1,000,000 (74.0%)  elapsed 24.5m  ETA 00:08:36  fps 504
[ETA] step  750,000 / 1,000,000 (75.0%)  elapsed 24.8m  ETA 00:08:16  fps 504
[ETA] step  760,000 / 1,000,000 (76.0%)  elapsed 25.2m  ETA 00:07:56  fps 504
[ETA] step  770,000 / 1,000,000 (77.0%)  elapsed 25.5m  ETA 00:07:36  fps 504
[ETA] step  780,000 / 1,000,000 (78.0%)  elapsed 25.9m  ETA 00:07:19  fps 501
[ETA] step  790,000 / 1,000,000 (79.0%)  elapsed 26.3m  ETA 00:06:59  fps 501
[ETA] step  800,000 / 1,000,000 (80.0%)  elapsed 26.6m  ETA 00:06:39  fps 500
[ETA] step  810,000 / 1,000,000 (81.0%)  elapsed 27.1m  ETA 00:06:21  fps 498
[ETA] step  820,000 / 1,000,000 (82.0%)  elapsed 27.4m  ETA 00:06:01  fps 498
[ETA] step  830,000 / 1,000,000 (83.0%)  elapsed 27.8m  ETA 00:05:41  fps 498
[ETA] step  840,000 / 1,000,000 (84.0%)  elapsed 28.1m  ETA 00:05:20  fps 499
[ETA] step  850,000 / 1,000,000 (85.0%)  elapsed 28.5m  ETA 00:05:01  fps 497
[ETA] step  860,000 / 1,000,000 (86.0%)  elapsed 29.0m  ETA 00:04:43  fps 494
[ETA] step  870,000 / 1,000,000 (87.0%)  elapsed 29.3m  ETA 00:04:22  fps 494
[ETA] step  880,000 / 1,000,000 (88.0%)  elapsed 29.7m  ETA 00:04:02  fps 494
[ETA] step  890,000 / 1,000,000 (89.0%)  elapsed 30.0m  ETA 00:03:42  fps 494
[ETA] step  900,000 / 1,000,000 (90.0%)  elapsed 30.4m  ETA 00:03:22  fps 494
[ETA] step  910,000 / 1,000,000 (91.0%)  elapsed 30.7m  ETA 00:03:02  fps 494
[ETA] step  920,000 / 1,000,000 (92.0%)  elapsed 31.0m  ETA 00:02:41  fps 494
[ETA] step  930,000 / 1,000,000 (93.0%)  elapsed 31.4m  ETA 00:02:21  fps 493
[ETA] step  940,000 / 1,000,000 (94.0%)  elapsed 31.8m  ETA 00:02:01  fps 493
[ETA] step  950,000 / 1,000,000 (95.0%)  elapsed 32.1m  ETA 00:01:41  fps 493
[ETA] step  960,000 / 1,000,000 (96.0%)  elapsed 32.4m  ETA 00:01:21  fps 494
[ETA] step  970,000 / 1,000,000 (97.0%)  elapsed 32.7m  ETA 00:01:00  fps 494
[ETA] step  980,000 / 1,000,000 (98.0%)  elapsed 33.0m  ETA 00:00:40  fps 494
[ETA] step  990,000 / 1,000,000 (99.0%)  elapsed 33.4m  ETA 00:00:20  fps 494
[ETA] step 1,000,000 / 1,000,000 (100.0%)  elapsed 33.7m  ETA 00:00:00  fps 494

[3/3] Evaluating best SAC checkpoint (500 episodes)...

  ─────────────────────────────────────────────
  SAC pocket rate  : 41.4%
  Clear rate (all 3): 9.0%
  Random            : 9.1%
  Improvement       : +32.3pp
  Training time     : 33.7 min  (494 fps)
  Saved → logs/experiments/SAC_1000k_s42_multi3_ms3_sp0.1_tp1.0_20260302_101845
  TensorBoard → tensorboard --logdir logs/tensorboard
