
=======================================================
  billiards-rl — SAC  |  1,000,000 steps  |  seed 42  |  env multi3(ms=5)
  exp_dir : logs/experiments/SAC_1000k_s42_multi3_ms5_sp0.1_tp1.0_20260302_105910
=======================================================

[1/3] Random agent baseline (500 episodes)...
      Random pocket rate: 14.3%  (avg 0.43/3 balls)

[2/3] Training SAC — 1,000,000 steps × 10 envs ...
/Users/yj/Documents/billiards-rl/.venv/lib/python3.13/site-packages/stable_baselines3/common/callbacks.py:418: UserWarning: Training and eval env are not of the same type<stable_baselines3.common.vec_env.subproc_vec_env.SubprocVecEnv object at 0x1173ae270> != <stable_baselines3.common.vec_env.dummy_vec_env.DummyVecEnv object at 0x118b663c0>
  warnings.warn("Training and eval env are not of the same type" f"{self.training_env} != {self.eval_env}")
[ETA] step   10,000 / 1,000,000 (1.0%)  elapsed 0.3m  ETA 00:30:41  fps 538
[ETA] step   20,000 / 1,000,000 (2.0%)  elapsed 0.6m  ETA 00:31:43  fps 515
[ETA] step   30,000 / 1,000,000 (3.0%)  elapsed 1.0m  ETA 00:32:09  fps 503
[ETA] step   40,000 / 1,000,000 (4.0%)  elapsed 1.3m  ETA 00:31:44  fps 504
[ETA] step   50,000 / 1,000,000 (5.0%)  elapsed 1.6m  ETA 00:31:10  fps 508
[ETA] step   60,000 / 1,000,000 (6.0%)  elapsed 2.0m  ETA 00:30:37  fps 512
[ETA] step   70,000 / 1,000,000 (7.0%)  elapsed 2.3m  ETA 00:30:08  fps 514
[ETA] step   80,000 / 1,000,000 (8.0%)  elapsed 2.6m  ETA 00:29:34  fps 519
[ETA] step   90,000 / 1,000,000 (9.0%)  elapsed 2.9m  ETA 00:28:52  fps 525
[ETA] step  100,000 / 1,000,000 (10.0%)  elapsed 3.1m  ETA 00:28:15  fps 531
[ETA] step  110,000 / 1,000,000 (11.0%)  elapsed 3.4m  ETA 00:27:51  fps 532
[ETA] step  120,000 / 1,000,000 (12.0%)  elapsed 3.8m  ETA 00:27:40  fps 530
[ETA] step  130,000 / 1,000,000 (13.0%)  elapsed 4.1m  ETA 00:27:11  fps 533
[ETA] step  140,000 / 1,000,000 (14.0%)  elapsed 4.5m  ETA 00:27:32  fps 521
[ETA] step  150,000 / 1,000,000 (15.0%)  elapsed 4.9m  ETA 00:27:38  fps 512
[ETA] step  160,000 / 1,000,000 (16.0%)  elapsed 5.6m  ETA 00:29:28  fps 475
[ETA] step  170,000 / 1,000,000 (17.0%)  elapsed 6.0m  ETA 00:29:31  fps 469
[ETA] step  180,000 / 1,000,000 (18.0%)  elapsed 6.5m  ETA 00:29:35  fps 462
[ETA] step  190,000 / 1,000,000 (19.0%)  elapsed 7.1m  ETA 00:30:15  fps 446
[ETA] step  200,000 / 1,000,000 (20.0%)  elapsed 7.9m  ETA 00:31:45  fps 420
[ETA] step  210,000 / 1,000,000 (21.0%)  elapsed 8.4m  ETA 00:31:26  fps 419
[ETA] step  220,000 / 1,000,000 (22.0%)  elapsed 8.8m  ETA 00:31:05  fps 418
[ETA] step  230,000 / 1,000,000 (23.0%)  elapsed 9.2m  ETA 00:30:47  fps 417
[ETA] step  240,000 / 1,000,000 (24.0%)  elapsed 9.6m  ETA 00:30:24  fps 416
[ETA] step  250,000 / 1,000,000 (25.0%)  elapsed 10.0m  ETA 00:30:05  fps 415
[ETA] step  260,000 / 1,000,000 (26.0%)  elapsed 10.4m  ETA 00:29:43  fps 415
[ETA] step  270,000 / 1,000,000 (27.0%)  elapsed 11.0m  ETA 00:29:46  fps 409
[ETA] step  280,000 / 1,000,000 (28.0%)  elapsed 11.7m  ETA 00:30:10  fps 398
[ETA] step  290,000 / 1,000,000 (29.0%)  elapsed 12.2m  ETA 00:29:50  fps 397
[ETA] step  300,000 / 1,000,000 (30.0%)  elapsed 12.7m  ETA 00:29:39  fps 393
[ETA] step  310,000 / 1,000,000 (31.0%)  elapsed 13.2m  ETA 00:29:17  fps 393
[ETA] step  320,000 / 1,000,000 (32.0%)  elapsed 13.6m  ETA 00:28:54  fps 392
[ETA] step  330,000 / 1,000,000 (33.0%)  elapsed 14.0m  ETA 00:28:28  fps 392
[ETA] step  340,000 / 1,000,000 (34.0%)  elapsed 14.5m  ETA 00:28:04  fps 392
[ETA] step  350,000 / 1,000,000 (35.0%)  elapsed 14.9m  ETA 00:27:39  fps 392
[ETA] step  360,000 / 1,000,000 (36.0%)  elapsed 15.3m  ETA 00:27:15  fps 391
[ETA] step  370,000 / 1,000,000 (37.0%)  elapsed 15.8m  ETA 00:26:57  fps 390
[ETA] step  380,000 / 1,000,000 (38.0%)  elapsed 16.3m  ETA 00:26:31  fps 389
[ETA] step  390,000 / 1,000,000 (39.0%)  elapsed 16.7m  ETA 00:26:06  fps 389
[ETA] step  400,000 / 1,000,000 (40.0%)  elapsed 17.1m  ETA 00:25:41  fps 389
[ETA] step  410,000 / 1,000,000 (41.0%)  elapsed 17.6m  ETA 00:25:16  fps 389
[ETA] step  420,000 / 1,000,000 (42.0%)  elapsed 18.0m  ETA 00:24:50  fps 389
[ETA] step  430,000 / 1,000,000 (43.0%)  elapsed 18.4m  ETA 00:24:24  fps 389
[ETA] step  440,000 / 1,000,000 (44.0%)  elapsed 18.8m  ETA 00:23:58  fps 389
[ETA] step  450,000 / 1,000,000 (45.0%)  elapsed 19.3m  ETA 00:23:33  fps 389
[ETA] step  460,000 / 1,000,000 (46.0%)  elapsed 19.7m  ETA 00:23:06  fps 389
[ETA] step  470,000 / 1,000,000 (47.0%)  elapsed 20.2m  ETA 00:22:43  fps 389
[ETA] step  480,000 / 1,000,000 (48.0%)  elapsed 20.6m  ETA 00:22:20  fps 388
[ETA] step  490,000 / 1,000,000 (49.0%)  elapsed 21.0m  ETA 00:21:53  fps 388
[ETA] step  500,000 / 1,000,000 (50.0%)  elapsed 21.5m  ETA 00:21:27  fps 388
[ETA] step  510,000 / 1,000,000 (51.0%)  elapsed 22.0m  ETA 00:21:06  fps 387
[ETA] step  520,000 / 1,000,000 (52.0%)  elapsed 22.4m  ETA 00:20:41  fps 387
[ETA] step  530,000 / 1,000,000 (53.0%)  elapsed 22.8m  ETA 00:20:15  fps 387
[ETA] step  540,000 / 1,000,000 (54.0%)  elapsed 23.3m  ETA 00:19:50  fps 386
[ETA] step  550,000 / 1,000,000 (55.0%)  elapsed 23.7m  ETA 00:19:24  fps 386
[ETA] step  560,000 / 1,000,000 (56.0%)  elapsed 24.2m  ETA 00:18:59  fps 386
[ETA] step  570,000 / 1,000,000 (57.0%)  elapsed 24.9m  ETA 00:18:47  fps 381
[ETA] step  580,000 / 1,000,000 (58.0%)  elapsed 25.5m  ETA 00:18:27  fps 379
[ETA] step  590,000 / 1,000,000 (59.0%)  elapsed 25.9m  ETA 00:18:01  fps 379
[ETA] step  600,000 / 1,000,000 (60.0%)  elapsed 26.5m  ETA 00:17:40  fps 377
[ETA] step  610,000 / 1,000,000 (61.0%)  elapsed 26.9m  ETA 00:17:13  fps 377
[ETA] step  620,000 / 1,000,000 (62.0%)  elapsed 27.4m  ETA 00:16:45  fps 378
[ETA] step  630,000 / 1,000,000 (63.0%)  elapsed 27.8m  ETA 00:16:21  fps 377
[ETA] step  640,000 / 1,000,000 (64.0%)  elapsed 28.3m  ETA 00:15:54  fps 377
[ETA] step  650,000 / 1,000,000 (65.0%)  elapsed 28.7m  ETA 00:15:27  fps 377
[ETA] step  660,000 / 1,000,000 (66.0%)  elapsed 29.2m  ETA 00:15:01  fps 377
[ETA] step  670,000 / 1,000,000 (67.0%)  elapsed 29.6m  ETA 00:14:35  fps 377
[ETA] step  680,000 / 1,000,000 (68.0%)  elapsed 30.1m  ETA 00:14:08  fps 377
[ETA] step  690,000 / 1,000,000 (69.0%)  elapsed 30.5m  ETA 00:13:41  fps 377
[ETA] step  700,000 / 1,000,000 (70.0%)  elapsed 30.9m  ETA 00:13:14  fps 378
[ETA] step  710,000 / 1,000,000 (71.0%)  elapsed 31.3m  ETA 00:12:47  fps 378
[ETA] step  720,000 / 1,000,000 (72.0%)  elapsed 31.8m  ETA 00:12:21  fps 378
[ETA] step  730,000 / 1,000,000 (73.0%)  elapsed 32.2m  ETA 00:11:54  fps 378
[ETA] step  740,000 / 1,000,000 (74.0%)  elapsed 32.7m  ETA 00:11:28  fps 378
[ETA] step  750,000 / 1,000,000 (75.0%)  elapsed 33.1m  ETA 00:11:01  fps 378
[ETA] step  760,000 / 1,000,000 (76.0%)  elapsed 33.7m  ETA 00:10:38  fps 376
[ETA] step  770,000 / 1,000,000 (77.0%)  elapsed 34.2m  ETA 00:10:12  fps 376
[ETA] step  780,000 / 1,000,000 (78.0%)  elapsed 34.6m  ETA 00:09:45  fps 376
[ETA] step  790,000 / 1,000,000 (79.0%)  elapsed 35.0m  ETA 00:09:18  fps 376
[ETA] step  800,000 / 1,000,000 (80.0%)  elapsed 35.4m  ETA 00:08:51  fps 376
[ETA] step  810,000 / 1,000,000 (81.0%)  elapsed 35.9m  ETA 00:08:25  fps 376
[ETA] step  820,000 / 1,000,000 (82.0%)  elapsed 36.4m  ETA 00:07:58  fps 376
[ETA] step  830,000 / 1,000,000 (83.0%)  elapsed 36.9m  ETA 00:07:33  fps 375
[ETA] step  840,000 / 1,000,000 (84.0%)  elapsed 37.3m  ETA 00:07:06  fps 375
[ETA] step  850,000 / 1,000,000 (85.0%)  elapsed 37.9m  ETA 00:06:41  fps 374
[ETA] step  860,000 / 1,000,000 (86.0%)  elapsed 38.4m  ETA 00:06:14  fps 374
[ETA] step  870,000 / 1,000,000 (87.0%)  elapsed 38.8m  ETA 00:05:47  fps 374
[ETA] step  880,000 / 1,000,000 (88.0%)  elapsed 39.3m  ETA 00:05:21  fps 373
[ETA] step  890,000 / 1,000,000 (89.0%)  elapsed 39.8m  ETA 00:04:55  fps 372
[ETA] step  900,000 / 1,000,000 (90.0%)  elapsed 40.5m  ETA 00:04:30  fps 370
[ETA] step  910,000 / 1,000,000 (91.0%)  elapsed 40.9m  ETA 00:04:02  fps 371
[ETA] step  920,000 / 1,000,000 (92.0%)  elapsed 41.4m  ETA 00:03:35  fps 371
[ETA] step  930,000 / 1,000,000 (93.0%)  elapsed 41.8m  ETA 00:03:08  fps 371
[ETA] step  940,000 / 1,000,000 (94.0%)  elapsed 42.4m  ETA 00:02:42  fps 369
[ETA] step  950,000 / 1,000,000 (95.0%)  elapsed 43.0m  ETA 00:02:15  fps 369
[ETA] step  960,000 / 1,000,000 (96.0%)  elapsed 43.5m  ETA 00:01:48  fps 368
[ETA] step  970,000 / 1,000,000 (97.0%)  elapsed 43.9m  ETA 00:01:21  fps 368
[ETA] step  980,000 / 1,000,000 (98.0%)  elapsed 44.3m  ETA 00:00:54  fps 369
[ETA] step  990,000 / 1,000,000 (99.0%)  elapsed 44.6m  ETA 00:00:27  fps 370
[ETA] step 1,000,000 / 1,000,000 (100.0%)  elapsed 45.0m  ETA 00:00:00  fps 371

[3/3] Evaluating best SAC checkpoint (500 episodes)...

  ─────────────────────────────────────────────
  SAC pocket rate  : 63.6%
  Clear rate (all 3): 32.2%
  Random            : 14.3%
  Improvement       : +49.3pp
  Training time     : 45.0 min  (371 fps)
  Saved → logs/experiments/SAC_1000k_s42_multi3_ms5_sp0.1_tp1.0_20260302_105910
  TensorBoard → tensorboard --logdir logs/tensorboard
