=======================================================
  Exp-11 extension: Stage 4  ms=2
  parent_dir : logs/experiments/SAC_curriculum_ms5-4-3_2000k_s42_20260303_230502
  pretrained : logs/experiments/SAC_curriculum_ms5-4-3_2000k_s42_20260303_230502/stage3_ms3_500k/best_model/best_model
  steps      : 500,000    seed: 42
  Started    : 2026-03-04 00:14:55
=======================================================

=======================================================
  STAGE 4  |  ms=2, 500k steps  |  seed 42
  Loading weights from: logs/experiments/SAC_curriculum_ms5-4-3_2000k_s42_20260303_230502/stage3_ms3_500k/best_model/best_model
  stage_dir: logs/experiments/SAC_curriculum_ms5-4-3_2000k_s42_20260303_230502/stage4_ms2_500k
=======================================================

/Users/yj/Documents/billiards-rl/.venv/lib/python3.13/site-packages/stable_baselines3/common/callbacks.py:418: UserWarning: Training and eval env are not of the same type<stable_baselines3.common.vec_env.subproc_vec_env.SubprocVecEnv object at 0x11522e120> != <stable_baselines3.common.vec_env.dummy_vec_env.DummyVecEnv object at 0x11731a7b0>
  warnings.warn("Training and eval env are not of the same type" f"{self.training_env} != {self.eval_env}")
[ETA] step   10,000 / 500,000 (2.0%)  elapsed 0.3m  ETA 00:13:20  fps 612
[ETA] step   20,000 / 500,000 (4.0%)  elapsed 0.6m  ETA 00:14:20  fps 558
[ETA] step   30,000 / 500,000 (6.0%)  elapsed 0.9m  ETA 00:14:22  fps 545
[ETA] step   40,000 / 500,000 (8.0%)  elapsed 1.3m  ETA 00:15:14  fps 503
[ETA] step   50,000 / 500,000 (10.0%)  elapsed 1.7m  ETA 00:14:57  fps 502
[ETA] step   60,000 / 500,000 (12.0%)  elapsed 2.0m  ETA 00:14:37  fps 501
[ETA] step   70,000 / 500,000 (14.0%)  elapsed 2.3m  ETA 00:14:20  fps 500
[ETA] step   80,000 / 500,000 (16.0%)  elapsed 2.7m  ETA 00:14:01  fps 499
[ETA] step   90,000 / 500,000 (18.0%)  elapsed 3.0m  ETA 00:13:42  fps 498
[ETA] step  100,000 / 500,000 (20.0%)  elapsed 3.3m  ETA 00:13:21  fps 499
[ETA] step  110,000 / 500,000 (22.0%)  elapsed 3.6m  ETA 00:12:55  fps 503
[ETA] step  120,000 / 500,000 (24.0%)  elapsed 4.0m  ETA 00:12:35  fps 503
[ETA] step  130,000 / 500,000 (26.0%)  elapsed 4.3m  ETA 00:12:16  fps 502
[ETA] step  140,000 / 500,000 (28.0%)  elapsed 4.7m  ETA 00:12:06  fps 495
[ETA] step  150,000 / 500,000 (30.0%)  elapsed 5.1m  ETA 00:11:47  fps 495
[ETA] step  160,000 / 500,000 (32.0%)  elapsed 5.4m  ETA 00:11:27  fps 495
[ETA] step  170,000 / 500,000 (34.0%)  elapsed 5.7m  ETA 00:11:05  fps 496
[ETA] step  180,000 / 500,000 (36.0%)  elapsed 6.0m  ETA 00:10:44  fps 496
[ETA] step  190,000 / 500,000 (38.0%)  elapsed 6.3m  ETA 00:10:16  fps 503
[ETA] step  200,000 / 500,000 (40.0%)  elapsed 6.5m  ETA 00:09:48  fps 510
[ETA] step  210,000 / 500,000 (42.0%)  elapsed 6.8m  ETA 00:09:23  fps 515
[ETA] step  220,000 / 500,000 (44.0%)  elapsed 7.0m  ETA 00:08:57  fps 521
[ETA] step  230,000 / 500,000 (46.0%)  elapsed 7.3m  ETA 00:08:32  fps 527
[ETA] step  240,000 / 500,000 (48.0%)  elapsed 7.6m  ETA 00:08:11  fps 529
[ETA] step  250,000 / 500,000 (50.0%)  elapsed 7.8m  ETA 00:07:48  fps 534
[ETA] step  260,000 / 500,000 (52.0%)  elapsed 8.0m  ETA 00:07:25  fps 539
[ETA] step  270,000 / 500,000 (54.0%)  elapsed 8.3m  ETA 00:07:03  fps 543
[ETA] step  280,000 / 500,000 (56.0%)  elapsed 8.5m  ETA 00:06:41  fps 547
[ETA] step  290,000 / 500,000 (58.0%)  elapsed 8.8m  ETA 00:06:23  fps 548
[ETA] step  300,000 / 500,000 (60.0%)  elapsed 9.1m  ETA 00:06:02  fps 552
[ETA] step  310,000 / 500,000 (62.0%)  elapsed 9.3m  ETA 00:05:42  fps 555
[ETA] step  320,000 / 500,000 (64.0%)  elapsed 9.6m  ETA 00:05:22  fps 558
[ETA] step  330,000 / 500,000 (66.0%)  elapsed 9.8m  ETA 00:05:02  fps 561
[ETA] step  340,000 / 500,000 (68.0%)  elapsed 10.1m  ETA 00:04:43  fps 563
[ETA] step  350,000 / 500,000 (70.0%)  elapsed 10.3m  ETA 00:04:24  fps 566
[ETA] step  360,000 / 500,000 (72.0%)  elapsed 10.5m  ETA 00:04:05  fps 569
[ETA] step  370,000 / 500,000 (74.0%)  elapsed 10.8m  ETA 00:03:47  fps 572
[ETA] step  380,000 / 500,000 (76.0%)  elapsed 11.0m  ETA 00:03:28  fps 574
[ETA] step  390,000 / 500,000 (78.0%)  elapsed 11.3m  ETA 00:03:10  fps 577
[ETA] step  400,000 / 500,000 (80.0%)  elapsed 11.5m  ETA 00:02:52  fps 579
[ETA] step  410,000 / 500,000 (82.0%)  elapsed 11.8m  ETA 00:02:34  fps 582
[ETA] step  420,000 / 500,000 (84.0%)  elapsed 12.0m  ETA 00:02:17  fps 584
[ETA] step  430,000 / 500,000 (86.0%)  elapsed 12.2m  ETA 00:01:59  fps 586
[ETA] step  440,000 / 500,000 (88.0%)  elapsed 12.5m  ETA 00:01:42  fps 587
[ETA] step  450,000 / 500,000 (90.0%)  elapsed 12.8m  ETA 00:01:25  fps 588
[ETA] step  460,000 / 500,000 (92.0%)  elapsed 13.0m  ETA 00:01:07  fps 589
[ETA] step  470,000 / 500,000 (94.0%)  elapsed 13.3m  ETA 00:00:50  fps 590
[ETA] step  480,000 / 500,000 (96.0%)  elapsed 13.5m  ETA 00:00:33  fps 591
[ETA] step  490,000 / 500,000 (98.0%)  elapsed 13.8m  ETA 00:00:16  fps 591
[ETA] step  500,000 / 500,000 (100.0%)  elapsed 14.1m  ETA 00:00:00  fps 592

  Stage 4 done — 14.1 min
  Evaluating stage 4 best model (500 eps, ms=2)...
  pocket=28.6%  clear=1.6%  ep_len=2.00

  Done: 2026-03-04 00:29:06
