
=======================================================
  billiards-rl — SAC  |  1,000,000 steps  |  seed 42  |  env multi3(ms=4)
  exp_dir : logs/experiments/SAC_1000k_s42_multi3_ms4_sp0.1_tp1.0_20260302_101845
=======================================================

[1/3] Random agent baseline (500 episodes)...
      Random pocket rate: 12.1%  (avg 0.36/3 balls)

[2/3] Training SAC — 1,000,000 steps × 10 envs ...
/Users/yj/Documents/billiards-rl/.venv/lib/python3.13/site-packages/stable_baselines3/common/callbacks.py:418: UserWarning: Training and eval env are not of the same type<stable_baselines3.common.vec_env.subproc_vec_env.SubprocVecEnv object at 0x115e4e270> != <stable_baselines3.common.vec_env.dummy_vec_env.DummyVecEnv object at 0x1175d23c0>
  warnings.warn("Training and eval env are not of the same type" f"{self.training_env} != {self.eval_env}")
[ETA] step   10,000 / 1,000,000 (1.0%)  elapsed 0.2m  ETA 00:23:58  fps 688
[ETA] step   20,000 / 1,000,000 (2.0%)  elapsed 0.5m  ETA 00:24:35  fps 664
[ETA] step   30,000 / 1,000,000 (3.0%)  elapsed 0.8m  ETA 00:24:18  fps 665
[ETA] step   40,000 / 1,000,000 (4.0%)  elapsed 1.0m  ETA 00:23:58  fps 667
[ETA] step   50,000 / 1,000,000 (5.0%)  elapsed 1.2m  ETA 00:23:28  fps 675
[ETA] step   60,000 / 1,000,000 (6.0%)  elapsed 1.5m  ETA 00:22:52  fps 685
[ETA] step   70,000 / 1,000,000 (7.0%)  elapsed 1.7m  ETA 00:22:14  fps 697
[ETA] step   80,000 / 1,000,000 (8.0%)  elapsed 1.9m  ETA 00:21:32  fps 712
[ETA] step   90,000 / 1,000,000 (9.0%)  elapsed 2.1m  ETA 00:20:52  fps 726
[ETA] step  100,000 / 1,000,000 (10.0%)  elapsed 2.2m  ETA 00:20:11  fps 743
[ETA] step  110,000 / 1,000,000 (11.0%)  elapsed 2.4m  ETA 00:19:32  fps 759
[ETA] step  120,000 / 1,000,000 (12.0%)  elapsed 2.6m  ETA 00:18:57  fps 774
[ETA] step  130,000 / 1,000,000 (13.0%)  elapsed 2.8m  ETA 00:18:27  fps 786
[ETA] step  140,000 / 1,000,000 (14.0%)  elapsed 2.9m  ETA 00:18:03  fps 794
[ETA] step  150,000 / 1,000,000 (15.0%)  elapsed 3.1m  ETA 00:17:41  fps 800
[ETA] step  160,000 / 1,000,000 (16.0%)  elapsed 3.3m  ETA 00:17:22  fps 805
[ETA] step  170,000 / 1,000,000 (17.0%)  elapsed 3.5m  ETA 00:17:11  fps 805
[ETA] step  180,000 / 1,000,000 (18.0%)  elapsed 3.8m  ETA 00:17:16  fps 791
[ETA] step  190,000 / 1,000,000 (19.0%)  elapsed 4.1m  ETA 00:17:32  fps 770
[ETA] step  200,000 / 1,000,000 (20.0%)  elapsed 4.4m  ETA 00:17:47  fps 750
[ETA] step  210,000 / 1,000,000 (21.0%)  elapsed 4.8m  ETA 00:17:59  fps 732
[ETA] step  220,000 / 1,000,000 (22.0%)  elapsed 5.1m  ETA 00:18:07  fps 717
[ETA] step  230,000 / 1,000,000 (23.0%)  elapsed 5.5m  ETA 00:18:33  fps 691
[ETA] step  240,000 / 1,000,000 (24.0%)  elapsed 5.9m  ETA 00:18:41  fps 678
[ETA] step  250,000 / 1,000,000 (25.0%)  elapsed 6.3m  ETA 00:18:51  fps 663
[ETA] step  260,000 / 1,000,000 (26.0%)  elapsed 6.7m  ETA 00:19:00  fps 649
[ETA] step  270,000 / 1,000,000 (27.0%)  elapsed 7.1m  ETA 00:19:18  fps 630
[ETA] step  280,000 / 1,000,000 (28.0%)  elapsed 7.5m  ETA 00:19:14  fps 624
[ETA] step  290,000 / 1,000,000 (29.0%)  elapsed 7.8m  ETA 00:19:06  fps 619
[ETA] step  300,000 / 1,000,000 (30.0%)  elapsed 8.1m  ETA 00:18:58  fps 615
[ETA] step  310,000 / 1,000,000 (31.0%)  elapsed 8.5m  ETA 00:19:01  fps 605
[ETA] step  320,000 / 1,000,000 (32.0%)  elapsed 8.9m  ETA 00:18:52  fps 601
[ETA] step  330,000 / 1,000,000 (33.0%)  elapsed 9.2m  ETA 00:18:43  fps 597
[ETA] step  340,000 / 1,000,000 (34.0%)  elapsed 9.6m  ETA 00:18:35  fps 592
[ETA] step  350,000 / 1,000,000 (35.0%)  elapsed 10.0m  ETA 00:18:39  fps 581
[ETA] step  360,000 / 1,000,000 (36.0%)  elapsed 10.4m  ETA 00:18:24  fps 580
[ETA] step  370,000 / 1,000,000 (37.0%)  elapsed 10.8m  ETA 00:18:24  fps 571
[ETA] step  380,000 / 1,000,000 (38.0%)  elapsed 11.2m  ETA 00:18:16  fps 566
[ETA] step  390,000 / 1,000,000 (39.0%)  elapsed 11.7m  ETA 00:18:14  fps 557
[ETA] step  400,000 / 1,000,000 (40.0%)  elapsed 12.0m  ETA 00:18:03  fps 554
[ETA] step  410,000 / 1,000,000 (41.0%)  elapsed 12.4m  ETA 00:17:48  fps 552
[ETA] step  420,000 / 1,000,000 (42.0%)  elapsed 12.7m  ETA 00:17:34  fps 550
[ETA] step  430,000 / 1,000,000 (43.0%)  elapsed 13.0m  ETA 00:17:17  fps 550
[ETA] step  440,000 / 1,000,000 (44.0%)  elapsed 13.4m  ETA 00:17:01  fps 548
[ETA] step  450,000 / 1,000,000 (45.0%)  elapsed 13.8m  ETA 00:16:48  fps 545
[ETA] step  460,000 / 1,000,000 (46.0%)  elapsed 14.1m  ETA 00:16:33  fps 544
[ETA] step  470,000 / 1,000,000 (47.0%)  elapsed 14.4m  ETA 00:16:16  fps 543
[ETA] step  480,000 / 1,000,000 (48.0%)  elapsed 14.9m  ETA 00:16:11  fps 535
[ETA] step  490,000 / 1,000,000 (49.0%)  elapsed 15.4m  ETA 00:16:02  fps 530
[ETA] step  500,000 / 1,000,000 (50.0%)  elapsed 15.8m  ETA 00:15:47  fps 528
[ETA] step  510,000 / 1,000,000 (51.0%)  elapsed 16.3m  ETA 00:15:37  fps 523
[ETA] step  520,000 / 1,000,000 (52.0%)  elapsed 16.6m  ETA 00:15:20  fps 521
[ETA] step  530,000 / 1,000,000 (53.0%)  elapsed 17.0m  ETA 00:15:05  fps 519
[ETA] step  540,000 / 1,000,000 (54.0%)  elapsed 17.4m  ETA 00:14:47  fps 519
[ETA] step  550,000 / 1,000,000 (55.0%)  elapsed 17.7m  ETA 00:14:28  fps 518
[ETA] step  560,000 / 1,000,000 (56.0%)  elapsed 18.0m  ETA 00:14:10  fps 517
[ETA] step  570,000 / 1,000,000 (57.0%)  elapsed 18.4m  ETA 00:13:52  fps 517
[ETA] step  580,000 / 1,000,000 (58.0%)  elapsed 18.9m  ETA 00:13:40  fps 512
[ETA] step  590,000 / 1,000,000 (59.0%)  elapsed 19.3m  ETA 00:13:24  fps 510
[ETA] step  600,000 / 1,000,000 (60.0%)  elapsed 19.7m  ETA 00:13:08  fps 507
[ETA] step  610,000 / 1,000,000 (61.0%)  elapsed 20.1m  ETA 00:12:50  fps 506
[ETA] step  620,000 / 1,000,000 (62.0%)  elapsed 20.4m  ETA 00:12:31  fps 506
[ETA] step  630,000 / 1,000,000 (63.0%)  elapsed 20.8m  ETA 00:12:11  fps 505
[ETA] step  640,000 / 1,000,000 (64.0%)  elapsed 21.2m  ETA 00:11:55  fps 503
[ETA] step  650,000 / 1,000,000 (65.0%)  elapsed 21.6m  ETA 00:11:38  fps 501
[ETA] step  660,000 / 1,000,000 (66.0%)  elapsed 22.0m  ETA 00:11:18  fps 501
[ETA] step  670,000 / 1,000,000 (67.0%)  elapsed 22.3m  ETA 00:10:58  fps 501
[ETA] step  680,000 / 1,000,000 (68.0%)  elapsed 22.7m  ETA 00:10:39  fps 500
[ETA] step  690,000 / 1,000,000 (69.0%)  elapsed 23.0m  ETA 00:10:19  fps 500
[ETA] step  700,000 / 1,000,000 (70.0%)  elapsed 23.3m  ETA 00:10:00  fps 500
[ETA] step  710,000 / 1,000,000 (71.0%)  elapsed 23.7m  ETA 00:09:40  fps 500
[ETA] step  720,000 / 1,000,000 (72.0%)  elapsed 24.1m  ETA 00:09:23  fps 497
[ETA] step  730,000 / 1,000,000 (73.0%)  elapsed 24.5m  ETA 00:09:02  fps 497
[ETA] step  740,000 / 1,000,000 (74.0%)  elapsed 24.8m  ETA 00:08:42  fps 497
[ETA] step  750,000 / 1,000,000 (75.0%)  elapsed 25.2m  ETA 00:08:24  fps 496
[ETA] step  760,000 / 1,000,000 (76.0%)  elapsed 25.6m  ETA 00:08:04  fps 496
[ETA] step  770,000 / 1,000,000 (77.0%)  elapsed 25.9m  ETA 00:07:43  fps 496
[ETA] step  780,000 / 1,000,000 (78.0%)  elapsed 26.2m  ETA 00:07:23  fps 496
[ETA] step  790,000 / 1,000,000 (79.0%)  elapsed 26.5m  ETA 00:07:03  fps 496
[ETA] step  800,000 / 1,000,000 (80.0%)  elapsed 26.8m  ETA 00:06:42  fps 497
[ETA] step  810,000 / 1,000,000 (81.0%)  elapsed 27.2m  ETA 00:06:22  fps 497
[ETA] step  820,000 / 1,000,000 (82.0%)  elapsed 27.5m  ETA 00:06:02  fps 497
[ETA] step  830,000 / 1,000,000 (83.0%)  elapsed 27.9m  ETA 00:05:43  fps 495
[ETA] step  840,000 / 1,000,000 (84.0%)  elapsed 28.3m  ETA 00:05:23  fps 495
[ETA] step  850,000 / 1,000,000 (85.0%)  elapsed 28.6m  ETA 00:05:02  fps 496
[ETA] step  860,000 / 1,000,000 (86.0%)  elapsed 28.9m  ETA 00:04:42  fps 496
[ETA] step  870,000 / 1,000,000 (87.0%)  elapsed 29.2m  ETA 00:04:22  fps 496
[ETA] step  880,000 / 1,000,000 (88.0%)  elapsed 29.6m  ETA 00:04:02  fps 495
[ETA] step  890,000 / 1,000,000 (89.0%)  elapsed 29.9m  ETA 00:03:41  fps 496
[ETA] step  900,000 / 1,000,000 (90.0%)  elapsed 30.3m  ETA 00:03:21  fps 495
[ETA] step  910,000 / 1,000,000 (91.0%)  elapsed 30.6m  ETA 00:03:01  fps 495
[ETA] step  920,000 / 1,000,000 (92.0%)  elapsed 31.0m  ETA 00:02:41  fps 495
[ETA] step  930,000 / 1,000,000 (93.0%)  elapsed 31.3m  ETA 00:02:21  fps 495
[ETA] step  940,000 / 1,000,000 (94.0%)  elapsed 31.7m  ETA 00:02:01  fps 495
[ETA] step  950,000 / 1,000,000 (95.0%)  elapsed 32.0m  ETA 00:01:41  fps 495
[ETA] step  960,000 / 1,000,000 (96.0%)  elapsed 32.3m  ETA 00:01:20  fps 495
[ETA] step  970,000 / 1,000,000 (97.0%)  elapsed 32.8m  ETA 00:01:00  fps 492
[ETA] step  980,000 / 1,000,000 (98.0%)  elapsed 33.2m  ETA 00:00:40  fps 493
[ETA] step  990,000 / 1,000,000 (99.0%)  elapsed 33.5m  ETA 00:00:20  fps 493
[ETA] step 1,000,000 / 1,000,000 (100.0%)  elapsed 33.8m  ETA 00:00:00  fps 493

[3/3] Evaluating best SAC checkpoint (500 episodes)...

  ─────────────────────────────────────────────
  SAC pocket rate  : 55.1%
  Clear rate (all 3): 17.6%
  Random            : 12.1%
  Improvement       : +42.9pp
  Training time     : 33.8 min  (493 fps)
  Saved → logs/experiments/SAC_1000k_s42_multi3_ms4_sp0.1_tp1.0_20260302_101845
  TensorBoard → tensorboard --logdir logs/tensorboard
