========================================================
  Exp-12 aa benchmark: SAC × 3 seeds, 5M steps
  abs_angle=True  (baseline: Exp-10 delta_angle 2M)
  Seeds: [0, 1, 42]
  Started: 2026-03-04 00:29:07
========================================================

--------------------------------------------------------
  [1/3]  SAC  seed=0
  00:29:07
--------------------------------------------------------

=======================================================
  billiards-rl — SAC  |  5,000,000 steps  |  seed 0  |  env multi3(ms=3)
  exp_dir : logs/experiments/SAC_5000k_s0_multi3_ms3_sp0.1_tp1.0_aa_20260304_002907
=======================================================

[1/3] Random agent baseline (500 episodes)...
      Random pocket rate: 9.9%  (avg 0.30/3 balls)

[2/3] Training SAC — 5,000,000 steps × 10 envs ...
/Users/yj/Documents/billiards-rl/.venv/lib/python3.13/site-packages/stable_baselines3/common/callbacks.py:418: UserWarning: Training and eval env are not of the same type<stable_baselines3.common.vec_env.subproc_vec_env.SubprocVecEnv object at 0x113232900> != <stable_baselines3.common.vec_env.dummy_vec_env.DummyVecEnv object at 0x115389e80>
  warnings.warn("Training and eval env are not of the same type" f"{self.training_env} != {self.eval_env}")
[ETA] step   10,000 / 5,000,000 (0.2%)  elapsed 0.2m  ETA 01:19:07  fps 1051
[ETA] step   20,000 / 5,000,000 (0.4%)  elapsed 0.3m  ETA 01:26:01  fps 965
[ETA] step   30,000 / 5,000,000 (0.6%)  elapsed 0.5m  ETA 01:28:32  fps 936
[ETA] step   40,000 / 5,000,000 (0.8%)  elapsed 0.7m  ETA 01:29:01  fps 929
[ETA] step   50,000 / 5,000,000 (1.0%)  elapsed 0.9m  ETA 01:28:08  fps 936
[ETA] step   60,000 / 5,000,000 (1.2%)  elapsed 1.1m  ETA 01:26:57  fps 947
[ETA] step   70,000 / 5,000,000 (1.4%)  elapsed 1.2m  ETA 01:25:19  fps 963
[ETA] step   80,000 / 5,000,000 (1.6%)  elapsed 1.4m  ETA 01:23:25  fps 983
[ETA] step   90,000 / 5,000,000 (1.8%)  elapsed 1.5m  ETA 01:21:30  fps 1004
[ETA] step  100,000 / 5,000,000 (2.0%)  elapsed 1.6m  ETA 01:19:39  fps 1025
[ETA] step  110,000 / 5,000,000 (2.2%)  elapsed 1.8m  ETA 01:17:53  fps 1046
[ETA] step  120,000 / 5,000,000 (2.4%)  elapsed 1.9m  ETA 01:16:18  fps 1066
[ETA] step  130,000 / 5,000,000 (2.6%)  elapsed 2.0m  ETA 01:14:59  fps 1082
[ETA] step  140,000 / 5,000,000 (2.8%)  elapsed 2.1m  ETA 01:14:26  fps 1088
[ETA] step  150,000 / 5,000,000 (3.0%)  elapsed 2.3m  ETA 01:15:12  fps 1075
[ETA] step  160,000 / 5,000,000 (3.2%)  elapsed 2.5m  ETA 01:16:44  fps 1051
[ETA] step  170,000 / 5,000,000 (3.4%)  elapsed 2.8m  ETA 01:18:14  fps 1029
[ETA] step  180,000 / 5,000,000 (3.6%)  elapsed 3.0m  ETA 01:19:41  fps 1008
[ETA] step  190,000 / 5,000,000 (3.8%)  elapsed 3.2m  ETA 01:20:57  fps 990
[ETA] step  200,000 / 5,000,000 (4.0%)  elapsed 3.7m  ETA 01:28:28  fps 904
[ETA] step  210,000 / 5,000,000 (4.2%)  elapsed 3.9m  ETA 01:29:13  fps 895
[ETA] step  220,000 / 5,000,000 (4.4%)  elapsed 4.1m  ETA 01:29:52  fps 886
[ETA] step  230,000 / 5,000,000 (4.6%)  elapsed 4.4m  ETA 01:30:28  fps 879
[ETA] step  240,000 / 5,000,000 (4.8%)  elapsed 4.6m  ETA 01:31:06  fps 871
[ETA] step  250,000 / 5,000,000 (5.0%)  elapsed 4.9m  ETA 01:33:02  fps 851
[ETA] step  260,000 / 5,000,000 (5.2%)  elapsed 5.1m  ETA 01:33:25  fps 846
[ETA] step  270,000 / 5,000,000 (5.4%)  elapsed 5.4m  ETA 01:33:46  fps 841
[ETA] step  280,000 / 5,000,000 (5.6%)  elapsed 5.6m  ETA 01:34:05  fps 836
[ETA] step  290,000 / 5,000,000 (5.8%)  elapsed 5.9m  ETA 01:35:56  fps 818
[ETA] step  300,000 / 5,000,000 (6.0%)  elapsed 6.1m  ETA 01:36:06  fps 815
[ETA] step  310,000 / 5,000,000 (6.2%)  elapsed 6.4m  ETA 01:36:15  fps 812
[ETA] step  320,000 / 5,000,000 (6.4%)  elapsed 6.6m  ETA 01:36:23  fps 809
[ETA] step  330,000 / 5,000,000 (6.6%)  elapsed 6.8m  ETA 01:36:32  fps 806
[ETA] step  340,000 / 5,000,000 (6.8%)  elapsed 7.0m  ETA 01:36:37  fps 804
[ETA] step  350,000 / 5,000,000 (7.0%)  elapsed 7.3m  ETA 01:36:42  fps 801
[ETA] step  360,000 / 5,000,000 (7.2%)  elapsed 7.5m  ETA 01:36:46  fps 799
[ETA] step  370,000 / 5,000,000 (7.4%)  elapsed 7.7m  ETA 01:36:50  fps 797
[ETA] step  380,000 / 5,000,000 (7.6%)  elapsed 8.0m  ETA 01:36:53  fps 795
[ETA] step  390,000 / 5,000,000 (7.8%)  elapsed 8.2m  ETA 01:36:54  fps 793
[ETA] step  400,000 / 5,000,000 (8.0%)  elapsed 8.4m  ETA 01:36:56  fps 791
[ETA] step  410,000 / 5,000,000 (8.2%)  elapsed 8.7m  ETA 01:36:56  fps 789
[ETA] step  420,000 / 5,000,000 (8.4%)  elapsed 8.9m  ETA 01:36:56  fps 787
[ETA] step  430,000 / 5,000,000 (8.6%)  elapsed 9.1m  ETA 01:37:06  fps 784
[ETA] step  440,000 / 5,000,000 (8.8%)  elapsed 9.4m  ETA 01:37:05  fps 783
[ETA] step  450,000 / 5,000,000 (9.0%)  elapsed 9.7m  ETA 01:37:53  fps 775
[ETA] step  460,000 / 5,000,000 (9.2%)  elapsed 9.9m  ETA 01:37:49  fps 773
[ETA] step  470,000 / 5,000,000 (9.4%)  elapsed 10.1m  ETA 01:37:45  fps 772
[ETA] step  480,000 / 5,000,000 (9.6%)  elapsed 10.4m  ETA 01:37:39  fps 771
[ETA] step  490,000 / 5,000,000 (9.8%)  elapsed 10.6m  ETA 01:37:34  fps 770
[ETA] step  500,000 / 5,000,000 (10.0%)  elapsed 10.8m  ETA 01:37:38  fps 768
[ETA] step  510,000 / 5,000,000 (10.2%)  elapsed 11.1m  ETA 01:37:31  fps 767
[ETA] step  520,000 / 5,000,000 (10.4%)  elapsed 11.3m  ETA 01:37:26  fps 766
[ETA] step  530,000 / 5,000,000 (10.6%)  elapsed 11.5m  ETA 01:37:20  fps 765
[ETA] step  540,000 / 5,000,000 (10.8%)  elapsed 11.8m  ETA 01:37:13  fps 765
[ETA] step  550,000 / 5,000,000 (11.0%)  elapsed 12.0m  ETA 01:37:22  fps 762
[ETA] step  560,000 / 5,000,000 (11.2%)  elapsed 12.3m  ETA 01:37:17  fps 761
[ETA] step  570,000 / 5,000,000 (11.4%)  elapsed 12.5m  ETA 01:37:09  fps 760
[ETA] step  580,000 / 5,000,000 (11.6%)  elapsed 12.7m  ETA 01:37:01  fps 759
[ETA] step  590,000 / 5,000,000 (11.8%)  elapsed 13.0m  ETA 01:36:52  fps 759
[ETA] step  600,000 / 5,000,000 (12.0%)  elapsed 13.2m  ETA 01:36:43  fps 758
[ETA] step  610,000 / 5,000,000 (12.2%)  elapsed 13.4m  ETA 01:36:34  fps 758
[ETA] step  620,000 / 5,000,000 (12.4%)  elapsed 13.7m  ETA 01:36:37  fps 756
[ETA] step  630,000 / 5,000,000 (12.6%)  elapsed 13.9m  ETA 01:36:27  fps 755
[ETA] step  640,000 / 5,000,000 (12.8%)  elapsed 14.2m  ETA 01:36:24  fps 754
[ETA] step  650,000 / 5,000,000 (13.0%)  elapsed 14.4m  ETA 01:36:14  fps 753
[ETA] step  660,000 / 5,000,000 (13.2%)  elapsed 14.6m  ETA 01:36:04  fps 753
[ETA] step  670,000 / 5,000,000 (13.4%)  elapsed 15.0m  ETA 01:36:42  fps 746
[ETA] step  680,000 / 5,000,000 (13.6%)  elapsed 15.2m  ETA 01:36:31  fps 746
[ETA] step  690,000 / 5,000,000 (13.8%)  elapsed 15.4m  ETA 01:36:20  fps 746
[ETA] step  700,000 / 5,000,000 (14.0%)  elapsed 15.7m  ETA 01:36:08  fps 745
[ETA] step  710,000 / 5,000,000 (14.2%)  elapsed 16.1m  ETA 01:37:01  fps 737
[ETA] step  720,000 / 5,000,000 (14.4%)  elapsed 16.3m  ETA 01:36:48  fps 737
[ETA] step  730,000 / 5,000,000 (14.6%)  elapsed 16.5m  ETA 01:36:36  fps 737
[ETA] step  740,000 / 5,000,000 (14.8%)  elapsed 16.7m  ETA 01:36:23  fps 737
[ETA] step  750,000 / 5,000,000 (15.0%)  elapsed 17.0m  ETA 01:36:34  fps 734
[ETA] step  760,000 / 5,000,000 (15.2%)  elapsed 17.3m  ETA 01:36:21  fps 733
[ETA] step  770,000 / 5,000,000 (15.4%)  elapsed 17.5m  ETA 01:36:08  fps 733
[ETA] step  780,000 / 5,000,000 (15.6%)  elapsed 17.7m  ETA 01:35:55  fps 733
[ETA] step  790,000 / 5,000,000 (15.8%)  elapsed 18.0m  ETA 01:35:47  fps 732
[ETA] step  800,000 / 5,000,000 (16.0%)  elapsed 18.2m  ETA 01:35:34  fps 732
[ETA] step  810,000 / 5,000,000 (16.2%)  elapsed 18.4m  ETA 01:35:21  fps 732
[ETA] step  820,000 / 5,000,000 (16.4%)  elapsed 18.7m  ETA 01:35:08  fps 732
[ETA] step  830,000 / 5,000,000 (16.6%)  elapsed 19.0m  ETA 01:35:31  fps 728
[ETA] step  840,000 / 5,000,000 (16.8%)  elapsed 19.2m  ETA 01:35:17  fps 728
[ETA] step  850,000 / 5,000,000 (17.0%)  elapsed 19.5m  ETA 01:35:03  fps 728
[ETA] step  860,000 / 5,000,000 (17.2%)  elapsed 19.7m  ETA 01:34:49  fps 728
[ETA] step  870,000 / 5,000,000 (17.4%)  elapsed 19.9m  ETA 01:34:35  fps 728
[ETA] step  880,000 / 5,000,000 (17.6%)  elapsed 20.2m  ETA 01:34:22  fps 728
[ETA] step  890,000 / 5,000,000 (17.8%)  elapsed 20.4m  ETA 01:34:09  fps 728
[ETA] step  900,000 / 5,000,000 (18.0%)  elapsed 20.6m  ETA 01:33:55  fps 728
[ETA] step  910,000 / 5,000,000 (18.2%)  elapsed 20.8m  ETA 01:33:41  fps 728
[ETA] step  920,000 / 5,000,000 (18.4%)  elapsed 21.1m  ETA 01:33:28  fps 727
[ETA] step  930,000 / 5,000,000 (18.6%)  elapsed 21.3m  ETA 01:33:14  fps 727
[ETA] step  940,000 / 5,000,000 (18.8%)  elapsed 21.5m  ETA 01:33:01  fps 727
[ETA] step  950,000 / 5,000,000 (19.0%)  elapsed 21.8m  ETA 01:32:46  fps 728
[ETA] step  960,000 / 5,000,000 (19.2%)  elapsed 22.0m  ETA 01:32:33  fps 727
[ETA] step  970,000 / 5,000,000 (19.4%)  elapsed 22.2m  ETA 01:32:19  fps 728
[ETA] step  980,000 / 5,000,000 (19.6%)  elapsed 22.5m  ETA 01:32:15  fps 726
[ETA] step  990,000 / 5,000,000 (19.8%)  elapsed 22.7m  ETA 01:32:02  fps 726
[ETA] step 1,000,000 / 5,000,000 (20.0%)  elapsed 23.0m  ETA 01:31:48  fps 726
[ETA] step 1,010,000 / 5,000,000 (20.2%)  elapsed 23.2m  ETA 01:31:35  fps 726
[ETA] step 1,020,000 / 5,000,000 (20.4%)  elapsed 23.5m  ETA 01:31:49  fps 722
[ETA] step 1,030,000 / 5,000,000 (20.6%)  elapsed 23.8m  ETA 01:31:35  fps 722
[ETA] step 1,040,000 / 5,000,000 (20.8%)  elapsed 24.0m  ETA 01:31:21  fps 722
[ETA] step 1,050,000 / 5,000,000 (21.0%)  elapsed 24.2m  ETA 01:31:07  fps 722
[ETA] step 1,060,000 / 5,000,000 (21.2%)  elapsed 24.5m  ETA 01:31:02  fps 721
[ETA] step 1,070,000 / 5,000,000 (21.4%)  elapsed 24.7m  ETA 01:30:48  fps 721
[ETA] step 1,080,000 / 5,000,000 (21.6%)  elapsed 25.0m  ETA 01:30:33  fps 721
[ETA] step 1,090,000 / 5,000,000 (21.8%)  elapsed 25.2m  ETA 01:30:19  fps 722
[ETA] step 1,100,000 / 5,000,000 (22.0%)  elapsed 25.4m  ETA 01:30:04  fps 722
[ETA] step 1,110,000 / 5,000,000 (22.2%)  elapsed 25.7m  ETA 01:29:54  fps 721
[ETA] step 1,120,000 / 5,000,000 (22.4%)  elapsed 25.9m  ETA 01:29:40  fps 721
[ETA] step 1,130,000 / 5,000,000 (22.6%)  elapsed 26.1m  ETA 01:29:26  fps 721
[ETA] step 1,140,000 / 5,000,000 (22.8%)  elapsed 26.4m  ETA 01:29:13  fps 721
[ETA] step 1,150,000 / 5,000,000 (23.0%)  elapsed 26.6m  ETA 01:29:03  fps 721
[ETA] step 1,160,000 / 5,000,000 (23.2%)  elapsed 26.8m  ETA 01:28:48  fps 721
[ETA] step 1,170,000 / 5,000,000 (23.4%)  elapsed 27.1m  ETA 01:28:41  fps 720
[ETA] step 1,180,000 / 5,000,000 (23.6%)  elapsed 27.3m  ETA 01:28:27  fps 720
[ETA] step 1,190,000 / 5,000,000 (23.8%)  elapsed 27.6m  ETA 01:28:14  fps 720
[ETA] step 1,200,000 / 5,000,000 (24.0%)  elapsed 27.9m  ETA 01:28:18  fps 717
[ETA] step 1,210,000 / 5,000,000 (24.2%)  elapsed 28.1m  ETA 01:28:04  fps 717
[ETA] step 1,220,000 / 5,000,000 (24.4%)  elapsed 28.4m  ETA 01:27:50  fps 717
[ETA] step 1,230,000 / 5,000,000 (24.6%)  elapsed 28.6m  ETA 01:27:36  fps 717
[ETA] step 1,240,000 / 5,000,000 (24.8%)  elapsed 28.9m  ETA 01:27:28  fps 716
[ETA] step 1,250,000 / 5,000,000 (25.0%)  elapsed 29.1m  ETA 01:27:14  fps 716
[ETA] step 1,260,000 / 5,000,000 (25.2%)  elapsed 29.3m  ETA 01:27:00  fps 716
[ETA] step 1,270,000 / 5,000,000 (25.4%)  elapsed 29.5m  ETA 01:26:46  fps 716
[ETA] step 1,280,000 / 5,000,000 (25.6%)  elapsed 29.8m  ETA 01:26:31  fps 717
  ERROR in SAC seed=0: 

--------------------------------------------------------
  [2/3]  SAC  seed=1
  03:37:39
--------------------------------------------------------

=======================================================
  billiards-rl — SAC  |  5,000,000 steps  |  seed 1  |  env multi3(ms=3)
  exp_dir : logs/experiments/SAC_5000k_s1_multi3_ms3_sp0.1_tp1.0_aa_20260304_033739
=======================================================

[1/3] Random agent baseline (500 episodes)...
      Random pocket rate: 8.1%  (avg 0.24/3 balls)

[2/3] Training SAC — 5,000,000 steps × 10 envs ...
/Users/yj/Documents/billiards-rl/.venv/lib/python3.13/site-packages/stable_baselines3/common/callbacks.py:418: UserWarning: Training and eval env are not of the same type<stable_baselines3.common.vec_env.subproc_vec_env.SubprocVecEnv object at 0x113b38690> != <stable_baselines3.common.vec_env.dummy_vec_env.DummyVecEnv object at 0x12b4c3110>
  warnings.warn("Training and eval env are not of the same type" f"{self.training_env} != {self.eval_env}")
[ETA] step   10,000 / 5,000,000 (0.2%)  elapsed 0.2m  ETA 01:26:41  fps 959
[ETA] step   20,000 / 5,000,000 (0.4%)  elapsed 0.4m  ETA 01:32:06  fps 901
[ETA] step   30,000 / 5,000,000 (0.6%)  elapsed 0.6m  ETA 01:31:17  fps 907
[ETA] step   40,000 / 5,000,000 (0.8%)  elapsed 0.7m  ETA 01:30:03  fps 918
[ETA] step   50,000 / 5,000,000 (1.0%)  elapsed 0.9m  ETA 01:28:45  fps 930
[ETA] step   60,000 / 5,000,000 (1.2%)  elapsed 1.1m  ETA 01:27:19  fps 943
[ETA] step   70,000 / 5,000,000 (1.4%)  elapsed 1.2m  ETA 01:25:38  fps 959
[ETA] step   80,000 / 5,000,000 (1.6%)  elapsed 1.4m  ETA 01:23:46  fps 979
[ETA] step   90,000 / 5,000,000 (1.8%)  elapsed 1.5m  ETA 01:21:44  fps 1001
[ETA] step  100,000 / 5,000,000 (2.0%)  elapsed 1.6m  ETA 01:19:47  fps 1024
[ETA] step  110,000 / 5,000,000 (2.2%)  elapsed 1.8m  ETA 01:17:57  fps 1045
[ETA] step  120,000 / 5,000,000 (2.4%)  elapsed 1.9m  ETA 01:16:17  fps 1066
[ETA] step  130,000 / 5,000,000 (2.6%)  elapsed 2.0m  ETA 01:14:51  fps 1084
[ETA] step  140,000 / 5,000,000 (2.8%)  elapsed 2.1m  ETA 01:13:44  fps 1098
[ETA] step  150,000 / 5,000,000 (3.0%)  elapsed 2.3m  ETA 01:12:55  fps 1108
[ETA] step  160,000 / 5,000,000 (3.2%)  elapsed 2.4m  ETA 01:12:37  fps 1111
[ETA] step  170,000 / 5,000,000 (3.4%)  elapsed 2.6m  ETA 01:13:10  fps 1100
[ETA] step  180,000 / 5,000,000 (3.6%)  elapsed 2.8m  ETA 01:14:40  fps 1076
[ETA] step  190,000 / 5,000,000 (3.8%)  elapsed 3.0m  ETA 01:16:12  fps 1052
[ETA] step  200,000 / 5,000,000 (4.0%)  elapsed 3.2m  ETA 01:17:32  fps 1032
[ETA] step  210,000 / 5,000,000 (4.2%)  elapsed 3.5m  ETA 01:18:46  fps 1013
[ETA] step  220,000 / 5,000,000 (4.4%)  elapsed 3.7m  ETA 01:19:52  fps 997
[ETA] step  230,000 / 5,000,000 (4.6%)  elapsed 3.9m  ETA 01:20:53  fps 983
[ETA] step  240,000 / 5,000,000 (4.8%)  elapsed 4.1m  ETA 01:21:54  fps 969
[ETA] step  250,000 / 5,000,000 (5.0%)  elapsed 4.4m  ETA 01:23:56  fps 943
[ETA] step  260,000 / 5,000,000 (5.2%)  elapsed 4.6m  ETA 01:24:40  fps 933
[ETA] step  270,000 / 5,000,000 (5.4%)  elapsed 4.9m  ETA 01:25:24  fps 923
[ETA] step  280,000 / 5,000,000 (5.6%)  elapsed 5.1m  ETA 01:25:59  fps 915
[ETA] step  290,000 / 5,000,000 (5.8%)  elapsed 5.4m  ETA 01:27:20  fps 899
[ETA] step  300,000 / 5,000,000 (6.0%)  elapsed 5.6m  ETA 01:27:48  fps 892
[ETA] step  310,000 / 5,000,000 (6.2%)  elapsed 5.8m  ETA 01:28:13  fps 886
[ETA] step  320,000 / 5,000,000 (6.4%)  elapsed 6.2m  ETA 01:31:18  fps 854
[ETA] step  330,000 / 5,000,000 (6.6%)  elapsed 6.6m  ETA 01:32:48  fps 839
[ETA] step  340,000 / 5,000,000 (6.8%)  elapsed 6.8m  ETA 01:33:41  fps 829
[ETA] step  350,000 / 5,000,000 (7.0%)  elapsed 7.1m  ETA 01:34:25  fps 821
[ETA] step  360,000 / 5,000,000 (7.2%)  elapsed 7.3m  ETA 01:34:32  fps 818
[ETA] step  370,000 / 5,000,000 (7.4%)  elapsed 7.6m  ETA 01:35:22  fps 809
[ETA] step  380,000 / 5,000,000 (7.6%)  elapsed 7.9m  ETA 01:36:12  fps 800
[ETA] step  390,000 / 5,000,000 (7.8%)  elapsed 8.1m  ETA 01:36:15  fps 798
[ETA] step  400,000 / 5,000,000 (8.0%)  elapsed 8.4m  ETA 01:36:17  fps 796
[ETA] step  410,000 / 5,000,000 (8.2%)  elapsed 8.6m  ETA 01:36:18  fps 794
[ETA] step  420,000 / 5,000,000 (8.4%)  elapsed 8.8m  ETA 01:36:17  fps 793
[ETA] step  430,000 / 5,000,000 (8.6%)  elapsed 9.1m  ETA 01:36:47  fps 787
[ETA] step  440,000 / 5,000,000 (8.8%)  elapsed 9.3m  ETA 01:36:45  fps 785
[ETA] step  450,000 / 5,000,000 (9.0%)  elapsed 9.6m  ETA 01:36:42  fps 784
[ETA] step  460,000 / 5,000,000 (9.2%)  elapsed 9.8m  ETA 01:36:39  fps 783
[ETA] step  470,000 / 5,000,000 (9.4%)  elapsed 10.0m  ETA 01:36:36  fps 782
[ETA] step  480,000 / 5,000,000 (9.6%)  elapsed 10.3m  ETA 01:36:42  fps 779
[ETA] step  490,000 / 5,000,000 (9.8%)  elapsed 10.5m  ETA 01:36:38  fps 778
[ETA] step  500,000 / 5,000,000 (10.0%)  elapsed 10.7m  ETA 01:36:34  fps 777
[ETA] step  510,000 / 5,000,000 (10.2%)  elapsed 11.1m  ETA 01:37:39  fps 766
[ETA] step  520,000 / 5,000,000 (10.4%)  elapsed 11.3m  ETA 01:37:33  fps 765
[ETA] step  530,000 / 5,000,000 (10.6%)  elapsed 11.6m  ETA 01:37:26  fps 764
[ETA] step  540,000 / 5,000,000 (10.8%)  elapsed 11.8m  ETA 01:37:19  fps 764
[ETA] step  550,000 / 5,000,000 (11.0%)  elapsed 12.0m  ETA 01:37:12  fps 763
[ETA] step  560,000 / 5,000,000 (11.2%)  elapsed 12.2m  ETA 01:37:05  fps 762
[ETA] step  570,000 / 5,000,000 (11.4%)  elapsed 12.5m  ETA 01:36:58  fps 761
[ETA] step  580,000 / 5,000,000 (11.6%)  elapsed 12.7m  ETA 01:36:50  fps 761
[ETA] step  590,000 / 5,000,000 (11.8%)  elapsed 12.9m  ETA 01:36:41  fps 760
[ETA] step  600,000 / 5,000,000 (12.0%)  elapsed 13.2m  ETA 01:37:01  fps 756
[ETA] step  610,000 / 5,000,000 (12.2%)  elapsed 13.5m  ETA 01:36:52  fps 755
[ETA] step  620,000 / 5,000,000 (12.4%)  elapsed 13.7m  ETA 01:36:43  fps 755
[ETA] step  630,000 / 5,000,000 (12.6%)  elapsed 13.9m  ETA 01:36:34  fps 754
[ETA] step  640,000 / 5,000,000 (12.8%)  elapsed 14.2m  ETA 01:36:25  fps 754
[ETA] step  650,000 / 5,000,000 (13.0%)  elapsed 14.4m  ETA 01:36:20  fps 753
[ETA] step  660,000 / 5,000,000 (13.2%)  elapsed 14.6m  ETA 01:36:09  fps 752
[ETA] step  670,000 / 5,000,000 (13.4%)  elapsed 14.9m  ETA 01:36:01  fps 752
[ETA] step  680,000 / 5,000,000 (13.6%)  elapsed 15.1m  ETA 01:35:53  fps 751
[ETA] step  690,000 / 5,000,000 (13.8%)  elapsed 15.3m  ETA 01:35:45  fps 750
[ETA] step  700,000 / 5,000,000 (14.0%)  elapsed 15.6m  ETA 01:35:34  fps 750
[ETA] step  710,000 / 5,000,000 (14.2%)  elapsed 15.8m  ETA 01:35:23  fps 749
[ETA] step  720,000 / 5,000,000 (14.4%)  elapsed 16.0m  ETA 01:35:12  fps 749
[ETA] step  730,000 / 5,000,000 (14.6%)  elapsed 16.2m  ETA 01:35:01  fps 749
[ETA] step  740,000 / 5,000,000 (14.8%)  elapsed 16.5m  ETA 01:34:50  fps 749
[ETA] step  750,000 / 5,000,000 (15.0%)  elapsed 16.7m  ETA 01:34:43  fps 748
[ETA] step  760,000 / 5,000,000 (15.2%)  elapsed 16.9m  ETA 01:34:32  fps 747
[ETA] step  770,000 / 5,000,000 (15.4%)  elapsed 17.3m  ETA 01:34:50  fps 743
[ETA] step  780,000 / 5,000,000 (15.6%)  elapsed 17.5m  ETA 01:34:38  fps 743
[ETA] step  790,000 / 5,000,000 (15.8%)  elapsed 17.7m  ETA 01:34:26  fps 743
[ETA] step  800,000 / 5,000,000 (16.0%)  elapsed 18.0m  ETA 01:34:15  fps 743
[ETA] step  810,000 / 5,000,000 (16.2%)  elapsed 18.2m  ETA 01:34:03  fps 742
[ETA] step  820,000 / 5,000,000 (16.4%)  elapsed 18.4m  ETA 01:33:51  fps 742
[ETA] step  830,000 / 5,000,000 (16.6%)  elapsed 18.6m  ETA 01:33:39  fps 742
[ETA] step  840,000 / 5,000,000 (16.8%)  elapsed 18.9m  ETA 01:33:27  fps 742
[ETA] step  850,000 / 5,000,000 (17.0%)  elapsed 19.1m  ETA 01:33:14  fps 742
[ETA] step  860,000 / 5,000,000 (17.2%)  elapsed 19.3m  ETA 01:33:03  fps 742
[ETA] step  870,000 / 5,000,000 (17.4%)  elapsed 19.6m  ETA 01:32:50  fps 741
[ETA] step  880,000 / 5,000,000 (17.6%)  elapsed 19.9m  ETA 01:33:08  fps 737
[ETA] step  890,000 / 5,000,000 (17.8%)  elapsed 20.1m  ETA 01:32:56  fps 737
[ETA] step  900,000 / 5,000,000 (18.0%)  elapsed 20.5m  ETA 01:33:11  fps 733
[ETA] step  910,000 / 5,000,000 (18.2%)  elapsed 20.7m  ETA 01:32:58  fps 733
[ETA] step  920,000 / 5,000,000 (18.4%)  elapsed 20.9m  ETA 01:32:45  fps 733
[ETA] step  930,000 / 5,000,000 (18.6%)  elapsed 21.1m  ETA 01:32:32  fps 733
[ETA] step  940,000 / 5,000,000 (18.8%)  elapsed 21.4m  ETA 01:32:19  fps 733
[ETA] step  950,000 / 5,000,000 (19.0%)  elapsed 21.6m  ETA 01:32:14  fps 732
[ETA] step  960,000 / 5,000,000 (19.2%)  elapsed 21.9m  ETA 01:32:06  fps 731
[ETA] step  970,000 / 5,000,000 (19.4%)  elapsed 22.3m  ETA 01:32:31  fps 726
[ETA] step  980,000 / 5,000,000 (19.6%)  elapsed 22.5m  ETA 01:32:17  fps 726
[ETA] step  990,000 / 5,000,000 (19.8%)  elapsed 22.8m  ETA 01:32:28  fps 723
[ETA] step 1,000,000 / 5,000,000 (20.0%)  elapsed 23.1m  ETA 01:32:13  fps 723
[ETA] step 1,010,000 / 5,000,000 (20.2%)  elapsed 23.3m  ETA 01:32:00  fps 723
[ETA] step 1,020,000 / 5,000,000 (20.4%)  elapsed 23.5m  ETA 01:31:46  fps 723
[ETA] step 1,030,000 / 5,000,000 (20.6%)  elapsed 23.7m  ETA 01:31:32  fps 723
[ETA] step 1,040,000 / 5,000,000 (20.8%)  elapsed 24.0m  ETA 01:31:18  fps 723
[ETA] step 1,050,000 / 5,000,000 (21.0%)  elapsed 24.3m  ETA 01:31:21  fps 721
[ETA] step 1,060,000 / 5,000,000 (21.2%)  elapsed 24.5m  ETA 01:31:08  fps 720
[ETA] step 1,070,000 / 5,000,000 (21.4%)  elapsed 24.8m  ETA 01:30:54  fps 720
[ETA] step 1,080,000 / 5,000,000 (21.6%)  elapsed 25.0m  ETA 01:30:40  fps 721
[ETA] step 1,090,000 / 5,000,000 (21.8%)  elapsed 25.2m  ETA 01:30:26  fps 721
[ETA] step 1,100,000 / 5,000,000 (22.0%)  elapsed 25.5m  ETA 01:30:21  fps 719
[ETA] step 1,110,000 / 5,000,000 (22.2%)  elapsed 25.8m  ETA 01:30:18  fps 718
[ETA] step 1,120,000 / 5,000,000 (22.4%)  elapsed 26.0m  ETA 01:30:09  fps 717
[ETA] step 1,130,000 / 5,000,000 (22.6%)  elapsed 26.3m  ETA 01:29:55  fps 717
[ETA] step 1,140,000 / 5,000,000 (22.8%)  elapsed 26.5m  ETA 01:29:41  fps 717
[ETA] step 1,150,000 / 5,000,000 (23.0%)  elapsed 26.8m  ETA 01:29:37  fps 716
[ETA] step 1,160,000 / 5,000,000 (23.2%)  elapsed 27.0m  ETA 01:29:22  fps 716
[ETA] step 1,170,000 / 5,000,000 (23.4%)  elapsed 27.2m  ETA 01:29:08  fps 716
[ETA] step 1,180,000 / 5,000,000 (23.6%)  elapsed 27.5m  ETA 01:28:54  fps 716
[ETA] step 1,190,000 / 5,000,000 (23.8%)  elapsed 27.8m  ETA 01:28:59  fps 714
[ETA] step 1,200,000 / 5,000,000 (24.0%)  elapsed 28.1m  ETA 01:28:56  fps 712
[ETA] step 1,210,000 / 5,000,000 (24.2%)  elapsed 28.3m  ETA 01:28:42  fps 712
[ETA] step 1,220,000 / 5,000,000 (24.4%)  elapsed 28.6m  ETA 01:28:27  fps 712
[ETA] step 1,230,000 / 5,000,000 (24.6%)  elapsed 28.8m  ETA 01:28:14  fps 712
[ETA] step 1,240,000 / 5,000,000 (24.8%)  elapsed 29.0m  ETA 01:27:59  fps 712
[ETA] step 1,250,000 / 5,000,000 (25.0%)  elapsed 29.3m  ETA 01:27:48  fps 712
[ETA] step 1,260,000 / 5,000,000 (25.2%)  elapsed 29.5m  ETA 01:27:40  fps 711
[ETA] step 1,270,000 / 5,000,000 (25.4%)  elapsed 29.8m  ETA 01:27:25  fps 711
[ETA] step 1,280,000 / 5,000,000 (25.6%)  elapsed 30.0m  ETA 01:27:11  fps 711
[ETA] step 1,290,000 / 5,000,000 (25.8%)  elapsed 30.2m  ETA 01:26:57  fps 711
[ETA] step 1,300,000 / 5,000,000 (26.0%)  elapsed 30.5m  ETA 01:26:42  fps 711
[ETA] step 1,310,000 / 5,000,000 (26.2%)  elapsed 30.7m  ETA 01:26:27  fps 711
[ETA] step 1,320,000 / 5,000,000 (26.4%)  elapsed 30.9m  ETA 01:26:13  fps 711
[ETA] step 1,330,000 / 5,000,000 (26.6%)  elapsed 31.2m  ETA 01:25:58  fps 711
[ETA] step 1,340,000 / 5,000,000 (26.8%)  elapsed 31.5m  ETA 01:25:56  fps 710
[ETA] step 1,350,000 / 5,000,000 (27.0%)  elapsed 31.7m  ETA 01:25:42  fps 710
[ETA] step 1,360,000 / 5,000,000 (27.2%)  elapsed 31.9m  ETA 01:25:27  fps 710
[ETA] step 1,370,000 / 5,000,000 (27.4%)  elapsed 32.2m  ETA 01:25:12  fps 710
[ETA] step 1,380,000 / 5,000,000 (27.6%)  elapsed 32.5m  ETA 01:25:13  fps 708
[ETA] step 1,390,000 / 5,000,000 (27.8%)  elapsed 32.7m  ETA 01:24:58  fps 708
[ETA] step 1,400,000 / 5,000,000 (28.0%)  elapsed 32.9m  ETA 01:24:43  fps 708
[ETA] step 1,410,000 / 5,000,000 (28.2%)  elapsed 33.2m  ETA 01:24:28  fps 708
[ETA] step 1,420,000 / 5,000,000 (28.4%)  elapsed 33.4m  ETA 01:24:13  fps 708
[ETA] step 1,430,000 / 5,000,000 (28.6%)  elapsed 33.6m  ETA 01:23:58  fps 709
[ETA] step 1,440,000 / 5,000,000 (28.8%)  elapsed 33.9m  ETA 01:23:43  fps 709
[ETA] step 1,450,000 / 5,000,000 (29.0%)  elapsed 34.1m  ETA 01:23:29  fps 709
[ETA] step 1,460,000 / 5,000,000 (29.2%)  elapsed 34.4m  ETA 01:23:22  fps 708
[ETA] step 1,470,000 / 5,000,000 (29.4%)  elapsed 34.6m  ETA 01:23:07  fps 708
[ETA] step 1,480,000 / 5,000,000 (29.6%)  elapsed 34.9m  ETA 01:23:03  fps 706
[ETA] step 1,490,000 / 5,000,000 (29.8%)  elapsed 35.2m  ETA 01:22:52  fps 706
[ETA] step 1,500,000 / 5,000,000 (30.0%)  elapsed 35.4m  ETA 01:22:37  fps 706
[ETA] step 1,510,000 / 5,000,000 (30.2%)  elapsed 35.7m  ETA 01:22:26  fps 706
[ETA] step 1,520,000 / 5,000,000 (30.4%)  elapsed 36.0m  ETA 01:22:27  fps 703
[ETA] step 1,530,000 / 5,000,000 (30.6%)  elapsed 36.2m  ETA 01:22:12  fps 703
[ETA] step 1,540,000 / 5,000,000 (30.8%)  elapsed 36.5m  ETA 01:21:57  fps 704
[ETA] step 1,550,000 / 5,000,000 (31.0%)  elapsed 36.7m  ETA 01:21:42  fps 704
[ETA] step 1,560,000 / 5,000,000 (31.2%)  elapsed 36.9m  ETA 01:21:27  fps 704
[ETA] step 1,570,000 / 5,000,000 (31.4%)  elapsed 37.2m  ETA 01:21:12  fps 704
[ETA] step 1,580,000 / 5,000,000 (31.6%)  elapsed 37.4m  ETA 01:20:58  fps 704
[ETA] step 1,590,000 / 5,000,000 (31.8%)  elapsed 37.6m  ETA 01:20:44  fps 704
[ETA] step 1,600,000 / 5,000,000 (32.0%)  elapsed 37.9m  ETA 01:20:29  fps 704
[ETA] step 1,610,000 / 5,000,000 (32.2%)  elapsed 38.1m  ETA 01:20:14  fps 704
[ETA] step 1,620,000 / 5,000,000 (32.4%)  elapsed 38.4m  ETA 01:20:05  fps 703
[ETA] step 1,630,000 / 5,000,000 (32.6%)  elapsed 38.6m  ETA 01:19:50  fps 704
[ETA] step 1,640,000 / 5,000,000 (32.8%)  elapsed 38.8m  ETA 01:19:35  fps 704
[ETA] step 1,650,000 / 5,000,000 (33.0%)  elapsed 39.1m  ETA 01:19:20  fps 704
[ETA] step 1,660,000 / 5,000,000 (33.2%)  elapsed 39.3m  ETA 01:19:05  fps 704
[ETA] step 1,670,000 / 5,000,000 (33.4%)  elapsed 39.5m  ETA 01:18:51  fps 704
[ETA] step 1,680,000 / 5,000,000 (33.6%)  elapsed 39.8m  ETA 01:18:36  fps 704
[ETA] step 1,690,000 / 5,000,000 (33.8%)  elapsed 40.0m  ETA 01:18:21  fps 704
[ETA] step 1,700,000 / 5,000,000 (34.0%)  elapsed 40.3m  ETA 01:18:08  fps 704
[ETA] step 1,710,000 / 5,000,000 (34.2%)  elapsed 40.5m  ETA 01:17:56  fps 704
[ETA] step 1,720,000 / 5,000,000 (34.4%)  elapsed 40.7m  ETA 01:17:41  fps 704
[ETA] step 1,730,000 / 5,000,000 (34.6%)  elapsed 41.0m  ETA 01:17:26  fps 704
[ETA] step 1,740,000 / 5,000,000 (34.8%)  elapsed 41.3m  ETA 01:17:22  fps 702
[ETA] step 1,750,000 / 5,000,000 (35.0%)  elapsed 41.6m  ETA 01:17:17  fps 701
[ETA] step 1,760,000 / 5,000,000 (35.2%)  elapsed 41.9m  ETA 01:17:02  fps 701
[ETA] step 1,770,000 / 5,000,000 (35.4%)  elapsed 42.1m  ETA 01:16:50  fps 701
[ETA] step 1,780,000 / 5,000,000 (35.6%)  elapsed 42.3m  ETA 01:16:35  fps 701
[ETA] step 1,790,000 / 5,000,000 (35.8%)  elapsed 42.6m  ETA 01:16:19  fps 701
[ETA] step 1,800,000 / 5,000,000 (36.0%)  elapsed 42.9m  ETA 01:16:14  fps 699
[ETA] step 1,810,000 / 5,000,000 (36.2%)  elapsed 43.1m  ETA 01:16:02  fps 699
[ETA] step 1,820,000 / 5,000,000 (36.4%)  elapsed 43.4m  ETA 01:15:47  fps 699
[ETA] step 1,830,000 / 5,000,000 (36.6%)  elapsed 43.6m  ETA 01:15:32  fps 699
[ETA] step 1,840,000 / 5,000,000 (36.8%)  elapsed 43.9m  ETA 01:15:19  fps 699
[ETA] step 1,850,000 / 5,000,000 (37.0%)  elapsed 44.1m  ETA 01:15:04  fps 699
[ETA] step 1,860,000 / 5,000,000 (37.2%)  elapsed 44.4m  ETA 01:14:54  fps 699
[ETA] step 1,870,000 / 5,000,000 (37.4%)  elapsed 44.6m  ETA 01:14:39  fps 699
[ETA] step 1,880,000 / 5,000,000 (37.6%)  elapsed 44.9m  ETA 01:14:29  fps 698
[ETA] step 1,890,000 / 5,000,000 (37.8%)  elapsed 45.1m  ETA 01:14:14  fps 698
[ETA] step 1,900,000 / 5,000,000 (38.0%)  elapsed 45.4m  ETA 01:14:00  fps 698
[ETA] step 1,910,000 / 5,000,000 (38.2%)  elapsed 45.6m  ETA 01:13:44  fps 698
[ETA] step 1,920,000 / 5,000,000 (38.4%)  elapsed 45.8m  ETA 01:13:30  fps 698
[ETA] step 1,930,000 / 5,000,000 (38.6%)  elapsed 46.1m  ETA 01:13:15  fps 699
[ETA] step 1,940,000 / 5,000,000 (38.8%)  elapsed 46.3m  ETA 01:13:00  fps 699
[ETA] step 1,950,000 / 5,000,000 (39.0%)  elapsed 46.6m  ETA 01:12:48  fps 698
[ETA] step 1,960,000 / 5,000,000 (39.2%)  elapsed 46.8m  ETA 01:12:33  fps 698
[ETA] step 1,970,000 / 5,000,000 (39.4%)  elapsed 47.0m  ETA 01:12:19  fps 698
[ETA] step 1,980,000 / 5,000,000 (39.6%)  elapsed 47.3m  ETA 01:12:04  fps 698
[ETA] step 1,990,000 / 5,000,000 (39.8%)  elapsed 47.5m  ETA 01:11:49  fps 698
[ETA] step 2,000,000 / 5,000,000 (40.0%)  elapsed 47.7m  ETA 01:11:34  fps 699
[ETA] step 2,010,000 / 5,000,000 (40.2%)  elapsed 47.9m  ETA 01:11:19  fps 699
[ETA] step 2,020,000 / 5,000,000 (40.4%)  elapsed 48.2m  ETA 01:11:04  fps 699
[ETA] step 2,030,000 / 5,000,000 (40.6%)  elapsed 48.7m  ETA 01:11:12  fps 695
[ETA] step 2,040,000 / 5,000,000 (40.8%)  elapsed 48.9m  ETA 01:10:57  fps 695
[ETA] step 2,050,000 / 5,000,000 (41.0%)  elapsed 49.1m  ETA 01:10:42  fps 695
[ETA] step 2,060,000 / 5,000,000 (41.2%)  elapsed 49.4m  ETA 01:10:27  fps 695
[ETA] step 2,070,000 / 5,000,000 (41.4%)  elapsed 49.6m  ETA 01:10:12  fps 696
[ETA] step 2,080,000 / 5,000,000 (41.6%)  elapsed 49.8m  ETA 01:09:57  fps 696
[ETA] step 2,090,000 / 5,000,000 (41.8%)  elapsed 50.1m  ETA 01:09:42  fps 696
[ETA] step 2,100,000 / 5,000,000 (42.0%)  elapsed 50.3m  ETA 01:09:27  fps 696
[ETA] step 2,110,000 / 5,000,000 (42.2%)  elapsed 50.5m  ETA 01:09:12  fps 696
[ETA] step 2,120,000 / 5,000,000 (42.4%)  elapsed 50.8m  ETA 01:08:57  fps 696
[ETA] step 2,130,000 / 5,000,000 (42.6%)  elapsed 51.0m  ETA 01:08:42  fps 696
[ETA] step 2,140,000 / 5,000,000 (42.8%)  elapsed 51.2m  ETA 01:08:27  fps 696
[ETA] step 2,150,000 / 5,000,000 (43.0%)  elapsed 51.5m  ETA 01:08:13  fps 696
[ETA] step 2,160,000 / 5,000,000 (43.2%)  elapsed 51.7m  ETA 01:07:58  fps 696
[ETA] step 2,170,000 / 5,000,000 (43.4%)  elapsed 51.9m  ETA 01:07:43  fps 696
[ETA] step 2,180,000 / 5,000,000 (43.6%)  elapsed 52.2m  ETA 01:07:28  fps 697
[ETA] step 2,190,000 / 5,000,000 (43.8%)  elapsed 52.4m  ETA 01:07:13  fps 697
[ETA] step 2,200,000 / 5,000,000 (44.0%)  elapsed 52.6m  ETA 01:06:58  fps 697
[ETA] step 2,210,000 / 5,000,000 (44.2%)  elapsed 53.1m  ETA 01:07:01  fps 694
[ETA] step 2,220,000 / 5,000,000 (44.4%)  elapsed 53.4m  ETA 01:06:51  fps 693
[ETA] step 2,230,000 / 5,000,000 (44.6%)  elapsed 53.6m  ETA 01:06:36  fps 693
[ETA] step 2,240,000 / 5,000,000 (44.8%)  elapsed 53.9m  ETA 01:06:21  fps 693
[ETA] step 2,250,000 / 5,000,000 (45.0%)  elapsed 54.1m  ETA 01:06:10  fps 693
[ETA] step 2,260,000 / 5,000,000 (45.2%)  elapsed 54.4m  ETA 01:06:00  fps 692
[ETA] step 2,270,000 / 5,000,000 (45.4%)  elapsed 54.7m  ETA 01:05:45  fps 692
[ETA] step 2,280,000 / 5,000,000 (45.6%)  elapsed 55.2m  ETA 01:05:51  fps 688
[ETA] step 2,290,000 / 5,000,000 (45.8%)  elapsed 55.4m  ETA 01:05:36  fps 688
[ETA] step 2,300,000 / 5,000,000 (46.0%)  elapsed 55.7m  ETA 01:05:21  fps 689
[ETA] step 2,310,000 / 5,000,000 (46.2%)  elapsed 55.9m  ETA 01:05:07  fps 688
[ETA] step 2,320,000 / 5,000,000 (46.4%)  elapsed 56.2m  ETA 01:04:51  fps 689
[ETA] step 2,330,000 / 5,000,000 (46.6%)  elapsed 56.4m  ETA 01:04:36  fps 689
[ETA] step 2,340,000 / 5,000,000 (46.8%)  elapsed 56.6m  ETA 01:04:21  fps 689
[ETA] step 2,350,000 / 5,000,000 (47.0%)  elapsed 56.9m  ETA 01:04:06  fps 689
[ETA] step 2,360,000 / 5,000,000 (47.2%)  elapsed 57.1m  ETA 01:03:51  fps 689
[ETA] step 2,370,000 / 5,000,000 (47.4%)  elapsed 57.3m  ETA 01:03:36  fps 689
[ETA] step 2,380,000 / 5,000,000 (47.6%)  elapsed 57.6m  ETA 01:03:24  fps 689
[ETA] step 2,390,000 / 5,000,000 (47.8%)  elapsed 57.8m  ETA 01:03:09  fps 689
[ETA] step 2,400,000 / 5,000,000 (48.0%)  elapsed 58.1m  ETA 01:02:54  fps 689
[ETA] step 2,410,000 / 5,000,000 (48.2%)  elapsed 58.4m  ETA 01:02:44  fps 688
[ETA] step 2,420,000 / 5,000,000 (48.4%)  elapsed 58.6m  ETA 01:02:29  fps 688
[ETA] step 2,430,000 / 5,000,000 (48.6%)  elapsed 58.8m  ETA 01:02:14  fps 688
[ETA] step 2,440,000 / 5,000,000 (48.8%)  elapsed 59.1m  ETA 01:01:59  fps 688
[ETA] step 2,450,000 / 5,000,000 (49.0%)  elapsed 59.3m  ETA 01:01:44  fps 688
[ETA] step 2,460,000 / 5,000,000 (49.2%)  elapsed 59.5m  ETA 01:01:29  fps 689
[ETA] step 2,470,000 / 5,000,000 (49.4%)  elapsed 59.8m  ETA 01:01:14  fps 689
[ETA] step 2,480,000 / 5,000,000 (49.6%)  elapsed 60.1m  ETA 01:01:01  fps 688
[ETA] step 2,490,000 / 5,000,000 (49.8%)  elapsed 60.3m  ETA 01:00:46  fps 688
[ETA] step 2,500,000 / 5,000,000 (50.0%)  elapsed 60.5m  ETA 01:00:30  fps 689
[ETA] step 2,510,000 / 5,000,000 (50.2%)  elapsed 60.8m  ETA 01:00:17  fps 688
[ETA] step 2,520,000 / 5,000,000 (50.4%)  elapsed 61.0m  ETA 01:00:02  fps 688
[ETA] step 2,530,000 / 5,000,000 (50.6%)  elapsed 61.2m  ETA 00:59:47  fps 688
[ETA] step 2,540,000 / 5,000,000 (50.8%)  elapsed 61.5m  ETA 00:59:32  fps 689
[ETA] step 2,550,000 / 5,000,000 (51.0%)  elapsed 61.7m  ETA 00:59:17  fps 689
[ETA] step 2,560,000 / 5,000,000 (51.2%)  elapsed 62.0m  ETA 00:59:02  fps 689
[ETA] step 2,570,000 / 5,000,000 (51.4%)  elapsed 62.2m  ETA 00:58:48  fps 689
[ETA] step 2,580,000 / 5,000,000 (51.6%)  elapsed 62.4m  ETA 00:58:33  fps 689
[ETA] step 2,590,000 / 5,000,000 (51.8%)  elapsed 62.7m  ETA 00:58:18  fps 689
[ETA] step 2,600,000 / 5,000,000 (52.0%)  elapsed 62.9m  ETA 00:58:03  fps 689
[ETA] step 2,610,000 / 5,000,000 (52.2%)  elapsed 63.1m  ETA 00:57:48  fps 689
[ETA] step 2,620,000 / 5,000,000 (52.4%)  elapsed 63.4m  ETA 00:57:33  fps 689
[ETA] step 2,630,000 / 5,000,000 (52.6%)  elapsed 63.6m  ETA 00:57:18  fps 689
[ETA] step 2,640,000 / 5,000,000 (52.8%)  elapsed 63.8m  ETA 00:57:03  fps 689
[ETA] step 2,650,000 / 5,000,000 (53.0%)  elapsed 64.1m  ETA 00:56:48  fps 689
[ETA] step 2,660,000 / 5,000,000 (53.2%)  elapsed 64.3m  ETA 00:56:33  fps 690
[ETA] step 2,670,000 / 5,000,000 (53.4%)  elapsed 64.5m  ETA 00:56:18  fps 690
[ETA] step 2,680,000 / 5,000,000 (53.6%)  elapsed 64.8m  ETA 00:56:03  fps 690
[ETA] step 2,690,000 / 5,000,000 (53.8%)  elapsed 65.2m  ETA 00:55:57  fps 688
[ETA] step 2,700,000 / 5,000,000 (54.0%)  elapsed 65.4m  ETA 00:55:42  fps 688
[ETA] step 2,710,000 / 5,000,000 (54.2%)  elapsed 65.7m  ETA 00:55:32  fps 687
[ETA] step 2,720,000 / 5,000,000 (54.4%)  elapsed 66.0m  ETA 00:55:17  fps 687
[ETA] step 2,730,000 / 5,000,000 (54.6%)  elapsed 66.3m  ETA 00:55:06  fps 686
[ETA] step 2,740,000 / 5,000,000 (54.8%)  elapsed 66.6m  ETA 00:54:53  fps 686
[ETA] step 2,750,000 / 5,000,000 (55.0%)  elapsed 66.8m  ETA 00:54:38  fps 686
[ETA] step 2,760,000 / 5,000,000 (55.2%)  elapsed 67.0m  ETA 00:54:23  fps 686
[ETA] step 2,770,000 / 5,000,000 (55.4%)  elapsed 67.3m  ETA 00:54:12  fps 686
[ETA] step 2,780,000 / 5,000,000 (55.6%)  elapsed 67.6m  ETA 00:53:57  fps 686
[ETA] step 2,790,000 / 5,000,000 (55.8%)  elapsed 67.8m  ETA 00:53:42  fps 686
[ETA] step 2,800,000 / 5,000,000 (56.0%)  elapsed 68.0m  ETA 00:53:27  fps 686
[ETA] step 2,810,000 / 5,000,000 (56.2%)  elapsed 68.3m  ETA 00:53:12  fps 686
[ETA] step 2,820,000 / 5,000,000 (56.4%)  elapsed 68.6m  ETA 00:53:00  fps 685
[ETA] step 2,830,000 / 5,000,000 (56.6%)  elapsed 68.8m  ETA 00:52:45  fps 686
[ETA] step 2,840,000 / 5,000,000 (56.8%)  elapsed 69.0m  ETA 00:52:30  fps 686
[ETA] step 2,850,000 / 5,000,000 (57.0%)  elapsed 69.3m  ETA 00:52:15  fps 686
[ETA] step 2,860,000 / 5,000,000 (57.2%)  elapsed 69.5m  ETA 00:52:01  fps 686
[ETA] step 2,870,000 / 5,000,000 (57.4%)  elapsed 69.8m  ETA 00:51:45  fps 686
[ETA] step 2,880,000 / 5,000,000 (57.6%)  elapsed 70.0m  ETA 00:51:30  fps 686
[ETA] step 2,890,000 / 5,000,000 (57.8%)  elapsed 70.2m  ETA 00:51:15  fps 686
[ETA] step 2,900,000 / 5,000,000 (58.0%)  elapsed 70.5m  ETA 00:51:00  fps 686
[ETA] step 2,910,000 / 5,000,000 (58.2%)  elapsed 70.7m  ETA 00:50:46  fps 686
[ETA] step 2,920,000 / 5,000,000 (58.4%)  elapsed 71.1m  ETA 00:50:37  fps 685
[ETA] step 2,930,000 / 5,000,000 (58.6%)  elapsed 71.3m  ETA 00:50:22  fps 685
[ETA] step 2,940,000 / 5,000,000 (58.8%)  elapsed 71.5m  ETA 00:50:07  fps 685
[ETA] step 2,950,000 / 5,000,000 (59.0%)  elapsed 71.8m  ETA 00:49:52  fps 685
[ETA] step 2,960,000 / 5,000,000 (59.2%)  elapsed 72.0m  ETA 00:49:37  fps 685
[ETA] step 2,970,000 / 5,000,000 (59.4%)  elapsed 72.3m  ETA 00:49:24  fps 685
[ETA] step 2,980,000 / 5,000,000 (59.6%)  elapsed 72.5m  ETA 00:49:09  fps 685
[ETA] step 2,990,000 / 5,000,000 (59.8%)  elapsed 72.8m  ETA 00:48:54  fps 685
[ETA] step 3,000,000 / 5,000,000 (60.0%)  elapsed 73.0m  ETA 00:48:39  fps 685
[ETA] step 3,010,000 / 5,000,000 (60.2%)  elapsed 73.3m  ETA 00:48:28  fps 684
[ETA] step 3,020,000 / 5,000,000 (60.4%)  elapsed 73.5m  ETA 00:48:13  fps 684
[ETA] step 3,030,000 / 5,000,000 (60.6%)  elapsed 73.8m  ETA 00:47:58  fps 684
[ETA] step 3,040,000 / 5,000,000 (60.8%)  elapsed 74.1m  ETA 00:47:44  fps 684
[ETA] step 3,050,000 / 5,000,000 (61.0%)  elapsed 74.3m  ETA 00:47:30  fps 684
[ETA] step 3,060,000 / 5,000,000 (61.2%)  elapsed 74.6m  ETA 00:47:17  fps 684
[ETA] step 3,070,000 / 5,000,000 (61.4%)  elapsed 74.8m  ETA 00:47:03  fps 684
[ETA] step 3,080,000 / 5,000,000 (61.6%)  elapsed 75.1m  ETA 00:46:48  fps 684
[ETA] step 3,090,000 / 5,000,000 (61.8%)  elapsed 75.3m  ETA 00:46:33  fps 684
[ETA] step 3,100,000 / 5,000,000 (62.0%)  elapsed 75.7m  ETA 00:46:22  fps 683
[ETA] step 3,110,000 / 5,000,000 (62.2%)  elapsed 76.0m  ETA 00:46:10  fps 682
[ETA] step 3,120,000 / 5,000,000 (62.4%)  elapsed 76.2m  ETA 00:45:55  fps 682
[ETA] step 3,130,000 / 5,000,000 (62.6%)  elapsed 76.4m  ETA 00:45:40  fps 682
[ETA] step 3,140,000 / 5,000,000 (62.8%)  elapsed 76.7m  ETA 00:45:25  fps 683
[ETA] step 3,150,000 / 5,000,000 (63.0%)  elapsed 76.9m  ETA 00:45:10  fps 683
[ETA] step 3,160,000 / 5,000,000 (63.2%)  elapsed 77.1m  ETA 00:44:55  fps 683
[ETA] step 3,170,000 / 5,000,000 (63.4%)  elapsed 77.4m  ETA 00:44:40  fps 683
[ETA] step 3,180,000 / 5,000,000 (63.6%)  elapsed 77.6m  ETA 00:44:25  fps 683
[ETA] step 3,190,000 / 5,000,000 (63.8%)  elapsed 77.8m  ETA 00:44:10  fps 683
[ETA] step 3,200,000 / 5,000,000 (64.0%)  elapsed 78.1m  ETA 00:43:56  fps 683
[ETA] step 3,210,000 / 5,000,000 (64.2%)  elapsed 78.3m  ETA 00:43:41  fps 683
[ETA] step 3,220,000 / 5,000,000 (64.4%)  elapsed 78.6m  ETA 00:43:28  fps 682
[ETA] step 3,230,000 / 5,000,000 (64.6%)  elapsed 78.9m  ETA 00:43:13  fps 682
[ETA] step 3,240,000 / 5,000,000 (64.8%)  elapsed 79.1m  ETA 00:42:58  fps 683
[ETA] step 3,250,000 / 5,000,000 (65.0%)  elapsed 79.4m  ETA 00:42:44  fps 682
[ETA] step 3,260,000 / 5,000,000 (65.2%)  elapsed 79.7m  ETA 00:42:32  fps 682
[ETA] step 3,270,000 / 5,000,000 (65.4%)  elapsed 79.9m  ETA 00:42:17  fps 682
[ETA] step 3,280,000 / 5,000,000 (65.6%)  elapsed 80.2m  ETA 00:42:02  fps 682
[ETA] step 3,290,000 / 5,000,000 (65.8%)  elapsed 80.4m  ETA 00:41:47  fps 682
[ETA] step 3,300,000 / 5,000,000 (66.0%)  elapsed 80.7m  ETA 00:41:32  fps 682
[ETA] step 3,310,000 / 5,000,000 (66.2%)  elapsed 80.9m  ETA 00:41:18  fps 682
[ETA] step 3,320,000 / 5,000,000 (66.4%)  elapsed 81.1m  ETA 00:41:03  fps 682
[ETA] step 3,330,000 / 5,000,000 (66.6%)  elapsed 81.4m  ETA 00:40:48  fps 682
[ETA] step 3,340,000 / 5,000,000 (66.8%)  elapsed 81.6m  ETA 00:40:33  fps 682
[ETA] step 3,350,000 / 5,000,000 (67.0%)  elapsed 81.8m  ETA 00:40:18  fps 682
[ETA] step 3,360,000 / 5,000,000 (67.2%)  elapsed 82.1m  ETA 00:40:03  fps 682
[ETA] step 3,370,000 / 5,000,000 (67.4%)  elapsed 82.3m  ETA 00:39:48  fps 682
[ETA] step 3,380,000 / 5,000,000 (67.6%)  elapsed 82.5m  ETA 00:39:33  fps 682
[ETA] step 3,390,000 / 5,000,000 (67.8%)  elapsed 82.8m  ETA 00:39:18  fps 683
[ETA] step 3,400,000 / 5,000,000 (68.0%)  elapsed 83.0m  ETA 00:39:03  fps 683
[ETA] step 3,410,000 / 5,000,000 (68.2%)  elapsed 83.2m  ETA 00:38:48  fps 683
[ETA] step 3,420,000 / 5,000,000 (68.4%)  elapsed 83.6m  ETA 00:38:37  fps 682
[ETA] step 3,430,000 / 5,000,000 (68.6%)  elapsed 83.9m  ETA 00:38:23  fps 681
[ETA] step 3,440,000 / 5,000,000 (68.8%)  elapsed 84.1m  ETA 00:38:08  fps 682
[ETA] step 3,450,000 / 5,000,000 (69.0%)  elapsed 84.4m  ETA 00:37:53  fps 682
[ETA] step 3,460,000 / 5,000,000 (69.2%)  elapsed 84.6m  ETA 00:37:38  fps 682
[ETA] step 3,470,000 / 5,000,000 (69.4%)  elapsed 84.8m  ETA 00:37:23  fps 682
[ETA] step 3,480,000 / 5,000,000 (69.6%)  elapsed 85.1m  ETA 00:37:09  fps 682
[ETA] step 3,490,000 / 5,000,000 (69.8%)  elapsed 85.3m  ETA 00:36:55  fps 682
[ETA] step 3,500,000 / 5,000,000 (70.0%)  elapsed 85.6m  ETA 00:36:40  fps 682
[ETA] step 3,510,000 / 5,000,000 (70.2%)  elapsed 85.8m  ETA 00:36:25  fps 682
[ETA] step 3,520,000 / 5,000,000 (70.4%)  elapsed 86.0m  ETA 00:36:10  fps 682
[ETA] step 3,530,000 / 5,000,000 (70.6%)  elapsed 86.3m  ETA 00:35:55  fps 682
[ETA] step 3,540,000 / 5,000,000 (70.8%)  elapsed 86.5m  ETA 00:35:40  fps 682
[ETA] step 3,550,000 / 5,000,000 (71.0%)  elapsed 86.8m  ETA 00:35:27  fps 682
[ETA] step 3,560,000 / 5,000,000 (71.2%)  elapsed 87.0m  ETA 00:35:12  fps 682
[ETA] step 3,570,000 / 5,000,000 (71.4%)  elapsed 87.3m  ETA 00:34:57  fps 682
[ETA] step 3,580,000 / 5,000,000 (71.6%)  elapsed 87.7m  ETA 00:34:47  fps 680
[ETA] step 3,590,000 / 5,000,000 (71.8%)  elapsed 87.9m  ETA 00:34:32  fps 680
[ETA] step 3,600,000 / 5,000,000 (72.0%)  elapsed 88.2m  ETA 00:34:17  fps 681
[ETA] step 3,610,000 / 5,000,000 (72.2%)  elapsed 88.5m  ETA 00:34:03  fps 680
[ETA] step 3,620,000 / 5,000,000 (72.4%)  elapsed 88.7m  ETA 00:33:48  fps 680
[ETA] step 3,630,000 / 5,000,000 (72.6%)  elapsed 89.1m  ETA 00:33:36  fps 679
[ETA] step 3,640,000 / 5,000,000 (72.8%)  elapsed 89.3m  ETA 00:33:21  fps 679
[ETA] step 3,650,000 / 5,000,000 (73.0%)  elapsed 89.5m  ETA 00:33:06  fps 679
[ETA] step 3,660,000 / 5,000,000 (73.2%)  elapsed 89.8m  ETA 00:32:51  fps 680
[ETA] step 3,670,000 / 5,000,000 (73.4%)  elapsed 90.0m  ETA 00:32:36  fps 680
[ETA] step 3,680,000 / 5,000,000 (73.6%)  elapsed 90.3m  ETA 00:32:22  fps 679
[ETA] step 3,690,000 / 5,000,000 (73.8%)  elapsed 90.5m  ETA 00:32:08  fps 679
[ETA] step 3,700,000 / 5,000,000 (74.0%)  elapsed 90.8m  ETA 00:31:53  fps 679
[ETA] step 3,710,000 / 5,000,000 (74.2%)  elapsed 91.0m  ETA 00:31:38  fps 679
[ETA] step 3,720,000 / 5,000,000 (74.4%)  elapsed 91.3m  ETA 00:31:23  fps 679
[ETA] step 3,730,000 / 5,000,000 (74.6%)  elapsed 91.5m  ETA 00:31:09  fps 680
[ETA] step 3,740,000 / 5,000,000 (74.8%)  elapsed 91.7m  ETA 00:30:54  fps 680
[ETA] step 3,750,000 / 5,000,000 (75.0%)  elapsed 92.0m  ETA 00:30:39  fps 680
[ETA] step 3,760,000 / 5,000,000 (75.2%)  elapsed 92.3m  ETA 00:30:26  fps 679
[ETA] step 3,770,000 / 5,000,000 (75.4%)  elapsed 92.6m  ETA 00:30:12  fps 679
[ETA] step 3,780,000 / 5,000,000 (75.6%)  elapsed 92.8m  ETA 00:29:57  fps 679
[ETA] step 3,790,000 / 5,000,000 (75.8%)  elapsed 93.1m  ETA 00:29:42  fps 679
[ETA] step 3,800,000 / 5,000,000 (76.0%)  elapsed 93.3m  ETA 00:29:27  fps 679
[ETA] step 3,810,000 / 5,000,000 (76.2%)  elapsed 93.5m  ETA 00:29:12  fps 679
[ETA] step 3,820,000 / 5,000,000 (76.4%)  elapsed 93.8m  ETA 00:28:58  fps 679
[ETA] step 3,830,000 / 5,000,000 (76.6%)  elapsed 94.0m  ETA 00:28:43  fps 679
[ETA] step 3,840,000 / 5,000,000 (76.8%)  elapsed 94.3m  ETA 00:28:28  fps 679
[ETA] step 3,850,000 / 5,000,000 (77.0%)  elapsed 94.6m  ETA 00:28:15  fps 678
[ETA] step 3,860,000 / 5,000,000 (77.2%)  elapsed 94.9m  ETA 00:28:01  fps 678
[ETA] step 3,870,000 / 5,000,000 (77.4%)  elapsed 95.1m  ETA 00:27:46  fps 678
[ETA] step 3,880,000 / 5,000,000 (77.6%)  elapsed 95.3m  ETA 00:27:31  fps 678
[ETA] step 3,890,000 / 5,000,000 (77.8%)  elapsed 95.6m  ETA 00:27:16  fps 678
[ETA] step 3,900,000 / 5,000,000 (78.0%)  elapsed 95.8m  ETA 00:27:01  fps 678
[ETA] step 3,910,000 / 5,000,000 (78.2%)  elapsed 96.0m  ETA 00:26:46  fps 679
[ETA] step 3,920,000 / 5,000,000 (78.4%)  elapsed 96.3m  ETA 00:26:31  fps 679
[ETA] step 3,930,000 / 5,000,000 (78.6%)  elapsed 96.5m  ETA 00:26:16  fps 679
[ETA] step 3,940,000 / 5,000,000 (78.8%)  elapsed 96.7m  ETA 00:26:01  fps 679
[ETA] step 3,950,000 / 5,000,000 (79.0%)  elapsed 97.0m  ETA 00:25:46  fps 679
[ETA] step 3,960,000 / 5,000,000 (79.2%)  elapsed 97.2m  ETA 00:25:31  fps 679
[ETA] step 3,970,000 / 5,000,000 (79.4%)  elapsed 97.5m  ETA 00:25:17  fps 679
[ETA] step 3,980,000 / 5,000,000 (79.6%)  elapsed 97.8m  ETA 00:25:03  fps 679
[ETA] step 3,990,000 / 5,000,000 (79.8%)  elapsed 98.0m  ETA 00:24:48  fps 679
[ETA] step 4,000,000 / 5,000,000 (80.0%)  elapsed 98.3m  ETA 00:24:33  fps 679
[ETA] step 4,010,000 / 5,000,000 (80.2%)  elapsed 98.5m  ETA 00:24:18  fps 679
[ETA] step 4,020,000 / 5,000,000 (80.4%)  elapsed 98.7m  ETA 00:24:03  fps 679
[ETA] step 4,030,000 / 5,000,000 (80.6%)  elapsed 99.0m  ETA 00:23:49  fps 679
[ETA] step 4,040,000 / 5,000,000 (80.8%)  elapsed 99.3m  ETA 00:23:35  fps 678
[ETA] step 4,050,000 / 5,000,000 (81.0%)  elapsed 99.5m  ETA 00:23:20  fps 678
[ETA] step 4,060,000 / 5,000,000 (81.2%)  elapsed 99.8m  ETA 00:23:06  fps 678
[ETA] step 4,070,000 / 5,000,000 (81.4%)  elapsed 100.1m  ETA 00:22:52  fps 678
[ETA] step 4,080,000 / 5,000,000 (81.6%)  elapsed 100.3m  ETA 00:22:37  fps 678
[ETA] step 4,090,000 / 5,000,000 (81.8%)  elapsed 100.5m  ETA 00:22:22  fps 678
[ETA] step 4,100,000 / 5,000,000 (82.0%)  elapsed 100.8m  ETA 00:22:07  fps 678
[ETA] step 4,110,000 / 5,000,000 (82.2%)  elapsed 101.0m  ETA 00:21:52  fps 678
[ETA] step 4,120,000 / 5,000,000 (82.4%)  elapsed 101.3m  ETA 00:21:37  fps 678
[ETA] step 4,130,000 / 5,000,000 (82.6%)  elapsed 101.6m  ETA 00:21:23  fps 678
[ETA] step 4,140,000 / 5,000,000 (82.8%)  elapsed 101.8m  ETA 00:21:08  fps 678
[ETA] step 4,150,000 / 5,000,000 (83.0%)  elapsed 102.0m  ETA 00:20:54  fps 678
[ETA] step 4,160,000 / 5,000,000 (83.2%)  elapsed 102.3m  ETA 00:20:39  fps 678
[ETA] step 4,170,000 / 5,000,000 (83.4%)  elapsed 102.6m  ETA 00:20:25  fps 677
[ETA] step 4,180,000 / 5,000,000 (83.6%)  elapsed 102.8m  ETA 00:20:10  fps 677
[ETA] step 4,190,000 / 5,000,000 (83.8%)  elapsed 103.1m  ETA 00:19:55  fps 678
[ETA] step 4,200,000 / 5,000,000 (84.0%)  elapsed 103.3m  ETA 00:19:40  fps 678
[ETA] step 4,210,000 / 5,000,000 (84.2%)  elapsed 103.5m  ETA 00:19:25  fps 678
[ETA] step 4,220,000 / 5,000,000 (84.4%)  elapsed 103.8m  ETA 00:19:11  fps 677
[ETA] step 4,230,000 / 5,000,000 (84.6%)  elapsed 104.1m  ETA 00:18:56  fps 678
[ETA] step 4,240,000 / 5,000,000 (84.8%)  elapsed 104.3m  ETA 00:18:41  fps 678
[ETA] step 4,250,000 / 5,000,000 (85.0%)  elapsed 104.5m  ETA 00:18:26  fps 678
[ETA] step 4,260,000 / 5,000,000 (85.2%)  elapsed 104.8m  ETA 00:18:11  fps 678
[ETA] step 4,270,000 / 5,000,000 (85.4%)  elapsed 105.0m  ETA 00:17:57  fps 678
[ETA] step 4,280,000 / 5,000,000 (85.6%)  elapsed 105.2m  ETA 00:17:42  fps 678
[ETA] step 4,290,000 / 5,000,000 (85.8%)  elapsed 105.5m  ETA 00:17:27  fps 678
[ETA] step 4,300,000 / 5,000,000 (86.0%)  elapsed 105.7m  ETA 00:17:12  fps 678
[ETA] step 4,310,000 / 5,000,000 (86.2%)  elapsed 106.0m  ETA 00:16:57  fps 678
[ETA] step 4,320,000 / 5,000,000 (86.4%)  elapsed 106.3m  ETA 00:16:44  fps 677
[ETA] step 4,330,000 / 5,000,000 (86.6%)  elapsed 106.5m  ETA 00:16:29  fps 677
[ETA] step 4,340,000 / 5,000,000 (86.8%)  elapsed 106.9m  ETA 00:16:15  fps 677
[ETA] step 4,350,000 / 5,000,000 (87.0%)  elapsed 107.1m  ETA 00:16:00  fps 677
[ETA] step 4,360,000 / 5,000,000 (87.2%)  elapsed 107.3m  ETA 00:15:45  fps 677
[ETA] step 4,370,000 / 5,000,000 (87.4%)  elapsed 107.6m  ETA 00:15:30  fps 677
[ETA] step 4,380,000 / 5,000,000 (87.6%)  elapsed 107.8m  ETA 00:15:15  fps 677
[ETA] step 4,390,000 / 5,000,000 (87.8%)  elapsed 108.0m  ETA 00:15:00  fps 677
[ETA] step 4,400,000 / 5,000,000 (88.0%)  elapsed 108.3m  ETA 00:14:45  fps 677
[ETA] step 4,410,000 / 5,000,000 (88.2%)  elapsed 108.5m  ETA 00:14:30  fps 677
[ETA] step 4,420,000 / 5,000,000 (88.4%)  elapsed 108.7m  ETA 00:14:16  fps 678
[ETA] step 4,430,000 / 5,000,000 (88.6%)  elapsed 109.0m  ETA 00:14:01  fps 678
[ETA] step 4,440,000 / 5,000,000 (88.8%)  elapsed 109.2m  ETA 00:13:46  fps 678
[ETA] step 4,450,000 / 5,000,000 (89.0%)  elapsed 109.5m  ETA 00:13:32  fps 677
[ETA] step 4,460,000 / 5,000,000 (89.2%)  elapsed 109.7m  ETA 00:13:17  fps 677
[ETA] step 4,470,000 / 5,000,000 (89.4%)  elapsed 110.0m  ETA 00:13:02  fps 677
[ETA] step 4,480,000 / 5,000,000 (89.6%)  elapsed 110.2m  ETA 00:12:47  fps 678
[ETA] step 4,490,000 / 5,000,000 (89.8%)  elapsed 110.4m  ETA 00:12:32  fps 678
[ETA] step 4,500,000 / 5,000,000 (90.0%)  elapsed 110.7m  ETA 00:12:17  fps 678
[ETA] step 4,510,000 / 5,000,000 (90.2%)  elapsed 110.9m  ETA 00:12:03  fps 678
[ETA] step 4,520,000 / 5,000,000 (90.4%)  elapsed 111.2m  ETA 00:11:48  fps 678
[ETA] step 4,530,000 / 5,000,000 (90.6%)  elapsed 111.4m  ETA 00:11:33  fps 678
[ETA] step 4,540,000 / 5,000,000 (90.8%)  elapsed 111.7m  ETA 00:11:18  fps 678
[ETA] step 4,550,000 / 5,000,000 (91.0%)  elapsed 111.9m  ETA 00:11:04  fps 678
[ETA] step 4,560,000 / 5,000,000 (91.2%)  elapsed 112.1m  ETA 00:10:49  fps 678
[ETA] step 4,570,000 / 5,000,000 (91.4%)  elapsed 112.5m  ETA 00:10:35  fps 677
[ETA] step 4,580,000 / 5,000,000 (91.6%)  elapsed 112.8m  ETA 00:10:20  fps 676
[ETA] step 4,590,000 / 5,000,000 (91.8%)  elapsed 113.1m  ETA 00:10:06  fps 677
[ETA] step 4,600,000 / 5,000,000 (92.0%)  elapsed 113.3m  ETA 00:09:51  fps 677
[ETA] step 4,610,000 / 5,000,000 (92.2%)  elapsed 113.6m  ETA 00:09:36  fps 676
[ETA] step 4,620,000 / 5,000,000 (92.4%)  elapsed 113.9m  ETA 00:09:22  fps 676
[ETA] step 4,630,000 / 5,000,000 (92.6%)  elapsed 114.1m  ETA 00:09:07  fps 676
[ETA] step 4,640,000 / 5,000,000 (92.8%)  elapsed 114.4m  ETA 00:08:52  fps 676
[ETA] step 4,650,000 / 5,000,000 (93.0%)  elapsed 114.6m  ETA 00:08:37  fps 676
[ETA] step 4,660,000 / 5,000,000 (93.2%)  elapsed 114.8m  ETA 00:08:22  fps 676
[ETA] step 4,670,000 / 5,000,000 (93.4%)  elapsed 115.1m  ETA 00:08:07  fps 676
[ETA] step 4,680,000 / 5,000,000 (93.6%)  elapsed 115.3m  ETA 00:07:53  fps 676
[ETA] step 4,690,000 / 5,000,000 (93.8%)  elapsed 115.5m  ETA 00:07:38  fps 677
[ETA] step 4,700,000 / 5,000,000 (94.0%)  elapsed 115.8m  ETA 00:07:23  fps 677
[ETA] step 4,710,000 / 5,000,000 (94.2%)  elapsed 116.1m  ETA 00:07:08  fps 676
[ETA] step 4,720,000 / 5,000,000 (94.4%)  elapsed 116.4m  ETA 00:06:54  fps 676
[ETA] step 4,730,000 / 5,000,000 (94.6%)  elapsed 116.6m  ETA 00:06:39  fps 676
[ETA] step 4,740,000 / 5,000,000 (94.8%)  elapsed 116.9m  ETA 00:06:24  fps 676
[ETA] step 4,750,000 / 5,000,000 (95.0%)  elapsed 117.1m  ETA 00:06:09  fps 676
[ETA] step 4,760,000 / 5,000,000 (95.2%)  elapsed 117.4m  ETA 00:05:55  fps 676
[ETA] step 4,770,000 / 5,000,000 (95.4%)  elapsed 117.6m  ETA 00:05:40  fps 676
[ETA] step 4,780,000 / 5,000,000 (95.6%)  elapsed 117.8m  ETA 00:05:25  fps 676
[ETA] step 4,790,000 / 5,000,000 (95.8%)  elapsed 118.1m  ETA 00:05:10  fps 676
[ETA] step 4,800,000 / 5,000,000 (96.0%)  elapsed 118.3m  ETA 00:04:55  fps 676
[ETA] step 4,810,000 / 5,000,000 (96.2%)  elapsed 118.6m  ETA 00:04:41  fps 676
[ETA] step 4,820,000 / 5,000,000 (96.4%)  elapsed 118.8m  ETA 00:04:26  fps 676
[ETA] step 4,830,000 / 5,000,000 (96.6%)  elapsed 119.1m  ETA 00:04:11  fps 676
[ETA] step 4,840,000 / 5,000,000 (96.8%)  elapsed 119.3m  ETA 00:03:56  fps 676
[ETA] step 4,850,000 / 5,000,000 (97.0%)  elapsed 119.5m  ETA 00:03:41  fps 676
[ETA] step 4,860,000 / 5,000,000 (97.2%)  elapsed 119.8m  ETA 00:03:27  fps 676
[ETA] step 4,870,000 / 5,000,000 (97.4%)  elapsed 120.0m  ETA 00:03:12  fps 676
[ETA] step 4,880,000 / 5,000,000 (97.6%)  elapsed 120.3m  ETA 00:02:57  fps 676
[ETA] step 4,890,000 / 5,000,000 (97.8%)  elapsed 120.5m  ETA 00:02:42  fps 676
[ETA] step 4,900,000 / 5,000,000 (98.0%)  elapsed 120.8m  ETA 00:02:27  fps 676
[ETA] step 4,910,000 / 5,000,000 (98.2%)  elapsed 121.0m  ETA 00:02:13  fps 676
[ETA] step 4,920,000 / 5,000,000 (98.4%)  elapsed 121.3m  ETA 00:01:58  fps 676
[ETA] step 4,930,000 / 5,000,000 (98.6%)  elapsed 121.5m  ETA 00:01:43  fps 676
[ETA] step 4,940,000 / 5,000,000 (98.8%)  elapsed 121.8m  ETA 00:01:28  fps 676
[ETA] step 4,950,000 / 5,000,000 (99.0%)  elapsed 122.1m  ETA 00:01:13  fps 676
[ETA] step 4,960,000 / 5,000,000 (99.2%)  elapsed 122.3m  ETA 00:00:59  fps 676
[ETA] step 4,970,000 / 5,000,000 (99.4%)  elapsed 122.5m  ETA 00:00:44  fps 676
[ETA] step 4,980,000 / 5,000,000 (99.6%)  elapsed 122.8m  ETA 00:00:29  fps 676
[ETA] step 4,990,000 / 5,000,000 (99.8%)  elapsed 123.2m  ETA 00:00:14  fps 675
[ETA] step 5,000,000 / 5,000,000 (100.0%)  elapsed 123.4m  ETA 00:00:00  fps 675

[3/3] Evaluating best SAC checkpoint (500 episodes)...

  ─────────────────────────────────────────────
  SAC pocket rate  : 37.8%
  Clear rate (all 3): 6.4%
  Random            : 8.1%
  Improvement       : +29.7pp
  Training time     : 123.4 min  (675 fps)
  Saved → logs/experiments/SAC_5000k_s1_multi3_ms3_sp0.1_tp1.0_aa_20260304_033739
  TensorBoard → tensorboard --logdir logs/tensorboard
  -> saved: logs/experiments/SAC_5000k_s1_multi3_ms3_sp0.1_tp1.0_aa_20260304_033739

--------------------------------------------------------
  [3/3]  SAC  seed=42
  05:41:16
--------------------------------------------------------

=======================================================
  billiards-rl — SAC  |  5,000,000 steps  |  seed 42  |  env multi3(ms=3)
  exp_dir : logs/experiments/SAC_5000k_s42_multi3_ms3_sp0.1_tp1.0_aa_20260304_054116
=======================================================

[1/3] Random agent baseline (500 episodes)...
      Random pocket rate: 10.5%  (avg 0.31/3 balls)

[2/3] Training SAC — 5,000,000 steps × 10 envs ...
/Users/yj/Documents/billiards-rl/.venv/lib/python3.13/site-packages/stable_baselines3/common/callbacks.py:418: UserWarning: Training and eval env are not of the same type<stable_baselines3.common.vec_env.subproc_vec_env.SubprocVecEnv object at 0x113b38b90> != <stable_baselines3.common.vec_env.dummy_vec_env.DummyVecEnv object at 0x12b4c1950>
  warnings.warn("Training and eval env are not of the same type" f"{self.training_env} != {self.eval_env}")
[ETA] step   10,000 / 5,000,000 (0.2%)  elapsed 0.2m  ETA 01:16:41  fps 1084
[ETA] step   20,000 / 5,000,000 (0.4%)  elapsed 0.3m  ETA 01:23:27  fps 994
[ETA] step   30,000 / 5,000,000 (0.6%)  elapsed 0.5m  ETA 01:25:06  fps 973
[ETA] step   40,000 / 5,000,000 (0.8%)  elapsed 0.7m  ETA 01:25:21  fps 968
[ETA] step   50,000 / 5,000,000 (1.0%)  elapsed 0.9m  ETA 01:24:55  fps 971
[ETA] step   60,000 / 5,000,000 (1.2%)  elapsed 1.0m  ETA 01:23:55  fps 981
[ETA] step   70,000 / 5,000,000 (1.4%)  elapsed 1.2m  ETA 01:22:37  fps 994
[ETA] step   80,000 / 5,000,000 (1.6%)  elapsed 1.3m  ETA 01:20:53  fps 1014
[ETA] step   90,000 / 5,000,000 (1.8%)  elapsed 1.4m  ETA 01:19:02  fps 1035
[ETA] step  100,000 / 5,000,000 (2.0%)  elapsed 1.6m  ETA 01:17:14  fps 1057
[ETA] step  110,000 / 5,000,000 (2.2%)  elapsed 1.7m  ETA 01:15:33  fps 1079
[ETA] step  120,000 / 5,000,000 (2.4%)  elapsed 1.8m  ETA 01:14:02  fps 1099
[ETA] step  130,000 / 5,000,000 (2.6%)  elapsed 1.9m  ETA 01:12:40  fps 1117
[ETA] step  140,000 / 5,000,000 (2.8%)  elapsed 2.1m  ETA 01:11:31  fps 1133
[ETA] step  150,000 / 5,000,000 (3.0%)  elapsed 2.2m  ETA 01:10:29  fps 1147
[ETA] step  160,000 / 5,000,000 (3.2%)  elapsed 2.3m  ETA 01:09:34  fps 1159
[ETA] step  170,000 / 5,000,000 (3.4%)  elapsed 2.4m  ETA 01:08:46  fps 1170
[ETA] step  180,000 / 5,000,000 (3.6%)  elapsed 2.5m  ETA 01:08:04  fps 1180
[ETA] step  190,000 / 5,000,000 (3.8%)  elapsed 2.7m  ETA 01:07:26  fps 1189
[ETA] step  200,000 / 5,000,000 (4.0%)  elapsed 2.8m  ETA 01:06:52  fps 1196
[ETA] step  210,000 / 5,000,000 (4.2%)  elapsed 2.9m  ETA 01:06:28  fps 1201
[ETA] step  220,000 / 5,000,000 (4.4%)  elapsed 3.0m  ETA 01:06:15  fps 1202
[ETA] step  230,000 / 5,000,000 (4.6%)  elapsed 3.2m  ETA 01:06:00  fps 1204
[ETA] step  240,000 / 5,000,000 (4.8%)  elapsed 3.3m  ETA 01:06:03  fps 1201
[ETA] step  250,000 / 5,000,000 (5.0%)  elapsed 3.5m  ETA 01:06:07  fps 1197
[ETA] step  260,000 / 5,000,000 (5.2%)  elapsed 3.6m  ETA 01:06:11  fps 1194
[ETA] step  270,000 / 5,000,000 (5.4%)  elapsed 3.8m  ETA 01:06:17  fps 1189
[ETA] step  280,000 / 5,000,000 (5.6%)  elapsed 3.9m  ETA 01:06:22  fps 1185
[ETA] step  290,000 / 5,000,000 (5.8%)  elapsed 4.1m  ETA 01:06:25  fps 1182
[ETA] step  300,000 / 5,000,000 (6.0%)  elapsed 4.2m  ETA 01:06:28  fps 1178
[ETA] step  310,000 / 5,000,000 (6.2%)  elapsed 4.4m  ETA 01:07:13  fps 1163
[ETA] step  320,000 / 5,000,000 (6.4%)  elapsed 4.7m  ETA 01:08:27  fps 1139
[ETA] step  330,000 / 5,000,000 (6.6%)  elapsed 5.0m  ETA 01:11:05  fps 1095
[ETA] step  340,000 / 5,000,000 (6.8%)  elapsed 5.2m  ETA 01:11:55  fps 1080
[ETA] step  350,000 / 5,000,000 (7.0%)  elapsed 5.5m  ETA 01:12:40  fps 1066
[ETA] step  360,000 / 5,000,000 (7.2%)  elapsed 5.8m  ETA 01:14:20  fps 1040
[ETA] step  370,000 / 5,000,000 (7.4%)  elapsed 6.0m  ETA 01:14:58  fps 1029
[ETA] step  380,000 / 5,000,000 (7.6%)  elapsed 6.2m  ETA 01:15:34  fps 1019
[ETA] step  390,000 / 5,000,000 (7.8%)  elapsed 6.5m  ETA 01:16:20  fps 1007
[ETA] step  400,000 / 5,000,000 (8.0%)  elapsed 6.7m  ETA 01:16:52  fps 997
[ETA] step  410,000 / 5,000,000 (8.2%)  elapsed 7.0m  ETA 01:18:34  fps 974
[ETA] step  420,000 / 5,000,000 (8.4%)  elapsed 7.2m  ETA 01:18:58  fps 966
[ETA] step  430,000 / 5,000,000 (8.6%)  elapsed 7.5m  ETA 01:19:22  fps 960
[ETA] step  440,000 / 5,000,000 (8.8%)  elapsed 7.7m  ETA 01:19:57  fps 951
[ETA] step  450,000 / 5,000,000 (9.0%)  elapsed 7.9m  ETA 01:20:16  fps 945
[ETA] step  460,000 / 5,000,000 (9.2%)  elapsed 8.2m  ETA 01:20:35  fps 939
[ETA] step  470,000 / 5,000,000 (9.4%)  elapsed 8.4m  ETA 01:21:09  fps 930
[ETA] step  480,000 / 5,000,000 (9.6%)  elapsed 8.6m  ETA 01:21:26  fps 925
[ETA] step  490,000 / 5,000,000 (9.8%)  elapsed 9.0m  ETA 01:22:23  fps 912
[ETA] step  500,000 / 5,000,000 (10.0%)  elapsed 9.2m  ETA 01:22:46  fps 906
[ETA] step  510,000 / 5,000,000 (10.2%)  elapsed 9.6m  ETA 01:24:22  fps 887
[ETA] step  520,000 / 5,000,000 (10.4%)  elapsed 9.9m  ETA 01:25:27  fps 874
[ETA] step  530,000 / 5,000,000 (10.6%)  elapsed 10.1m  ETA 01:25:33  fps 871
[ETA] step  540,000 / 5,000,000 (10.8%)  elapsed 10.5m  ETA 01:26:28  fps 860
[ETA] step  550,000 / 5,000,000 (11.0%)  elapsed 10.7m  ETA 01:26:44  fps 855
[ETA] step  560,000 / 5,000,000 (11.2%)  elapsed 10.9m  ETA 01:26:48  fps 853
[ETA] step  570,000 / 5,000,000 (11.4%)  elapsed 11.2m  ETA 01:26:52  fps 850
[ETA] step  580,000 / 5,000,000 (11.6%)  elapsed 11.5m  ETA 01:27:45  fps 839
[ETA] step  590,000 / 5,000,000 (11.8%)  elapsed 11.7m  ETA 01:27:48  fps 837
[ETA] step  600,000 / 5,000,000 (12.0%)  elapsed 12.0m  ETA 01:27:48  fps 835
[ETA] step  610,000 / 5,000,000 (12.2%)  elapsed 12.2m  ETA 01:27:49  fps 833
[ETA] step  620,000 / 5,000,000 (12.4%)  elapsed 12.4m  ETA 01:27:48  fps 831
[ETA] step  630,000 / 5,000,000 (12.6%)  elapsed 12.7m  ETA 01:27:51  fps 829
[ETA] step  640,000 / 5,000,000 (12.8%)  elapsed 12.9m  ETA 01:28:06  fps 825
[ETA] step  650,000 / 5,000,000 (13.0%)  elapsed 13.2m  ETA 01:28:31  fps 819
[ETA] step  660,000 / 5,000,000 (13.2%)  elapsed 13.5m  ETA 01:28:29  fps 817
[ETA] step  670,000 / 5,000,000 (13.4%)  elapsed 13.7m  ETA 01:28:27  fps 816
[ETA] step  680,000 / 5,000,000 (13.6%)  elapsed 14.0m  ETA 01:29:05  fps 808
[ETA] step  690,000 / 5,000,000 (13.8%)  elapsed 14.3m  ETA 01:29:02  fps 807
[ETA] step  700,000 / 5,000,000 (14.0%)  elapsed 14.5m  ETA 01:28:58  fps 805
[ETA] step  710,000 / 5,000,000 (14.2%)  elapsed 14.7m  ETA 01:28:54  fps 804
[ETA] step  720,000 / 5,000,000 (14.4%)  elapsed 14.9m  ETA 01:28:49  fps 803
[ETA] step  730,000 / 5,000,000 (14.6%)  elapsed 15.2m  ETA 01:28:44  fps 802
[ETA] step  740,000 / 5,000,000 (14.8%)  elapsed 15.4m  ETA 01:28:39  fps 801
[ETA] step  750,000 / 5,000,000 (15.0%)  elapsed 15.6m  ETA 01:28:34  fps 800
[ETA] step  760,000 / 5,000,000 (15.2%)  elapsed 15.9m  ETA 01:28:52  fps 795
[ETA] step  770,000 / 5,000,000 (15.4%)  elapsed 16.2m  ETA 01:28:46  fps 794
[ETA] step  780,000 / 5,000,000 (15.6%)  elapsed 16.4m  ETA 01:28:40  fps 793
[ETA] step  790,000 / 5,000,000 (15.8%)  elapsed 16.7m  ETA 01:28:53  fps 789
[ETA] step  800,000 / 5,000,000 (16.0%)  elapsed 16.9m  ETA 01:28:47  fps 788
[ETA] step  810,000 / 5,000,000 (16.2%)  elapsed 17.1m  ETA 01:28:41  fps 787
[ETA] step  820,000 / 5,000,000 (16.4%)  elapsed 17.4m  ETA 01:28:34  fps 787
[ETA] step  830,000 / 5,000,000 (16.6%)  elapsed 17.6m  ETA 01:28:26  fps 786
[ETA] step  840,000 / 5,000,000 (16.8%)  elapsed 17.8m  ETA 01:28:19  fps 785
[ETA] step  850,000 / 5,000,000 (17.0%)  elapsed 18.1m  ETA 01:28:11  fps 784
[ETA] step  860,000 / 5,000,000 (17.2%)  elapsed 18.3m  ETA 01:28:03  fps 784
[ETA] step  870,000 / 5,000,000 (17.4%)  elapsed 18.6m  ETA 01:28:20  fps 779
[ETA] step  880,000 / 5,000,000 (17.6%)  elapsed 18.8m  ETA 01:28:12  fps 779
[ETA] step  890,000 / 5,000,000 (17.8%)  elapsed 19.1m  ETA 01:28:03  fps 778
[ETA] step  900,000 / 5,000,000 (18.0%)  elapsed 19.3m  ETA 01:27:54  fps 777
[ETA] step  910,000 / 5,000,000 (18.2%)  elapsed 19.5m  ETA 01:27:46  fps 777
[ETA] step  920,000 / 5,000,000 (18.4%)  elapsed 19.8m  ETA 01:27:37  fps 776
[ETA] step  930,000 / 5,000,000 (18.6%)  elapsed 20.0m  ETA 01:27:28  fps 775
[ETA] step  940,000 / 5,000,000 (18.8%)  elapsed 20.2m  ETA 01:27:19  fps 775
[ETA] step  950,000 / 5,000,000 (19.0%)  elapsed 20.4m  ETA 01:27:10  fps 774
[ETA] step  960,000 / 5,000,000 (19.2%)  elapsed 20.7m  ETA 01:27:01  fps 774
[ETA] step  970,000 / 5,000,000 (19.4%)  elapsed 20.9m  ETA 01:26:51  fps 773
[ETA] step  980,000 / 5,000,000 (19.6%)  elapsed 21.1m  ETA 01:26:42  fps 773
[ETA] step  990,000 / 5,000,000 (19.8%)  elapsed 21.4m  ETA 01:26:34  fps 772
[ETA] step 1,000,000 / 5,000,000 (20.0%)  elapsed 21.6m  ETA 01:26:24  fps 771
[ETA] step 1,010,000 / 5,000,000 (20.2%)  elapsed 21.8m  ETA 01:26:15  fps 771
[ETA] step 1,020,000 / 5,000,000 (20.4%)  elapsed 22.1m  ETA 01:26:09  fps 770
[ETA] step 1,030,000 / 5,000,000 (20.6%)  elapsed 22.3m  ETA 01:25:59  fps 769
[ETA] step 1,040,000 / 5,000,000 (20.8%)  elapsed 22.5m  ETA 01:25:49  fps 769
[ETA] step 1,050,000 / 5,000,000 (21.0%)  elapsed 22.8m  ETA 01:25:39  fps 769
[ETA] step 1,060,000 / 5,000,000 (21.2%)  elapsed 23.2m  ETA 01:26:11  fps 762
[ETA] step 1,070,000 / 5,000,000 (21.4%)  elapsed 23.4m  ETA 01:26:00  fps 762
[ETA] step 1,080,000 / 5,000,000 (21.6%)  elapsed 23.6m  ETA 01:25:50  fps 761
[ETA] step 1,090,000 / 5,000,000 (21.8%)  elapsed 24.0m  ETA 01:25:55  fps 758
[ETA] step 1,100,000 / 5,000,000 (22.0%)  elapsed 24.2m  ETA 01:25:44  fps 758
[ETA] step 1,110,000 / 5,000,000 (22.2%)  elapsed 24.4m  ETA 01:25:33  fps 758
[ETA] step 1,120,000 / 5,000,000 (22.4%)  elapsed 24.6m  ETA 01:25:22  fps 758
[ETA] step 1,130,000 / 5,000,000 (22.6%)  elapsed 24.9m  ETA 01:25:11  fps 757
[ETA] step 1,140,000 / 5,000,000 (22.8%)  elapsed 25.1m  ETA 01:25:00  fps 757
[ETA] step 1,150,000 / 5,000,000 (23.0%)  elapsed 25.4m  ETA 01:25:01  fps 755
[ETA] step 1,160,000 / 5,000,000 (23.2%)  elapsed 25.6m  ETA 01:24:50  fps 754
[ETA] step 1,170,000 / 5,000,000 (23.4%)  elapsed 25.9m  ETA 01:24:39  fps 754
[ETA] step 1,180,000 / 5,000,000 (23.6%)  elapsed 26.1m  ETA 01:24:28  fps 754
[ETA] step 1,190,000 / 5,000,000 (23.8%)  elapsed 26.3m  ETA 01:24:20  fps 753
[ETA] step 1,200,000 / 5,000,000 (24.0%)  elapsed 26.7m  ETA 01:24:26  fps 750
[ETA] step 1,210,000 / 5,000,000 (24.2%)  elapsed 26.9m  ETA 01:24:14  fps 750
[ETA] step 1,220,000 / 5,000,000 (24.4%)  elapsed 27.1m  ETA 01:24:02  fps 750
[ETA] step 1,230,000 / 5,000,000 (24.6%)  elapsed 27.4m  ETA 01:23:50  fps 749
[ETA] step 1,240,000 / 5,000,000 (24.8%)  elapsed 27.6m  ETA 01:23:41  fps 749
[ETA] step 1,250,000 / 5,000,000 (25.0%)  elapsed 27.9m  ETA 01:23:40  fps 747
[ETA] step 1,260,000 / 5,000,000 (25.2%)  elapsed 28.1m  ETA 01:23:28  fps 747
[ETA] step 1,270,000 / 5,000,000 (25.4%)  elapsed 28.4m  ETA 01:23:16  fps 747
[ETA] step 1,280,000 / 5,000,000 (25.6%)  elapsed 28.6m  ETA 01:23:04  fps 746
[ETA] step 1,290,000 / 5,000,000 (25.8%)  elapsed 28.8m  ETA 01:22:52  fps 746
[ETA] step 1,300,000 / 5,000,000 (26.0%)  elapsed 29.0m  ETA 01:22:40  fps 746
[ETA] step 1,310,000 / 5,000,000 (26.2%)  elapsed 29.3m  ETA 01:22:29  fps 746
[ETA] step 1,320,000 / 5,000,000 (26.4%)  elapsed 29.5m  ETA 01:22:17  fps 745
[ETA] step 1,330,000 / 5,000,000 (26.6%)  elapsed 29.7m  ETA 01:22:05  fps 745
[ETA] step 1,340,000 / 5,000,000 (26.8%)  elapsed 30.0m  ETA 01:21:52  fps 745
[ETA] step 1,350,000 / 5,000,000 (27.0%)  elapsed 30.2m  ETA 01:21:40  fps 745
[ETA] step 1,360,000 / 5,000,000 (27.2%)  elapsed 30.4m  ETA 01:21:28  fps 745
[ETA] step 1,370,000 / 5,000,000 (27.4%)  elapsed 30.7m  ETA 01:21:16  fps 744
[ETA] step 1,380,000 / 5,000,000 (27.6%)  elapsed 30.9m  ETA 01:21:04  fps 744
[ETA] step 1,390,000 / 5,000,000 (27.8%)  elapsed 31.1m  ETA 01:20:52  fps 744
[ETA] step 1,400,000 / 5,000,000 (28.0%)  elapsed 31.4m  ETA 01:20:39  fps 744
[ETA] step 1,410,000 / 5,000,000 (28.2%)  elapsed 31.6m  ETA 01:20:31  fps 743
[ETA] step 1,420,000 / 5,000,000 (28.4%)  elapsed 32.0m  ETA 01:20:34  fps 741
[ETA] step 1,430,000 / 5,000,000 (28.6%)  elapsed 32.3m  ETA 01:20:34  fps 738
[ETA] step 1,440,000 / 5,000,000 (28.8%)  elapsed 32.5m  ETA 01:20:22  fps 738
[ETA] step 1,450,000 / 5,000,000 (29.0%)  elapsed 32.8m  ETA 01:20:10  fps 738
[ETA] step 1,460,000 / 5,000,000 (29.2%)  elapsed 33.0m  ETA 01:19:58  fps 738
[ETA] step 1,470,000 / 5,000,000 (29.4%)  elapsed 33.2m  ETA 01:19:45  fps 738
[ETA] step 1,480,000 / 5,000,000 (29.6%)  elapsed 33.5m  ETA 01:19:35  fps 737
[ETA] step 1,490,000 / 5,000,000 (29.8%)  elapsed 33.7m  ETA 01:19:22  fps 737
[ETA] step 1,500,000 / 5,000,000 (30.0%)  elapsed 33.9m  ETA 01:19:10  fps 737
[ETA] step 1,510,000 / 5,000,000 (30.2%)  elapsed 34.2m  ETA 01:18:57  fps 737
[ETA] step 1,520,000 / 5,000,000 (30.4%)  elapsed 34.4m  ETA 01:18:47  fps 736
[ETA] step 1,530,000 / 5,000,000 (30.6%)  elapsed 34.7m  ETA 01:18:35  fps 736
[ETA] step 1,540,000 / 5,000,000 (30.8%)  elapsed 34.9m  ETA 01:18:22  fps 736
[ETA] step 1,550,000 / 5,000,000 (31.0%)  elapsed 35.1m  ETA 01:18:14  fps 735
[ETA] step 1,560,000 / 5,000,000 (31.2%)  elapsed 35.4m  ETA 01:18:09  fps 734
[ETA] step 1,570,000 / 5,000,000 (31.4%)  elapsed 35.7m  ETA 01:18:04  fps 732
[ETA] step 1,580,000 / 5,000,000 (31.6%)  elapsed 36.0m  ETA 01:17:56  fps 731
[ETA] step 1,590,000 / 5,000,000 (31.8%)  elapsed 36.4m  ETA 01:18:06  fps 728
[ETA] step 1,600,000 / 5,000,000 (32.0%)  elapsed 36.7m  ETA 01:17:52  fps 728
[ETA] step 1,610,000 / 5,000,000 (32.2%)  elapsed 36.9m  ETA 01:17:39  fps 728
[ETA] step 1,620,000 / 5,000,000 (32.4%)  elapsed 37.1m  ETA 01:17:26  fps 727
[ETA] step 1,630,000 / 5,000,000 (32.6%)  elapsed 37.4m  ETA 01:17:17  fps 727
[ETA] step 1,640,000 / 5,000,000 (32.8%)  elapsed 37.6m  ETA 01:17:03  fps 727
[ETA] step 1,650,000 / 5,000,000 (33.0%)  elapsed 37.8m  ETA 01:16:50  fps 727
[ETA] step 1,660,000 / 5,000,000 (33.2%)  elapsed 38.2m  ETA 01:16:51  fps 724
[ETA] step 1,670,000 / 5,000,000 (33.4%)  elapsed 38.4m  ETA 01:16:37  fps 724
[ETA] step 1,680,000 / 5,000,000 (33.6%)  elapsed 38.7m  ETA 01:16:26  fps 724
[ETA] step 1,690,000 / 5,000,000 (33.8%)  elapsed 38.9m  ETA 01:16:12  fps 724
[ETA] step 1,700,000 / 5,000,000 (34.0%)  elapsed 39.1m  ETA 01:15:59  fps 724
[ETA] step 1,710,000 / 5,000,000 (34.2%)  elapsed 39.4m  ETA 01:15:45  fps 724
[ETA] step 1,720,000 / 5,000,000 (34.4%)  elapsed 39.6m  ETA 01:15:32  fps 724
[ETA] step 1,730,000 / 5,000,000 (34.6%)  elapsed 39.8m  ETA 01:15:18  fps 724
[ETA] step 1,740,000 / 5,000,000 (34.8%)  elapsed 40.1m  ETA 01:15:05  fps 724
[ETA] step 1,750,000 / 5,000,000 (35.0%)  elapsed 40.3m  ETA 01:14:51  fps 724
[ETA] step 1,760,000 / 5,000,000 (35.2%)  elapsed 40.5m  ETA 01:14:38  fps 724
[ETA] step 1,770,000 / 5,000,000 (35.4%)  elapsed 40.8m  ETA 01:14:31  fps 722
[ETA] step 1,780,000 / 5,000,000 (35.6%)  elapsed 41.1m  ETA 01:14:17  fps 722
[ETA] step 1,790,000 / 5,000,000 (35.8%)  elapsed 41.3m  ETA 01:14:03  fps 722
[ETA] step 1,800,000 / 5,000,000 (36.0%)  elapsed 41.5m  ETA 01:13:50  fps 722
[ETA] step 1,810,000 / 5,000,000 (36.2%)  elapsed 41.8m  ETA 01:13:36  fps 722
[ETA] step 1,820,000 / 5,000,000 (36.4%)  elapsed 42.0m  ETA 01:13:22  fps 722
[ETA] step 1,830,000 / 5,000,000 (36.6%)  elapsed 42.2m  ETA 01:13:09  fps 722
[ETA] step 1,840,000 / 5,000,000 (36.8%)  elapsed 42.5m  ETA 01:12:55  fps 722
[ETA] step 1,850,000 / 5,000,000 (37.0%)  elapsed 42.7m  ETA 01:12:43  fps 722
[ETA] step 1,860,000 / 5,000,000 (37.2%)  elapsed 42.9m  ETA 01:12:29  fps 722
[ETA] step 1,870,000 / 5,000,000 (37.4%)  elapsed 43.2m  ETA 01:12:16  fps 722
[ETA] step 1,880,000 / 5,000,000 (37.6%)  elapsed 43.4m  ETA 01:12:02  fps 722
[ETA] step 1,890,000 / 5,000,000 (37.8%)  elapsed 43.6m  ETA 01:11:48  fps 722
[ETA] step 1,900,000 / 5,000,000 (38.0%)  elapsed 43.9m  ETA 01:11:36  fps 721
[ETA] step 1,910,000 / 5,000,000 (38.2%)  elapsed 44.1m  ETA 01:11:23  fps 721
[ETA] step 1,920,000 / 5,000,000 (38.4%)  elapsed 44.4m  ETA 01:11:09  fps 721
[ETA] step 1,930,000 / 5,000,000 (38.6%)  elapsed 44.6m  ETA 01:10:55  fps 721
[ETA] step 1,940,000 / 5,000,000 (38.8%)  elapsed 44.9m  ETA 01:10:49  fps 720
[ETA] step 1,950,000 / 5,000,000 (39.0%)  elapsed 45.2m  ETA 01:10:38  fps 720
[ETA] step 1,960,000 / 5,000,000 (39.2%)  elapsed 45.4m  ETA 01:10:24  fps 720
[ETA] step 1,970,000 / 5,000,000 (39.4%)  elapsed 45.6m  ETA 01:10:10  fps 720
[ETA] step 1,980,000 / 5,000,000 (39.6%)  elapsed 45.9m  ETA 01:09:57  fps 720
[ETA] step 1,990,000 / 5,000,000 (39.8%)  elapsed 46.1m  ETA 01:09:43  fps 720
[ETA] step 2,000,000 / 5,000,000 (40.0%)  elapsed 46.3m  ETA 01:09:29  fps 720
[ETA] step 2,010,000 / 5,000,000 (40.2%)  elapsed 46.6m  ETA 01:09:15  fps 719
[ETA] step 2,020,000 / 5,000,000 (40.4%)  elapsed 46.9m  ETA 01:09:09  fps 718
[ETA] step 2,030,000 / 5,000,000 (40.6%)  elapsed 47.1m  ETA 01:08:55  fps 718
[ETA] step 2,040,000 / 5,000,000 (40.8%)  elapsed 47.3m  ETA 01:08:41  fps 718
[ETA] step 2,050,000 / 5,000,000 (41.0%)  elapsed 47.6m  ETA 01:08:27  fps 718
[ETA] step 2,060,000 / 5,000,000 (41.2%)  elapsed 47.8m  ETA 01:08:13  fps 718
[ETA] step 2,070,000 / 5,000,000 (41.4%)  elapsed 48.0m  ETA 01:08:00  fps 718
[ETA] step 2,080,000 / 5,000,000 (41.6%)  elapsed 48.3m  ETA 01:07:46  fps 718
[ETA] step 2,090,000 / 5,000,000 (41.8%)  elapsed 48.6m  ETA 01:07:42  fps 716
[ETA] step 2,100,000 / 5,000,000 (42.0%)  elapsed 48.9m  ETA 01:07:30  fps 716
[ETA] step 2,110,000 / 5,000,000 (42.2%)  elapsed 49.1m  ETA 01:07:16  fps 716
[ETA] step 2,120,000 / 5,000,000 (42.4%)  elapsed 49.4m  ETA 01:07:02  fps 716
[ETA] step 2,130,000 / 5,000,000 (42.6%)  elapsed 49.6m  ETA 01:06:48  fps 716
[ETA] step 2,140,000 / 5,000,000 (42.8%)  elapsed 49.8m  ETA 01:06:34  fps 716
[ETA] step 2,150,000 / 5,000,000 (43.0%)  elapsed 50.1m  ETA 01:06:20  fps 716
[ETA] step 2,160,000 / 5,000,000 (43.2%)  elapsed 50.3m  ETA 01:06:06  fps 716
[ETA] step 2,170,000 / 5,000,000 (43.4%)  elapsed 50.6m  ETA 01:05:59  fps 715
[ETA] step 2,180,000 / 5,000,000 (43.6%)  elapsed 50.8m  ETA 01:05:45  fps 715
[ETA] step 2,190,000 / 5,000,000 (43.8%)  elapsed 51.1m  ETA 01:05:31  fps 715
[ETA] step 2,200,000 / 5,000,000 (44.0%)  elapsed 51.3m  ETA 01:05:17  fps 715
[ETA] step 2,210,000 / 5,000,000 (44.2%)  elapsed 51.5m  ETA 01:05:03  fps 715
[ETA] step 2,220,000 / 5,000,000 (44.4%)  elapsed 51.8m  ETA 01:04:49  fps 715
[ETA] step 2,230,000 / 5,000,000 (44.6%)  elapsed 52.0m  ETA 01:04:35  fps 715
[ETA] step 2,240,000 / 5,000,000 (44.8%)  elapsed 52.2m  ETA 01:04:21  fps 715
[ETA] step 2,250,000 / 5,000,000 (45.0%)  elapsed 52.5m  ETA 01:04:07  fps 715
[ETA] step 2,260,000 / 5,000,000 (45.2%)  elapsed 52.8m  ETA 01:04:02  fps 713
[ETA] step 2,270,000 / 5,000,000 (45.4%)  elapsed 53.1m  ETA 01:03:48  fps 713
[ETA] step 2,280,000 / 5,000,000 (45.6%)  elapsed 53.3m  ETA 01:03:33  fps 713
[ETA] step 2,290,000 / 5,000,000 (45.8%)  elapsed 53.7m  ETA 01:03:30  fps 711
[ETA] step 2,300,000 / 5,000,000 (46.0%)  elapsed 53.9m  ETA 01:03:16  fps 711
[ETA] step 2,310,000 / 5,000,000 (46.2%)  elapsed 54.1m  ETA 01:03:02  fps 711
[ETA] step 2,320,000 / 5,000,000 (46.4%)  elapsed 54.4m  ETA 01:02:48  fps 711
[ETA] step 2,330,000 / 5,000,000 (46.6%)  elapsed 54.6m  ETA 01:02:35  fps 711
[ETA] step 2,340,000 / 5,000,000 (46.8%)  elapsed 54.8m  ETA 01:02:20  fps 711
[ETA] step 2,350,000 / 5,000,000 (47.0%)  elapsed 55.1m  ETA 01:02:06  fps 711
[ETA] step 2,360,000 / 5,000,000 (47.2%)  elapsed 55.3m  ETA 01:01:52  fps 711
[ETA] step 2,370,000 / 5,000,000 (47.4%)  elapsed 55.5m  ETA 01:01:38  fps 711
[ETA] step 2,380,000 / 5,000,000 (47.6%)  elapsed 55.8m  ETA 01:01:24  fps 711
[ETA] step 2,390,000 / 5,000,000 (47.8%)  elapsed 56.0m  ETA 01:01:09  fps 711
[ETA] step 2,400,000 / 5,000,000 (48.0%)  elapsed 56.2m  ETA 01:00:55  fps 711
[ETA] step 2,410,000 / 5,000,000 (48.2%)  elapsed 56.5m  ETA 01:00:41  fps 711
[ETA] step 2,420,000 / 5,000,000 (48.4%)  elapsed 56.7m  ETA 01:00:27  fps 711
[ETA] step 2,430,000 / 5,000,000 (48.6%)  elapsed 56.9m  ETA 01:00:13  fps 711
[ETA] step 2,440,000 / 5,000,000 (48.8%)  elapsed 57.2m  ETA 01:00:00  fps 711
[ETA] step 2,450,000 / 5,000,000 (49.0%)  elapsed 57.5m  ETA 00:59:48  fps 711
[ETA] step 2,460,000 / 5,000,000 (49.2%)  elapsed 57.7m  ETA 00:59:34  fps 711
[ETA] step 2,470,000 / 5,000,000 (49.4%)  elapsed 57.9m  ETA 00:59:20  fps 711
[ETA] step 2,480,000 / 5,000,000 (49.6%)  elapsed 58.2m  ETA 00:59:06  fps 711
[ETA] step 2,490,000 / 5,000,000 (49.8%)  elapsed 58.6m  ETA 00:59:02  fps 709
[ETA] step 2,500,000 / 5,000,000 (50.0%)  elapsed 58.8m  ETA 00:58:48  fps 709
[ETA] step 2,510,000 / 5,000,000 (50.2%)  elapsed 59.0m  ETA 00:58:33  fps 709
[ETA] step 2,520,000 / 5,000,000 (50.4%)  elapsed 59.3m  ETA 00:58:19  fps 709
[ETA] step 2,530,000 / 5,000,000 (50.6%)  elapsed 59.5m  ETA 00:58:05  fps 709
[ETA] step 2,540,000 / 5,000,000 (50.8%)  elapsed 59.9m  ETA 00:58:00  fps 707
[ETA] step 2,550,000 / 5,000,000 (51.0%)  elapsed 60.3m  ETA 00:57:54  fps 705
[ETA] step 2,560,000 / 5,000,000 (51.2%)  elapsed 60.5m  ETA 00:57:40  fps 705
[ETA] step 2,570,000 / 5,000,000 (51.4%)  elapsed 60.7m  ETA 00:57:26  fps 705
[ETA] step 2,580,000 / 5,000,000 (51.6%)  elapsed 61.0m  ETA 00:57:11  fps 705
[ETA] step 2,590,000 / 5,000,000 (51.8%)  elapsed 61.2m  ETA 00:56:57  fps 705
[ETA] step 2,600,000 / 5,000,000 (52.0%)  elapsed 61.5m  ETA 00:56:43  fps 705
[ETA] step 2,610,000 / 5,000,000 (52.2%)  elapsed 61.7m  ETA 00:56:29  fps 705
[ETA] step 2,620,000 / 5,000,000 (52.4%)  elapsed 61.9m  ETA 00:56:14  fps 705
[ETA] step 2,630,000 / 5,000,000 (52.6%)  elapsed 62.2m  ETA 00:56:00  fps 705
[ETA] step 2,640,000 / 5,000,000 (52.8%)  elapsed 62.4m  ETA 00:55:46  fps 705
[ETA] step 2,650,000 / 5,000,000 (53.0%)  elapsed 62.6m  ETA 00:55:32  fps 705
[ETA] step 2,660,000 / 5,000,000 (53.2%)  elapsed 62.9m  ETA 00:55:18  fps 705
[ETA] step 2,670,000 / 5,000,000 (53.4%)  elapsed 63.1m  ETA 00:55:04  fps 705
[ETA] step 2,680,000 / 5,000,000 (53.6%)  elapsed 63.3m  ETA 00:54:49  fps 705
[ETA] step 2,690,000 / 5,000,000 (53.8%)  elapsed 63.6m  ETA 00:54:35  fps 705
[ETA] step 2,700,000 / 5,000,000 (54.0%)  elapsed 63.8m  ETA 00:54:21  fps 705
[ETA] step 2,710,000 / 5,000,000 (54.2%)  elapsed 64.0m  ETA 00:54:07  fps 705
[ETA] step 2,720,000 / 5,000,000 (54.4%)  elapsed 64.3m  ETA 00:53:52  fps 705
[ETA] step 2,730,000 / 5,000,000 (54.6%)  elapsed 64.5m  ETA 00:53:38  fps 705
[ETA] step 2,740,000 / 5,000,000 (54.8%)  elapsed 64.7m  ETA 00:53:24  fps 705
[ETA] step 2,750,000 / 5,000,000 (55.0%)  elapsed 65.0m  ETA 00:53:09  fps 705
[ETA] step 2,760,000 / 5,000,000 (55.2%)  elapsed 65.2m  ETA 00:52:55  fps 705
[ETA] step 2,770,000 / 5,000,000 (55.4%)  elapsed 65.5m  ETA 00:52:42  fps 705
[ETA] step 2,780,000 / 5,000,000 (55.6%)  elapsed 65.7m  ETA 00:52:28  fps 705
[ETA] step 2,790,000 / 5,000,000 (55.8%)  elapsed 65.9m  ETA 00:52:13  fps 705
[ETA] step 2,800,000 / 5,000,000 (56.0%)  elapsed 66.2m  ETA 00:51:59  fps 705
[ETA] step 2,810,000 / 5,000,000 (56.2%)  elapsed 66.5m  ETA 00:51:50  fps 704
[ETA] step 2,820,000 / 5,000,000 (56.4%)  elapsed 66.7m  ETA 00:51:35  fps 704
[ETA] step 2,830,000 / 5,000,000 (56.6%)  elapsed 67.0m  ETA 00:51:24  fps 703
[ETA] step 2,840,000 / 5,000,000 (56.8%)  elapsed 67.3m  ETA 00:51:10  fps 704
[ETA] step 2,850,000 / 5,000,000 (57.0%)  elapsed 67.5m  ETA 00:50:57  fps 703
[ETA] step 2,860,000 / 5,000,000 (57.2%)  elapsed 67.8m  ETA 00:50:43  fps 703
[ETA] step 2,870,000 / 5,000,000 (57.4%)  elapsed 68.0m  ETA 00:50:28  fps 703
[ETA] step 2,880,000 / 5,000,000 (57.6%)  elapsed 68.3m  ETA 00:50:15  fps 703
[ETA] step 2,890,000 / 5,000,000 (57.8%)  elapsed 68.5m  ETA 00:50:01  fps 703
[ETA] step 2,900,000 / 5,000,000 (58.0%)  elapsed 68.8m  ETA 00:49:47  fps 703
[ETA] step 2,910,000 / 5,000,000 (58.2%)  elapsed 69.0m  ETA 00:49:32  fps 703
[ETA] step 2,920,000 / 5,000,000 (58.4%)  elapsed 69.2m  ETA 00:49:18  fps 703
[ETA] step 2,930,000 / 5,000,000 (58.6%)  elapsed 69.5m  ETA 00:49:04  fps 703
[ETA] step 2,940,000 / 5,000,000 (58.8%)  elapsed 69.7m  ETA 00:48:49  fps 703
[ETA] step 2,950,000 / 5,000,000 (59.0%)  elapsed 69.9m  ETA 00:48:36  fps 703
[ETA] step 2,960,000 / 5,000,000 (59.2%)  elapsed 70.2m  ETA 00:48:21  fps 703
[ETA] step 2,970,000 / 5,000,000 (59.4%)  elapsed 70.4m  ETA 00:48:07  fps 703
[ETA] step 2,980,000 / 5,000,000 (59.6%)  elapsed 70.7m  ETA 00:47:53  fps 703
[ETA] step 2,990,000 / 5,000,000 (59.8%)  elapsed 70.9m  ETA 00:47:39  fps 703
[ETA] step 3,000,000 / 5,000,000 (60.0%)  elapsed 71.1m  ETA 00:47:25  fps 703
[ETA] step 3,010,000 / 5,000,000 (60.2%)  elapsed 71.4m  ETA 00:47:10  fps 703
[ETA] step 3,020,000 / 5,000,000 (60.4%)  elapsed 71.6m  ETA 00:46:57  fps 703
[ETA] step 3,030,000 / 5,000,000 (60.6%)  elapsed 71.8m  ETA 00:46:42  fps 703
[ETA] step 3,040,000 / 5,000,000 (60.8%)  elapsed 72.1m  ETA 00:46:28  fps 703
[ETA] step 3,050,000 / 5,000,000 (61.0%)  elapsed 72.3m  ETA 00:46:14  fps 703
[ETA] step 3,060,000 / 5,000,000 (61.2%)  elapsed 72.6m  ETA 00:46:00  fps 703
[ETA] step 3,070,000 / 5,000,000 (61.4%)  elapsed 72.8m  ETA 00:45:46  fps 703
[ETA] step 3,080,000 / 5,000,000 (61.6%)  elapsed 73.1m  ETA 00:45:32  fps 703
[ETA] step 3,090,000 / 5,000,000 (61.8%)  elapsed 73.3m  ETA 00:45:18  fps 702
[ETA] step 3,100,000 / 5,000,000 (62.0%)  elapsed 73.6m  ETA 00:45:05  fps 702
[ETA] step 3,110,000 / 5,000,000 (62.2%)  elapsed 73.8m  ETA 00:44:50  fps 702
[ETA] step 3,120,000 / 5,000,000 (62.4%)  elapsed 74.0m  ETA 00:44:36  fps 702
[ETA] step 3,130,000 / 5,000,000 (62.6%)  elapsed 74.3m  ETA 00:44:22  fps 702
[ETA] step 3,140,000 / 5,000,000 (62.8%)  elapsed 74.5m  ETA 00:44:07  fps 702
[ETA] step 3,150,000 / 5,000,000 (63.0%)  elapsed 74.7m  ETA 00:43:53  fps 703
[ETA] step 3,160,000 / 5,000,000 (63.2%)  elapsed 75.0m  ETA 00:43:38  fps 703
[ETA] step 3,170,000 / 5,000,000 (63.4%)  elapsed 75.2m  ETA 00:43:25  fps 702
[ETA] step 3,180,000 / 5,000,000 (63.6%)  elapsed 75.5m  ETA 00:43:11  fps 702
[ETA] step 3,190,000 / 5,000,000 (63.8%)  elapsed 75.7m  ETA 00:42:57  fps 702
[ETA] step 3,200,000 / 5,000,000 (64.0%)  elapsed 75.9m  ETA 00:42:43  fps 702
[ETA] step 3,210,000 / 5,000,000 (64.2%)  elapsed 76.2m  ETA 00:42:30  fps 702
[ETA] step 3,220,000 / 5,000,000 (64.4%)  elapsed 76.5m  ETA 00:42:15  fps 702
[ETA] step 3,230,000 / 5,000,000 (64.6%)  elapsed 76.7m  ETA 00:42:03  fps 702
[ETA] step 3,240,000 / 5,000,000 (64.8%)  elapsed 77.0m  ETA 00:41:50  fps 701
[ETA] step 3,250,000 / 5,000,000 (65.0%)  elapsed 77.2m  ETA 00:41:35  fps 701
[ETA] step 3,260,000 / 5,000,000 (65.2%)  elapsed 77.6m  ETA 00:41:26  fps 700
[ETA] step 3,270,000 / 5,000,000 (65.4%)  elapsed 77.9m  ETA 00:41:11  fps 700
[ETA] step 3,280,000 / 5,000,000 (65.6%)  elapsed 78.1m  ETA 00:40:57  fps 700
[ETA] step 3,290,000 / 5,000,000 (65.8%)  elapsed 78.4m  ETA 00:40:45  fps 699
[ETA] step 3,300,000 / 5,000,000 (66.0%)  elapsed 78.6m  ETA 00:40:30  fps 699
[ETA] step 3,310,000 / 5,000,000 (66.2%)  elapsed 78.9m  ETA 00:40:16  fps 699
[ETA] step 3,320,000 / 5,000,000 (66.4%)  elapsed 79.1m  ETA 00:40:03  fps 699
[ETA] step 3,330,000 / 5,000,000 (66.6%)  elapsed 79.4m  ETA 00:39:48  fps 699
[ETA] step 3,340,000 / 5,000,000 (66.8%)  elapsed 79.6m  ETA 00:39:34  fps 699
[ETA] step 3,350,000 / 5,000,000 (67.0%)  elapsed 79.8m  ETA 00:39:19  fps 699
[ETA] step 3,360,000 / 5,000,000 (67.2%)  elapsed 80.1m  ETA 00:39:05  fps 699
[ETA] step 3,370,000 / 5,000,000 (67.4%)  elapsed 80.3m  ETA 00:38:50  fps 699
[ETA] step 3,380,000 / 5,000,000 (67.6%)  elapsed 80.6m  ETA 00:38:36  fps 699
[ETA] step 3,390,000 / 5,000,000 (67.8%)  elapsed 80.8m  ETA 00:38:22  fps 699
[ETA] step 3,400,000 / 5,000,000 (68.0%)  elapsed 81.0m  ETA 00:38:07  fps 699
[ETA] step 3,410,000 / 5,000,000 (68.2%)  elapsed 81.3m  ETA 00:37:53  fps 699
[ETA] step 3,420,000 / 5,000,000 (68.4%)  elapsed 81.5m  ETA 00:37:39  fps 699
  ERROR in SAC seed=42: 

========================================================
  All 3 seeds complete.
  Finished: 2026-03-04 09:53:16
========================================================
