
=======================================================
  billiards-rl — SAC  |  1,000,000 steps  |  seed 42  |  env multi3(ms=3)
  exp_dir : logs/experiments/SAC_1000k_s42_multi3_ms3_sp0.1_tp1.0_pp_20260302_105910
=======================================================

[1/3] Random agent baseline (500 episodes)...
      Random pocket rate: 8.7%  (avg 0.26/3 balls)

[2/3] Training SAC — 1,000,000 steps × 10 envs ...
/Users/yj/Documents/billiards-rl/.venv/lib/python3.13/site-packages/stable_baselines3/common/callbacks.py:418: UserWarning: Training and eval env are not of the same type<stable_baselines3.common.vec_env.subproc_vec_env.SubprocVecEnv object at 0x117742270> != <stable_baselines3.common.vec_env.dummy_vec_env.DummyVecEnv object at 0x118ef63c0>
  warnings.warn("Training and eval env are not of the same type" f"{self.training_env} != {self.eval_env}")
[ETA] step   10,000 / 1,000,000 (1.0%)  elapsed 0.3m  ETA 00:32:45  fps 504
[ETA] step   20,000 / 1,000,000 (2.0%)  elapsed 0.7m  ETA 00:32:38  fps 500
[ETA] step   30,000 / 1,000,000 (3.0%)  elapsed 1.0m  ETA 00:32:06  fps 504
[ETA] step   40,000 / 1,000,000 (4.0%)  elapsed 1.3m  ETA 00:31:31  fps 508
[ETA] step   50,000 / 1,000,000 (5.0%)  elapsed 1.6m  ETA 00:30:57  fps 512
[ETA] step   60,000 / 1,000,000 (6.0%)  elapsed 1.9m  ETA 00:30:19  fps 517
[ETA] step   70,000 / 1,000,000 (7.0%)  elapsed 2.2m  ETA 00:29:42  fps 522
[ETA] step   80,000 / 1,000,000 (8.0%)  elapsed 2.5m  ETA 00:29:14  fps 524
[ETA] step   90,000 / 1,000,000 (9.0%)  elapsed 2.8m  ETA 00:28:35  fps 531
[ETA] step  100,000 / 1,000,000 (10.0%)  elapsed 3.1m  ETA 00:28:10  fps 533
[ETA] step  110,000 / 1,000,000 (11.0%)  elapsed 3.5m  ETA 00:28:16  fps 525
[ETA] step  120,000 / 1,000,000 (12.0%)  elapsed 3.9m  ETA 00:28:42  fps 511
[ETA] step  130,000 / 1,000,000 (13.0%)  elapsed 4.4m  ETA 00:29:21  fps 494
[ETA] step  140,000 / 1,000,000 (14.0%)  elapsed 4.8m  ETA 00:29:28  fps 486
[ETA] step  150,000 / 1,000,000 (15.0%)  elapsed 5.1m  ETA 00:28:59  fps 489
[ETA] step  160,000 / 1,000,000 (16.0%)  elapsed 5.5m  ETA 00:28:50  fps 486
[ETA] step  170,000 / 1,000,000 (17.0%)  elapsed 6.0m  ETA 00:29:19  fps 472
[ETA] step  180,000 / 1,000,000 (18.0%)  elapsed 6.5m  ETA 00:29:43  fps 460
[ETA] step  190,000 / 1,000,000 (19.0%)  elapsed 6.9m  ETA 00:29:26  fps 459
[ETA] step  200,000 / 1,000,000 (20.0%)  elapsed 7.4m  ETA 00:29:25  fps 453
[ETA] step  210,000 / 1,000,000 (21.0%)  elapsed 7.8m  ETA 00:29:12  fps 451
[ETA] step  220,000 / 1,000,000 (22.0%)  elapsed 8.2m  ETA 00:29:01  fps 448
[ETA] step  230,000 / 1,000,000 (23.0%)  elapsed 8.6m  ETA 00:28:50  fps 445
[ETA] step  240,000 / 1,000,000 (24.0%)  elapsed 9.1m  ETA 00:28:39  fps 442
[ETA] step  250,000 / 1,000,000 (25.0%)  elapsed 9.6m  ETA 00:28:47  fps 434
[ETA] step  260,000 / 1,000,000 (26.0%)  elapsed 10.0m  ETA 00:28:26  fps 434
[ETA] step  270,000 / 1,000,000 (27.0%)  elapsed 10.4m  ETA 00:28:10  fps 432
[ETA] step  280,000 / 1,000,000 (28.0%)  elapsed 10.9m  ETA 00:27:54  fps 430
[ETA] step  290,000 / 1,000,000 (29.0%)  elapsed 11.3m  ETA 00:27:39  fps 428
[ETA] step  300,000 / 1,000,000 (30.0%)  elapsed 11.7m  ETA 00:27:17  fps 428
[ETA] step  310,000 / 1,000,000 (31.0%)  elapsed 12.1m  ETA 00:27:00  fps 426
[ETA] step  320,000 / 1,000,000 (32.0%)  elapsed 12.6m  ETA 00:26:42  fps 424
[ETA] step  330,000 / 1,000,000 (33.0%)  elapsed 13.0m  ETA 00:26:26  fps 422
[ETA] step  340,000 / 1,000,000 (34.0%)  elapsed 13.5m  ETA 00:26:11  fps 420
[ETA] step  350,000 / 1,000,000 (35.0%)  elapsed 14.0m  ETA 00:25:59  fps 417
[ETA] step  360,000 / 1,000,000 (36.0%)  elapsed 14.4m  ETA 00:25:39  fps 416
[ETA] step  370,000 / 1,000,000 (37.0%)  elapsed 14.9m  ETA 00:25:18  fps 415
[ETA] step  380,000 / 1,000,000 (38.0%)  elapsed 15.3m  ETA 00:24:58  fps 414
[ETA] step  390,000 / 1,000,000 (39.0%)  elapsed 15.8m  ETA 00:24:43  fps 411
[ETA] step  400,000 / 1,000,000 (40.0%)  elapsed 16.2m  ETA 00:24:21  fps 411
[ETA] step  410,000 / 1,000,000 (41.0%)  elapsed 16.7m  ETA 00:23:58  fps 410
[ETA] step  420,000 / 1,000,000 (42.0%)  elapsed 17.1m  ETA 00:23:38  fps 409
[ETA] step  430,000 / 1,000,000 (43.0%)  elapsed 17.6m  ETA 00:23:16  fps 408
[ETA] step  440,000 / 1,000,000 (44.0%)  elapsed 18.1m  ETA 00:22:58  fps 406
[ETA] step  450,000 / 1,000,000 (45.0%)  elapsed 18.6m  ETA 00:22:44  fps 403
[ETA] step  460,000 / 1,000,000 (46.0%)  elapsed 19.2m  ETA 00:22:31  fps 400
[ETA] step  470,000 / 1,000,000 (47.0%)  elapsed 19.7m  ETA 00:22:15  fps 397
[ETA] step  480,000 / 1,000,000 (48.0%)  elapsed 20.2m  ETA 00:21:52  fps 396
[ETA] step  490,000 / 1,000,000 (49.0%)  elapsed 20.6m  ETA 00:21:27  fps 396
[ETA] step  500,000 / 1,000,000 (50.0%)  elapsed 21.1m  ETA 00:21:08  fps 394
[ETA] step  510,000 / 1,000,000 (51.0%)  elapsed 21.6m  ETA 00:20:43  fps 394
[ETA] step  520,000 / 1,000,000 (52.0%)  elapsed 22.0m  ETA 00:20:18  fps 394
[ETA] step  530,000 / 1,000,000 (53.0%)  elapsed 22.5m  ETA 00:19:54  fps 393
[ETA] step  540,000 / 1,000,000 (54.0%)  elapsed 22.9m  ETA 00:19:31  fps 393
[ETA] step  550,000 / 1,000,000 (55.0%)  elapsed 23.4m  ETA 00:19:06  fps 392
[ETA] step  560,000 / 1,000,000 (56.0%)  elapsed 23.8m  ETA 00:18:43  fps 392
[ETA] step  570,000 / 1,000,000 (57.0%)  elapsed 24.3m  ETA 00:18:19  fps 391
[ETA] step  580,000 / 1,000,000 (58.0%)  elapsed 24.7m  ETA 00:17:54  fps 391
[ETA] step  590,000 / 1,000,000 (59.0%)  elapsed 25.2m  ETA 00:17:29  fps 391
[ETA] step  600,000 / 1,000,000 (60.0%)  elapsed 25.7m  ETA 00:17:07  fps 389
[ETA] step  610,000 / 1,000,000 (61.0%)  elapsed 26.1m  ETA 00:16:42  fps 389
[ETA] step  620,000 / 1,000,000 (62.0%)  elapsed 26.6m  ETA 00:16:17  fps 389
[ETA] step  630,000 / 1,000,000 (63.0%)  elapsed 27.0m  ETA 00:15:52  fps 389
[ETA] step  640,000 / 1,000,000 (64.0%)  elapsed 27.7m  ETA 00:15:33  fps 386
[ETA] step  650,000 / 1,000,000 (65.0%)  elapsed 28.1m  ETA 00:15:08  fps 385
[ETA] step  660,000 / 1,000,000 (66.0%)  elapsed 28.6m  ETA 00:14:43  fps 385
[ETA] step  670,000 / 1,000,000 (67.0%)  elapsed 29.1m  ETA 00:14:18  fps 384
[ETA] step  680,000 / 1,000,000 (68.0%)  elapsed 29.5m  ETA 00:13:52  fps 384
[ETA] step  690,000 / 1,000,000 (69.0%)  elapsed 29.9m  ETA 00:13:26  fps 384
[ETA] step  700,000 / 1,000,000 (70.0%)  elapsed 30.6m  ETA 00:13:06  fps 381
[ETA] step  710,000 / 1,000,000 (71.0%)  elapsed 31.1m  ETA 00:12:41  fps 381
[ETA] step  720,000 / 1,000,000 (72.0%)  elapsed 31.6m  ETA 00:12:17  fps 380
[ETA] step  730,000 / 1,000,000 (73.0%)  elapsed 32.0m  ETA 00:11:50  fps 380
[ETA] step  740,000 / 1,000,000 (74.0%)  elapsed 32.5m  ETA 00:11:24  fps 380
[ETA] step  750,000 / 1,000,000 (75.0%)  elapsed 32.9m  ETA 00:10:58  fps 380
[ETA] step  760,000 / 1,000,000 (76.0%)  elapsed 33.4m  ETA 00:10:32  fps 380
[ETA] step  770,000 / 1,000,000 (77.0%)  elapsed 33.8m  ETA 00:10:05  fps 380
[ETA] step  780,000 / 1,000,000 (78.0%)  elapsed 34.2m  ETA 00:09:38  fps 380
[ETA] step  790,000 / 1,000,000 (79.0%)  elapsed 34.6m  ETA 00:09:11  fps 381
[ETA] step  800,000 / 1,000,000 (80.0%)  elapsed 35.0m  ETA 00:08:45  fps 381
[ETA] step  810,000 / 1,000,000 (81.0%)  elapsed 35.5m  ETA 00:08:19  fps 381
[ETA] step  820,000 / 1,000,000 (82.0%)  elapsed 36.0m  ETA 00:07:54  fps 379
[ETA] step  830,000 / 1,000,000 (83.0%)  elapsed 36.5m  ETA 00:07:28  fps 379
[ETA] step  840,000 / 1,000,000 (84.0%)  elapsed 36.9m  ETA 00:07:01  fps 379
[ETA] step  850,000 / 1,000,000 (85.0%)  elapsed 37.4m  ETA 00:06:36  fps 379
[ETA] step  860,000 / 1,000,000 (86.0%)  elapsed 37.8m  ETA 00:06:09  fps 379
[ETA] step  870,000 / 1,000,000 (87.0%)  elapsed 38.3m  ETA 00:05:43  fps 379
[ETA] step  880,000 / 1,000,000 (88.0%)  elapsed 38.7m  ETA 00:05:16  fps 379
[ETA] step  890,000 / 1,000,000 (89.0%)  elapsed 39.2m  ETA 00:04:50  fps 379
[ETA] step  900,000 / 1,000,000 (90.0%)  elapsed 39.6m  ETA 00:04:24  fps 379
[ETA] step  910,000 / 1,000,000 (91.0%)  elapsed 40.0m  ETA 00:03:57  fps 379
[ETA] step  920,000 / 1,000,000 (92.0%)  elapsed 40.4m  ETA 00:03:30  fps 379
[ETA] step  930,000 / 1,000,000 (93.0%)  elapsed 40.9m  ETA 00:03:04  fps 379
[ETA] step  940,000 / 1,000,000 (94.0%)  elapsed 41.3m  ETA 00:02:38  fps 379
[ETA] step  950,000 / 1,000,000 (95.0%)  elapsed 41.7m  ETA 00:02:11  fps 379
[ETA] step  960,000 / 1,000,000 (96.0%)  elapsed 42.2m  ETA 00:01:45  fps 379
[ETA] step  970,000 / 1,000,000 (97.0%)  elapsed 42.6m  ETA 00:01:19  fps 379
[ETA] step  980,000 / 1,000,000 (98.0%)  elapsed 43.1m  ETA 00:00:52  fps 379
[ETA] step  990,000 / 1,000,000 (99.0%)  elapsed 43.5m  ETA 00:00:26  fps 379
[ETA] step 1,000,000 / 1,000,000 (100.0%)  elapsed 44.0m  ETA 00:00:00  fps 379

[3/3] Evaluating best SAC checkpoint (500 episodes)...

  ─────────────────────────────────────────────
  SAC pocket rate  : 41.5%
  Clear rate (all 3): 7.6%
  Random            : 8.7%
  Improvement       : +32.7pp
  Training time     : 44.0 min  (379 fps)
  Saved → logs/experiments/SAC_1000k_s42_multi3_ms3_sp0.1_tp1.0_pp_20260302_105910
  TensorBoard → tensorboard --logdir logs/tensorboard
