=======================================================
  Phase 0 재훈련: SAC, n_balls=1, 1000k steps, seed=42
  obs: 16-dim | action: delta_angle + speed
  Started: 2026-03-15 12:49:51
=======================================================

=======================================================
  billiards-rl — SAC  |  1,000,000 steps  |  seed 42  |  env single
  exp_dir : logs/experiments/SAC_1000k_s42_sp0.0_tp0.0_20260315_124951
=======================================================

[1/3] Random agent baseline (500 episodes)...
      Random pocket rate: 3.0%  (avg 0.03/1 balls)

[2/3] Training SAC — 1,000,000 steps × 10 envs ...
2026-03-15 12:49:54 [INFO ] Aim run: f0efee315fd8438999737ccf  (aim up → localhost:43800)
2026-03-15 12:49:54 [INFO ] === Experiment started: SAC_1000k_s42_sp0.0_tp0.0_20260315_124951 ===
/Users/yj/Documents/billiards-rl/.venv/lib/python3.13/site-packages/stable_baselines3/common/callbacks.py:418: UserWarning: Training and eval env are not of the same type<stable_baselines3.common.vec_env.subproc_vec_env.SubprocVecEnv object at 0x11aab67b0> != <stable_baselines3.common.vec_env.dummy_vec_env.DummyVecEnv object at 0x1294ac050>
  warnings.warn("Training and eval env are not of the same type" f"{self.training_env} != {self.eval_env}")
2026-03-15 12:50:03 [INFO ] [eval] step=10,000  eval/mean_reward=0.19  eval/best_mean_reward=0.19
[ETA] step   10,000 / 1,000,000 (1.0%)  elapsed 0.1m  ETA 00:13:35  fps 1214
2026-03-15 12:50:03 [INFO ] [train] step=10,000  train/ep_reward_mean=-0.06  train/ep_reward_std=0.3023  train/ep_len_mean=1
2026-03-15 12:50:13 [INFO ] [eval] step=20,000  eval/mean_reward=-0.05  eval/best_mean_reward=0.19
[ETA] step   20,000 / 1,000,000 (2.0%)  elapsed 0.3m  ETA 00:14:51  fps 1099
2026-03-15 12:50:13 [INFO ] [train] step=20,000  train/ep_reward_mean=-0.13  train/ep_reward_std=0.2883  train/ep_len_mean=1
2026-03-15 12:50:23 [INFO ] [eval] step=30,000  eval/mean_reward=0.23  eval/best_mean_reward=0.23
[ETA] step   30,000 / 1,000,000 (3.0%)  elapsed 0.5m  ETA 00:15:16  fps 1059
2026-03-15 12:50:23 [INFO ] [train] step=30,000  train/ep_reward_mean=-0.12  train/ep_reward_std=0.2462  train/ep_len_mean=1
2026-03-15 12:50:33 [INFO ] [eval] step=40,000  eval/mean_reward=0.09  eval/best_mean_reward=0.23
[ETA] step   40,000 / 1,000,000 (4.0%)  elapsed 0.6m  ETA 00:15:26  fps 1036
2026-03-15 12:50:33 [INFO ] [train] step=40,000  train/ep_reward_mean=-0.075  train/ep_reward_std=0.192  train/ep_len_mean=1
2026-03-15 12:50:43 [INFO ] [eval] step=50,000  eval/mean_reward=0.15  eval/best_mean_reward=0.23
[ETA] step   50,000 / 1,000,000 (5.0%)  elapsed 0.8m  ETA 00:15:24  fps 1027
2026-03-15 12:50:43 [INFO ] [train] step=50,000  train/ep_reward_mean=-0.095  train/ep_reward_std=0.2974  train/ep_len_mean=1
2026-03-15 12:50:53 [INFO ] [eval] step=60,000  eval/mean_reward=0.2  eval/best_mean_reward=0.23
[ETA] step   60,000 / 1,000,000 (6.0%)  elapsed 1.0m  ETA 00:15:16  fps 1025
2026-03-15 12:50:53 [INFO ] [train] step=60,000  train/ep_reward_mean=-0.105  train/ep_reward_std=0.2941  train/ep_len_mean=1
2026-03-15 12:51:03 [INFO ] [eval] step=70,000  eval/mean_reward=0.12  eval/best_mean_reward=0.23
[ETA] step   70,000 / 1,000,000 (7.0%)  elapsed 1.1m  ETA 00:15:07  fps 1025
2026-03-15 12:51:03 [INFO ] [train] step=70,000  train/ep_reward_mean=-0.09  train/ep_reward_std=0.3192  train/ep_len_mean=1
2026-03-15 12:51:13 [INFO ] [eval] step=80,000  eval/mean_reward=0.15  eval/best_mean_reward=0.23
[ETA] step   80,000 / 1,000,000 (8.0%)  elapsed 1.3m  ETA 00:14:59  fps 1023
2026-03-15 12:51:13 [INFO ] [train] step=80,000  train/ep_reward_mean=-0.035  train/ep_reward_std=0.2574  train/ep_len_mean=1
2026-03-15 12:51:23 [INFO ] [eval] step=90,000  eval/mean_reward=0.06  eval/best_mean_reward=0.23
[ETA] step   90,000 / 1,000,000 (9.0%)  elapsed 1.5m  ETA 00:14:56  fps 1015
2026-03-15 12:51:23 [INFO ] [train] step=90,000  train/ep_reward_mean=-0.05  train/ep_reward_std=0.2872  train/ep_len_mean=1
2026-03-15 12:51:33 [INFO ] [eval] step=100,000  eval/mean_reward=0.1  eval/best_mean_reward=0.23
[ETA] step  100,000 / 1,000,000 (10.0%)  elapsed 1.6m  ETA 00:14:50  fps 1010
2026-03-15 12:51:33 [INFO ] [train] step=100,000  train/ep_reward_mean=-0.105  train/ep_reward_std=0.2673  train/ep_len_mean=1
2026-03-15 12:51:44 [INFO ] [eval] step=110,000  eval/mean_reward=-0.09  eval/best_mean_reward=0.23
[ETA] step  110,000 / 1,000,000 (11.0%)  elapsed 1.8m  ETA 00:14:47  fps 1003
2026-03-15 12:51:44 [INFO ] [train] step=110,000  train/ep_reward_mean=-0.07  train/ep_reward_std=0.3002  train/ep_len_mean=1
2026-03-15 12:51:53 [INFO ] [eval] step=120,000  eval/mean_reward=0  eval/best_mean_reward=0.23
[ETA] step  120,000 / 1,000,000 (12.0%)  elapsed 2.0m  ETA 00:14:33  fps 1008
2026-03-15 12:51:53 [INFO ] [train] step=120,000  train/ep_reward_mean=-0.05  train/ep_reward_std=0.2179  train/ep_len_mean=1
2026-03-15 12:52:03 [INFO ] [eval] step=130,000  eval/mean_reward=0.01  eval/best_mean_reward=0.23
[ETA] step  130,000 / 1,000,000 (13.0%)  elapsed 2.1m  ETA 00:14:18  fps 1014
2026-03-15 12:52:03 [INFO ] [train] step=130,000  train/ep_reward_mean=-0.09  train/ep_reward_std=0.1921  train/ep_len_mean=1
2026-03-15 12:52:15 [INFO ] [eval] step=140,000  eval/mean_reward=0.41  eval/best_mean_reward=0.41
[ETA] step  140,000 / 1,000,000 (14.0%)  elapsed 2.3m  ETA 00:14:21  fps 998
2026-03-15 12:52:15 [INFO ] [train] step=140,000  train/ep_reward_mean=0.095  train/ep_reward_std=0.5324  train/ep_len_mean=1
2026-03-15 12:52:27 [INFO ] [eval] step=150,000  eval/mean_reward=0.17  eval/best_mean_reward=0.41
[ETA] step  150,000 / 1,000,000 (15.0%)  elapsed 2.6m  ETA 00:14:27  fps 980
2026-03-15 12:52:27 [INFO ] [train] step=150,000  train/ep_reward_mean=0.2  train/ep_reward_std=0.495  train/ep_len_mean=1
2026-03-15 12:52:40 [INFO ] [eval] step=160,000  eval/mean_reward=0.31  eval/best_mean_reward=0.41
[ETA] step  160,000 / 1,000,000 (16.0%)  elapsed 2.8m  ETA 00:14:29  fps 966
2026-03-15 12:52:40 [INFO ] [train] step=160,000  train/ep_reward_mean=0.2  train/ep_reward_std=0.5  train/ep_len_mean=1
2026-03-15 12:52:54 [INFO ] [eval] step=170,000  eval/mean_reward=0.16  eval/best_mean_reward=0.41
[ETA] step  170,000 / 1,000,000 (17.0%)  elapsed 3.0m  ETA 00:14:38  fps 945
2026-03-15 12:52:54 [INFO ] [train] step=170,000  train/ep_reward_mean=0.17  train/ep_reward_std=0.5061  train/ep_len_mean=1
2026-03-15 12:53:09 [INFO ] [eval] step=180,000  eval/mean_reward=0.33  eval/best_mean_reward=0.41
[ETA] step  180,000 / 1,000,000 (18.0%)  elapsed 3.2m  ETA 00:14:45  fps 926
2026-03-15 12:53:09 [INFO ] [train] step=180,000  train/ep_reward_mean=0.175  train/ep_reward_std=0.5117  train/ep_len_mean=1
2026-03-15 12:53:22 [INFO ] [eval] step=190,000  eval/mean_reward=0.2  eval/best_mean_reward=0.41
[ETA] step  190,000 / 1,000,000 (19.0%)  elapsed 3.5m  ETA 00:14:43  fps 917
2026-03-15 12:53:22 [INFO ] [train] step=190,000  train/ep_reward_mean=0.11  train/ep_reward_std=0.456  train/ep_len_mean=1
2026-03-15 12:53:35 [INFO ] [eval] step=200,000  eval/mean_reward=0.32  eval/best_mean_reward=0.41
[ETA] step  200,000 / 1,000,000 (20.0%)  elapsed 3.7m  ETA 00:14:40  fps 908
2026-03-15 12:53:35 [INFO ] [train] step=200,000  train/ep_reward_mean=0.24  train/ep_reward_std=0.5267  train/ep_len_mean=1
2026-03-15 12:53:48 [INFO ] [eval] step=210,000  eval/mean_reward=0.37  eval/best_mean_reward=0.41
[ETA] step  210,000 / 1,000,000 (21.0%)  elapsed 3.9m  ETA 00:14:37  fps 900
2026-03-15 12:53:48 [INFO ] [train] step=210,000  train/ep_reward_mean=0.15  train/ep_reward_std=0.477  train/ep_len_mean=1
2026-03-15 12:54:00 [INFO ] [eval] step=220,000  eval/mean_reward=0.2  eval/best_mean_reward=0.41
[ETA] step  220,000 / 1,000,000 (22.0%)  elapsed 4.1m  ETA 00:14:32  fps 894
2026-03-15 12:54:00 [INFO ] [train] step=220,000  train/ep_reward_mean=0.09  train/ep_reward_std=0.4816  train/ep_len_mean=1
2026-03-15 12:54:13 [INFO ] [eval] step=230,000  eval/mean_reward=0.29  eval/best_mean_reward=0.41
[ETA] step  230,000 / 1,000,000 (23.0%)  elapsed 4.3m  ETA 00:14:26  fps 889
2026-03-15 12:54:13 [INFO ] [train] step=230,000  train/ep_reward_mean=0.15  train/ep_reward_std=0.5172  train/ep_len_mean=1
2026-03-15 12:54:25 [INFO ] [eval] step=240,000  eval/mean_reward=0.06  eval/best_mean_reward=0.41
[ETA] step  240,000 / 1,000,000 (24.0%)  elapsed 4.5m  ETA 00:14:16  fps 887
2026-03-15 12:54:25 [INFO ] [train] step=240,000  train/ep_reward_mean=-0.11  train/ep_reward_std=0.2406  train/ep_len_mean=1
2026-03-15 12:54:35 [INFO ] [eval] step=250,000  eval/mean_reward=0.04  eval/best_mean_reward=0.41
[ETA] step  250,000 / 1,000,000 (25.0%)  elapsed 4.7m  ETA 00:14:01  fps 891
2026-03-15 12:54:35 [INFO ] [train] step=250,000  train/ep_reward_mean=-0.065  train/ep_reward_std=0.2707  train/ep_len_mean=1
2026-03-15 12:54:45 [INFO ] [eval] step=260,000  eval/mean_reward=0.01  eval/best_mean_reward=0.41
[ETA] step  260,000 / 1,000,000 (26.0%)  elapsed 4.8m  ETA 00:13:46  fps 895
2026-03-15 12:54:45 [INFO ] [train] step=260,000  train/ep_reward_mean=-0.07  train/ep_reward_std=0.2238  train/ep_len_mean=1
2026-03-15 12:54:55 [INFO ] [eval] step=270,000  eval/mean_reward=0.19  eval/best_mean_reward=0.41
[ETA] step  270,000 / 1,000,000 (27.0%)  elapsed 5.0m  ETA 00:13:33  fps 897
2026-03-15 12:54:55 [INFO ] [train] step=270,000  train/ep_reward_mean=0.215  train/ep_reward_std=0.5062  train/ep_len_mean=1
2026-03-15 12:55:11 [INFO ] [eval] step=280,000  eval/mean_reward=0.19  eval/best_mean_reward=0.41
[ETA] step  280,000 / 1,000,000 (28.0%)  elapsed 5.3m  ETA 00:13:33  fps 885
2026-03-15 12:55:11 [INFO ] [train] step=280,000  train/ep_reward_mean=0.295  train/ep_reward_std=0.5104  train/ep_len_mean=1
2026-03-15 12:55:24 [INFO ] [eval] step=290,000  eval/mean_reward=0.22  eval/best_mean_reward=0.41
[ETA] step  290,000 / 1,000,000 (29.0%)  elapsed 5.5m  ETA 00:13:26  fps 880
2026-03-15 12:55:24 [INFO ] [train] step=290,000  train/ep_reward_mean=0.27  train/ep_reward_std=0.5021  train/ep_len_mean=1
2026-03-15 12:55:37 [INFO ] [eval] step=300,000  eval/mean_reward=0.22  eval/best_mean_reward=0.41
[ETA] step  300,000 / 1,000,000 (30.0%)  elapsed 5.7m  ETA 00:13:20  fps 875
2026-03-15 12:55:37 [INFO ] [train] step=300,000  train/ep_reward_mean=0.23  train/ep_reward_std=0.4766  train/ep_len_mean=1
2026-03-15 12:55:50 [INFO ] [eval] step=310,000  eval/mean_reward=0.22  eval/best_mean_reward=0.41
[ETA] step  310,000 / 1,000,000 (31.0%)  elapsed 5.9m  ETA 00:13:12  fps 871
2026-03-15 12:55:50 [INFO ] [train] step=310,000  train/ep_reward_mean=0.225  train/ep_reward_std=0.5356  train/ep_len_mean=1
2026-03-15 12:56:03 [INFO ] [eval] step=320,000  eval/mean_reward=0.27  eval/best_mean_reward=0.41
[ETA] step  320,000 / 1,000,000 (32.0%)  elapsed 6.1m  ETA 00:13:03  fps 868
2026-03-15 12:56:03 [INFO ] [train] step=320,000  train/ep_reward_mean=0.225  train/ep_reward_std=0.5356  train/ep_len_mean=1
2026-03-15 12:56:16 [INFO ] [eval] step=330,000  eval/mean_reward=0.5  eval/best_mean_reward=0.5
[ETA] step  330,000 / 1,000,000 (33.0%)  elapsed 6.4m  ETA 00:12:54  fps 865
2026-03-15 12:56:16 [INFO ] [train] step=330,000  train/ep_reward_mean=0.245  train/ep_reward_std=0.4822  train/ep_len_mean=1
2026-03-15 12:56:30 [INFO ] [eval] step=340,000  eval/mean_reward=0.27  eval/best_mean_reward=0.5
[ETA] step  340,000 / 1,000,000 (34.0%)  elapsed 6.6m  ETA 00:12:47  fps 860
2026-03-15 12:56:30 [INFO ] [train] step=340,000  train/ep_reward_mean=0.15  train/ep_reward_std=0.4975  train/ep_len_mean=1
2026-03-15 12:56:43 [INFO ] [eval] step=350,000  eval/mean_reward=0.32  eval/best_mean_reward=0.5
[ETA] step  350,000 / 1,000,000 (35.0%)  elapsed 6.8m  ETA 00:12:38  fps 857
2026-03-15 12:56:43 [INFO ] [train] step=350,000  train/ep_reward_mean=0.16  train/ep_reward_std=0.4893  train/ep_len_mean=1
2026-03-15 12:56:56 [INFO ] [eval] step=360,000  eval/mean_reward=0.33  eval/best_mean_reward=0.5
[ETA] step  360,000 / 1,000,000 (36.0%)  elapsed 7.0m  ETA 00:12:29  fps 854
2026-03-15 12:56:56 [INFO ] [train] step=360,000  train/ep_reward_mean=0.09  train/ep_reward_std=0.4763  train/ep_len_mean=1
2026-03-15 12:57:09 [INFO ] [eval] step=370,000  eval/mean_reward=0.24  eval/best_mean_reward=0.5
[ETA] step  370,000 / 1,000,000 (37.0%)  elapsed 7.2m  ETA 00:12:20  fps 851
2026-03-15 12:57:09 [INFO ] [train] step=370,000  train/ep_reward_mean=0.105  train/ep_reward_std=0.4811  train/ep_len_mean=1
2026-03-15 12:57:22 [INFO ] [eval] step=380,000  eval/mean_reward=0.21  eval/best_mean_reward=0.5
[ETA] step  380,000 / 1,000,000 (38.0%)  elapsed 7.5m  ETA 00:12:09  fps 850
2026-03-15 12:57:22 [INFO ] [train] step=380,000  train/ep_reward_mean=0.17  train/ep_reward_std=0.4961  train/ep_len_mean=1
2026-03-15 12:57:35 [INFO ] [eval] step=390,000  eval/mean_reward=0.32  eval/best_mean_reward=0.5
[ETA] step  390,000 / 1,000,000 (39.0%)  elapsed 7.7m  ETA 00:11:59  fps 848
2026-03-15 12:57:35 [INFO ] [train] step=390,000  train/ep_reward_mean=0.22  train/ep_reward_std=0.5307  train/ep_len_mean=1
2026-03-15 12:57:48 [INFO ] [eval] step=400,000  eval/mean_reward=0.2  eval/best_mean_reward=0.5
[ETA] step  400,000 / 1,000,000 (40.0%)  elapsed 7.9m  ETA 00:11:49  fps 845
2026-03-15 12:57:48 [INFO ] [train] step=400,000  train/ep_reward_mean=0.1  train/ep_reward_std=0.4528  train/ep_len_mean=1
2026-03-15 12:58:01 [INFO ] [eval] step=410,000  eval/mean_reward=0.27  eval/best_mean_reward=0.5
[ETA] step  410,000 / 1,000,000 (41.0%)  elapsed 8.1m  ETA 00:11:39  fps 843
2026-03-15 12:58:01 [INFO ] [train] step=410,000  train/ep_reward_mean=0.13  train/ep_reward_std=0.4828  train/ep_len_mean=1
2026-03-15 12:58:13 [INFO ] [eval] step=420,000  eval/mean_reward=0.23  eval/best_mean_reward=0.5
[ETA] step  420,000 / 1,000,000 (42.0%)  elapsed 8.3m  ETA 00:11:28  fps 842
2026-03-15 12:58:13 [INFO ] [train] step=420,000  train/ep_reward_mean=0.175  train/ep_reward_std=0.5214  train/ep_len_mean=1
2026-03-15 12:58:26 [INFO ] [eval] step=430,000  eval/mean_reward=0.31  eval/best_mean_reward=0.5
[ETA] step  430,000 / 1,000,000 (43.0%)  elapsed 8.5m  ETA 00:11:17  fps 841
2026-03-15 12:58:26 [INFO ] [train] step=430,000  train/ep_reward_mean=0.075  train/ep_reward_std=0.4265  train/ep_len_mean=1
2026-03-15 12:58:39 [INFO ] [eval] step=440,000  eval/mean_reward=0.35  eval/best_mean_reward=0.5
[ETA] step  440,000 / 1,000,000 (44.0%)  elapsed 8.7m  ETA 00:11:07  fps 839
2026-03-15 12:58:39 [INFO ] [train] step=440,000  train/ep_reward_mean=0.14  train/ep_reward_std=0.4695  train/ep_len_mean=1
2026-03-15 12:58:51 [INFO ] [eval] step=450,000  eval/mean_reward=0.15  eval/best_mean_reward=0.5
[ETA] step  450,000 / 1,000,000 (45.0%)  elapsed 9.0m  ETA 00:10:56  fps 838
2026-03-15 12:58:51 [INFO ] [train] step=450,000  train/ep_reward_mean=0.185  train/ep_reward_std=0.5033  train/ep_len_mean=1
2026-03-15 12:59:04 [INFO ] [eval] step=460,000  eval/mean_reward=0.26  eval/best_mean_reward=0.5
[ETA] step  460,000 / 1,000,000 (46.0%)  elapsed 9.2m  ETA 00:10:45  fps 837
2026-03-15 12:59:04 [INFO ] [train] step=460,000  train/ep_reward_mean=0.075  train/ep_reward_std=0.4206  train/ep_len_mean=1
2026-03-15 12:59:17 [INFO ] [eval] step=470,000  eval/mean_reward=0.2  eval/best_mean_reward=0.5
[ETA] step  470,000 / 1,000,000 (47.0%)  elapsed 9.4m  ETA 00:10:34  fps 836
2026-03-15 12:59:17 [INFO ] [train] step=470,000  train/ep_reward_mean=0.13  train/ep_reward_std=0.467  train/ep_len_mean=1
2026-03-15 12:59:30 [INFO ] [eval] step=480,000  eval/mean_reward=0.25  eval/best_mean_reward=0.5
[ETA] step  480,000 / 1,000,000 (48.0%)  elapsed 9.6m  ETA 00:10:23  fps 834
2026-03-15 12:59:30 [INFO ] [train] step=480,000  train/ep_reward_mean=0.085  train/ep_reward_std=0.4362  train/ep_len_mean=1
2026-03-15 12:59:42 [INFO ] [eval] step=490,000  eval/mean_reward=0.37  eval/best_mean_reward=0.5
[ETA] step  490,000 / 1,000,000 (49.0%)  elapsed 9.8m  ETA 00:10:11  fps 833
2026-03-15 12:59:42 [INFO ] [train] step=490,000  train/ep_reward_mean=0.07  train/ep_reward_std=0.4797  train/ep_len_mean=1
2026-03-15 12:59:55 [INFO ] [eval] step=500,000  eval/mean_reward=0.43  eval/best_mean_reward=0.5
[ETA] step  500,000 / 1,000,000 (50.0%)  elapsed 10.0m  ETA 00:10:00  fps 833
2026-03-15 12:59:55 [INFO ] [train] step=500,000  train/ep_reward_mean=0.185  train/ep_reward_std=0.5275  train/ep_len_mean=1
2026-03-15 13:00:08 [INFO ] [eval] step=510,000  eval/mean_reward=0.37  eval/best_mean_reward=0.5
[ETA] step  510,000 / 1,000,000 (51.0%)  elapsed 10.2m  ETA 00:09:49  fps 831
2026-03-15 13:00:08 [INFO ] [train] step=510,000  train/ep_reward_mean=0.23  train/ep_reward_std=0.5216  train/ep_len_mean=1
2026-03-15 13:00:21 [INFO ] [eval] step=520,000  eval/mean_reward=0.31  eval/best_mean_reward=0.5
[ETA] step  520,000 / 1,000,000 (52.0%)  elapsed 10.4m  ETA 00:09:38  fps 830
2026-03-15 13:00:21 [INFO ] [train] step=520,000  train/ep_reward_mean=0.09  train/ep_reward_std=0.3833  train/ep_len_mean=1
2026-03-15 13:00:34 [INFO ] [eval] step=530,000  eval/mean_reward=0.28  eval/best_mean_reward=0.5
[ETA] step  530,000 / 1,000,000 (53.0%)  elapsed 10.7m  ETA 00:09:27  fps 828
2026-03-15 13:00:34 [INFO ] [train] step=530,000  train/ep_reward_mean=0.195  train/ep_reward_std=0.4894  train/ep_len_mean=1
2026-03-15 13:00:47 [INFO ] [eval] step=540,000  eval/mean_reward=0.33  eval/best_mean_reward=0.5
[ETA] step  540,000 / 1,000,000 (54.0%)  elapsed 10.9m  ETA 00:09:15  fps 828
2026-03-15 13:00:47 [INFO ] [train] step=540,000  train/ep_reward_mean=0.225  train/ep_reward_std=0.4918  train/ep_len_mean=1
2026-03-15 13:01:00 [INFO ] [eval] step=550,000  eval/mean_reward=0.37  eval/best_mean_reward=0.5
[ETA] step  550,000 / 1,000,000 (55.0%)  elapsed 11.1m  ETA 00:09:04  fps 827
2026-03-15 13:01:00 [INFO ] [train] step=550,000  train/ep_reward_mean=0.105  train/ep_reward_std=0.4376  train/ep_len_mean=1
2026-03-15 13:01:12 [INFO ] [eval] step=560,000  eval/mean_reward=0.17  eval/best_mean_reward=0.5
[ETA] step  560,000 / 1,000,000 (56.0%)  elapsed 11.3m  ETA 00:08:52  fps 826
2026-03-15 13:01:12 [INFO ] [train] step=560,000  train/ep_reward_mean=0.195  train/ep_reward_std=0.4894  train/ep_len_mean=1
2026-03-15 13:01:25 [INFO ] [eval] step=570,000  eval/mean_reward=0.25  eval/best_mean_reward=0.5
[ETA] step  570,000 / 1,000,000 (57.0%)  elapsed 11.5m  ETA 00:08:41  fps 825
2026-03-15 13:01:25 [INFO ] [train] step=570,000  train/ep_reward_mean=0.21  train/ep_reward_std=0.47  train/ep_len_mean=1
2026-03-15 13:01:38 [INFO ] [eval] step=580,000  eval/mean_reward=0.24  eval/best_mean_reward=0.5
[ETA] step  580,000 / 1,000,000 (58.0%)  elapsed 11.7m  ETA 00:08:29  fps 824
2026-03-15 13:01:38 [INFO ] [train] step=580,000  train/ep_reward_mean=0.135  train/ep_reward_std=0.484  train/ep_len_mean=1
2026-03-15 13:01:51 [INFO ] [eval] step=590,000  eval/mean_reward=0.19  eval/best_mean_reward=0.5
[ETA] step  590,000 / 1,000,000 (59.0%)  elapsed 11.9m  ETA 00:08:17  fps 824
2026-03-15 13:01:51 [INFO ] [train] step=590,000  train/ep_reward_mean=0.165  train/ep_reward_std=0.4902  train/ep_len_mean=1
2026-03-15 13:02:04 [INFO ] [eval] step=600,000  eval/mean_reward=0.49  eval/best_mean_reward=0.5
[ETA] step  600,000 / 1,000,000 (60.0%)  elapsed 12.2m  ETA 00:08:06  fps 822
2026-03-15 13:02:04 [INFO ] [train] step=600,000  train/ep_reward_mean=0.18  train/ep_reward_std=0.4874  train/ep_len_mean=1
2026-03-15 13:02:17 [INFO ] [eval] step=610,000  eval/mean_reward=0.32  eval/best_mean_reward=0.5
[ETA] step  610,000 / 1,000,000 (61.0%)  elapsed 12.4m  ETA 00:07:54  fps 822
2026-03-15 13:02:17 [INFO ] [train] step=610,000  train/ep_reward_mean=0.27  train/ep_reward_std=0.512  train/ep_len_mean=1
2026-03-15 13:02:30 [INFO ] [eval] step=620,000  eval/mean_reward=0.32  eval/best_mean_reward=0.5
[ETA] step  620,000 / 1,000,000 (62.0%)  elapsed 12.6m  ETA 00:07:42  fps 821
2026-03-15 13:02:30 [INFO ] [train] step=620,000  train/ep_reward_mean=0.23  train/ep_reward_std=0.4659  train/ep_len_mean=1
2026-03-15 13:02:42 [INFO ] [eval] step=630,000  eval/mean_reward=0.25  eval/best_mean_reward=0.5
[ETA] step  630,000 / 1,000,000 (63.0%)  elapsed 12.8m  ETA 00:07:30  fps 820
2026-03-15 13:02:42 [INFO ] [train] step=630,000  train/ep_reward_mean=0.13  train/ep_reward_std=0.4931  train/ep_len_mean=1
2026-03-15 13:02:56 [INFO ] [eval] step=640,000  eval/mean_reward=0.26  eval/best_mean_reward=0.5
[ETA] step  640,000 / 1,000,000 (64.0%)  elapsed 13.0m  ETA 00:07:19  fps 819
2026-03-15 13:02:56 [INFO ] [train] step=640,000  train/ep_reward_mean=0.15  train/ep_reward_std=0.4822  train/ep_len_mean=1
2026-03-15 13:03:08 [INFO ] [eval] step=650,000  eval/mean_reward=0.2  eval/best_mean_reward=0.5
[ETA] step  650,000 / 1,000,000 (65.0%)  elapsed 13.2m  ETA 00:07:07  fps 819
2026-03-15 13:03:08 [INFO ] [train] step=650,000  train/ep_reward_mean=0.105  train/ep_reward_std=0.4201  train/ep_len_mean=1
2026-03-15 13:03:21 [INFO ] [eval] step=660,000  eval/mean_reward=0.32  eval/best_mean_reward=0.5
[ETA] step  660,000 / 1,000,000 (66.0%)  elapsed 13.4m  ETA 00:06:55  fps 818
2026-03-15 13:03:21 [INFO ] [train] step=660,000  train/ep_reward_mean=0.14  train/ep_reward_std=0.4477  train/ep_len_mean=1
2026-03-15 13:03:33 [INFO ] [eval] step=670,000  eval/mean_reward=0.21  eval/best_mean_reward=0.5
[ETA] step  670,000 / 1,000,000 (67.0%)  elapsed 13.7m  ETA 00:06:43  fps 818
2026-03-15 13:03:34 [INFO ] [train] step=670,000  train/ep_reward_mean=0.195  train/ep_reward_std=0.4995  train/ep_len_mean=1
2026-03-15 13:03:46 [INFO ] [eval] step=680,000  eval/mean_reward=0.3  eval/best_mean_reward=0.5
[ETA] step  680,000 / 1,000,000 (68.0%)  elapsed 13.9m  ETA 00:06:31  fps 818
2026-03-15 13:03:46 [INFO ] [train] step=680,000  train/ep_reward_mean=0.195  train/ep_reward_std=0.4842  train/ep_len_mean=1
2026-03-15 13:03:59 [INFO ] [eval] step=690,000  eval/mean_reward=0.16  eval/best_mean_reward=0.5
[ETA] step  690,000 / 1,000,000 (69.0%)  elapsed 14.1m  ETA 00:06:19  fps 817
2026-03-15 13:03:59 [INFO ] [train] step=690,000  train/ep_reward_mean=0.1  train/ep_reward_std=0.4796  train/ep_len_mean=1
2026-03-15 13:04:12 [INFO ] [eval] step=700,000  eval/mean_reward=0.24  eval/best_mean_reward=0.5
[ETA] step  700,000 / 1,000,000 (70.0%)  elapsed 14.3m  ETA 00:06:07  fps 816
2026-03-15 13:04:12 [INFO ] [train] step=700,000  train/ep_reward_mean=0.165  train/ep_reward_std=0.5003  train/ep_len_mean=1
2026-03-15 13:04:24 [INFO ] [eval] step=710,000  eval/mean_reward=0.29  eval/best_mean_reward=0.5
[ETA] step  710,000 / 1,000,000 (71.0%)  elapsed 14.5m  ETA 00:05:55  fps 816
2026-03-15 13:04:24 [INFO ] [train] step=710,000  train/ep_reward_mean=0.155  train/ep_reward_std=0.4934  train/ep_len_mean=1
2026-03-15 13:04:37 [INFO ] [eval] step=720,000  eval/mean_reward=0.38  eval/best_mean_reward=0.5
[ETA] step  720,000 / 1,000,000 (72.0%)  elapsed 14.7m  ETA 00:05:43  fps 816
2026-03-15 13:04:37 [INFO ] [train] step=720,000  train/ep_reward_mean=0.145  train/ep_reward_std=0.4759  train/ep_len_mean=1
2026-03-15 13:04:50 [INFO ] [eval] step=730,000  eval/mean_reward=0.11  eval/best_mean_reward=0.5
[ETA] step  730,000 / 1,000,000 (73.0%)  elapsed 14.9m  ETA 00:05:31  fps 815
2026-03-15 13:04:50 [INFO ] [train] step=730,000  train/ep_reward_mean=0.1  train/ep_reward_std=0.4416  train/ep_len_mean=1
2026-03-15 13:05:02 [INFO ] [eval] step=740,000  eval/mean_reward=0.27  eval/best_mean_reward=0.5
[ETA] step  740,000 / 1,000,000 (74.0%)  elapsed 15.1m  ETA 00:05:18  fps 815
2026-03-15 13:05:02 [INFO ] [train] step=740,000  train/ep_reward_mean=0.1  train/ep_reward_std=0.4243  train/ep_len_mean=1
2026-03-15 13:05:14 [INFO ] [eval] step=750,000  eval/mean_reward=0.19  eval/best_mean_reward=0.5
[ETA] step  750,000 / 1,000,000 (75.0%)  elapsed 15.3m  ETA 00:05:06  fps 815
2026-03-15 13:05:14 [INFO ] [train] step=750,000  train/ep_reward_mean=0.14  train/ep_reward_std=0.4587  train/ep_len_mean=1
2026-03-15 13:05:28 [INFO ] [eval] step=760,000  eval/mean_reward=0.33  eval/best_mean_reward=0.5
[ETA] step  760,000 / 1,000,000 (76.0%)  elapsed 15.6m  ETA 00:04:54  fps 814
2026-03-15 13:05:28 [INFO ] [train] step=760,000  train/ep_reward_mean=0.115  train/ep_reward_std=0.4408  train/ep_len_mean=1
2026-03-15 13:05:42 [INFO ] [eval] step=770,000  eval/mean_reward=0.28  eval/best_mean_reward=0.5
[ETA] step  770,000 / 1,000,000 (77.0%)  elapsed 15.8m  ETA 00:04:42  fps 813
2026-03-15 13:05:42 [INFO ] [train] step=770,000  train/ep_reward_mean=0.19  train/ep_reward_std=0.4732  train/ep_len_mean=1
2026-03-15 13:05:54 [INFO ] [eval] step=780,000  eval/mean_reward=0.27  eval/best_mean_reward=0.5
[ETA] step  780,000 / 1,000,000 (78.0%)  elapsed 16.0m  ETA 00:04:30  fps 813
2026-03-15 13:05:54 [INFO ] [train] step=780,000  train/ep_reward_mean=0.14  train/ep_reward_std=0.4903  train/ep_len_mean=1
2026-03-15 13:06:08 [INFO ] [eval] step=790,000  eval/mean_reward=0.31  eval/best_mean_reward=0.5
[ETA] step  790,000 / 1,000,000 (79.0%)  elapsed 16.2m  ETA 00:04:18  fps 812
2026-03-15 13:06:08 [INFO ] [train] step=790,000  train/ep_reward_mean=0.085  train/ep_reward_std=0.4187  train/ep_len_mean=1
2026-03-15 13:06:20 [INFO ] [eval] step=800,000  eval/mean_reward=0.31  eval/best_mean_reward=0.5
[ETA] step  800,000 / 1,000,000 (80.0%)  elapsed 16.4m  ETA 00:04:06  fps 811
2026-03-15 13:06:20 [INFO ] [train] step=800,000  train/ep_reward_mean=0.185  train/ep_reward_std=0.5082  train/ep_len_mean=1
2026-03-15 13:06:33 [INFO ] [eval] step=810,000  eval/mean_reward=0.29  eval/best_mean_reward=0.5
[ETA] step  810,000 / 1,000,000 (81.0%)  elapsed 16.6m  ETA 00:03:54  fps 811
2026-03-15 13:06:33 [INFO ] [train] step=810,000  train/ep_reward_mean=0.165  train/ep_reward_std=0.4799  train/ep_len_mean=1
2026-03-15 13:06:45 [INFO ] [eval] step=820,000  eval/mean_reward=0.36  eval/best_mean_reward=0.5
[ETA] step  820,000 / 1,000,000 (82.0%)  elapsed 16.8m  ETA 00:03:41  fps 811
2026-03-15 13:06:45 [INFO ] [train] step=820,000  train/ep_reward_mean=0.11  train/ep_reward_std=0.5029  train/ep_len_mean=1
2026-03-15 13:06:57 [INFO ] [eval] step=830,000  eval/mean_reward=0.46  eval/best_mean_reward=0.5
[ETA] step  830,000 / 1,000,000 (83.0%)  elapsed 17.1m  ETA 00:03:29  fps 811
2026-03-15 13:06:57 [INFO ] [train] step=830,000  train/ep_reward_mean=0.135  train/ep_reward_std=0.4575  train/ep_len_mean=1
2026-03-15 13:07:10 [INFO ] [eval] step=840,000  eval/mean_reward=0.2  eval/best_mean_reward=0.5
[ETA] step  840,000 / 1,000,000 (84.0%)  elapsed 17.3m  ETA 00:03:17  fps 811
2026-03-15 13:07:10 [INFO ] [train] step=840,000  train/ep_reward_mean=0.195  train/ep_reward_std=0.5094  train/ep_len_mean=1
2026-03-15 13:07:22 [INFO ] [eval] step=850,000  eval/mean_reward=0.31  eval/best_mean_reward=0.5
[ETA] step  850,000 / 1,000,000 (85.0%)  elapsed 17.5m  ETA 00:03:04  fps 811
2026-03-15 13:07:22 [INFO ] [train] step=850,000  train/ep_reward_mean=0.115  train/ep_reward_std=0.4683  train/ep_len_mean=1
2026-03-15 13:07:35 [INFO ] [eval] step=860,000  eval/mean_reward=0.36  eval/best_mean_reward=0.5
[ETA] step  860,000 / 1,000,000 (86.0%)  elapsed 17.7m  ETA 00:02:52  fps 811
2026-03-15 13:07:35 [INFO ] [train] step=860,000  train/ep_reward_mean=0.135  train/ep_reward_std=0.4575  train/ep_len_mean=1
2026-03-15 13:07:47 [INFO ] [eval] step=870,000  eval/mean_reward=0.37  eval/best_mean_reward=0.5
[ETA] step  870,000 / 1,000,000 (87.0%)  elapsed 17.9m  ETA 00:02:40  fps 811
2026-03-15 13:07:47 [INFO ] [train] step=870,000  train/ep_reward_mean=0.155  train/ep_reward_std=0.4674  train/ep_len_mean=1
2026-03-15 13:07:59 [INFO ] [eval] step=880,000  eval/mean_reward=0.31  eval/best_mean_reward=0.5
[ETA] step  880,000 / 1,000,000 (88.0%)  elapsed 18.1m  ETA 00:02:27  fps 811
2026-03-15 13:07:59 [INFO ] [train] step=880,000  train/ep_reward_mean=0.225  train/ep_reward_std=0.5068  train/ep_len_mean=1
2026-03-15 13:08:12 [INFO ] [eval] step=890,000  eval/mean_reward=0.39  eval/best_mean_reward=0.5
[ETA] step  890,000 / 1,000,000 (89.0%)  elapsed 18.3m  ETA 00:02:15  fps 811
2026-03-15 13:08:12 [INFO ] [train] step=890,000  train/ep_reward_mean=0.165  train/ep_reward_std=0.5341  train/ep_len_mean=1
2026-03-15 13:08:24 [INFO ] [eval] step=900,000  eval/mean_reward=0.31  eval/best_mean_reward=0.5
[ETA] step  900,000 / 1,000,000 (90.0%)  elapsed 18.5m  ETA 00:02:03  fps 811
2026-03-15 13:08:24 [INFO ] [train] step=900,000  train/ep_reward_mean=0.055  train/ep_reward_std=0.441  train/ep_len_mean=1
2026-03-15 13:08:36 [INFO ] [eval] step=910,000  eval/mean_reward=0.16  eval/best_mean_reward=0.5
[ETA] step  910,000 / 1,000,000 (91.0%)  elapsed 18.7m  ETA 00:01:50  fps 811
2026-03-15 13:08:36 [INFO ] [train] step=910,000  train/ep_reward_mean=0.11  train/ep_reward_std=0.4979  train/ep_len_mean=1
2026-03-15 13:08:49 [INFO ] [eval] step=920,000  eval/mean_reward=0.26  eval/best_mean_reward=0.5
[ETA] step  920,000 / 1,000,000 (92.0%)  elapsed 18.9m  ETA 00:01:38  fps 811
2026-03-15 13:08:49 [INFO ] [train] step=920,000  train/ep_reward_mean=0.165  train/ep_reward_std=0.4851  train/ep_len_mean=1
2026-03-15 13:09:02 [INFO ] [eval] step=930,000  eval/mean_reward=0.28  eval/best_mean_reward=0.5
[ETA] step  930,000 / 1,000,000 (93.0%)  elapsed 19.1m  ETA 00:01:26  fps 810
2026-03-15 13:09:02 [INFO ] [train] step=930,000  train/ep_reward_mean=0.205  train/ep_reward_std=0.5436  train/ep_len_mean=1
2026-03-15 13:09:15 [INFO ] [eval] step=940,000  eval/mean_reward=0.2  eval/best_mean_reward=0.5
[ETA] step  940,000 / 1,000,000 (94.0%)  elapsed 19.4m  ETA 00:01:14  fps 810
2026-03-15 13:09:15 [INFO ] [train] step=940,000  train/ep_reward_mean=0.14  train/ep_reward_std=0.5103  train/ep_len_mean=1
2026-03-15 13:09:27 [INFO ] [eval] step=950,000  eval/mean_reward=0.18  eval/best_mean_reward=0.5
[ETA] step  950,000 / 1,000,000 (95.0%)  elapsed 19.5m  ETA 00:01:01  fps 810
2026-03-15 13:09:27 [INFO ] [train] step=950,000  train/ep_reward_mean=-0.015  train/ep_reward_std=0.3497  train/ep_len_mean=1
2026-03-15 13:09:38 [INFO ] [eval] step=960,000  eval/mean_reward=0.17  eval/best_mean_reward=0.5
[ETA] step  960,000 / 1,000,000 (96.0%)  elapsed 19.7m  ETA 00:00:49  fps 811
2026-03-15 13:09:38 [INFO ] [train] step=960,000  train/ep_reward_mean=0.11  train/ep_reward_std=0.4774  train/ep_len_mean=1
2026-03-15 13:09:52 [INFO ] [eval] step=970,000  eval/mean_reward=0.49  eval/best_mean_reward=0.5
[ETA] step  970,000 / 1,000,000 (97.0%)  elapsed 20.0m  ETA 00:00:37  fps 810
2026-03-15 13:09:52 [INFO ] [train] step=970,000  train/ep_reward_mean=0.18  train/ep_reward_std=0.4331  train/ep_len_mean=1
2026-03-15 13:10:08 [INFO ] [eval] step=980,000  eval/mean_reward=0.31  eval/best_mean_reward=0.5
[ETA] step  980,000 / 1,000,000 (98.0%)  elapsed 20.2m  ETA 00:00:24  fps 808
2026-03-15 13:10:08 [INFO ] [train] step=980,000  train/ep_reward_mean=0.26  train/ep_reward_std=0.4872  train/ep_len_mean=1
2026-03-15 13:10:20 [INFO ] [eval] step=990,000  eval/mean_reward=0.51  eval/best_mean_reward=0.51
[ETA] step  990,000 / 1,000,000 (99.0%)  elapsed 20.4m  ETA 00:00:12  fps 807
2026-03-15 13:10:20 [INFO ] [train] step=990,000  train/ep_reward_mean=0.24  train/ep_reward_std=0.5171  train/ep_len_mean=1
2026-03-15 13:10:34 [INFO ] [eval] step=1,000,000  eval/mean_reward=0.35  eval/best_mean_reward=0.51
[ETA] step 1,000,000 / 1,000,000 (100.0%)  elapsed 20.7m  ETA 00:00:00  fps 807
2026-03-15 13:10:34 [INFO ] [train] step=1,000,000  train/ep_reward_mean=0.185  train/ep_reward_std=0.5082  train/ep_len_mean=1

[3/3] Evaluating best SAC checkpoint (500 episodes)...
2026-03-15 13:10:35 [INFO ] === FINAL RESULTS ===
{
  "algo": "SAC",
  "n_balls": 1,
  "max_steps": 1,
  "step_penalty": 0.0,
  "trunc_penalty": 0.0,
  "progressive_penalty": false,
  "clear_bonus": 0.0,
  "shots_taken": false,
  "learning_rate": 0.0003,
  "gradient_steps": 1,
  "steps": 1000000,
  "seed": 42,
  "random_pocket_rate": 3.0,
  "trained_pocket_rate": 42.4,
  "clear_rate": 42.4,
  "improvement_pp": 39.4,
  "training_time_sec": 1239.5,
  "avg_fps": 807.0,
  "exp_dir": "logs/experiments/SAC_1000k_s42_sp0.0_tp0.0_20260315_124951"
}
2026-03-15 13:10:35 [INFO ] === Experiment finished: SAC_1000k_s42_sp0.0_tp0.0_20260315_124951 ===

  ─────────────────────────────────────────────
  SAC pocket rate  : 42.4%
  Random            : 3.0%
  Improvement       : +39.4pp
  Training time     : 20.7 min  (807 fps)
  Saved → logs/experiments/SAC_1000k_s42_sp0.0_tp0.0_20260315_124951
  TensorBoard → tensorboard --logdir logs/tensorboard

  Phase 0 완료!
  best_model → logs/experiments/SAC_1000k_s42_sp0.0_tp0.0_20260315_124951/best_model/best_model

  Exp-13a 실행 시 이 경로를 Phase 0 weight로 사용:
    PHASE0_PATH = "logs/experiments/SAC_1000k_s42_sp0.0_tp0.0_20260315_124951/best_model/best_model"
