
============================================================
  Condition: legacy (원본 배치)
  legacy_placement=True  |  scratch_penalty=disabled(n_balls=1)
  SAC, n_balls=1, 1000k steps, seed=42
  Started: 2026-03-15 22:23:05
============================================================

=======================================================
  billiards-rl — SAC  |  1,000,000 steps  |  seed 42  |  env single
  exp_dir : logs/experiments/SAC_1000k_s42_sp0.0_tp0.0_legacyplace_20260315_222305
=======================================================

[1/3] Random agent baseline (500 episodes)...
      Random pocket rate: 2.8%  (avg 0.03/1 balls)

[2/3] Training SAC — 1,000,000 steps × 10 envs ...
2026-03-15 22:23:07 [INFO ] Aim run: bebdb9ce242b473d8ebd8396  (aim up → localhost:43800)
2026-03-15 22:23:07 [INFO ] === Experiment started: SAC_1000k_s42_sp0.0_tp0.0_legacyplace_20260315_222305 ===
/Users/yj/Documents/billiards-rl/.venv/lib/python3.13/site-packages/stable_baselines3/common/callbacks.py:418: UserWarning: Training and eval env are not of the same type<stable_baselines3.common.vec_env.subproc_vec_env.SubprocVecEnv object at 0x1186fa900> != <stable_baselines3.common.vec_env.dummy_vec_env.DummyVecEnv object at 0x1271501a0>
  warnings.warn("Training and eval env are not of the same type" f"{self.training_env} != {self.eval_env}")
2026-03-15 22:23:16 [INFO ] [eval] step=10,000  eval/mean_reward=0.14  eval/best_mean_reward=0.14
[ETA] step   10,000 / 1,000,000 (1.0%)  elapsed 0.1m  ETA 00:13:21  fps 1235
2026-03-15 22:23:16 [INFO ] [train] step=10,000  train/ep_reward_mean=0.01  train/ep_reward_std=0.0995  train/ep_len_mean=1
2026-03-15 22:23:27 [INFO ] [eval] step=20,000  eval/mean_reward=0.24  eval/best_mean_reward=0.24
[ETA] step   20,000 / 1,000,000 (2.0%)  elapsed 0.3m  ETA 00:14:59  fps 1090
2026-03-15 22:23:27 [INFO ] [train] step=20,000  train/ep_reward_mean=0.01  train/ep_reward_std=0.0995  train/ep_len_mean=1
2026-03-15 22:23:37 [INFO ] [eval] step=30,000  eval/mean_reward=0.22  eval/best_mean_reward=0.24
[ETA] step   30,000 / 1,000,000 (3.0%)  elapsed 0.5m  ETA 00:15:20  fps 1054
2026-03-15 22:23:37 [INFO ] [train] step=30,000  train/ep_reward_mean=0.01  train/ep_reward_std=0.0995  train/ep_len_mean=1
2026-03-15 22:23:47 [INFO ] [eval] step=40,000  eval/mean_reward=0.16  eval/best_mean_reward=0.24
[ETA] step   40,000 / 1,000,000 (4.0%)  elapsed 0.6m  ETA 00:15:27  fps 1035
2026-03-15 22:23:47 [INFO ] [train] step=40,000  train/ep_reward_mean=0.04  train/ep_reward_std=0.196  train/ep_len_mean=1
2026-03-15 22:23:57 [INFO ] [eval] step=50,000  eval/mean_reward=0.3  eval/best_mean_reward=0.3
[ETA] step   50,000 / 1,000,000 (5.0%)  elapsed 0.8m  ETA 00:15:32  fps 1019
2026-03-15 22:23:57 [INFO ] [train] step=50,000  train/ep_reward_mean=0.02  train/ep_reward_std=0.14  train/ep_len_mean=1
2026-03-15 22:24:08 [INFO ] [eval] step=60,000  eval/mean_reward=0.24  eval/best_mean_reward=0.3
[ETA] step   60,000 / 1,000,000 (6.0%)  elapsed 1.0m  ETA 00:15:36  fps 1004
2026-03-15 22:24:08 [INFO ] [train] step=60,000  train/ep_reward_mean=0.05  train/ep_reward_std=0.2179  train/ep_len_mean=1
2026-03-15 22:24:18 [INFO ] [eval] step=70,000  eval/mean_reward=0.08  eval/best_mean_reward=0.3
[ETA] step   70,000 / 1,000,000 (7.0%)  elapsed 1.2m  ETA 00:15:26  fps 1003
2026-03-15 22:24:18 [INFO ] [train] step=70,000  train/ep_reward_mean=0.02  train/ep_reward_std=0.14  train/ep_len_mean=1
2026-03-15 22:24:28 [INFO ] [eval] step=80,000  eval/mean_reward=0.14  eval/best_mean_reward=0.3
[ETA] step   80,000 / 1,000,000 (8.0%)  elapsed 1.3m  ETA 00:15:16  fps 1004
2026-03-15 22:24:28 [INFO ] [train] step=80,000  train/ep_reward_mean=0.02  train/ep_reward_std=0.14  train/ep_len_mean=1
2026-03-15 22:24:38 [INFO ] [eval] step=90,000  eval/mean_reward=0.14  eval/best_mean_reward=0.3
[ETA] step   90,000 / 1,000,000 (9.0%)  elapsed 1.5m  ETA 00:15:08  fps 1002
2026-03-15 22:24:38 [INFO ] [train] step=90,000  train/ep_reward_mean=0.02  train/ep_reward_std=0.14  train/ep_len_mean=1
2026-03-15 22:24:48 [INFO ] [eval] step=100,000  eval/mean_reward=0.2  eval/best_mean_reward=0.3
[ETA] step  100,000 / 1,000,000 (10.0%)  elapsed 1.7m  ETA 00:14:59  fps 1001
2026-03-15 22:24:48 [INFO ] [train] step=100,000  train/ep_reward_mean=0.04  train/ep_reward_std=0.196  train/ep_len_mean=1
2026-03-15 22:24:58 [INFO ] [eval] step=110,000  eval/mean_reward=0.06  eval/best_mean_reward=0.3
[ETA] step  110,000 / 1,000,000 (11.0%)  elapsed 1.8m  ETA 00:14:50  fps 999
2026-03-15 22:24:58 [INFO ] [train] step=110,000  train/ep_reward_mean=0.06  train/ep_reward_std=0.2375  train/ep_len_mean=1
2026-03-15 22:25:08 [INFO ] [eval] step=120,000  eval/mean_reward=0.08  eval/best_mean_reward=0.3
[ETA] step  120,000 / 1,000,000 (12.0%)  elapsed 2.0m  ETA 00:14:41  fps 998
2026-03-15 22:25:08 [INFO ] [train] step=120,000  train/ep_reward_mean=0.01  train/ep_reward_std=0.0995  train/ep_len_mean=1
2026-03-15 22:25:19 [INFO ] [eval] step=130,000  eval/mean_reward=0.1  eval/best_mean_reward=0.3
[ETA] step  130,000 / 1,000,000 (13.0%)  elapsed 2.2m  ETA 00:14:34  fps 995
2026-03-15 22:25:19 [INFO ] [train] step=130,000  train/ep_reward_mean=0.01  train/ep_reward_std=0.0995  train/ep_len_mean=1
2026-03-15 22:25:32 [INFO ] [eval] step=140,000  eval/mean_reward=0.32  eval/best_mean_reward=0.32
[ETA] step  140,000 / 1,000,000 (14.0%)  elapsed 2.4m  ETA 00:14:40  fps 976
2026-03-15 22:25:32 [INFO ] [train] step=140,000  train/ep_reward_mean=0.26  train/ep_reward_std=0.4386  train/ep_len_mean=1
2026-03-15 22:25:45 [INFO ] [eval] step=150,000  eval/mean_reward=0.3  eval/best_mean_reward=0.32
[ETA] step  150,000 / 1,000,000 (15.0%)  elapsed 2.6m  ETA 00:14:47  fps 957
2026-03-15 22:25:45 [INFO ] [train] step=150,000  train/ep_reward_mean=0.29  train/ep_reward_std=0.4538  train/ep_len_mean=1
2026-03-15 22:25:58 [INFO ] [eval] step=160,000  eval/mean_reward=0.4  eval/best_mean_reward=0.4
[ETA] step  160,000 / 1,000,000 (16.0%)  elapsed 2.8m  ETA 00:14:52  fps 941
2026-03-15 22:25:58 [INFO ] [train] step=160,000  train/ep_reward_mean=0.25  train/ep_reward_std=0.433  train/ep_len_mean=1
2026-03-15 22:26:11 [INFO ] [eval] step=170,000  eval/mean_reward=0.34  eval/best_mean_reward=0.4
[ETA] step  170,000 / 1,000,000 (17.0%)  elapsed 3.1m  ETA 00:14:54  fps 928
2026-03-15 22:26:11 [INFO ] [train] step=170,000  train/ep_reward_mean=0.36  train/ep_reward_std=0.48  train/ep_len_mean=1
2026-03-15 22:26:25 [INFO ] [eval] step=180,000  eval/mean_reward=0.26  eval/best_mean_reward=0.4
[ETA] step  180,000 / 1,000,000 (18.0%)  elapsed 3.3m  ETA 00:14:58  fps 913
2026-03-15 22:26:25 [INFO ] [train] step=180,000  train/ep_reward_mean=0.44  train/ep_reward_std=0.4964  train/ep_len_mean=1
2026-03-15 22:26:40 [INFO ] [eval] step=190,000  eval/mean_reward=0.38  eval/best_mean_reward=0.4
[ETA] step  190,000 / 1,000,000 (19.0%)  elapsed 3.5m  ETA 00:15:01  fps 898
2026-03-15 22:26:40 [INFO ] [train] step=190,000  train/ep_reward_mean=0.27  train/ep_reward_std=0.444  train/ep_len_mean=1
2026-03-15 22:26:53 [INFO ] [eval] step=200,000  eval/mean_reward=0.3  eval/best_mean_reward=0.4
[ETA] step  200,000 / 1,000,000 (20.0%)  elapsed 3.7m  ETA 00:14:57  fps 891
2026-03-15 22:26:53 [INFO ] [train] step=200,000  train/ep_reward_mean=0.24  train/ep_reward_std=0.4271  train/ep_len_mean=1
2026-03-15 22:27:06 [INFO ] [eval] step=210,000  eval/mean_reward=0.48  eval/best_mean_reward=0.48
[ETA] step  210,000 / 1,000,000 (21.0%)  elapsed 4.0m  ETA 00:14:53  fps 884
2026-03-15 22:27:06 [INFO ] [train] step=210,000  train/ep_reward_mean=0.17  train/ep_reward_std=0.3756  train/ep_len_mean=1
2026-03-15 22:27:18 [INFO ] [eval] step=220,000  eval/mean_reward=0.3  eval/best_mean_reward=0.48
[ETA] step  220,000 / 1,000,000 (22.0%)  elapsed 4.2m  ETA 00:14:44  fps 882
2026-03-15 22:27:18 [INFO ] [train] step=220,000  train/ep_reward_mean=0.04  train/ep_reward_std=0.196  train/ep_len_mean=1
2026-03-15 22:27:28 [INFO ] [eval] step=230,000  eval/mean_reward=0.3  eval/best_mean_reward=0.48
[ETA] step  230,000 / 1,000,000 (23.0%)  elapsed 4.3m  ETA 00:14:29  fps 886
2026-03-15 22:27:28 [INFO ] [train] step=230,000  train/ep_reward_mean=0.02  train/ep_reward_std=0.14  train/ep_len_mean=1
2026-03-15 22:27:38 [INFO ] [eval] step=240,000  eval/mean_reward=0.28  eval/best_mean_reward=0.48
[ETA] step  240,000 / 1,000,000 (24.0%)  elapsed 4.5m  ETA 00:14:14  fps 889
2026-03-15 22:27:38 [INFO ] [train] step=240,000  train/ep_reward_mean=0.03  train/ep_reward_std=0.1706  train/ep_len_mean=1
2026-03-15 22:27:48 [INFO ] [eval] step=250,000  eval/mean_reward=0.04  eval/best_mean_reward=0.48
[ETA] step  250,000 / 1,000,000 (25.0%)  elapsed 4.7m  ETA 00:14:00  fps 892
2026-03-15 22:27:48 [INFO ] [train] step=250,000  train/ep_reward_mean=0.03  train/ep_reward_std=0.1706  train/ep_len_mean=1
2026-03-15 22:27:59 [INFO ] [eval] step=260,000  eval/mean_reward=0.18  eval/best_mean_reward=0.48
[ETA] step  260,000 / 1,000,000 (26.0%)  elapsed 4.8m  ETA 00:13:47  fps 895
2026-03-15 22:27:59 [INFO ] [train] step=260,000  train/ep_reward_mean=0.02  train/ep_reward_std=0.14  train/ep_len_mean=1
2026-03-15 22:28:13 [INFO ] [eval] step=270,000  eval/mean_reward=0.34  eval/best_mean_reward=0.48
[ETA] step  270,000 / 1,000,000 (27.0%)  elapsed 5.1m  ETA 00:13:45  fps 884
2026-03-15 22:28:13 [INFO ] [train] step=270,000  train/ep_reward_mean=0.39  train/ep_reward_std=0.4877  train/ep_len_mean=1
2026-03-15 22:28:29 [INFO ] [eval] step=280,000  eval/mean_reward=0.42  eval/best_mean_reward=0.48
[ETA] step  280,000 / 1,000,000 (28.0%)  elapsed 5.3m  ETA 00:13:45  fps 873
2026-03-15 22:28:29 [INFO ] [train] step=280,000  train/ep_reward_mean=0.36  train/ep_reward_std=0.48  train/ep_len_mean=1
2026-03-15 22:28:46 [INFO ] [eval] step=290,000  eval/mean_reward=0.32  eval/best_mean_reward=0.48
[ETA] step  290,000 / 1,000,000 (29.0%)  elapsed 5.6m  ETA 00:13:47  fps 858
2026-03-15 22:28:46 [INFO ] [train] step=290,000  train/ep_reward_mean=0.36  train/ep_reward_std=0.48  train/ep_len_mean=1
2026-03-15 22:29:00 [INFO ] [eval] step=300,000  eval/mean_reward=0.44  eval/best_mean_reward=0.48
[ETA] step  300,000 / 1,000,000 (30.0%)  elapsed 5.9m  ETA 00:13:42  fps 852
2026-03-15 22:29:00 [INFO ] [train] step=300,000  train/ep_reward_mean=0.42  train/ep_reward_std=0.4936  train/ep_len_mean=1
2026-03-15 22:29:17 [INFO ] [eval] step=310,000  eval/mean_reward=0.4  eval/best_mean_reward=0.48
[ETA] step  310,000 / 1,000,000 (31.0%)  elapsed 6.1m  ETA 00:13:41  fps 840
2026-03-15 22:29:17 [INFO ] [train] step=310,000  train/ep_reward_mean=0.24  train/ep_reward_std=0.4271  train/ep_len_mean=1
2026-03-15 22:29:31 [INFO ] [eval] step=320,000  eval/mean_reward=0.44  eval/best_mean_reward=0.48
[ETA] step  320,000 / 1,000,000 (32.0%)  elapsed 6.4m  ETA 00:13:32  fps 837
2026-03-15 22:29:31 [INFO ] [train] step=320,000  train/ep_reward_mean=0.34  train/ep_reward_std=0.4737  train/ep_len_mean=1
2026-03-15 22:29:44 [INFO ] [eval] step=330,000  eval/mean_reward=0.32  eval/best_mean_reward=0.48
[ETA] step  330,000 / 1,000,000 (33.0%)  elapsed 6.6m  ETA 00:13:23  fps 834
2026-03-15 22:29:44 [INFO ] [train] step=330,000  train/ep_reward_mean=0.21  train/ep_reward_std=0.4073  train/ep_len_mean=1
2026-03-15 22:29:57 [INFO ] [eval] step=340,000  eval/mean_reward=0.38  eval/best_mean_reward=0.48
[ETA] step  340,000 / 1,000,000 (34.0%)  elapsed 6.8m  ETA 00:13:13  fps 832
2026-03-15 22:29:57 [INFO ] [train] step=340,000  train/ep_reward_mean=0.18  train/ep_reward_std=0.3842  train/ep_len_mean=1
2026-03-15 22:30:07 [INFO ] [eval] step=350,000  eval/mean_reward=0.02  eval/best_mean_reward=0.48
[ETA] step  350,000 / 1,000,000 (35.0%)  elapsed 7.0m  ETA 00:12:58  fps 835
2026-03-15 22:30:07 [INFO ] [train] step=350,000  train/ep_reward_mean=0.03  train/ep_reward_std=0.1706  train/ep_len_mean=1
2026-03-15 22:30:18 [INFO ] [eval] step=360,000  eval/mean_reward=0.04  eval/best_mean_reward=0.48
[ETA] step  360,000 / 1,000,000 (36.0%)  elapsed 7.2m  ETA 00:12:43  fps 838
2026-03-15 22:30:18 [INFO ] [train] step=360,000  train/ep_reward_mean=0.06  train/ep_reward_std=0.2375  train/ep_len_mean=1
2026-03-15 22:30:28 [INFO ] [eval] step=370,000  eval/mean_reward=0.1  eval/best_mean_reward=0.48
[ETA] step  370,000 / 1,000,000 (37.0%)  elapsed 7.3m  ETA 00:12:28  fps 841
2026-03-15 22:30:28 [INFO ] [train] step=370,000  train/ep_reward_mean=0.04  train/ep_reward_std=0.196  train/ep_len_mean=1
2026-03-15 22:30:38 [INFO ] [eval] step=380,000  eval/mean_reward=0.04  eval/best_mean_reward=0.48
[ETA] step  380,000 / 1,000,000 (38.0%)  elapsed 7.5m  ETA 00:12:14  fps 844
2026-03-15 22:30:38 [INFO ] [train] step=380,000  train/ep_reward_mean=0.02  train/ep_reward_std=0.14  train/ep_len_mean=1
2026-03-15 22:30:49 [INFO ] [eval] step=390,000  eval/mean_reward=0.12  eval/best_mean_reward=0.48
[ETA] step  390,000 / 1,000,000 (39.0%)  elapsed 7.7m  ETA 00:12:00  fps 847
2026-03-15 22:30:49 [INFO ] [train] step=390,000  train/ep_reward_mean=0.06  train/ep_reward_std=0.2375  train/ep_len_mean=1
2026-03-15 22:31:02 [INFO ] [eval] step=400,000  eval/mean_reward=0.52  eval/best_mean_reward=0.52
[ETA] step  400,000 / 1,000,000 (40.0%)  elapsed 7.9m  ETA 00:11:50  fps 844
2026-03-15 22:31:02 [INFO ] [train] step=400,000  train/ep_reward_mean=0.36  train/ep_reward_std=0.48  train/ep_len_mean=1
2026-03-15 22:31:16 [INFO ] [eval] step=410,000  eval/mean_reward=0.36  eval/best_mean_reward=0.52
[ETA] step  410,000 / 1,000,000 (41.0%)  elapsed 8.1m  ETA 00:11:42  fps 840
2026-03-15 22:31:16 [INFO ] [train] step=410,000  train/ep_reward_mean=0.38  train/ep_reward_std=0.4854  train/ep_len_mean=1
2026-03-15 22:31:31 [INFO ] [eval] step=420,000  eval/mean_reward=0.4  eval/best_mean_reward=0.52
[ETA] step  420,000 / 1,000,000 (42.0%)  elapsed 8.4m  ETA 00:11:34  fps 835
2026-03-15 22:31:31 [INFO ] [train] step=420,000  train/ep_reward_mean=0.35  train/ep_reward_std=0.477  train/ep_len_mean=1
2026-03-15 22:31:45 [INFO ] [eval] step=430,000  eval/mean_reward=0.4  eval/best_mean_reward=0.52
[ETA] step  430,000 / 1,000,000 (43.0%)  elapsed 8.6m  ETA 00:11:25  fps 832
2026-03-15 22:31:45 [INFO ] [train] step=430,000  train/ep_reward_mean=0.32  train/ep_reward_std=0.4665  train/ep_len_mean=1
2026-03-15 22:31:58 [INFO ] [eval] step=440,000  eval/mean_reward=0.4  eval/best_mean_reward=0.52
[ETA] step  440,000 / 1,000,000 (44.0%)  elapsed 8.8m  ETA 00:11:14  fps 830
2026-03-15 22:31:58 [INFO ] [train] step=440,000  train/ep_reward_mean=0.29  train/ep_reward_std=0.4538  train/ep_len_mean=1
2026-03-15 22:32:11 [INFO ] [eval] step=450,000  eval/mean_reward=0.34  eval/best_mean_reward=0.52
[ETA] step  450,000 / 1,000,000 (45.0%)  elapsed 9.1m  ETA 00:11:03  fps 828
2026-03-15 22:32:11 [INFO ] [train] step=450,000  train/ep_reward_mean=0.28  train/ep_reward_std=0.449  train/ep_len_mean=1
2026-03-15 22:32:26 [INFO ] [eval] step=460,000  eval/mean_reward=0.38  eval/best_mean_reward=0.52
[ETA] step  460,000 / 1,000,000 (46.0%)  elapsed 9.3m  ETA 00:10:54  fps 825
2026-03-15 22:32:26 [INFO ] [train] step=460,000  train/ep_reward_mean=0.24  train/ep_reward_std=0.4271  train/ep_len_mean=1
2026-03-15 22:32:38 [INFO ] [eval] step=470,000  eval/mean_reward=0.02  eval/best_mean_reward=0.52
[ETA] step  470,000 / 1,000,000 (47.0%)  elapsed 9.5m  ETA 00:10:42  fps 824
2026-03-15 22:32:38 [INFO ] [train] step=470,000  train/ep_reward_mean=0.04  train/ep_reward_std=0.196  train/ep_len_mean=1
2026-03-15 22:32:49 [INFO ] [eval] step=480,000  eval/mean_reward=0.18  eval/best_mean_reward=0.52
[ETA] step  480,000 / 1,000,000 (48.0%)  elapsed 9.7m  ETA 00:10:29  fps 827
2026-03-15 22:32:49 [INFO ] [train] step=480,000  train/ep_reward_mean=0.01  train/ep_reward_std=0.0995  train/ep_len_mean=1
2026-03-15 22:33:00 [INFO ] [eval] step=490,000  eval/mean_reward=0.24  eval/best_mean_reward=0.52
[ETA] step  490,000 / 1,000,000 (49.0%)  elapsed 9.9m  ETA 00:10:16  fps 828
2026-03-15 22:33:00 [INFO ] [train] step=490,000  train/ep_reward_mean=0.02  train/ep_reward_std=0.14  train/ep_len_mean=1
2026-03-15 22:33:10 [INFO ] [eval] step=500,000  eval/mean_reward=0.16  eval/best_mean_reward=0.52
[ETA] step  500,000 / 1,000,000 (50.0%)  elapsed 10.0m  ETA 00:10:02  fps 830
2026-03-15 22:33:10 [INFO ] [train] step=500,000  train/ep_reward_mean=0.04  train/ep_reward_std=0.196  train/ep_len_mean=1
2026-03-15 22:33:21 [INFO ] [eval] step=510,000  eval/mean_reward=0.12  eval/best_mean_reward=0.52
[ETA] step  510,000 / 1,000,000 (51.0%)  elapsed 10.2m  ETA 00:09:48  fps 832
2026-03-15 22:33:21 [INFO ] [train] step=510,000  train/ep_reward_mean=0.03  train/ep_reward_std=0.1706  train/ep_len_mean=1
2026-03-15 22:33:32 [INFO ] [eval] step=520,000  eval/mean_reward=0.02  eval/best_mean_reward=0.52
[ETA] step  520,000 / 1,000,000 (52.0%)  elapsed 10.4m  ETA 00:09:35  fps 834
2026-03-15 22:33:32 [INFO ] [train] step=520,000  train/ep_reward_mean=0.06  train/ep_reward_std=0.2375  train/ep_len_mean=1
2026-03-15 22:33:44 [INFO ] [eval] step=530,000  eval/mean_reward=0.36  eval/best_mean_reward=0.52
[ETA] step  530,000 / 1,000,000 (53.0%)  elapsed 10.6m  ETA 00:09:24  fps 833
2026-03-15 22:33:44 [INFO ] [train] step=530,000  train/ep_reward_mean=0.41  train/ep_reward_std=0.4918  train/ep_len_mean=1
2026-03-15 22:33:58 [INFO ] [eval] step=540,000  eval/mean_reward=0.6  eval/best_mean_reward=0.6
[ETA] step  540,000 / 1,000,000 (54.0%)  elapsed 10.8m  ETA 00:09:13  fps 831
2026-03-15 22:33:58 [INFO ] [train] step=540,000  train/ep_reward_mean=0.42  train/ep_reward_std=0.4936  train/ep_len_mean=1
2026-03-15 22:34:12 [INFO ] [eval] step=550,000  eval/mean_reward=0.68  eval/best_mean_reward=0.68
[ETA] step  550,000 / 1,000,000 (55.0%)  elapsed 11.1m  ETA 00:09:03  fps 828
2026-03-15 22:34:12 [INFO ] [train] step=550,000  train/ep_reward_mean=0.46  train/ep_reward_std=0.4984  train/ep_len_mean=1
2026-03-15 22:34:26 [INFO ] [eval] step=560,000  eval/mean_reward=0.68  eval/best_mean_reward=0.68
[ETA] step  560,000 / 1,000,000 (56.0%)  elapsed 11.3m  ETA 00:08:52  fps 826
2026-03-15 22:34:26 [INFO ] [train] step=560,000  train/ep_reward_mean=0.44  train/ep_reward_std=0.4964  train/ep_len_mean=1
2026-03-15 22:34:39 [INFO ] [eval] step=570,000  eval/mean_reward=0.62  eval/best_mean_reward=0.68
[ETA] step  570,000 / 1,000,000 (57.0%)  elapsed 11.5m  ETA 00:08:41  fps 825
2026-03-15 22:34:39 [INFO ] [train] step=570,000  train/ep_reward_mean=0.53  train/ep_reward_std=0.4991  train/ep_len_mean=1
2026-03-15 22:34:52 [INFO ] [eval] step=580,000  eval/mean_reward=0.6  eval/best_mean_reward=0.68
[ETA] step  580,000 / 1,000,000 (58.0%)  elapsed 11.7m  ETA 00:08:29  fps 824
2026-03-15 22:34:52 [INFO ] [train] step=580,000  train/ep_reward_mean=0.48  train/ep_reward_std=0.4996  train/ep_len_mean=1
2026-03-15 22:35:05 [INFO ] [eval] step=590,000  eval/mean_reward=0.6  eval/best_mean_reward=0.68
[ETA] step  590,000 / 1,000,000 (59.0%)  elapsed 11.9m  ETA 00:08:17  fps 823
2026-03-15 22:35:05 [INFO ] [train] step=590,000  train/ep_reward_mean=0.42  train/ep_reward_std=0.4936  train/ep_len_mean=1
2026-03-15 22:35:18 [INFO ] [eval] step=600,000  eval/mean_reward=0.66  eval/best_mean_reward=0.68
[ETA] step  600,000 / 1,000,000 (60.0%)  elapsed 12.2m  ETA 00:08:06  fps 822
2026-03-15 22:35:18 [INFO ] [train] step=600,000  train/ep_reward_mean=0.35  train/ep_reward_std=0.477  train/ep_len_mean=1
2026-03-15 22:35:31 [INFO ] [eval] step=610,000  eval/mean_reward=0.1  eval/best_mean_reward=0.68
[ETA] step  610,000 / 1,000,000 (61.0%)  elapsed 12.4m  ETA 00:07:54  fps 822
2026-03-15 22:35:31 [INFO ] [train] step=610,000  train/ep_reward_mean=0.02  train/ep_reward_std=0.14  train/ep_len_mean=1
2026-03-15 22:35:41 [INFO ] [eval] step=620,000  eval/mean_reward=0.44  eval/best_mean_reward=0.68
[ETA] step  620,000 / 1,000,000 (62.0%)  elapsed 12.5m  ETA 00:07:41  fps 824
2026-03-15 22:35:41 [INFO ] [train] step=620,000  train/ep_reward_mean=0.05  train/ep_reward_std=0.2179  train/ep_len_mean=1
2026-03-15 22:35:51 [INFO ] [eval] step=630,000  eval/mean_reward=0.18  eval/best_mean_reward=0.68
[ETA] step  630,000 / 1,000,000 (63.0%)  elapsed 12.7m  ETA 00:07:28  fps 826
2026-03-15 22:35:51 [INFO ] [train] step=630,000  train/ep_reward_mean=0.01  train/ep_reward_std=0.0995  train/ep_len_mean=1
2026-03-15 22:36:02 [INFO ] [eval] step=640,000  eval/mean_reward=0.02  eval/best_mean_reward=0.68
[ETA] step  640,000 / 1,000,000 (64.0%)  elapsed 12.9m  ETA 00:07:15  fps 827
2026-03-15 22:36:02 [INFO ] [train] step=640,000  train/ep_reward_mean=0.03  train/ep_reward_std=0.1706  train/ep_len_mean=1
2026-03-15 22:36:12 [INFO ] [eval] step=650,000  eval/mean_reward=0.08  eval/best_mean_reward=0.68
[ETA] step  650,000 / 1,000,000 (65.0%)  elapsed 13.1m  ETA 00:07:02  fps 829
2026-03-15 22:36:12 [INFO ] [train] step=650,000  train/ep_reward_mean=0.06  train/ep_reward_std=0.2375  train/ep_len_mean=1
2026-03-15 22:36:22 [INFO ] [eval] step=660,000  eval/mean_reward=0  eval/best_mean_reward=0.68
[ETA] step  660,000 / 1,000,000 (66.0%)  elapsed 13.2m  ETA 00:06:49  fps 831
2026-03-15 22:36:22 [INFO ] [train] step=660,000  train/ep_reward_mean=0.04  train/ep_reward_std=0.196  train/ep_len_mean=1
2026-03-15 22:36:33 [INFO ] [eval] step=670,000  eval/mean_reward=0.02  eval/best_mean_reward=0.68
[ETA] step  670,000 / 1,000,000 (67.0%)  elapsed 13.4m  ETA 00:06:36  fps 833
2026-03-15 22:36:33 [INFO ] [train] step=670,000  train/ep_reward_mean=0.06  train/ep_reward_std=0.2375  train/ep_len_mean=1
2026-03-15 22:36:44 [INFO ] [eval] step=680,000  eval/mean_reward=0.04  eval/best_mean_reward=0.68
[ETA] step  680,000 / 1,000,000 (68.0%)  elapsed 13.6m  ETA 00:06:23  fps 834
2026-03-15 22:36:44 [INFO ] [train] step=680,000  train/ep_reward_mean=0.05  train/ep_reward_std=0.2179  train/ep_len_mean=1
2026-03-15 22:36:57 [INFO ] [eval] step=690,000  eval/mean_reward=0.6  eval/best_mean_reward=0.68
[ETA] step  690,000 / 1,000,000 (69.0%)  elapsed 13.8m  ETA 00:06:12  fps 832
2026-03-15 22:36:57 [INFO ] [train] step=690,000  train/ep_reward_mean=0.55  train/ep_reward_std=0.4975  train/ep_len_mean=1
2026-03-15 22:37:10 [INFO ] [eval] step=700,000  eval/mean_reward=0.66  eval/best_mean_reward=0.68
[ETA] step  700,000 / 1,000,000 (70.0%)  elapsed 14.0m  ETA 00:06:00  fps 831
2026-03-15 22:37:10 [INFO ] [train] step=700,000  train/ep_reward_mean=0.49  train/ep_reward_std=0.4999  train/ep_len_mean=1
2026-03-15 22:37:23 [INFO ] [eval] step=710,000  eval/mean_reward=0.48  eval/best_mean_reward=0.68
[ETA] step  710,000 / 1,000,000 (71.0%)  elapsed 14.2m  ETA 00:05:49  fps 831
2026-03-15 22:37:23 [INFO ] [train] step=710,000  train/ep_reward_mean=0.68  train/ep_reward_std=0.4665  train/ep_len_mean=1
2026-03-15 22:37:35 [INFO ] [eval] step=720,000  eval/mean_reward=0.72  eval/best_mean_reward=0.72
[ETA] step  720,000 / 1,000,000 (72.0%)  elapsed 14.4m  ETA 00:05:37  fps 830
2026-03-15 22:37:35 [INFO ] [train] step=720,000  train/ep_reward_mean=0.61  train/ep_reward_std=0.4877  train/ep_len_mean=1
2026-03-15 22:37:49 [INFO ] [eval] step=730,000  eval/mean_reward=0.64  eval/best_mean_reward=0.72
[ETA] step  730,000 / 1,000,000 (73.0%)  elapsed 14.7m  ETA 00:05:25  fps 829
2026-03-15 22:37:49 [INFO ] [train] step=730,000  train/ep_reward_mean=0.65  train/ep_reward_std=0.477  train/ep_len_mean=1
2026-03-15 22:38:03 [INFO ] [eval] step=740,000  eval/mean_reward=0.78  eval/best_mean_reward=0.78
[ETA] step  740,000 / 1,000,000 (74.0%)  elapsed 14.9m  ETA 00:05:14  fps 827
2026-03-15 22:38:03 [INFO ] [train] step=740,000  train/ep_reward_mean=0.61  train/ep_reward_std=0.4877  train/ep_len_mean=1
2026-03-15 22:38:15 [INFO ] [eval] step=750,000  eval/mean_reward=0.68  eval/best_mean_reward=0.78
[ETA] step  750,000 / 1,000,000 (75.0%)  elapsed 15.1m  ETA 00:05:02  fps 827
2026-03-15 22:38:15 [INFO ] [train] step=750,000  train/ep_reward_mean=0.6  train/ep_reward_std=0.4899  train/ep_len_mean=1
2026-03-15 22:38:27 [INFO ] [eval] step=760,000  eval/mean_reward=0.66  eval/best_mean_reward=0.78
[ETA] step  760,000 / 1,000,000 (76.0%)  elapsed 15.3m  ETA 00:04:50  fps 827
2026-03-15 22:38:27 [INFO ] [train] step=760,000  train/ep_reward_mean=0.49  train/ep_reward_std=0.4999  train/ep_len_mean=1
2026-03-15 22:38:41 [INFO ] [eval] step=770,000  eval/mean_reward=0.82  eval/best_mean_reward=0.82
[ETA] step  770,000 / 1,000,000 (77.0%)  elapsed 15.5m  ETA 00:04:38  fps 826
2026-03-15 22:38:41 [INFO ] [train] step=770,000  train/ep_reward_mean=0.36  train/ep_reward_std=0.48  train/ep_len_mean=1
2026-03-15 22:38:52 [INFO ] [eval] step=780,000  eval/mean_reward=0.14  eval/best_mean_reward=0.82
[ETA] step  780,000 / 1,000,000 (78.0%)  elapsed 15.7m  ETA 00:04:26  fps 826
2026-03-15 22:38:52 [INFO ] [train] step=780,000  train/ep_reward_mean=0.03  train/ep_reward_std=0.1706  train/ep_len_mean=1
2026-03-15 22:39:02 [INFO ] [eval] step=790,000  eval/mean_reward=0.04  eval/best_mean_reward=0.82
[ETA] step  790,000 / 1,000,000 (79.0%)  elapsed 15.9m  ETA 00:04:13  fps 828
2026-03-15 22:39:02 [INFO ] [train] step=790,000  train/ep_reward_mean=0.01  train/ep_reward_std=0.0995  train/ep_len_mean=1
2026-03-15 22:39:12 [INFO ] [eval] step=800,000  eval/mean_reward=0.06  eval/best_mean_reward=0.82
[ETA] step  800,000 / 1,000,000 (80.0%)  elapsed 16.1m  ETA 00:04:01  fps 830
2026-03-15 22:39:12 [INFO ] [train] step=800,000  train/ep_reward_mean=0.04  train/ep_reward_std=0.196  train/ep_len_mean=1
2026-03-15 22:39:23 [INFO ] [eval] step=810,000  eval/mean_reward=0.04  eval/best_mean_reward=0.82
[ETA] step  810,000 / 1,000,000 (81.0%)  elapsed 16.2m  ETA 00:03:48  fps 831
2026-03-15 22:39:23 [INFO ] [train] step=810,000  train/ep_reward_mean=0.02  train/ep_reward_std=0.14  train/ep_len_mean=1
2026-03-15 22:39:33 [INFO ] [eval] step=820,000  eval/mean_reward=0.02  eval/best_mean_reward=0.82
[ETA] step  820,000 / 1,000,000 (82.0%)  elapsed 16.4m  ETA 00:03:36  fps 833
2026-03-15 22:39:33 [INFO ] [train] step=820,000  train/ep_reward_mean=0.04  train/ep_reward_std=0.196  train/ep_len_mean=1
2026-03-15 22:39:43 [INFO ] [eval] step=830,000  eval/mean_reward=0.12  eval/best_mean_reward=0.82
[ETA] step  830,000 / 1,000,000 (83.0%)  elapsed 16.6m  ETA 00:03:23  fps 834
2026-03-15 22:39:43 [INFO ] [train] step=830,000  train/ep_reward_mean=0.05  train/ep_reward_std=0.2179  train/ep_len_mean=1
2026-03-15 22:39:53 [INFO ] [eval] step=840,000  eval/mean_reward=0.08  eval/best_mean_reward=0.82
[ETA] step  840,000 / 1,000,000 (84.0%)  elapsed 16.8m  ETA 00:03:11  fps 836
2026-03-15 22:39:53 [INFO ] [train] step=840,000  train/ep_reward_mean=0.03  train/ep_reward_std=0.1706  train/ep_len_mean=1
2026-03-15 22:40:04 [INFO ] [eval] step=850,000  eval/mean_reward=0.12  eval/best_mean_reward=0.82
[ETA] step  850,000 / 1,000,000 (85.0%)  elapsed 16.9m  ETA 00:02:59  fps 837
2026-03-15 22:40:04 [INFO ] [train] step=850,000  train/ep_reward_mean=0.02  train/ep_reward_std=0.14  train/ep_len_mean=1
2026-03-15 22:40:14 [INFO ] [eval] step=860,000  eval/mean_reward=0.06  eval/best_mean_reward=0.82
[ETA] step  860,000 / 1,000,000 (86.0%)  elapsed 17.1m  ETA 00:02:47  fps 838
2026-03-15 22:40:14 [INFO ] [train] step=860,000  train/ep_reward_mean=0.02  train/ep_reward_std=0.14  train/ep_len_mean=1
2026-03-15 22:40:26 [INFO ] [eval] step=870,000  eval/mean_reward=0.42  eval/best_mean_reward=0.82
[ETA] step  870,000 / 1,000,000 (87.0%)  elapsed 17.3m  ETA 00:02:35  fps 838
2026-03-15 22:40:26 [INFO ] [train] step=870,000  train/ep_reward_mean=0.47  train/ep_reward_std=0.4991  train/ep_len_mean=1
2026-03-15 22:40:40 [INFO ] [eval] step=880,000  eval/mean_reward=0.76  eval/best_mean_reward=0.82
[ETA] step  880,000 / 1,000,000 (88.0%)  elapsed 17.5m  ETA 00:02:23  fps 836
2026-03-15 22:40:40 [INFO ] [train] step=880,000  train/ep_reward_mean=0.52  train/ep_reward_std=0.4996  train/ep_len_mean=1
2026-03-15 22:40:52 [INFO ] [eval] step=890,000  eval/mean_reward=0.68  eval/best_mean_reward=0.82
[ETA] step  890,000 / 1,000,000 (89.0%)  elapsed 17.7m  ETA 00:02:11  fps 836
2026-03-15 22:40:52 [INFO ] [train] step=890,000  train/ep_reward_mean=0.72  train/ep_reward_std=0.449  train/ep_len_mean=1
2026-03-15 22:41:05 [INFO ] [eval] step=900,000  eval/mean_reward=0.58  eval/best_mean_reward=0.82
[ETA] step  900,000 / 1,000,000 (90.0%)  elapsed 17.9m  ETA 00:01:59  fps 836
2026-03-15 22:41:05 [INFO ] [train] step=900,000  train/ep_reward_mean=0.78  train/ep_reward_std=0.4142  train/ep_len_mean=1
2026-03-15 22:41:17 [INFO ] [eval] step=910,000  eval/mean_reward=0.84  eval/best_mean_reward=0.84
[ETA] step  910,000 / 1,000,000 (91.0%)  elapsed 18.1m  ETA 00:01:47  fps 836
2026-03-15 22:41:17 [INFO ] [train] step=910,000  train/ep_reward_mean=0.7  train/ep_reward_std=0.4583  train/ep_len_mean=1
2026-03-15 22:41:29 [INFO ] [eval] step=920,000  eval/mean_reward=0.76  eval/best_mean_reward=0.84
[ETA] step  920,000 / 1,000,000 (92.0%)  elapsed 18.4m  ETA 00:01:35  fps 835
2026-03-15 22:41:29 [INFO ] [train] step=920,000  train/ep_reward_mean=0.65  train/ep_reward_std=0.477  train/ep_len_mean=1
2026-03-15 22:41:41 [INFO ] [eval] step=930,000  eval/mean_reward=0.86  eval/best_mean_reward=0.86
[ETA] step  930,000 / 1,000,000 (93.0%)  elapsed 18.5m  ETA 00:01:23  fps 836
2026-03-15 22:41:41 [INFO ] [train] step=930,000  train/ep_reward_mean=0.71  train/ep_reward_std=0.4538  train/ep_len_mean=1
2026-03-15 22:41:53 [INFO ] [eval] step=940,000  eval/mean_reward=0.78  eval/best_mean_reward=0.86
[ETA] step  940,000 / 1,000,000 (94.0%)  elapsed 18.8m  ETA 00:01:11  fps 836
2026-03-15 22:41:53 [INFO ] [train] step=940,000  train/ep_reward_mean=0.65  train/ep_reward_std=0.477  train/ep_len_mean=1
2026-03-15 22:42:05 [INFO ] [eval] step=950,000  eval/mean_reward=0.8  eval/best_mean_reward=0.86
[ETA] step  950,000 / 1,000,000 (95.0%)  elapsed 18.9m  ETA 00:00:59  fps 836
2026-03-15 22:42:05 [INFO ] [train] step=950,000  train/ep_reward_mean=0.42  train/ep_reward_std=0.4936  train/ep_len_mean=1
2026-03-15 22:42:18 [INFO ] [eval] step=960,000  eval/mean_reward=0.5  eval/best_mean_reward=0.86
[ETA] step  960,000 / 1,000,000 (96.0%)  elapsed 19.2m  ETA 00:00:47  fps 835
2026-03-15 22:42:18 [INFO ] [train] step=960,000  train/ep_reward_mean=0.35  train/ep_reward_std=0.477  train/ep_len_mean=1
2026-03-15 22:42:29 [INFO ] [eval] step=970,000  eval/mean_reward=0.1  eval/best_mean_reward=0.86
[ETA] step  970,000 / 1,000,000 (97.0%)  elapsed 19.3m  ETA 00:00:35  fps 836
2026-03-15 22:42:29 [INFO ] [train] step=970,000  train/ep_reward_mean=0.04  train/ep_reward_std=0.196  train/ep_len_mean=1
2026-03-15 22:42:39 [INFO ] [eval] step=980,000  eval/mean_reward=0.2  eval/best_mean_reward=0.86
[ETA] step  980,000 / 1,000,000 (98.0%)  elapsed 19.5m  ETA 00:00:23  fps 837
2026-03-15 22:42:39 [INFO ] [train] step=980,000  train/ep_reward_mean=0.01  train/ep_reward_std=0.0995  train/ep_len_mean=1
2026-03-15 22:42:49 [INFO ] [eval] step=990,000  eval/mean_reward=0.2  eval/best_mean_reward=0.86
[ETA] step  990,000 / 1,000,000 (99.0%)  elapsed 19.7m  ETA 00:00:11  fps 838
2026-03-15 22:42:49 [INFO ] [train] step=990,000  train/ep_reward_mean=0.01  train/ep_reward_std=0.0995  train/ep_len_mean=1
2026-03-15 22:42:59 [INFO ] [eval] step=1,000,000  eval/mean_reward=0.1  eval/best_mean_reward=0.86
[ETA] step 1,000,000 / 1,000,000 (100.0%)  elapsed 19.9m  ETA 00:00:00  fps 840
2026-03-15 22:42:59 [INFO ] [train] step=1,000,000  train/ep_reward_mean=0.02  train/ep_reward_std=0.14  train/ep_len_mean=1

[3/3] Evaluating best SAC checkpoint (500 episodes)...
2026-03-15 22:43:01 [INFO ] === FINAL RESULTS ===
{
  "algo": "SAC",
  "n_balls": 1,
  "max_steps": 1,
  "step_penalty": 0.0,
  "trunc_penalty": 0.0,
  "progressive_penalty": false,
  "clear_bonus": 0.0,
  "shots_taken": false,
  "learning_rate": 0.0003,
  "gradient_steps": 1,
  "steps": 1000000,
  "seed": 42,
  "random_pocket_rate": 2.8,
  "trained_pocket_rate": 81.4,
  "clear_rate": 81.4,
  "improvement_pp": 78.6,
  "training_time_sec": 1191.5,
  "avg_fps": 839.0,
  "exp_dir": "logs/experiments/SAC_1000k_s42_sp0.0_tp0.0_legacyplace_20260315_222305"
}
2026-03-15 22:43:01 [INFO ] === Experiment finished: SAC_1000k_s42_sp0.0_tp0.0_legacyplace_20260315_222305 ===

  ─────────────────────────────────────────────
  SAC pocket rate  : 81.4%
  Random            : 2.8%
  Improvement       : +78.6pp
  Training time     : 19.9 min  (839 fps)
  Saved → logs/experiments/SAC_1000k_s42_sp0.0_tp0.0_legacyplace_20260315_222305
  TensorBoard → tensorboard --logdir logs/tensorboard

  [legacy (원본 배치)] pocket=81.4%  random=2.8%

============================================================
  Condition: current (현재 배치)
  legacy_placement=False  |  scratch_penalty=disabled(n_balls=1)
  SAC, n_balls=1, 1000k steps, seed=42
  Started: 2026-03-15 22:43:01
============================================================

=======================================================
  billiards-rl — SAC  |  1,000,000 steps  |  seed 42  |  env single
  exp_dir : logs/experiments/SAC_1000k_s42_sp0.0_tp0.0_20260315_224301
=======================================================

[1/3] Random agent baseline (500 episodes)...
      Random pocket rate: 4.2%  (avg 0.04/1 balls)

[2/3] Training SAC — 1,000,000 steps × 10 envs ...
2026-03-15 22:43:02 [INFO ] Aim run: 3deb3e91b4fb4fdd8e756a35  (aim up → localhost:43800)
2026-03-15 22:43:02 [INFO ] === Experiment started: SAC_1000k_s42_sp0.0_tp0.0_20260315_224301 ===
/Users/yj/Documents/billiards-rl/.venv/lib/python3.13/site-packages/stable_baselines3/common/callbacks.py:418: UserWarning: Training and eval env are not of the same type<stable_baselines3.common.vec_env.subproc_vec_env.SubprocVecEnv object at 0x118781450> != <stable_baselines3.common.vec_env.dummy_vec_env.DummyVecEnv object at 0x129423390>
  warnings.warn("Training and eval env are not of the same type" f"{self.training_env} != {self.eval_env}")
2026-03-15 22:43:11 [INFO ] [eval] step=10,000  eval/mean_reward=0.28  eval/best_mean_reward=0.28
[ETA] step   10,000 / 1,000,000 (1.0%)  elapsed 0.1m  ETA 00:13:22  fps 1234
2026-03-15 22:43:11 [INFO ] [train] step=10,000  train/ep_reward_mean=0.04  train/ep_reward_std=0.196  train/ep_len_mean=1
2026-03-15 22:43:21 [INFO ] [eval] step=20,000  eval/mean_reward=0.22  eval/best_mean_reward=0.28
[ETA] step   20,000 / 1,000,000 (2.0%)  elapsed 0.3m  ETA 00:14:49  fps 1102
2026-03-15 22:43:21 [INFO ] [train] step=20,000  train/ep_reward_mean=0.05  train/ep_reward_std=0.2179  train/ep_len_mean=1
2026-03-15 22:43:31 [INFO ] [eval] step=30,000  eval/mean_reward=0.28  eval/best_mean_reward=0.28
[ETA] step   30,000 / 1,000,000 (3.0%)  elapsed 0.5m  ETA 00:15:16  fps 1059
2026-03-15 22:43:31 [INFO ] [train] step=30,000  train/ep_reward_mean=0.03  train/ep_reward_std=0.1706  train/ep_len_mean=1
2026-03-15 22:43:41 [INFO ] [eval] step=40,000  eval/mean_reward=0.3  eval/best_mean_reward=0.3
[ETA] step   40,000 / 1,000,000 (4.0%)  elapsed 0.6m  ETA 00:15:22  fps 1040
2026-03-15 22:43:41 [INFO ] [train] step=40,000  train/ep_reward_mean=0.04  train/ep_reward_std=0.196  train/ep_len_mean=1
2026-03-15 22:43:51 [INFO ] [eval] step=50,000  eval/mean_reward=0.28  eval/best_mean_reward=0.3
[ETA] step   50,000 / 1,000,000 (5.0%)  elapsed 0.8m  ETA 00:15:23  fps 1029
2026-03-15 22:43:51 [INFO ] [train] step=50,000  train/ep_reward_mean=0.01  train/ep_reward_std=0.0995  train/ep_len_mean=1
2026-03-15 22:44:01 [INFO ] [eval] step=60,000  eval/mean_reward=0.18  eval/best_mean_reward=0.3
[ETA] step   60,000 / 1,000,000 (6.0%)  elapsed 1.0m  ETA 00:15:19  fps 1022
2026-03-15 22:44:01 [INFO ] [train] step=60,000  train/ep_reward_mean=0.04  train/ep_reward_std=0.196  train/ep_len_mean=1
2026-03-15 22:44:12 [INFO ] [eval] step=70,000  eval/mean_reward=0.28  eval/best_mean_reward=0.3
[ETA] step   70,000 / 1,000,000 (7.0%)  elapsed 1.1m  ETA 00:15:16  fps 1015
2026-03-15 22:44:12 [INFO ] [train] step=70,000  train/ep_reward_mean=0.03  train/ep_reward_std=0.1706  train/ep_len_mean=1
2026-03-15 22:44:22 [INFO ] [eval] step=80,000  eval/mean_reward=0.1  eval/best_mean_reward=0.3
[ETA] step   80,000 / 1,000,000 (8.0%)  elapsed 1.3m  ETA 00:15:14  fps 1006
2026-03-15 22:44:22 [INFO ] [train] step=80,000  train/ep_reward_mean=0  train/ep_reward_std=0  train/ep_len_mean=1
2026-03-15 22:44:33 [INFO ] [eval] step=90,000  eval/mean_reward=0.18  eval/best_mean_reward=0.3
[ETA] step   90,000 / 1,000,000 (9.0%)  elapsed 1.5m  ETA 00:15:10  fps 999
2026-03-15 22:44:33 [INFO ] [train] step=90,000  train/ep_reward_mean=0.04  train/ep_reward_std=0.196  train/ep_len_mean=1
2026-03-15 22:44:43 [INFO ] [eval] step=100,000  eval/mean_reward=0.32  eval/best_mean_reward=0.32
[ETA] step  100,000 / 1,000,000 (10.0%)  elapsed 1.7m  ETA 00:15:03  fps 996
2026-03-15 22:44:43 [INFO ] [train] step=100,000  train/ep_reward_mean=0.03  train/ep_reward_std=0.1706  train/ep_len_mean=1
2026-03-15 22:44:54 [INFO ] [eval] step=110,000  eval/mean_reward=0.16  eval/best_mean_reward=0.32
[ETA] step  110,000 / 1,000,000 (11.0%)  elapsed 1.8m  ETA 00:14:56  fps 992
2026-03-15 22:44:54 [INFO ] [train] step=110,000  train/ep_reward_mean=0.07  train/ep_reward_std=0.2551  train/ep_len_mean=1
2026-03-15 22:45:05 [INFO ] [eval] step=120,000  eval/mean_reward=0.4  eval/best_mean_reward=0.4
[ETA] step  120,000 / 1,000,000 (12.0%)  elapsed 2.0m  ETA 00:14:54  fps 984
2026-03-15 22:45:05 [INFO ] [train] step=120,000  train/ep_reward_mean=0.24  train/ep_reward_std=0.4271  train/ep_len_mean=1
2026-03-15 22:45:18 [INFO ] [eval] step=130,000  eval/mean_reward=0.28  eval/best_mean_reward=0.4
[ETA] step  130,000 / 1,000,000 (13.0%)  elapsed 2.2m  ETA 00:15:03  fps 963
2026-03-15 22:45:18 [INFO ] [train] step=130,000  train/ep_reward_mean=0.28  train/ep_reward_std=0.449  train/ep_len_mean=1
2026-03-15 22:45:31 [INFO ] [eval] step=140,000  eval/mean_reward=0.32  eval/best_mean_reward=0.4
[ETA] step  140,000 / 1,000,000 (14.0%)  elapsed 2.5m  ETA 00:15:08  fps 946
2026-03-15 22:45:31 [INFO ] [train] step=140,000  train/ep_reward_mean=0.26  train/ep_reward_std=0.4386  train/ep_len_mean=1
2026-03-15 22:45:44 [INFO ] [eval] step=150,000  eval/mean_reward=0.3  eval/best_mean_reward=0.4
[ETA] step  150,000 / 1,000,000 (15.0%)  elapsed 2.7m  ETA 00:15:15  fps 929
2026-03-15 22:45:44 [INFO ] [train] step=150,000  train/ep_reward_mean=0.29  train/ep_reward_std=0.4538  train/ep_len_mean=1
2026-03-15 22:45:57 [INFO ] [eval] step=160,000  eval/mean_reward=0.38  eval/best_mean_reward=0.4
[ETA] step  160,000 / 1,000,000 (16.0%)  elapsed 2.9m  ETA 00:15:15  fps 917
2026-03-15 22:45:57 [INFO ] [train] step=160,000  train/ep_reward_mean=0.32  train/ep_reward_std=0.4665  train/ep_len_mean=1
2026-03-15 22:46:10 [INFO ] [eval] step=170,000  eval/mean_reward=0.48  eval/best_mean_reward=0.48
[ETA] step  170,000 / 1,000,000 (17.0%)  elapsed 3.1m  ETA 00:15:14  fps 907
2026-03-15 22:46:10 [INFO ] [train] step=170,000  train/ep_reward_mean=0.31  train/ep_reward_std=0.4625  train/ep_len_mean=1
2026-03-15 22:46:23 [INFO ] [eval] step=180,000  eval/mean_reward=0.48  eval/best_mean_reward=0.48
[ETA] step  180,000 / 1,000,000 (18.0%)  elapsed 3.3m  ETA 00:15:11  fps 899
2026-03-15 22:46:23 [INFO ] [train] step=180,000  train/ep_reward_mean=0.3  train/ep_reward_std=0.4583  train/ep_len_mean=1
2026-03-15 22:46:36 [INFO ] [eval] step=190,000  eval/mean_reward=0.26  eval/best_mean_reward=0.48
[ETA] step  190,000 / 1,000,000 (19.0%)  elapsed 3.6m  ETA 00:15:08  fps 892
2026-03-15 22:46:36 [INFO ] [train] step=190,000  train/ep_reward_mean=0.19  train/ep_reward_std=0.3923  train/ep_len_mean=1
2026-03-15 22:46:48 [INFO ] [eval] step=200,000  eval/mean_reward=0.3  eval/best_mean_reward=0.48
[ETA] step  200,000 / 1,000,000 (20.0%)  elapsed 3.8m  ETA 00:15:03  fps 886
2026-03-15 22:46:48 [INFO ] [train] step=200,000  train/ep_reward_mean=0.26  train/ep_reward_std=0.4386  train/ep_len_mean=1
2026-03-15 22:47:01 [INFO ] [eval] step=210,000  eval/mean_reward=0.32  eval/best_mean_reward=0.48
[ETA] step  210,000 / 1,000,000 (21.0%)  elapsed 4.0m  ETA 00:14:57  fps 881
2026-03-15 22:47:01 [INFO ] [train] step=210,000  train/ep_reward_mean=0.3  train/ep_reward_std=0.4583  train/ep_len_mean=1
2026-03-15 22:47:15 [INFO ] [eval] step=220,000  eval/mean_reward=0.4  eval/best_mean_reward=0.48
[ETA] step  220,000 / 1,000,000 (22.0%)  elapsed 4.2m  ETA 00:14:54  fps 872
2026-03-15 22:47:15 [INFO ] [train] step=220,000  train/ep_reward_mean=0.29  train/ep_reward_std=0.4538  train/ep_len_mean=1
2026-03-15 22:47:28 [INFO ] [eval] step=230,000  eval/mean_reward=0.22  eval/best_mean_reward=0.48
[ETA] step  230,000 / 1,000,000 (23.0%)  elapsed 4.4m  ETA 00:14:47  fps 868
2026-03-15 22:47:28 [INFO ] [train] step=230,000  train/ep_reward_mean=0.28  train/ep_reward_std=0.449  train/ep_len_mean=1
2026-03-15 22:47:41 [INFO ] [eval] step=240,000  eval/mean_reward=0.42  eval/best_mean_reward=0.48
[ETA] step  240,000 / 1,000,000 (24.0%)  elapsed 4.6m  ETA 00:14:40  fps 863
2026-03-15 22:47:41 [INFO ] [train] step=240,000  train/ep_reward_mean=0.3  train/ep_reward_std=0.4583  train/ep_len_mean=1
2026-03-15 22:47:54 [INFO ] [eval] step=250,000  eval/mean_reward=0.3  eval/best_mean_reward=0.48
[ETA] step  250,000 / 1,000,000 (25.0%)  elapsed 4.9m  ETA 00:14:34  fps 858
2026-03-15 22:47:54 [INFO ] [train] step=250,000  train/ep_reward_mean=0.25  train/ep_reward_std=0.433  train/ep_len_mean=1
2026-03-15 22:48:07 [INFO ] [eval] step=260,000  eval/mean_reward=0.38  eval/best_mean_reward=0.48
[ETA] step  260,000 / 1,000,000 (26.0%)  elapsed 5.1m  ETA 00:14:26  fps 854
2026-03-15 22:48:07 [INFO ] [train] step=260,000  train/ep_reward_mean=0.27  train/ep_reward_std=0.444  train/ep_len_mean=1
2026-03-15 22:48:21 [INFO ] [eval] step=270,000  eval/mean_reward=0.34  eval/best_mean_reward=0.48
[ETA] step  270,000 / 1,000,000 (27.0%)  elapsed 5.3m  ETA 00:14:20  fps 849
2026-03-15 22:48:21 [INFO ] [train] step=270,000  train/ep_reward_mean=0.19  train/ep_reward_std=0.3923  train/ep_len_mean=1
2026-03-15 22:48:34 [INFO ] [eval] step=280,000  eval/mean_reward=0.42  eval/best_mean_reward=0.48
[ETA] step  280,000 / 1,000,000 (28.0%)  elapsed 5.5m  ETA 00:14:11  fps 845
2026-03-15 22:48:34 [INFO ] [train] step=280,000  train/ep_reward_mean=0.3  train/ep_reward_std=0.4583  train/ep_len_mean=1
2026-03-15 22:48:47 [INFO ] [eval] step=290,000  eval/mean_reward=0.36  eval/best_mean_reward=0.48
[ETA] step  290,000 / 1,000,000 (29.0%)  elapsed 5.7m  ETA 00:14:03  fps 842
2026-03-15 22:48:47 [INFO ] [train] step=290,000  train/ep_reward_mean=0.33  train/ep_reward_std=0.4702  train/ep_len_mean=1
2026-03-15 22:49:01 [INFO ] [eval] step=300,000  eval/mean_reward=0.32  eval/best_mean_reward=0.48
[ETA] step  300,000 / 1,000,000 (30.0%)  elapsed 6.0m  ETA 00:13:56  fps 837
2026-03-15 22:49:01 [INFO ] [train] step=300,000  train/ep_reward_mean=0.31  train/ep_reward_std=0.4625  train/ep_len_mean=1
2026-03-15 22:49:14 [INFO ] [eval] step=310,000  eval/mean_reward=0.32  eval/best_mean_reward=0.48
[ETA] step  310,000 / 1,000,000 (31.0%)  elapsed 6.2m  ETA 00:13:47  fps 834
2026-03-15 22:49:14 [INFO ] [train] step=310,000  train/ep_reward_mean=0.22  train/ep_reward_std=0.4142  train/ep_len_mean=1
2026-03-15 22:49:27 [INFO ] [eval] step=320,000  eval/mean_reward=0.32  eval/best_mean_reward=0.48
[ETA] step  320,000 / 1,000,000 (32.0%)  elapsed 6.4m  ETA 00:13:37  fps 832
2026-03-15 22:49:27 [INFO ] [train] step=320,000  train/ep_reward_mean=0.23  train/ep_reward_std=0.4208  train/ep_len_mean=1
2026-03-15 22:49:40 [INFO ] [eval] step=330,000  eval/mean_reward=0.3  eval/best_mean_reward=0.48
[ETA] step  330,000 / 1,000,000 (33.0%)  elapsed 6.6m  ETA 00:13:26  fps 831
2026-03-15 22:49:40 [INFO ] [train] step=330,000  train/ep_reward_mean=0.24  train/ep_reward_std=0.4271  train/ep_len_mean=1
2026-03-15 22:49:52 [INFO ] [eval] step=340,000  eval/mean_reward=0.44  eval/best_mean_reward=0.48
[ETA] step  340,000 / 1,000,000 (34.0%)  elapsed 6.8m  ETA 00:13:14  fps 831
2026-03-15 22:49:52 [INFO ] [train] step=340,000  train/ep_reward_mean=0.31  train/ep_reward_std=0.4625  train/ep_len_mean=1
2026-03-15 22:50:04 [INFO ] [eval] step=350,000  eval/mean_reward=0.52  eval/best_mean_reward=0.52
[ETA] step  350,000 / 1,000,000 (35.0%)  elapsed 7.0m  ETA 00:13:01  fps 832
2026-03-15 22:50:04 [INFO ] [train] step=350,000  train/ep_reward_mean=0.24  train/ep_reward_std=0.4271  train/ep_len_mean=1
2026-03-15 22:50:15 [INFO ] [eval] step=360,000  eval/mean_reward=0.24  eval/best_mean_reward=0.52
[ETA] step  360,000 / 1,000,000 (36.0%)  elapsed 7.2m  ETA 00:12:49  fps 832
2026-03-15 22:50:15 [INFO ] [train] step=360,000  train/ep_reward_mean=0.23  train/ep_reward_std=0.4208  train/ep_len_mean=1
2026-03-15 22:50:27 [INFO ] [eval] step=370,000  eval/mean_reward=0.34  eval/best_mean_reward=0.52
[ETA] step  370,000 / 1,000,000 (37.0%)  elapsed 7.4m  ETA 00:12:36  fps 833
2026-03-15 22:50:27 [INFO ] [train] step=370,000  train/ep_reward_mean=0.34  train/ep_reward_std=0.4737  train/ep_len_mean=1
2026-03-15 22:50:39 [INFO ] [eval] step=380,000  eval/mean_reward=0.32  eval/best_mean_reward=0.52
[ETA] step  380,000 / 1,000,000 (38.0%)  elapsed 7.6m  ETA 00:12:23  fps 833
2026-03-15 22:50:39 [INFO ] [train] step=380,000  train/ep_reward_mean=0.26  train/ep_reward_std=0.4386  train/ep_len_mean=1
2026-03-15 22:50:51 [INFO ] [eval] step=390,000  eval/mean_reward=0.34  eval/best_mean_reward=0.52
[ETA] step  390,000 / 1,000,000 (39.0%)  elapsed 7.8m  ETA 00:12:12  fps 833
2026-03-15 22:50:51 [INFO ] [train] step=390,000  train/ep_reward_mean=0.27  train/ep_reward_std=0.444  train/ep_len_mean=1
2026-03-15 22:51:02 [INFO ] [eval] step=400,000  eval/mean_reward=0.36  eval/best_mean_reward=0.52
[ETA] step  400,000 / 1,000,000 (40.0%)  elapsed 8.0m  ETA 00:11:59  fps 834
2026-03-15 22:51:02 [INFO ] [train] step=400,000  train/ep_reward_mean=0.21  train/ep_reward_std=0.4073  train/ep_len_mean=1
2026-03-15 22:51:14 [INFO ] [eval] step=410,000  eval/mean_reward=0.38  eval/best_mean_reward=0.52
[ETA] step  410,000 / 1,000,000 (41.0%)  elapsed 8.2m  ETA 00:11:47  fps 834
2026-03-15 22:51:14 [INFO ] [train] step=410,000  train/ep_reward_mean=0.23  train/ep_reward_std=0.4208  train/ep_len_mean=1
2026-03-15 22:51:26 [INFO ] [eval] step=420,000  eval/mean_reward=0.36  eval/best_mean_reward=0.52
[ETA] step  420,000 / 1,000,000 (42.0%)  elapsed 8.4m  ETA 00:11:35  fps 834
2026-03-15 22:51:26 [INFO ] [train] step=420,000  train/ep_reward_mean=0.23  train/ep_reward_std=0.4208  train/ep_len_mean=1
2026-03-15 22:51:38 [INFO ] [eval] step=430,000  eval/mean_reward=0.4  eval/best_mean_reward=0.52
[ETA] step  430,000 / 1,000,000 (43.0%)  elapsed 8.6m  ETA 00:11:22  fps 835
2026-03-15 22:51:38 [INFO ] [train] step=430,000  train/ep_reward_mean=0.29  train/ep_reward_std=0.4538  train/ep_len_mean=1
2026-03-15 22:51:50 [INFO ] [eval] step=440,000  eval/mean_reward=0.4  eval/best_mean_reward=0.52
[ETA] step  440,000 / 1,000,000 (44.0%)  elapsed 8.8m  ETA 00:11:11  fps 834
2026-03-15 22:51:50 [INFO ] [train] step=440,000  train/ep_reward_mean=0.21  train/ep_reward_std=0.4073  train/ep_len_mean=1
2026-03-15 22:52:02 [INFO ] [eval] step=450,000  eval/mean_reward=0.34  eval/best_mean_reward=0.52
[ETA] step  450,000 / 1,000,000 (45.0%)  elapsed 9.0m  ETA 00:10:58  fps 835
2026-03-15 22:52:02 [INFO ] [train] step=450,000  train/ep_reward_mean=0.26  train/ep_reward_std=0.4386  train/ep_len_mean=1
2026-03-15 22:52:14 [INFO ] [eval] step=460,000  eval/mean_reward=0.32  eval/best_mean_reward=0.52
[ETA] step  460,000 / 1,000,000 (46.0%)  elapsed 9.2m  ETA 00:10:47  fps 834
2026-03-15 22:52:14 [INFO ] [train] step=460,000  train/ep_reward_mean=0.29  train/ep_reward_std=0.4538  train/ep_len_mean=1
2026-03-15 22:52:25 [INFO ] [eval] step=470,000  eval/mean_reward=0.28  eval/best_mean_reward=0.52
[ETA] step  470,000 / 1,000,000 (47.0%)  elapsed 9.4m  ETA 00:10:34  fps 835
2026-03-15 22:52:25 [INFO ] [train] step=470,000  train/ep_reward_mean=0.25  train/ep_reward_std=0.433  train/ep_len_mean=1
2026-03-15 22:52:37 [INFO ] [eval] step=480,000  eval/mean_reward=0.36  eval/best_mean_reward=0.52
[ETA] step  480,000 / 1,000,000 (48.0%)  elapsed 9.6m  ETA 00:10:22  fps 836
2026-03-15 22:52:37 [INFO ] [train] step=480,000  train/ep_reward_mean=0.27  train/ep_reward_std=0.444  train/ep_len_mean=1
2026-03-15 22:52:50 [INFO ] [eval] step=490,000  eval/mean_reward=0.26  eval/best_mean_reward=0.52
[ETA] step  490,000 / 1,000,000 (49.0%)  elapsed 9.8m  ETA 00:10:10  fps 835
2026-03-15 22:52:50 [INFO ] [train] step=490,000  train/ep_reward_mean=0.24  train/ep_reward_std=0.4271  train/ep_len_mean=1
2026-03-15 22:53:03 [INFO ] [eval] step=500,000  eval/mean_reward=0.28  eval/best_mean_reward=0.52
[ETA] step  500,000 / 1,000,000 (50.0%)  elapsed 10.0m  ETA 00:10:00  fps 833
2026-03-15 22:53:03 [INFO ] [train] step=500,000  train/ep_reward_mean=0.29  train/ep_reward_std=0.4538  train/ep_len_mean=1
2026-03-15 22:53:15 [INFO ] [eval] step=510,000  eval/mean_reward=0.32  eval/best_mean_reward=0.52
[ETA] step  510,000 / 1,000,000 (51.0%)  elapsed 10.2m  ETA 00:09:48  fps 833
2026-03-15 22:53:15 [INFO ] [train] step=510,000  train/ep_reward_mean=0.29  train/ep_reward_std=0.4538  train/ep_len_mean=1
2026-03-15 22:53:28 [INFO ] [eval] step=520,000  eval/mean_reward=0.38  eval/best_mean_reward=0.52
[ETA] step  520,000 / 1,000,000 (52.0%)  elapsed 10.4m  ETA 00:09:36  fps 832
2026-03-15 22:53:28 [INFO ] [train] step=520,000  train/ep_reward_mean=0.21  train/ep_reward_std=0.4073  train/ep_len_mean=1
2026-03-15 22:53:41 [INFO ] [eval] step=530,000  eval/mean_reward=0.42  eval/best_mean_reward=0.52
[ETA] step  530,000 / 1,000,000 (53.0%)  elapsed 10.6m  ETA 00:09:26  fps 830
2026-03-15 22:53:41 [INFO ] [train] step=530,000  train/ep_reward_mean=0.25  train/ep_reward_std=0.433  train/ep_len_mean=1
2026-03-15 22:53:54 [INFO ] [eval] step=540,000  eval/mean_reward=0.36  eval/best_mean_reward=0.52
[ETA] step  540,000 / 1,000,000 (54.0%)  elapsed 10.9m  ETA 00:09:15  fps 829
2026-03-15 22:53:54 [INFO ] [train] step=540,000  train/ep_reward_mean=0.23  train/ep_reward_std=0.4208  train/ep_len_mean=1
2026-03-15 22:54:07 [INFO ] [eval] step=550,000  eval/mean_reward=0.4  eval/best_mean_reward=0.52
[ETA] step  550,000 / 1,000,000 (55.0%)  elapsed 11.1m  ETA 00:09:03  fps 828
2026-03-15 22:54:07 [INFO ] [train] step=550,000  train/ep_reward_mean=0.26  train/ep_reward_std=0.4386  train/ep_len_mean=1
2026-03-15 22:54:20 [INFO ] [eval] step=560,000  eval/mean_reward=0.52  eval/best_mean_reward=0.52
[ETA] step  560,000 / 1,000,000 (56.0%)  elapsed 11.3m  ETA 00:08:52  fps 827
2026-03-15 22:54:20 [INFO ] [train] step=560,000  train/ep_reward_mean=0.23  train/ep_reward_std=0.4208  train/ep_len_mean=1
2026-03-15 22:54:32 [INFO ] [eval] step=570,000  eval/mean_reward=0.36  eval/best_mean_reward=0.52
[ETA] step  570,000 / 1,000,000 (57.0%)  elapsed 11.5m  ETA 00:08:40  fps 826
2026-03-15 22:54:32 [INFO ] [train] step=570,000  train/ep_reward_mean=0.35  train/ep_reward_std=0.477  train/ep_len_mean=1
2026-03-15 22:54:45 [INFO ] [eval] step=580,000  eval/mean_reward=0.34  eval/best_mean_reward=0.52
[ETA] step  580,000 / 1,000,000 (58.0%)  elapsed 11.7m  ETA 00:08:28  fps 826
2026-03-15 22:54:45 [INFO ] [train] step=580,000  train/ep_reward_mean=0.27  train/ep_reward_std=0.444  train/ep_len_mean=1
2026-03-15 22:54:57 [INFO ] [eval] step=590,000  eval/mean_reward=0.42  eval/best_mean_reward=0.52
[ETA] step  590,000 / 1,000,000 (59.0%)  elapsed 11.9m  ETA 00:08:16  fps 826
2026-03-15 22:54:57 [INFO ] [train] step=590,000  train/ep_reward_mean=0.26  train/ep_reward_std=0.4386  train/ep_len_mean=1
2026-03-15 22:55:10 [INFO ] [eval] step=600,000  eval/mean_reward=0.42  eval/best_mean_reward=0.52
[ETA] step  600,000 / 1,000,000 (60.0%)  elapsed 12.1m  ETA 00:08:04  fps 825
2026-03-15 22:55:10 [INFO ] [train] step=600,000  train/ep_reward_mean=0.3  train/ep_reward_std=0.4583  train/ep_len_mean=1
2026-03-15 22:55:22 [INFO ] [eval] step=610,000  eval/mean_reward=0.36  eval/best_mean_reward=0.52
[ETA] step  610,000 / 1,000,000 (61.0%)  elapsed 12.3m  ETA 00:07:52  fps 825
2026-03-15 22:55:22 [INFO ] [train] step=610,000  train/ep_reward_mean=0.24  train/ep_reward_std=0.4271  train/ep_len_mean=1
2026-03-15 22:55:35 [INFO ] [eval] step=620,000  eval/mean_reward=0.32  eval/best_mean_reward=0.52
[ETA] step  620,000 / 1,000,000 (62.0%)  elapsed 12.5m  ETA 00:07:40  fps 824
2026-03-15 22:55:35 [INFO ] [train] step=620,000  train/ep_reward_mean=0.32  train/ep_reward_std=0.4665  train/ep_len_mean=1
2026-03-15 22:55:47 [INFO ] [eval] step=630,000  eval/mean_reward=0.28  eval/best_mean_reward=0.52
[ETA] step  630,000 / 1,000,000 (63.0%)  elapsed 12.7m  ETA 00:07:28  fps 824
2026-03-15 22:55:47 [INFO ] [train] step=630,000  train/ep_reward_mean=0.23  train/ep_reward_std=0.4208  train/ep_len_mean=1
2026-03-15 22:56:00 [INFO ] [eval] step=640,000  eval/mean_reward=0.34  eval/best_mean_reward=0.52
[ETA] step  640,000 / 1,000,000 (64.0%)  elapsed 13.0m  ETA 00:07:17  fps 824
2026-03-15 22:56:00 [INFO ] [train] step=640,000  train/ep_reward_mean=0.28  train/ep_reward_std=0.449  train/ep_len_mean=1
2026-03-15 22:56:12 [INFO ] [eval] step=650,000  eval/mean_reward=0.34  eval/best_mean_reward=0.52
[ETA] step  650,000 / 1,000,000 (65.0%)  elapsed 13.2m  ETA 00:07:05  fps 823
2026-03-15 22:56:12 [INFO ] [train] step=650,000  train/ep_reward_mean=0.3  train/ep_reward_std=0.4583  train/ep_len_mean=1
2026-03-15 22:56:25 [INFO ] [eval] step=660,000  eval/mean_reward=0.36  eval/best_mean_reward=0.52
[ETA] step  660,000 / 1,000,000 (66.0%)  elapsed 13.4m  ETA 00:06:53  fps 822
2026-03-15 22:56:25 [INFO ] [train] step=660,000  train/ep_reward_mean=0.25  train/ep_reward_std=0.433  train/ep_len_mean=1
2026-03-15 22:56:38 [INFO ] [eval] step=670,000  eval/mean_reward=0.38  eval/best_mean_reward=0.52
[ETA] step  670,000 / 1,000,000 (67.0%)  elapsed 13.6m  ETA 00:06:41  fps 822
2026-03-15 22:56:38 [INFO ] [train] step=670,000  train/ep_reward_mean=0.3  train/ep_reward_std=0.4583  train/ep_len_mean=1
2026-03-15 22:56:50 [INFO ] [eval] step=680,000  eval/mean_reward=0.36  eval/best_mean_reward=0.52
[ETA] step  680,000 / 1,000,000 (68.0%)  elapsed 13.8m  ETA 00:06:29  fps 822
2026-03-15 22:56:50 [INFO ] [train] step=680,000  train/ep_reward_mean=0.26  train/ep_reward_std=0.4386  train/ep_len_mean=1
2026-03-15 22:57:03 [INFO ] [eval] step=690,000  eval/mean_reward=0.34  eval/best_mean_reward=0.52
[ETA] step  690,000 / 1,000,000 (69.0%)  elapsed 14.0m  ETA 00:06:17  fps 822
2026-03-15 22:57:03 [INFO ] [train] step=690,000  train/ep_reward_mean=0.25  train/ep_reward_std=0.433  train/ep_len_mean=1
2026-03-15 22:57:15 [INFO ] [eval] step=700,000  eval/mean_reward=0.3  eval/best_mean_reward=0.52
[ETA] step  700,000 / 1,000,000 (70.0%)  elapsed 14.2m  ETA 00:06:05  fps 821
2026-03-15 22:57:15 [INFO ] [train] step=700,000  train/ep_reward_mean=0.25  train/ep_reward_std=0.433  train/ep_len_mean=1
2026-03-15 22:57:28 [INFO ] [eval] step=710,000  eval/mean_reward=0.36  eval/best_mean_reward=0.52
[ETA] step  710,000 / 1,000,000 (71.0%)  elapsed 14.4m  ETA 00:05:53  fps 821
2026-03-15 22:57:28 [INFO ] [train] step=710,000  train/ep_reward_mean=0.31  train/ep_reward_std=0.4625  train/ep_len_mean=1
2026-03-15 22:57:40 [INFO ] [eval] step=720,000  eval/mean_reward=0.46  eval/best_mean_reward=0.52
[ETA] step  720,000 / 1,000,000 (72.0%)  elapsed 14.6m  ETA 00:05:41  fps 820
2026-03-15 22:57:40 [INFO ] [train] step=720,000  train/ep_reward_mean=0.3  train/ep_reward_std=0.4583  train/ep_len_mean=1
2026-03-15 22:57:53 [INFO ] [eval] step=730,000  eval/mean_reward=0.34  eval/best_mean_reward=0.52
[ETA] step  730,000 / 1,000,000 (73.0%)  elapsed 14.8m  ETA 00:05:29  fps 820
2026-03-15 22:57:53 [INFO ] [train] step=730,000  train/ep_reward_mean=0.17  train/ep_reward_std=0.3756  train/ep_len_mean=1
2026-03-15 22:58:06 [INFO ] [eval] step=740,000  eval/mean_reward=0.4  eval/best_mean_reward=0.52
[ETA] step  740,000 / 1,000,000 (74.0%)  elapsed 15.1m  ETA 00:05:17  fps 819
2026-03-15 22:58:06 [INFO ] [train] step=740,000  train/ep_reward_mean=0.31  train/ep_reward_std=0.4625  train/ep_len_mean=1
2026-03-15 22:58:19 [INFO ] [eval] step=750,000  eval/mean_reward=0.38  eval/best_mean_reward=0.52
[ETA] step  750,000 / 1,000,000 (75.0%)  elapsed 15.3m  ETA 00:05:05  fps 818
2026-03-15 22:58:19 [INFO ] [train] step=750,000  train/ep_reward_mean=0.31  train/ep_reward_std=0.4625  train/ep_len_mean=1
2026-03-15 22:58:32 [INFO ] [eval] step=760,000  eval/mean_reward=0.4  eval/best_mean_reward=0.52
[ETA] step  760,000 / 1,000,000 (76.0%)  elapsed 15.5m  ETA 00:04:53  fps 818
2026-03-15 22:58:32 [INFO ] [train] step=760,000  train/ep_reward_mean=0.18  train/ep_reward_std=0.3842  train/ep_len_mean=1
2026-03-15 22:58:45 [INFO ] [eval] step=770,000  eval/mean_reward=0.42  eval/best_mean_reward=0.52
[ETA] step  770,000 / 1,000,000 (77.0%)  elapsed 15.7m  ETA 00:04:41  fps 817
2026-03-15 22:58:45 [INFO ] [train] step=770,000  train/ep_reward_mean=0.25  train/ep_reward_std=0.433  train/ep_len_mean=1
2026-03-15 22:58:57 [INFO ] [eval] step=780,000  eval/mean_reward=0.52  eval/best_mean_reward=0.52
[ETA] step  780,000 / 1,000,000 (78.0%)  elapsed 15.9m  ETA 00:04:29  fps 817
2026-03-15 22:58:57 [INFO ] [train] step=780,000  train/ep_reward_mean=0.32  train/ep_reward_std=0.4665  train/ep_len_mean=1
2026-03-15 22:59:10 [INFO ] [eval] step=790,000  eval/mean_reward=0.44  eval/best_mean_reward=0.52
[ETA] step  790,000 / 1,000,000 (79.0%)  elapsed 16.1m  ETA 00:04:17  fps 816
2026-03-15 22:59:10 [INFO ] [train] step=790,000  train/ep_reward_mean=0.3  train/ep_reward_std=0.4583  train/ep_len_mean=1
2026-03-15 22:59:23 [INFO ] [eval] step=800,000  eval/mean_reward=0.24  eval/best_mean_reward=0.52
[ETA] step  800,000 / 1,000,000 (80.0%)  elapsed 16.3m  ETA 00:04:05  fps 816
2026-03-15 22:59:23 [INFO ] [train] step=800,000  train/ep_reward_mean=0.27  train/ep_reward_std=0.444  train/ep_len_mean=1
2026-03-15 22:59:36 [INFO ] [eval] step=810,000  eval/mean_reward=0.4  eval/best_mean_reward=0.52
[ETA] step  810,000 / 1,000,000 (81.0%)  elapsed 16.6m  ETA 00:03:53  fps 815
2026-03-15 22:59:36 [INFO ] [train] step=810,000  train/ep_reward_mean=0.29  train/ep_reward_std=0.4538  train/ep_len_mean=1
2026-03-15 22:59:49 [INFO ] [eval] step=820,000  eval/mean_reward=0.38  eval/best_mean_reward=0.52
[ETA] step  820,000 / 1,000,000 (82.0%)  elapsed 16.8m  ETA 00:03:40  fps 815
2026-03-15 22:59:49 [INFO ] [train] step=820,000  train/ep_reward_mean=0.33  train/ep_reward_std=0.4702  train/ep_len_mean=1
2026-03-15 23:00:01 [INFO ] [eval] step=830,000  eval/mean_reward=0.5  eval/best_mean_reward=0.52
[ETA] step  830,000 / 1,000,000 (83.0%)  elapsed 17.0m  ETA 00:03:28  fps 815
2026-03-15 23:00:01 [INFO ] [train] step=830,000  train/ep_reward_mean=0.34  train/ep_reward_std=0.4737  train/ep_len_mean=1
2026-03-15 23:00:13 [INFO ] [eval] step=840,000  eval/mean_reward=0.36  eval/best_mean_reward=0.52
[ETA] step  840,000 / 1,000,000 (84.0%)  elapsed 17.2m  ETA 00:03:16  fps 815
2026-03-15 23:00:13 [INFO ] [train] step=840,000  train/ep_reward_mean=0.35  train/ep_reward_std=0.477  train/ep_len_mean=1
2026-03-15 23:00:26 [INFO ] [eval] step=850,000  eval/mean_reward=0.38  eval/best_mean_reward=0.52
[ETA] step  850,000 / 1,000,000 (85.0%)  elapsed 17.4m  ETA 00:03:04  fps 814
2026-03-15 23:00:26 [INFO ] [train] step=850,000  train/ep_reward_mean=0.25  train/ep_reward_std=0.433  train/ep_len_mean=1
2026-03-15 23:00:39 [INFO ] [eval] step=860,000  eval/mean_reward=0.44  eval/best_mean_reward=0.52
[ETA] step  860,000 / 1,000,000 (86.0%)  elapsed 17.6m  ETA 00:02:51  fps 814
2026-03-15 23:00:39 [INFO ] [train] step=860,000  train/ep_reward_mean=0.3  train/ep_reward_std=0.4583  train/ep_len_mean=1
2026-03-15 23:00:51 [INFO ] [eval] step=870,000  eval/mean_reward=0.26  eval/best_mean_reward=0.52
[ETA] step  870,000 / 1,000,000 (87.0%)  elapsed 17.8m  ETA 00:02:39  fps 814
2026-03-15 23:00:51 [INFO ] [train] step=870,000  train/ep_reward_mean=0.26  train/ep_reward_std=0.4386  train/ep_len_mean=1
2026-03-15 23:01:03 [INFO ] [eval] step=880,000  eval/mean_reward=0.46  eval/best_mean_reward=0.52
[ETA] step  880,000 / 1,000,000 (88.0%)  elapsed 18.0m  ETA 00:02:27  fps 814
2026-03-15 23:01:03 [INFO ] [train] step=880,000  train/ep_reward_mean=0.3  train/ep_reward_std=0.4583  train/ep_len_mean=1
2026-03-15 23:01:17 [INFO ] [eval] step=890,000  eval/mean_reward=0.52  eval/best_mean_reward=0.52
[ETA] step  890,000 / 1,000,000 (89.0%)  elapsed 18.2m  ETA 00:02:15  fps 813
2026-03-15 23:01:17 [INFO ] [train] step=890,000  train/ep_reward_mean=0.26  train/ep_reward_std=0.4386  train/ep_len_mean=1
2026-03-15 23:01:29 [INFO ] [eval] step=900,000  eval/mean_reward=0.36  eval/best_mean_reward=0.52
[ETA] step  900,000 / 1,000,000 (90.0%)  elapsed 18.4m  ETA 00:02:02  fps 813
2026-03-15 23:01:29 [INFO ] [train] step=900,000  train/ep_reward_mean=0.25  train/ep_reward_std=0.433  train/ep_len_mean=1
2026-03-15 23:01:42 [INFO ] [eval] step=910,000  eval/mean_reward=0.42  eval/best_mean_reward=0.52
[ETA] step  910,000 / 1,000,000 (91.0%)  elapsed 18.7m  ETA 00:01:50  fps 813
2026-03-15 23:01:42 [INFO ] [train] step=910,000  train/ep_reward_mean=0.27  train/ep_reward_std=0.444  train/ep_len_mean=1
2026-03-15 23:01:54 [INFO ] [eval] step=920,000  eval/mean_reward=0.44  eval/best_mean_reward=0.52
[ETA] step  920,000 / 1,000,000 (92.0%)  elapsed 18.9m  ETA 00:01:38  fps 813
2026-03-15 23:01:54 [INFO ] [train] step=920,000  train/ep_reward_mean=0.27  train/ep_reward_std=0.444  train/ep_len_mean=1
2026-03-15 23:02:07 [INFO ] [eval] step=930,000  eval/mean_reward=0.42  eval/best_mean_reward=0.52
[ETA] step  930,000 / 1,000,000 (93.0%)  elapsed 19.1m  ETA 00:01:26  fps 813
2026-03-15 23:02:07 [INFO ] [train] step=930,000  train/ep_reward_mean=0.29  train/ep_reward_std=0.4538  train/ep_len_mean=1
2026-03-15 23:02:20 [INFO ] [eval] step=940,000  eval/mean_reward=0.44  eval/best_mean_reward=0.52
[ETA] step  940,000 / 1,000,000 (94.0%)  elapsed 19.3m  ETA 00:01:13  fps 813
2026-03-15 23:02:20 [INFO ] [train] step=940,000  train/ep_reward_mean=0.3  train/ep_reward_std=0.4583  train/ep_len_mean=1
2026-03-15 23:02:33 [INFO ] [eval] step=950,000  eval/mean_reward=0.34  eval/best_mean_reward=0.52
[ETA] step  950,000 / 1,000,000 (95.0%)  elapsed 19.5m  ETA 00:01:01  fps 812
2026-03-15 23:02:33 [INFO ] [train] step=950,000  train/ep_reward_mean=0.26  train/ep_reward_std=0.4386  train/ep_len_mean=1
2026-03-15 23:02:45 [INFO ] [eval] step=960,000  eval/mean_reward=0.56  eval/best_mean_reward=0.56
[ETA] step  960,000 / 1,000,000 (96.0%)  elapsed 19.7m  ETA 00:00:49  fps 812
2026-03-15 23:02:45 [INFO ] [train] step=960,000  train/ep_reward_mean=0.34  train/ep_reward_std=0.4737  train/ep_len_mean=1
2026-03-15 23:02:57 [INFO ] [eval] step=970,000  eval/mean_reward=0.42  eval/best_mean_reward=0.56
[ETA] step  970,000 / 1,000,000 (97.0%)  elapsed 19.9m  ETA 00:00:36  fps 812
2026-03-15 23:02:57 [INFO ] [train] step=970,000  train/ep_reward_mean=0.23  train/ep_reward_std=0.4208  train/ep_len_mean=1
2026-03-15 23:03:10 [INFO ] [eval] step=980,000  eval/mean_reward=0.54  eval/best_mean_reward=0.56
[ETA] step  980,000 / 1,000,000 (98.0%)  elapsed 20.1m  ETA 00:00:24  fps 812
2026-03-15 23:03:10 [INFO ] [train] step=980,000  train/ep_reward_mean=0.28  train/ep_reward_std=0.449  train/ep_len_mean=1
2026-03-15 23:03:22 [INFO ] [eval] step=990,000  eval/mean_reward=0.54  eval/best_mean_reward=0.56
[ETA] step  990,000 / 1,000,000 (99.0%)  elapsed 20.3m  ETA 00:00:12  fps 812
2026-03-15 23:03:22 [INFO ] [train] step=990,000  train/ep_reward_mean=0.33  train/ep_reward_std=0.4702  train/ep_len_mean=1
2026-03-15 23:03:34 [INFO ] [eval] step=1,000,000  eval/mean_reward=0.52  eval/best_mean_reward=0.56
[ETA] step 1,000,000 / 1,000,000 (100.0%)  elapsed 20.5m  ETA 00:00:00  fps 812
2026-03-15 23:03:34 [INFO ] [train] step=1,000,000  train/ep_reward_mean=0.31  train/ep_reward_std=0.4625  train/ep_len_mean=1

[3/3] Evaluating best SAC checkpoint (500 episodes)...
2026-03-15 23:03:35 [INFO ] === FINAL RESULTS ===
{
  "algo": "SAC",
  "n_balls": 1,
  "max_steps": 1,
  "step_penalty": 0.0,
  "trunc_penalty": 0.0,
  "progressive_penalty": false,
  "clear_bonus": 0.0,
  "shots_taken": false,
  "learning_rate": 0.0003,
  "gradient_steps": 1,
  "steps": 1000000,
  "seed": 42,
  "random_pocket_rate": 4.2,
  "trained_pocket_rate": 50.0,
  "clear_rate": 50.0,
  "improvement_pp": 45.8,
  "training_time_sec": 1231.7,
  "avg_fps": 812.0,
  "exp_dir": "logs/experiments/SAC_1000k_s42_sp0.0_tp0.0_20260315_224301"
}
2026-03-15 23:03:35 [INFO ] === Experiment finished: SAC_1000k_s42_sp0.0_tp0.0_20260315_224301 ===

  ─────────────────────────────────────────────
  SAC pocket rate  : 50.0%
  Random            : 4.2%
  Improvement       : +45.8pp
  Training time     : 20.5 min  (812 fps)
  Saved → logs/experiments/SAC_1000k_s42_sp0.0_tp0.0_20260315_224301
  TensorBoard → tensorboard --logdir logs/tensorboard

  [current (현재 배치)] pocket=50.0%  random=4.2%

============================================================
  PLACEMENT ABLATION — SUMMARY (scratch penalty 비활성화 후)
============================================================
  [원본 배치] legacy : 81.4%  (random 2.8%)
  [현재 배치] current: 50.0%  (random 4.2%)
  Δ = +31.4pp

  비교 기준 (이전 결과):
  - 원본 Exp-01 (legacy + no scratch): 77.6%  ← 목표
  - run_phase0 (current + scratch):    42.4%  ← 기존 낮은 결과
============================================================
