
=======================================================
  Placement: legacy (원본)
  legacy_placement=True
  SAC, n_balls=1, 1000k steps, seed=42
  Started: 2026-03-15 22:01:51
=======================================================

=======================================================
  billiards-rl — SAC  |  1,000,000 steps  |  seed 42  |  env single
  exp_dir : logs/experiments/SAC_1000k_s42_sp0.0_tp0.0_legacyplace_20260315_220151
=======================================================

[1/3] Random agent baseline (500 episodes)...
      Random pocket rate: 2.6%  (avg 0.03/1 balls)

[2/3] Training SAC — 1,000,000 steps × 10 envs ...
2026-03-15 22:01:54 [INFO ] Aim run: 542d024aae514e40979bd686  (aim up → localhost:43800)
2026-03-15 22:01:54 [INFO ] === Experiment started: SAC_1000k_s42_sp0.0_tp0.0_legacyplace_20260315_220151 ===
/Users/yj/Documents/billiards-rl/.venv/lib/python3.13/site-packages/stable_baselines3/common/callbacks.py:418: UserWarning: Training and eval env are not of the same type<stable_baselines3.common.vec_env.subproc_vec_env.SubprocVecEnv object at 0x1161a6900> != <stable_baselines3.common.vec_env.dummy_vec_env.DummyVecEnv object at 0x124b981a0>
  warnings.warn("Training and eval env are not of the same type" f"{self.training_env} != {self.eval_env}")
2026-03-15 22:02:03 [INFO ] [eval] step=10,000  eval/mean_reward=0.18  eval/best_mean_reward=0.18
[ETA] step   10,000 / 1,000,000 (1.0%)  elapsed 0.1m  ETA 00:13:05  fps 1260
2026-03-15 22:02:03 [INFO ] [train] step=10,000  train/ep_reward_mean=-0.1  train/ep_reward_std=0.2646  train/ep_len_mean=1
2026-03-15 22:02:13 [INFO ] [eval] step=20,000  eval/mean_reward=-0.01  eval/best_mean_reward=0.18
[ETA] step   20,000 / 1,000,000 (2.0%)  elapsed 0.3m  ETA 00:14:27  fps 1129
2026-03-15 22:02:13 [INFO ] [train] step=20,000  train/ep_reward_mean=-0.11  train/ep_reward_std=0.3208  train/ep_len_mean=1
2026-03-15 22:02:22 [INFO ] [eval] step=30,000  eval/mean_reward=0.15  eval/best_mean_reward=0.18
[ETA] step   30,000 / 1,000,000 (3.0%)  elapsed 0.5m  ETA 00:14:46  fps 1095
2026-03-15 22:02:22 [INFO ] [train] step=30,000  train/ep_reward_mean=-0.105  train/ep_reward_std=0.2673  train/ep_len_mean=1
2026-03-15 22:02:32 [INFO ] [eval] step=40,000  eval/mean_reward=0.07  eval/best_mean_reward=0.18
[ETA] step   40,000 / 1,000,000 (4.0%)  elapsed 0.6m  ETA 00:14:49  fps 1079
2026-03-15 22:02:32 [INFO ] [train] step=40,000  train/ep_reward_mean=-0.09  train/ep_reward_std=0.2278  train/ep_len_mean=1
2026-03-15 22:02:42 [INFO ] [eval] step=50,000  eval/mean_reward=0.11  eval/best_mean_reward=0.18
[ETA] step   50,000 / 1,000,000 (5.0%)  elapsed 0.8m  ETA 00:14:49  fps 1068
2026-03-15 22:02:42 [INFO ] [train] step=50,000  train/ep_reward_mean=-0.1  train/ep_reward_std=0.2646  train/ep_len_mean=1
2026-03-15 22:02:51 [INFO ] [eval] step=60,000  eval/mean_reward=0.09  eval/best_mean_reward=0.18
[ETA] step   60,000 / 1,000,000 (6.0%)  elapsed 0.9m  ETA 00:14:44  fps 1062
2026-03-15 22:02:51 [INFO ] [train] step=60,000  train/ep_reward_mean=-0.09  train/ep_reward_std=0.3113  train/ep_len_mean=1
2026-03-15 22:03:01 [INFO ] [eval] step=70,000  eval/mean_reward=0  eval/best_mean_reward=0.18
[ETA] step   70,000 / 1,000,000 (7.0%)  elapsed 1.1m  ETA 00:14:38  fps 1058
2026-03-15 22:03:01 [INFO ] [train] step=70,000  train/ep_reward_mean=-0.095  train/ep_reward_std=0.3788  train/ep_len_mean=1
2026-03-15 22:03:11 [INFO ] [eval] step=80,000  eval/mean_reward=-0.01  eval/best_mean_reward=0.18
[ETA] step   80,000 / 1,000,000 (8.0%)  elapsed 1.3m  ETA 00:14:30  fps 1057
2026-03-15 22:03:11 [INFO ] [train] step=80,000  train/ep_reward_mean=-0.135  train/ep_reward_std=0.2816  train/ep_len_mean=1
2026-03-15 22:03:20 [INFO ] [eval] step=90,000  eval/mean_reward=-0.04  eval/best_mean_reward=0.18
[ETA] step   90,000 / 1,000,000 (9.0%)  elapsed 1.4m  ETA 00:14:20  fps 1057
2026-03-15 22:03:20 [INFO ] [train] step=90,000  train/ep_reward_mean=-0.09  train/ep_reward_std=0.2862  train/ep_len_mean=1
2026-03-15 22:03:30 [INFO ] [eval] step=100,000  eval/mean_reward=-0.1  eval/best_mean_reward=0.18
[ETA] step  100,000 / 1,000,000 (10.0%)  elapsed 1.6m  ETA 00:14:13  fps 1054
2026-03-15 22:03:30 [INFO ] [train] step=100,000  train/ep_reward_mean=-0.06  train/ep_reward_std=0.3184  train/ep_len_mean=1
2026-03-15 22:03:40 [INFO ] [eval] step=110,000  eval/mean_reward=-0.05  eval/best_mean_reward=0.18
[ETA] step  110,000 / 1,000,000 (11.0%)  elapsed 1.8m  ETA 00:14:10  fps 1046
2026-03-15 22:03:40 [INFO ] [train] step=110,000  train/ep_reward_mean=-0.055  train/ep_reward_std=0.2636  train/ep_len_mean=1
2026-03-15 22:03:50 [INFO ] [eval] step=120,000  eval/mean_reward=0.01  eval/best_mean_reward=0.18
[ETA] step  120,000 / 1,000,000 (12.0%)  elapsed 1.9m  ETA 00:14:02  fps 1044
2026-03-15 22:03:50 [INFO ] [train] step=120,000  train/ep_reward_mean=-0.025  train/ep_reward_std=0.2861  train/ep_len_mean=1
2026-03-15 22:03:59 [INFO ] [eval] step=130,000  eval/mean_reward=-0.03  eval/best_mean_reward=0.18
[ETA] step  130,000 / 1,000,000 (13.0%)  elapsed 2.1m  ETA 00:13:50  fps 1047
2026-03-15 22:03:59 [INFO ] [train] step=130,000  train/ep_reward_mean=-0.07  train/ep_reward_std=0.2124  train/ep_len_mean=1
2026-03-15 22:04:08 [INFO ] [eval] step=140,000  eval/mean_reward=-0.02  eval/best_mean_reward=0.18
[ETA] step  140,000 / 1,000,000 (14.0%)  elapsed 2.2m  ETA 00:13:38  fps 1051
2026-03-15 22:04:08 [INFO ] [train] step=140,000  train/ep_reward_mean=-0.075  train/ep_reward_std=0.1785  train/ep_len_mean=1
2026-03-15 22:04:17 [INFO ] [eval] step=150,000  eval/mean_reward=-0.08  eval/best_mean_reward=0.18
[ETA] step  150,000 / 1,000,000 (15.0%)  elapsed 2.4m  ETA 00:13:22  fps 1059
2026-03-15 22:04:17 [INFO ] [train] step=150,000  train/ep_reward_mean=-0.07  train/ep_reward_std=0.1735  train/ep_len_mean=1
2026-03-15 22:04:25 [INFO ] [eval] step=160,000  eval/mean_reward=-0.07  eval/best_mean_reward=0.18
[ETA] step  160,000 / 1,000,000 (16.0%)  elapsed 2.5m  ETA 00:13:05  fps 1070
2026-03-15 22:04:25 [INFO ] [train] step=160,000  train/ep_reward_mean=-0.075  train/ep_reward_std=0.1785  train/ep_len_mean=1
2026-03-15 22:04:32 [INFO ] [eval] step=170,000  eval/mean_reward=-0.05  eval/best_mean_reward=0.18
[ETA] step  170,000 / 1,000,000 (17.0%)  elapsed 2.6m  ETA 00:12:48  fps 1080
2026-03-15 22:04:32 [INFO ] [train] step=170,000  train/ep_reward_mean=-0.025  train/ep_reward_std=0.109  train/ep_len_mean=1
2026-03-15 22:04:40 [INFO ] [eval] step=180,000  eval/mean_reward=-0.08  eval/best_mean_reward=0.18
[ETA] step  180,000 / 1,000,000 (18.0%)  elapsed 2.8m  ETA 00:12:32  fps 1090
2026-03-15 22:04:40 [INFO ] [train] step=180,000  train/ep_reward_mean=-0.03  train/ep_reward_std=0.1187  train/ep_len_mean=1
2026-03-15 22:04:48 [INFO ] [eval] step=190,000  eval/mean_reward=-0.02  eval/best_mean_reward=0.18
[ETA] step  190,000 / 1,000,000 (19.0%)  elapsed 2.9m  ETA 00:12:17  fps 1099
2026-03-15 22:04:48 [INFO ] [train] step=190,000  train/ep_reward_mean=-0.025  train/ep_reward_std=0.109  train/ep_len_mean=1
2026-03-15 22:04:56 [INFO ] [eval] step=200,000  eval/mean_reward=-0.02  eval/best_mean_reward=0.18
[ETA] step  200,000 / 1,000,000 (20.0%)  elapsed 3.0m  ETA 00:12:02  fps 1108
2026-03-15 22:04:56 [INFO ] [train] step=200,000  train/ep_reward_mean=-0.035  train/ep_reward_std=0.1276  train/ep_len_mean=1
2026-03-15 22:05:03 [INFO ] [eval] step=210,000  eval/mean_reward=-0.03  eval/best_mean_reward=0.18
[ETA] step  210,000 / 1,000,000 (21.0%)  elapsed 3.1m  ETA 00:11:47  fps 1117
2026-03-15 22:05:03 [INFO ] [train] step=210,000  train/ep_reward_mean=-0.03  train/ep_reward_std=0.1187  train/ep_len_mean=1
2026-03-15 22:05:11 [INFO ] [eval] step=220,000  eval/mean_reward=-0.03  eval/best_mean_reward=0.18
[ETA] step  220,000 / 1,000,000 (22.0%)  elapsed 3.3m  ETA 00:11:34  fps 1123
2026-03-15 22:05:11 [INFO ] [train] step=220,000  train/ep_reward_mean=-0.01  train/ep_reward_std=0.07  train/ep_len_mean=1
2026-03-15 22:05:19 [INFO ] [eval] step=230,000  eval/mean_reward=-0.04  eval/best_mean_reward=0.18
[ETA] step  230,000 / 1,000,000 (23.0%)  elapsed 3.4m  ETA 00:11:21  fps 1130
2026-03-15 22:05:19 [INFO ] [train] step=230,000  train/ep_reward_mean=-0.025  train/ep_reward_std=0.109  train/ep_len_mean=1
2026-03-15 22:05:26 [INFO ] [eval] step=240,000  eval/mean_reward=-0.05  eval/best_mean_reward=0.18
[ETA] step  240,000 / 1,000,000 (24.0%)  elapsed 3.5m  ETA 00:11:09  fps 1136
2026-03-15 22:05:26 [INFO ] [train] step=240,000  train/ep_reward_mean=-0.025  train/ep_reward_std=0.1639  train/ep_len_mean=1
2026-03-15 22:05:34 [INFO ] [eval] step=250,000  eval/mean_reward=-0.01  eval/best_mean_reward=0.18
[ETA] step  250,000 / 1,000,000 (25.0%)  elapsed 3.7m  ETA 00:10:57  fps 1141
2026-03-15 22:05:34 [INFO ] [train] step=250,000  train/ep_reward_mean=-0.025  train/ep_reward_std=0.109  train/ep_len_mean=1
2026-03-15 22:05:42 [INFO ] [eval] step=260,000  eval/mean_reward=-0.02  eval/best_mean_reward=0.18
[ETA] step  260,000 / 1,000,000 (26.0%)  elapsed 3.8m  ETA 00:10:46  fps 1144
2026-03-15 22:05:42 [INFO ] [train] step=260,000  train/ep_reward_mean=-0.035  train/ep_reward_std=0.1276  train/ep_len_mean=1
2026-03-15 22:05:50 [INFO ] [eval] step=270,000  eval/mean_reward=-0.03  eval/best_mean_reward=0.18
[ETA] step  270,000 / 1,000,000 (27.0%)  elapsed 3.9m  ETA 00:10:35  fps 1149
2026-03-15 22:05:50 [INFO ] [train] step=270,000  train/ep_reward_mean=-0.035  train/ep_reward_std=0.1276  train/ep_len_mean=1
2026-03-15 22:05:58 [INFO ] [eval] step=280,000  eval/mean_reward=-0.02  eval/best_mean_reward=0.18
[ETA] step  280,000 / 1,000,000 (28.0%)  elapsed 4.1m  ETA 00:10:25  fps 1151
2026-03-15 22:05:58 [INFO ] [train] step=280,000  train/ep_reward_mean=-0.01  train/ep_reward_std=0.07  train/ep_len_mean=1
2026-03-15 22:06:06 [INFO ] [eval] step=290,000  eval/mean_reward=-0.05  eval/best_mean_reward=0.18
[ETA] step  290,000 / 1,000,000 (29.0%)  elapsed 4.2m  ETA 00:10:14  fps 1155
2026-03-15 22:06:06 [INFO ] [train] step=290,000  train/ep_reward_mean=-0.035  train/ep_reward_std=0.1276  train/ep_len_mean=1
2026-03-15 22:06:14 [INFO ] [eval] step=300,000  eval/mean_reward=-0.01  eval/best_mean_reward=0.18
[ETA] step  300,000 / 1,000,000 (30.0%)  elapsed 4.3m  ETA 00:10:04  fps 1157
2026-03-15 22:06:14 [INFO ] [train] step=300,000  train/ep_reward_mean=-0.035  train/ep_reward_std=0.1768  train/ep_len_mean=1
2026-03-15 22:06:22 [INFO ] [eval] step=310,000  eval/mean_reward=-0.01  eval/best_mean_reward=0.18
[ETA] step  310,000 / 1,000,000 (31.0%)  elapsed 4.5m  ETA 00:09:54  fps 1160
2026-03-15 22:06:22 [INFO ] [train] step=310,000  train/ep_reward_mean=-0.02  train/ep_reward_std=0.1568  train/ep_len_mean=1
2026-03-15 22:06:30 [INFO ] [eval] step=320,000  eval/mean_reward=-0.02  eval/best_mean_reward=0.18
[ETA] step  320,000 / 1,000,000 (32.0%)  elapsed 4.6m  ETA 00:09:44  fps 1163
2026-03-15 22:06:30 [INFO ] [train] step=320,000  train/ep_reward_mean=-0.05  train/ep_reward_std=0.15  train/ep_len_mean=1
2026-03-15 22:06:39 [INFO ] [eval] step=330,000  eval/mean_reward=-0.01  eval/best_mean_reward=0.18
[ETA] step  330,000 / 1,000,000 (33.0%)  elapsed 4.7m  ETA 00:09:36  fps 1163
2026-03-15 22:06:39 [INFO ] [train] step=330,000  train/ep_reward_mean=-0.045  train/ep_reward_std=0.1431  train/ep_len_mean=1
2026-03-15 22:06:47 [INFO ] [eval] step=340,000  eval/mean_reward=-0.02  eval/best_mean_reward=0.18
[ETA] step  340,000 / 1,000,000 (34.0%)  elapsed 4.9m  ETA 00:09:26  fps 1165
2026-03-15 22:06:47 [INFO ] [train] step=340,000  train/ep_reward_mean=-0.05  train/ep_reward_std=0.1936  train/ep_len_mean=1
2026-03-15 22:06:55 [INFO ] [eval] step=350,000  eval/mean_reward=0  eval/best_mean_reward=0.18
[ETA] step  350,000 / 1,000,000 (35.0%)  elapsed 5.0m  ETA 00:09:17  fps 1166
2026-03-15 22:06:55 [INFO ] [train] step=350,000  train/ep_reward_mean=-0.025  train/ep_reward_std=0.109  train/ep_len_mean=1
2026-03-15 22:07:03 [INFO ] [eval] step=360,000  eval/mean_reward=-0.05  eval/best_mean_reward=0.18
[ETA] step  360,000 / 1,000,000 (36.0%)  elapsed 5.1m  ETA 00:09:07  fps 1169
2026-03-15 22:07:03 [INFO ] [train] step=360,000  train/ep_reward_mean=-0.05  train/ep_reward_std=0.15  train/ep_len_mean=1
2026-03-15 22:07:12 [INFO ] [eval] step=370,000  eval/mean_reward=-0.02  eval/best_mean_reward=0.18
[ETA] step  370,000 / 1,000,000 (37.0%)  elapsed 5.3m  ETA 00:08:58  fps 1169
2026-03-15 22:07:12 [INFO ] [train] step=370,000  train/ep_reward_mean=-0.025  train/ep_reward_std=0.109  train/ep_len_mean=1
2026-03-15 22:07:20 [INFO ] [eval] step=380,000  eval/mean_reward=-0.02  eval/best_mean_reward=0.18
[ETA] step  380,000 / 1,000,000 (38.0%)  elapsed 5.4m  ETA 00:08:49  fps 1170
2026-03-15 22:07:20 [INFO ] [train] step=380,000  train/ep_reward_mean=-0.02  train/ep_reward_std=0.09798  train/ep_len_mean=1
2026-03-15 22:07:28 [INFO ] [eval] step=390,000  eval/mean_reward=0  eval/best_mean_reward=0.18
[ETA] step  390,000 / 1,000,000 (39.0%)  elapsed 5.6m  ETA 00:08:40  fps 1171
2026-03-15 22:07:28 [INFO ] [train] step=390,000  train/ep_reward_mean=-0.03  train/ep_reward_std=0.1187  train/ep_len_mean=1
2026-03-15 22:07:36 [INFO ] [eval] step=400,000  eval/mean_reward=-0.04  eval/best_mean_reward=0.18
[ETA] step  400,000 / 1,000,000 (40.0%)  elapsed 5.7m  ETA 00:08:31  fps 1173
2026-03-15 22:07:36 [INFO ] [train] step=400,000  train/ep_reward_mean=-0.03  train/ep_reward_std=0.1187  train/ep_len_mean=1
2026-03-15 22:07:44 [INFO ] [eval] step=410,000  eval/mean_reward=-0.02  eval/best_mean_reward=0.18
[ETA] step  410,000 / 1,000,000 (41.0%)  elapsed 5.8m  ETA 00:08:22  fps 1175
2026-03-15 22:07:44 [INFO ] [train] step=410,000  train/ep_reward_mean=-0.025  train/ep_reward_std=0.109  train/ep_len_mean=1
2026-03-15 22:07:52 [INFO ] [eval] step=420,000  eval/mean_reward=0  eval/best_mean_reward=0.18
[ETA] step  420,000 / 1,000,000 (42.0%)  elapsed 6.0m  ETA 00:08:13  fps 1176
2026-03-15 22:07:52 [INFO ] [train] step=420,000  train/ep_reward_mean=-0.035  train/ep_reward_std=0.1276  train/ep_len_mean=1
2026-03-15 22:08:00 [INFO ] [eval] step=430,000  eval/mean_reward=-0.02  eval/best_mean_reward=0.18
[ETA] step  430,000 / 1,000,000 (43.0%)  elapsed 6.1m  ETA 00:08:03  fps 1178
2026-03-15 22:08:00 [INFO ] [train] step=430,000  train/ep_reward_mean=-0.035  train/ep_reward_std=0.1276  train/ep_len_mean=1
2026-03-15 22:08:08 [INFO ] [eval] step=440,000  eval/mean_reward=-0.04  eval/best_mean_reward=0.18
[ETA] step  440,000 / 1,000,000 (44.0%)  elapsed 6.2m  ETA 00:07:54  fps 1180
2026-03-15 22:08:08 [INFO ] [train] step=440,000  train/ep_reward_mean=-0.055  train/ep_reward_std=0.1564  train/ep_len_mean=1
2026-03-15 22:08:16 [INFO ] [eval] step=450,000  eval/mean_reward=-0.03  eval/best_mean_reward=0.18
[ETA] step  450,000 / 1,000,000 (45.0%)  elapsed 6.3m  ETA 00:07:45  fps 1181
2026-03-15 22:08:16 [INFO ] [train] step=450,000  train/ep_reward_mean=-0.04  train/ep_reward_std=0.1828  train/ep_len_mean=1
2026-03-15 22:08:24 [INFO ] [eval] step=460,000  eval/mean_reward=0  eval/best_mean_reward=0.18
[ETA] step  460,000 / 1,000,000 (46.0%)  elapsed 6.5m  ETA 00:07:36  fps 1182
2026-03-15 22:08:24 [INFO ] [train] step=460,000  train/ep_reward_mean=-0.045  train/ep_reward_std=0.1431  train/ep_len_mean=1
2026-03-15 22:08:32 [INFO ] [eval] step=470,000  eval/mean_reward=-0.04  eval/best_mean_reward=0.18
[ETA] step  470,000 / 1,000,000 (47.0%)  elapsed 6.6m  ETA 00:07:27  fps 1183
2026-03-15 22:08:32 [INFO ] [train] step=470,000  train/ep_reward_mean=-0.04  train/ep_reward_std=0.1356  train/ep_len_mean=1
2026-03-15 22:08:40 [INFO ] [eval] step=480,000  eval/mean_reward=0  eval/best_mean_reward=0.18
[ETA] step  480,000 / 1,000,000 (48.0%)  elapsed 6.8m  ETA 00:07:18  fps 1185
2026-03-15 22:08:40 [INFO ] [train] step=480,000  train/ep_reward_mean=-0.015  train/ep_reward_std=0.08529  train/ep_len_mean=1
2026-03-15 22:08:48 [INFO ] [eval] step=490,000  eval/mean_reward=-0.01  eval/best_mean_reward=0.18
[ETA] step  490,000 / 1,000,000 (49.0%)  elapsed 6.9m  ETA 00:07:09  fps 1186
2026-03-15 22:08:48 [INFO ] [train] step=490,000  train/ep_reward_mean=-0.03  train/ep_reward_std=0.1187  train/ep_len_mean=1
2026-03-15 22:08:56 [INFO ] [eval] step=500,000  eval/mean_reward=-0.01  eval/best_mean_reward=0.18
[ETA] step  500,000 / 1,000,000 (50.0%)  elapsed 7.0m  ETA 00:07:01  fps 1188
2026-03-15 22:08:56 [INFO ] [train] step=500,000  train/ep_reward_mean=-0.025  train/ep_reward_std=0.1299  train/ep_len_mean=1
2026-03-15 22:09:04 [INFO ] [eval] step=510,000  eval/mean_reward=-0.05  eval/best_mean_reward=0.18
[ETA] step  510,000 / 1,000,000 (51.0%)  elapsed 7.2m  ETA 00:06:52  fps 1189
2026-03-15 22:09:04 [INFO ] [train] step=510,000  train/ep_reward_mean=-0.05  train/ep_reward_std=0.15  train/ep_len_mean=1
2026-03-15 22:09:12 [INFO ] [eval] step=520,000  eval/mean_reward=0  eval/best_mean_reward=0.18
[ETA] step  520,000 / 1,000,000 (52.0%)  elapsed 7.3m  ETA 00:06:43  fps 1190
2026-03-15 22:09:12 [INFO ] [train] step=520,000  train/ep_reward_mean=-0.025  train/ep_reward_std=0.1299  train/ep_len_mean=1
2026-03-15 22:09:20 [INFO ] [eval] step=530,000  eval/mean_reward=-0.01  eval/best_mean_reward=0.18
[ETA] step  530,000 / 1,000,000 (53.0%)  elapsed 7.4m  ETA 00:06:34  fps 1191
2026-03-15 22:09:20 [INFO ] [train] step=530,000  train/ep_reward_mean=-0.04  train/ep_reward_std=0.1356  train/ep_len_mean=1
2026-03-15 22:09:28 [INFO ] [eval] step=540,000  eval/mean_reward=-0.01  eval/best_mean_reward=0.18
[ETA] step  540,000 / 1,000,000 (54.0%)  elapsed 7.6m  ETA 00:06:26  fps 1191
2026-03-15 22:09:28 [INFO ] [train] step=540,000  train/ep_reward_mean=-0.02  train/ep_reward_std=0.199  train/ep_len_mean=1
2026-03-15 22:09:37 [INFO ] [eval] step=550,000  eval/mean_reward=0  eval/best_mean_reward=0.18
[ETA] step  550,000 / 1,000,000 (55.0%)  elapsed 7.7m  ETA 00:06:17  fps 1192
2026-03-15 22:09:37 [INFO ] [train] step=550,000  train/ep_reward_mean=-0.035  train/ep_reward_std=0.1768  train/ep_len_mean=1
2026-03-15 22:09:45 [INFO ] [eval] step=560,000  eval/mean_reward=-0.03  eval/best_mean_reward=0.18
[ETA] step  560,000 / 1,000,000 (56.0%)  elapsed 7.8m  ETA 00:06:09  fps 1192
2026-03-15 22:09:45 [INFO ] [train] step=560,000  train/ep_reward_mean=-0.08  train/ep_reward_std=0.1833  train/ep_len_mean=1
2026-03-15 22:09:53 [INFO ] [eval] step=570,000  eval/mean_reward=0  eval/best_mean_reward=0.18
[ETA] step  570,000 / 1,000,000 (57.0%)  elapsed 8.0m  ETA 00:06:00  fps 1193
2026-03-15 22:09:53 [INFO ] [train] step=570,000  train/ep_reward_mean=-0.04  train/ep_reward_std=0.1356  train/ep_len_mean=1
2026-03-15 22:10:01 [INFO ] [eval] step=580,000  eval/mean_reward=0  eval/best_mean_reward=0.18
[ETA] step  580,000 / 1,000,000 (58.0%)  elapsed 8.1m  ETA 00:05:51  fps 1193
2026-03-15 22:10:01 [INFO ] [train] step=580,000  train/ep_reward_mean=0  train/ep_reward_std=0.1732  train/ep_len_mean=1
2026-03-15 22:10:09 [INFO ] [eval] step=590,000  eval/mean_reward=-0.02  eval/best_mean_reward=0.18
[ETA] step  590,000 / 1,000,000 (59.0%)  elapsed 8.2m  ETA 00:05:43  fps 1194
2026-03-15 22:10:09 [INFO ] [train] step=590,000  train/ep_reward_mean=-0.025  train/ep_reward_std=0.1639  train/ep_len_mean=1
2026-03-15 22:10:17 [INFO ] [eval] step=600,000  eval/mean_reward=-0.03  eval/best_mean_reward=0.18
[ETA] step  600,000 / 1,000,000 (60.0%)  elapsed 8.4m  ETA 00:05:34  fps 1195
2026-03-15 22:10:17 [INFO ] [train] step=600,000  train/ep_reward_mean=-0.04  train/ep_reward_std=0.1356  train/ep_len_mean=1
2026-03-15 22:10:26 [INFO ] [eval] step=610,000  eval/mean_reward=-0.04  eval/best_mean_reward=0.18
[ETA] step  610,000 / 1,000,000 (61.0%)  elapsed 8.5m  ETA 00:05:26  fps 1195
2026-03-15 22:10:26 [INFO ] [train] step=610,000  train/ep_reward_mean=-0.025  train/ep_reward_std=0.1639  train/ep_len_mean=1
2026-03-15 22:10:34 [INFO ] [eval] step=620,000  eval/mean_reward=-0.01  eval/best_mean_reward=0.18
[ETA] step  620,000 / 1,000,000 (62.0%)  elapsed 8.6m  ETA 00:05:18  fps 1195
2026-03-15 22:10:34 [INFO ] [train] step=620,000  train/ep_reward_mean=-0.05  train/ep_reward_std=0.15  train/ep_len_mean=1
2026-03-15 22:10:42 [INFO ] [eval] step=630,000  eval/mean_reward=-0.05  eval/best_mean_reward=0.18
[ETA] step  630,000 / 1,000,000 (63.0%)  elapsed 8.8m  ETA 00:05:09  fps 1195
2026-03-15 22:10:42 [INFO ] [train] step=630,000  train/ep_reward_mean=-0.01  train/ep_reward_std=0.1411  train/ep_len_mean=1
2026-03-15 22:10:50 [INFO ] [eval] step=640,000  eval/mean_reward=-0.04  eval/best_mean_reward=0.18
[ETA] step  640,000 / 1,000,000 (64.0%)  elapsed 8.9m  ETA 00:05:01  fps 1195
2026-03-15 22:10:50 [INFO ] [train] step=640,000  train/ep_reward_mean=-0.09  train/ep_reward_std=0.1921  train/ep_len_mean=1
2026-03-15 22:10:59 [INFO ] [eval] step=650,000  eval/mean_reward=-0.03  eval/best_mean_reward=0.18
[ETA] step  650,000 / 1,000,000 (65.0%)  elapsed 9.1m  ETA 00:04:52  fps 1196
2026-03-15 22:10:59 [INFO ] [train] step=650,000  train/ep_reward_mean=-0.015  train/ep_reward_std=0.1931  train/ep_len_mean=1
2026-03-15 22:11:07 [INFO ] [eval] step=660,000  eval/mean_reward=-0.04  eval/best_mean_reward=0.18
[ETA] step  660,000 / 1,000,000 (66.0%)  elapsed 9.2m  ETA 00:04:44  fps 1196
2026-03-15 22:11:07 [INFO ] [train] step=660,000  train/ep_reward_mean=-0.06  train/ep_reward_std=0.2035  train/ep_len_mean=1
2026-03-15 22:11:15 [INFO ] [eval] step=670,000  eval/mean_reward=-0.07  eval/best_mean_reward=0.18
[ETA] step  670,000 / 1,000,000 (67.0%)  elapsed 9.3m  ETA 00:04:36  fps 1195
2026-03-15 22:11:15 [INFO ] [train] step=670,000  train/ep_reward_mean=-0.01  train/ep_reward_std=0.1997  train/ep_len_mean=1
2026-03-15 22:11:24 [INFO ] [eval] step=680,000  eval/mean_reward=-0.06  eval/best_mean_reward=0.18
[ETA] step  680,000 / 1,000,000 (68.0%)  elapsed 9.5m  ETA 00:04:27  fps 1195
2026-03-15 22:11:24 [INFO ] [train] step=680,000  train/ep_reward_mean=-0.025  train/ep_reward_std=0.1639  train/ep_len_mean=1
2026-03-15 22:11:32 [INFO ] [eval] step=690,000  eval/mean_reward=-0.02  eval/best_mean_reward=0.18
[ETA] step  690,000 / 1,000,000 (69.0%)  elapsed 9.6m  ETA 00:04:19  fps 1196
2026-03-15 22:11:32 [INFO ] [train] step=690,000  train/ep_reward_mean=-0.03  train/ep_reward_std=0.21  train/ep_len_mean=1
2026-03-15 22:11:40 [INFO ] [eval] step=700,000  eval/mean_reward=-0.03  eval/best_mean_reward=0.18
[ETA] step  700,000 / 1,000,000 (70.0%)  elapsed 9.8m  ETA 00:04:10  fps 1196
2026-03-15 22:11:40 [INFO ] [train] step=700,000  train/ep_reward_mean=-0.025  train/ep_reward_std=0.1639  train/ep_len_mean=1
2026-03-15 22:11:49 [INFO ] [eval] step=710,000  eval/mean_reward=0.02  eval/best_mean_reward=0.18
[ETA] step  710,000 / 1,000,000 (71.0%)  elapsed 9.9m  ETA 00:04:02  fps 1195
2026-03-15 22:11:49 [INFO ] [train] step=710,000  train/ep_reward_mean=-0.025  train/ep_reward_std=0.2046  train/ep_len_mean=1
2026-03-15 22:11:58 [INFO ] [eval] step=720,000  eval/mean_reward=-0.03  eval/best_mean_reward=0.18
[ETA] step  720,000 / 1,000,000 (72.0%)  elapsed 10.1m  ETA 00:03:54  fps 1193
2026-03-15 22:11:58 [INFO ] [train] step=720,000  train/ep_reward_mean=-0.035  train/ep_reward_std=0.1768  train/ep_len_mean=1
2026-03-15 22:12:07 [INFO ] [eval] step=730,000  eval/mean_reward=-0.03  eval/best_mean_reward=0.18
[ETA] step  730,000 / 1,000,000 (73.0%)  elapsed 10.2m  ETA 00:03:46  fps 1192
2026-03-15 22:12:07 [INFO ] [train] step=730,000  train/ep_reward_mean=-0.03  train/ep_reward_std=0.1706  train/ep_len_mean=1
2026-03-15 22:12:16 [INFO ] [eval] step=740,000  eval/mean_reward=-0.02  eval/best_mean_reward=0.18
[ETA] step  740,000 / 1,000,000 (74.0%)  elapsed 10.4m  ETA 00:03:38  fps 1191
2026-03-15 22:12:16 [INFO ] [train] step=740,000  train/ep_reward_mean=-0.025  train/ep_reward_std=0.109  train/ep_len_mean=1
2026-03-15 22:12:26 [INFO ] [eval] step=750,000  eval/mean_reward=-0.03  eval/best_mean_reward=0.18
[ETA] step  750,000 / 1,000,000 (75.0%)  elapsed 10.5m  ETA 00:03:30  fps 1189
2026-03-15 22:12:26 [INFO ] [train] step=750,000  train/ep_reward_mean=-0.005  train/ep_reward_std=0.1322  train/ep_len_mean=1
2026-03-15 22:12:35 [INFO ] [eval] step=760,000  eval/mean_reward=0.07  eval/best_mean_reward=0.18
[ETA] step  760,000 / 1,000,000 (76.0%)  elapsed 10.7m  ETA 00:03:22  fps 1187
2026-03-15 22:12:35 [INFO ] [train] step=760,000  train/ep_reward_mean=-0.05  train/ep_reward_std=0.1658  train/ep_len_mean=1
2026-03-15 22:12:45 [INFO ] [eval] step=770,000  eval/mean_reward=-0.03  eval/best_mean_reward=0.18
[ETA] step  770,000 / 1,000,000 (77.0%)  elapsed 10.8m  ETA 00:03:14  fps 1185
2026-03-15 22:12:45 [INFO ] [train] step=770,000  train/ep_reward_mean=-0.03  train/ep_reward_std=0.1187  train/ep_len_mean=1
2026-03-15 22:12:54 [INFO ] [eval] step=780,000  eval/mean_reward=-0.01  eval/best_mean_reward=0.18
[ETA] step  780,000 / 1,000,000 (78.0%)  elapsed 11.0m  ETA 00:03:05  fps 1184
2026-03-15 22:12:54 [INFO ] [train] step=780,000  train/ep_reward_mean=-0.045  train/ep_reward_std=0.1431  train/ep_len_mean=1
2026-03-15 22:13:03 [INFO ] [eval] step=790,000  eval/mean_reward=0.02  eval/best_mean_reward=0.18
[ETA] step  790,000 / 1,000,000 (79.0%)  elapsed 11.1m  ETA 00:02:57  fps 1182
2026-03-15 22:13:03 [INFO ] [train] step=790,000  train/ep_reward_mean=-0.015  train/ep_reward_std=0.2286  train/ep_len_mean=1
2026-03-15 22:13:13 [INFO ] [eval] step=800,000  eval/mean_reward=0.06  eval/best_mean_reward=0.18
[ETA] step  800,000 / 1,000,000 (80.0%)  elapsed 11.3m  ETA 00:02:49  fps 1180
2026-03-15 22:13:13 [INFO ] [train] step=800,000  train/ep_reward_mean=0.04  train/ep_reward_std=0.3216  train/ep_len_mean=1
2026-03-15 22:13:22 [INFO ] [eval] step=810,000  eval/mean_reward=-0.05  eval/best_mean_reward=0.18
[ETA] step  810,000 / 1,000,000 (81.0%)  elapsed 11.5m  ETA 00:02:41  fps 1179
2026-03-15 22:13:22 [INFO ] [train] step=810,000  train/ep_reward_mean=-0.055  train/ep_reward_std=0.2109  train/ep_len_mean=1
2026-03-15 22:13:32 [INFO ] [eval] step=820,000  eval/mean_reward=-0.03  eval/best_mean_reward=0.18
[ETA] step  820,000 / 1,000,000 (82.0%)  elapsed 11.6m  ETA 00:02:32  fps 1177
2026-03-15 22:13:32 [INFO ] [train] step=820,000  train/ep_reward_mean=-0.025  train/ep_reward_std=0.2773  train/ep_len_mean=1
2026-03-15 22:13:41 [INFO ] [eval] step=830,000  eval/mean_reward=0.01  eval/best_mean_reward=0.18
[ETA] step  830,000 / 1,000,000 (83.0%)  elapsed 11.8m  ETA 00:02:24  fps 1175
2026-03-15 22:13:41 [INFO ] [train] step=830,000  train/ep_reward_mean=-0.03  train/ep_reward_std=0.2326  train/ep_len_mean=1
2026-03-15 22:13:51 [INFO ] [eval] step=840,000  eval/mean_reward=0.02  eval/best_mean_reward=0.18
[ETA] step  840,000 / 1,000,000 (84.0%)  elapsed 11.9m  ETA 00:02:16  fps 1173
2026-03-15 22:13:51 [INFO ] [train] step=840,000  train/ep_reward_mean=0.01  train/ep_reward_std=0.2447  train/ep_len_mean=1
2026-03-15 22:14:01 [INFO ] [eval] step=850,000  eval/mean_reward=0.03  eval/best_mean_reward=0.18
[ETA] step  850,000 / 1,000,000 (85.0%)  elapsed 12.1m  ETA 00:02:08  fps 1171
2026-03-15 22:14:01 [INFO ] [train] step=850,000  train/ep_reward_mean=-0.005  train/ep_reward_std=0.2499  train/ep_len_mean=1
2026-03-15 22:14:11 [INFO ] [eval] step=860,000  eval/mean_reward=0.09  eval/best_mean_reward=0.18
[ETA] step  860,000 / 1,000,000 (86.0%)  elapsed 12.3m  ETA 00:01:59  fps 1169
2026-03-15 22:14:11 [INFO ] [train] step=860,000  train/ep_reward_mean=-0.065  train/ep_reward_std=0.208  train/ep_len_mean=1
2026-03-15 22:14:21 [INFO ] [eval] step=870,000  eval/mean_reward=0.08  eval/best_mean_reward=0.18
[ETA] step  870,000 / 1,000,000 (87.0%)  elapsed 12.4m  ETA 00:01:51  fps 1167
2026-03-15 22:14:21 [INFO ] [train] step=870,000  train/ep_reward_mean=-0.045  train/ep_reward_std=0.2837  train/ep_len_mean=1
2026-03-15 22:14:30 [INFO ] [eval] step=880,000  eval/mean_reward=0.04  eval/best_mean_reward=0.18
[ETA] step  880,000 / 1,000,000 (88.0%)  elapsed 12.6m  ETA 00:01:43  fps 1165
2026-03-15 22:14:30 [INFO ] [train] step=880,000  train/ep_reward_mean=-0.005  train/ep_reward_std=0.2598  train/ep_len_mean=1
2026-03-15 22:14:41 [INFO ] [eval] step=890,000  eval/mean_reward=0.04  eval/best_mean_reward=0.18
[ETA] step  890,000 / 1,000,000 (89.0%)  elapsed 12.8m  ETA 00:01:34  fps 1162
2026-03-15 22:14:41 [INFO ] [train] step=890,000  train/ep_reward_mean=-0.02  train/ep_reward_std=0.2638  train/ep_len_mean=1
2026-03-15 22:14:52 [INFO ] [eval] step=900,000  eval/mean_reward=0.07  eval/best_mean_reward=0.18
[ETA] step  900,000 / 1,000,000 (90.0%)  elapsed 13.0m  ETA 00:01:26  fps 1158
2026-03-15 22:14:52 [INFO ] [train] step=900,000  train/ep_reward_mean=-0.03  train/ep_reward_std=0.2532  train/ep_len_mean=1
2026-03-15 22:15:03 [INFO ] [eval] step=910,000  eval/mean_reward=0.02  eval/best_mean_reward=0.18
[ETA] step  910,000 / 1,000,000 (91.0%)  elapsed 13.1m  ETA 00:01:17  fps 1155
2026-03-15 22:15:03 [INFO ] [train] step=910,000  train/ep_reward_mean=-0.005  train/ep_reward_std=0.2499  train/ep_len_mean=1
2026-03-15 22:15:14 [INFO ] [eval] step=920,000  eval/mean_reward=0.03  eval/best_mean_reward=0.18
[ETA] step  920,000 / 1,000,000 (92.0%)  elapsed 13.3m  ETA 00:01:09  fps 1152
2026-03-15 22:15:14 [INFO ] [train] step=920,000  train/ep_reward_mean=0.04  train/ep_reward_std=0.4104  train/ep_len_mean=1
2026-03-15 22:15:24 [INFO ] [eval] step=930,000  eval/mean_reward=-0.05  eval/best_mean_reward=0.18
[ETA] step  930,000 / 1,000,000 (93.0%)  elapsed 13.5m  ETA 00:01:00  fps 1149
2026-03-15 22:15:24 [INFO ] [train] step=930,000  train/ep_reward_mean=-0.005  train/ep_reward_std=0.2692  train/ep_len_mean=1
2026-03-15 22:15:35 [INFO ] [eval] step=940,000  eval/mean_reward=-0.05  eval/best_mean_reward=0.18
[ETA] step  940,000 / 1,000,000 (94.0%)  elapsed 13.7m  ETA 00:00:52  fps 1146
2026-03-15 22:15:35 [INFO ] [train] step=940,000  train/ep_reward_mean=-0.035  train/ep_reward_std=0.2264  train/ep_len_mean=1
2026-03-15 22:15:46 [INFO ] [eval] step=950,000  eval/mean_reward=0.05  eval/best_mean_reward=0.18
[ETA] step  950,000 / 1,000,000 (95.0%)  elapsed 13.9m  ETA 00:00:43  fps 1143
2026-03-15 22:15:46 [INFO ] [train] step=950,000  train/ep_reward_mean=0  train/ep_reward_std=0.2915  train/ep_len_mean=1
2026-03-15 22:15:57 [INFO ] [eval] step=960,000  eval/mean_reward=0.05  eval/best_mean_reward=0.18
[ETA] step  960,000 / 1,000,000 (96.0%)  elapsed 14.0m  ETA 00:00:35  fps 1140
2026-03-15 22:15:57 [INFO ] [train] step=960,000  train/ep_reward_mean=-0.035  train/ep_reward_std=0.2937  train/ep_len_mean=1
2026-03-15 22:16:08 [INFO ] [eval] step=970,000  eval/mean_reward=0.04  eval/best_mean_reward=0.18
[ETA] step  970,000 / 1,000,000 (97.0%)  elapsed 14.2m  ETA 00:00:26  fps 1137
2026-03-15 22:16:08 [INFO ] [train] step=970,000  train/ep_reward_mean=0.005  train/ep_reward_std=0.3201  train/ep_len_mean=1
2026-03-15 22:16:19 [INFO ] [eval] step=980,000  eval/mean_reward=0.06  eval/best_mean_reward=0.18
[ETA] step  980,000 / 1,000,000 (98.0%)  elapsed 14.4m  ETA 00:00:17  fps 1135
2026-03-15 22:16:19 [INFO ] [train] step=980,000  train/ep_reward_mean=0.005  train/ep_reward_std=0.3427  train/ep_len_mean=1
2026-03-15 22:16:29 [INFO ] [eval] step=990,000  eval/mean_reward=-0.02  eval/best_mean_reward=0.18
[ETA] step  990,000 / 1,000,000 (99.0%)  elapsed 14.6m  ETA 00:00:08  fps 1132
2026-03-15 22:16:29 [INFO ] [train] step=990,000  train/ep_reward_mean=0.005  train/ep_reward_std=0.3278  train/ep_len_mean=1
2026-03-15 22:16:40 [INFO ] [eval] step=1,000,000  eval/mean_reward=0.04  eval/best_mean_reward=0.18
[ETA] step 1,000,000 / 1,000,000 (100.0%)  elapsed 14.8m  ETA 00:00:00  fps 1130
2026-03-15 22:16:40 [INFO ] [train] step=1,000,000  train/ep_reward_mean=0.075  train/ep_reward_std=0.3832  train/ep_len_mean=1

[3/3] Evaluating best SAC checkpoint (500 episodes)...
2026-03-15 22:16:42 [INFO ] === FINAL RESULTS ===
{
  "algo": "SAC",
  "n_balls": 1,
  "max_steps": 1,
  "step_penalty": 0.0,
  "trunc_penalty": 0.0,
  "progressive_penalty": false,
  "clear_bonus": 0.0,
  "shots_taken": false,
  "learning_rate": 0.0003,
  "gradient_steps": 1,
  "steps": 1000000,
  "seed": 42,
  "random_pocket_rate": 2.6,
  "trained_pocket_rate": 26.6,
  "clear_rate": 26.6,
  "improvement_pp": 24.0,
  "training_time_sec": 885.4,
  "avg_fps": 1129.0,
  "exp_dir": "logs/experiments/SAC_1000k_s42_sp0.0_tp0.0_legacyplace_20260315_220151"
}
2026-03-15 22:16:42 [INFO ] === Experiment finished: SAC_1000k_s42_sp0.0_tp0.0_legacyplace_20260315_220151 ===

  ─────────────────────────────────────────────
  SAC pocket rate  : 26.6%
  Random            : 2.6%
  Improvement       : +24.0pp
  Training time     : 14.8 min  (1129 fps)
  Saved → logs/experiments/SAC_1000k_s42_sp0.0_tp0.0_legacyplace_20260315_220151
  TensorBoard → tensorboard --logdir logs/tensorboard

  [legacy (원본)] pocket=26.6%  random=2.6%

=======================================================
  Placement: current (현재)
  legacy_placement=False
  SAC, n_balls=1, 1000k steps, seed=42
  Started: 2026-03-15 22:16:42
=======================================================

=======================================================
  billiards-rl — SAC  |  1,000,000 steps  |  seed 42  |  env single
  exp_dir : logs/experiments/SAC_1000k_s42_sp0.0_tp0.0_20260315_221642
=======================================================

[1/3] Random agent baseline (500 episodes)...
      Random pocket rate: 4.0%  (avg 0.04/1 balls)

[2/3] Training SAC — 1,000,000 steps × 10 envs ...
2026-03-15 22:16:42 [INFO ] Aim run: 67d0e93badf64ee88f8e2adc  (aim up → localhost:43800)
2026-03-15 22:16:42 [INFO ] === Experiment started: SAC_1000k_s42_sp0.0_tp0.0_20260315_221642 ===
/Users/yj/Documents/billiards-rl/.venv/lib/python3.13/site-packages/stable_baselines3/common/callbacks.py:418: UserWarning: Training and eval env are not of the same type<stable_baselines3.common.vec_env.subproc_vec_env.SubprocVecEnv object at 0x11622d450> != <stable_baselines3.common.vec_env.dummy_vec_env.DummyVecEnv object at 0x126e07610>
  warnings.warn("Training and eval env are not of the same type" f"{self.training_env} != {self.eval_env}")
2026-03-15 22:16:51 [INFO ] [eval] step=10,000  eval/mean_reward=0.19  eval/best_mean_reward=0.19
[ETA] step   10,000 / 1,000,000 (1.0%)  elapsed 0.1m  ETA 00:13:52  fps 1189
2026-03-15 22:16:51 [INFO ] [train] step=10,000  train/ep_reward_mean=-0.06  train/ep_reward_std=0.3023  train/ep_len_mean=1
2026-03-15 22:17:02 [INFO ] [eval] step=20,000  eval/mean_reward=-0.05  eval/best_mean_reward=0.19
[ETA] step   20,000 / 1,000,000 (2.0%)  elapsed 0.3m  ETA 00:15:27  fps 1057
2026-03-15 22:17:02 [INFO ] [train] step=20,000  train/ep_reward_mean=-0.13  train/ep_reward_std=0.2883  train/ep_len_mean=1
2026-03-15 22:17:12 [INFO ] [eval] step=30,000  eval/mean_reward=0.23  eval/best_mean_reward=0.23
[ETA] step   30,000 / 1,000,000 (3.0%)  elapsed 0.5m  ETA 00:15:48  fps 1023
2026-03-15 22:17:12 [INFO ] [train] step=30,000  train/ep_reward_mean=-0.12  train/ep_reward_std=0.2462  train/ep_len_mean=1
