
=======================================================
  billiards-rl — SAC  |  1,000,000 steps  |  seed 42  |  env multi3(ms=5)
  exp_dir : logs/experiments/SAC_1000k_s42_multi3_ms5_20260301_194457
=======================================================

[1/3] Random agent baseline (500 episodes)...
      Random pocket rate: 16.7%  (avg 0.50/3 balls)

[2/3] Training SAC — 1,000,000 steps × 10 envs ...
/Users/yj/Documents/billiards-rl/.venv/lib/python3.13/site-packages/stable_baselines3/common/callbacks.py:418: UserWarning: Training and eval env are not of the same type<stable_baselines3.common.vec_env.subproc_vec_env.SubprocVecEnv object at 0x117bfa3c0> != <stable_baselines3.common.vec_env.dummy_vec_env.DummyVecEnv object at 0x1193ce3c0>
  warnings.warn("Training and eval env are not of the same type" f"{self.training_env} != {self.eval_env}")
[ETA] step   10,000 / 1,000,000 (1.0%)  elapsed 0.2m  ETA 00:18:01  fps 916
[ETA] step   20,000 / 1,000,000 (2.0%)  elapsed 0.4m  ETA 00:20:46  fps 786
[ETA] step   30,000 / 1,000,000 (3.0%)  elapsed 0.7m  ETA 00:21:07  fps 765
[ETA] step   40,000 / 1,000,000 (4.0%)  elapsed 0.9m  ETA 00:20:52  fps 767
[ETA] step   50,000 / 1,000,000 (5.0%)  elapsed 1.1m  ETA 00:20:38  fps 767
[ETA] step   60,000 / 1,000,000 (6.0%)  elapsed 1.4m  ETA 00:21:15  fps 737
[ETA] step   70,000 / 1,000,000 (7.0%)  elapsed 1.5m  ETA 00:20:33  fps 754
[ETA] step   80,000 / 1,000,000 (8.0%)  elapsed 1.7m  ETA 00:19:50  fps 772
[ETA] step   90,000 / 1,000,000 (9.0%)  elapsed 1.9m  ETA 00:19:09  fps 792
[ETA] step  100,000 / 1,000,000 (10.0%)  elapsed 2.1m  ETA 00:18:30  fps 810
[ETA] step  110,000 / 1,000,000 (11.0%)  elapsed 2.2m  ETA 00:17:53  fps 829
[ETA] step  120,000 / 1,000,000 (12.0%)  elapsed 2.4m  ETA 00:17:18  fps 847
[ETA] step  130,000 / 1,000,000 (13.0%)  elapsed 2.5m  ETA 00:16:48  fps 862
[ETA] step  140,000 / 1,000,000 (14.0%)  elapsed 2.7m  ETA 00:16:29  fps 870
[ETA] step  150,000 / 1,000,000 (15.0%)  elapsed 2.9m  ETA 00:16:09  fps 876
[ETA] step  160,000 / 1,000,000 (16.0%)  elapsed 3.0m  ETA 00:15:53  fps 881
[ETA] step  170,000 / 1,000,000 (17.0%)  elapsed 3.2m  ETA 00:15:32  fps 890
[ETA] step  180,000 / 1,000,000 (18.0%)  elapsed 3.3m  ETA 00:15:08  fps 903
[ETA] step  190,000 / 1,000,000 (19.0%)  elapsed 3.5m  ETA 00:14:47  fps 913
[ETA] step  200,000 / 1,000,000 (20.0%)  elapsed 3.6m  ETA 00:14:27  fps 922
[ETA] step  210,000 / 1,000,000 (21.0%)  elapsed 3.8m  ETA 00:14:06  fps 933
[ETA] step  220,000 / 1,000,000 (22.0%)  elapsed 3.9m  ETA 00:13:48  fps 942
[ETA] step  230,000 / 1,000,000 (23.0%)  elapsed 4.0m  ETA 00:13:30  fps 950
[ETA] step  240,000 / 1,000,000 (24.0%)  elapsed 4.2m  ETA 00:13:13  fps 958
[ETA] step  250,000 / 1,000,000 (25.0%)  elapsed 4.3m  ETA 00:12:59  fps 962
[ETA] step  260,000 / 1,000,000 (26.0%)  elapsed 4.5m  ETA 00:12:45  fps 967
[ETA] step  270,000 / 1,000,000 (27.0%)  elapsed 4.6m  ETA 00:12:27  fps 976
[ETA] step  280,000 / 1,000,000 (28.0%)  elapsed 4.8m  ETA 00:12:13  fps 981
[ETA] step  290,000 / 1,000,000 (29.0%)  elapsed 5.0m  ETA 00:12:07  fps 976
[ETA] step  300,000 / 1,000,000 (30.0%)  elapsed 5.2m  ETA 00:12:06  fps 963
[ETA] step  310,000 / 1,000,000 (31.0%)  elapsed 5.4m  ETA 00:12:06  fps 950
[ETA] step  320,000 / 1,000,000 (32.0%)  elapsed 5.8m  ETA 00:12:22  fps 915
[ETA] step  330,000 / 1,000,000 (33.0%)  elapsed 6.1m  ETA 00:12:18  fps 907
[ETA] step  340,000 / 1,000,000 (34.0%)  elapsed 6.3m  ETA 00:12:18  fps 893
[ETA] step  350,000 / 1,000,000 (35.0%)  elapsed 6.6m  ETA 00:12:18  fps 880
[ETA] step  360,000 / 1,000,000 (36.0%)  elapsed 7.0m  ETA 00:12:27  fps 856
[ETA] step  370,000 / 1,000,000 (37.0%)  elapsed 7.4m  ETA 00:12:36  fps 833
[ETA] step  380,000 / 1,000,000 (38.0%)  elapsed 7.6m  ETA 00:12:28  fps 828
[ETA] step  390,000 / 1,000,000 (39.0%)  elapsed 7.9m  ETA 00:12:20  fps 824
[ETA] step  400,000 / 1,000,000 (40.0%)  elapsed 8.2m  ETA 00:12:17  fps 814
[ETA] step  410,000 / 1,000,000 (41.0%)  elapsed 8.5m  ETA 00:12:12  fps 806
[ETA] step  420,000 / 1,000,000 (42.0%)  elapsed 8.8m  ETA 00:12:05  fps 800
[ETA] step  430,000 / 1,000,000 (43.0%)  elapsed 9.2m  ETA 00:12:10  fps 781
[ETA] step  440,000 / 1,000,000 (44.0%)  elapsed 9.5m  ETA 00:12:03  fps 774
[ETA] step  450,000 / 1,000,000 (45.0%)  elapsed 9.9m  ETA 00:12:02  fps 761
[ETA] step  460,000 / 1,000,000 (46.0%)  elapsed 10.2m  ETA 00:11:55  fps 755
[ETA] step  470,000 / 1,000,000 (47.0%)  elapsed 10.5m  ETA 00:11:50  fps 746
[ETA] step  480,000 / 1,000,000 (48.0%)  elapsed 10.7m  ETA 00:11:38  fps 745
[ETA] step  490,000 / 1,000,000 (49.0%)  elapsed 11.0m  ETA 00:11:26  fps 743
[ETA] step  500,000 / 1,000,000 (50.0%)  elapsed 11.4m  ETA 00:11:21  fps 733
[ETA] step  510,000 / 1,000,000 (51.0%)  elapsed 11.7m  ETA 00:11:15  fps 725
[ETA] step  520,000 / 1,000,000 (52.0%)  elapsed 12.1m  ETA 00:11:07  fps 719
[ETA] step  530,000 / 1,000,000 (53.0%)  elapsed 12.4m  ETA 00:10:59  fps 712
[ETA] step  540,000 / 1,000,000 (54.0%)  elapsed 12.7m  ETA 00:10:51  fps 706
[ETA] step  550,000 / 1,000,000 (55.0%)  elapsed 13.0m  ETA 00:10:38  fps 705
[ETA] step  560,000 / 1,000,000 (56.0%)  elapsed 13.3m  ETA 00:10:24  fps 704
[ETA] step  570,000 / 1,000,000 (57.0%)  elapsed 13.5m  ETA 00:10:11  fps 703
[ETA] step  580,000 / 1,000,000 (58.0%)  elapsed 13.8m  ETA 00:09:57  fps 703
[ETA] step  590,000 / 1,000,000 (59.0%)  elapsed 14.1m  ETA 00:09:47  fps 698
[ETA] step  600,000 / 1,000,000 (60.0%)  elapsed 14.4m  ETA 00:09:34  fps 696
[ETA] step  610,000 / 1,000,000 (61.0%)  elapsed 14.6m  ETA 00:09:20  fps 696
[ETA] step  620,000 / 1,000,000 (62.0%)  elapsed 14.9m  ETA 00:09:06  fps 696
[ETA] step  630,000 / 1,000,000 (63.0%)  elapsed 15.1m  ETA 00:08:52  fps 695
[ETA] step  640,000 / 1,000,000 (64.0%)  elapsed 15.4m  ETA 00:08:39  fps 693
[ETA] step  650,000 / 1,000,000 (65.0%)  elapsed 15.6m  ETA 00:08:25  fps 692
[ETA] step  660,000 / 1,000,000 (66.0%)  elapsed 16.0m  ETA 00:08:14  fps 687
[ETA] step  670,000 / 1,000,000 (67.0%)  elapsed 16.2m  ETA 00:08:00  fps 687
[ETA] step  680,000 / 1,000,000 (68.0%)  elapsed 16.6m  ETA 00:07:48  fps 684
[ETA] step  690,000 / 1,000,000 (69.0%)  elapsed 16.8m  ETA 00:07:33  fps 683
[ETA] step  700,000 / 1,000,000 (70.0%)  elapsed 17.3m  ETA 00:07:23  fps 676
[ETA] step  710,000 / 1,000,000 (71.0%)  elapsed 17.6m  ETA 00:07:10  fps 674
[ETA] step  720,000 / 1,000,000 (72.0%)  elapsed 17.8m  ETA 00:06:55  fps 674
[ETA] step  730,000 / 1,000,000 (73.0%)  elapsed 18.1m  ETA 00:06:41  fps 672
[ETA] step  740,000 / 1,000,000 (74.0%)  elapsed 18.4m  ETA 00:06:28  fps 669
[ETA] step  750,000 / 1,000,000 (75.0%)  elapsed 18.7m  ETA 00:06:13  fps 670
[ETA] step  760,000 / 1,000,000 (76.0%)  elapsed 18.9m  ETA 00:05:58  fps 670
[ETA] step  770,000 / 1,000,000 (77.0%)  elapsed 19.2m  ETA 00:05:43  fps 670
[ETA] step  780,000 / 1,000,000 (78.0%)  elapsed 19.4m  ETA 00:05:28  fps 670
[ETA] step  790,000 / 1,000,000 (79.0%)  elapsed 19.6m  ETA 00:05:13  fps 670
[ETA] step  800,000 / 1,000,000 (80.0%)  elapsed 20.0m  ETA 00:04:59  fps 668
[ETA] step  810,000 / 1,000,000 (81.0%)  elapsed 20.2m  ETA 00:04:44  fps 669
[ETA] step  820,000 / 1,000,000 (82.0%)  elapsed 20.4m  ETA 00:04:29  fps 669
[ETA] step  830,000 / 1,000,000 (83.0%)  elapsed 20.8m  ETA 00:04:15  fps 666
[ETA] step  840,000 / 1,000,000 (84.0%)  elapsed 21.1m  ETA 00:04:00  fps 665
[ETA] step  850,000 / 1,000,000 (85.0%)  elapsed 21.4m  ETA 00:03:46  fps 663
[ETA] step  860,000 / 1,000,000 (86.0%)  elapsed 21.6m  ETA 00:03:30  fps 664
[ETA] step  870,000 / 1,000,000 (87.0%)  elapsed 21.8m  ETA 00:03:15  fps 664
[ETA] step  880,000 / 1,000,000 (88.0%)  elapsed 22.1m  ETA 00:03:00  fps 664
[ETA] step  890,000 / 1,000,000 (89.0%)  elapsed 22.4m  ETA 00:02:45  fps 664
[ETA] step  900,000 / 1,000,000 (90.0%)  elapsed 22.6m  ETA 00:02:30  fps 664
[ETA] step  910,000 / 1,000,000 (91.0%)  elapsed 22.9m  ETA 00:02:15  fps 662
[ETA] step  920,000 / 1,000,000 (92.0%)  elapsed 23.2m  ETA 00:02:01  fps 661
[ETA] step  930,000 / 1,000,000 (93.0%)  elapsed 23.4m  ETA 00:01:45  fps 661
[ETA] step  940,000 / 1,000,000 (94.0%)  elapsed 23.7m  ETA 00:01:30  fps 661
[ETA] step  950,000 / 1,000,000 (95.0%)  elapsed 23.9m  ETA 00:01:15  fps 662
[ETA] step  960,000 / 1,000,000 (96.0%)  elapsed 24.3m  ETA 00:01:00  fps 658
[ETA] step  970,000 / 1,000,000 (97.0%)  elapsed 24.7m  ETA 00:00:45  fps 655
[ETA] step  980,000 / 1,000,000 (98.0%)  elapsed 24.9m  ETA 00:00:30  fps 655
[ETA] step  990,000 / 1,000,000 (99.0%)  elapsed 25.2m  ETA 00:00:15  fps 656
[ETA] step 1,000,000 / 1,000,000 (100.0%)  elapsed 25.4m  ETA 00:00:00  fps 656

[3/3] Evaluating best SAC checkpoint (500 episodes)...

  ─────────────────────────────────────────────
  SAC pocket rate  : 60.7%
  Clear rate (all 3): 29.4%
  Random            : 16.7%
  Improvement       : +43.9pp
  Training time     : 25.4 min  (656 fps)
  Saved → logs/experiments/SAC_1000k_s42_multi3_ms5_20260301_194457
  TensorBoard → tensorboard --logdir logs/tensorboard
